2.9775 -5.15718 0
-5.955 0 0
0 0 -32.1555
1 0 0
0 1 0
0 0 1
0.1662667552841454 0.8325339617703486 0.7143667012910492	Ag_T
0.8299981842109324 0.6668117261059178 0.6420612727912285	Ag_T
0.3368087216180420 0.6668168803828391 0.6420610427829795	Ag_T
0.3359315576975916 0.1718637069443325 0.6422908708905366	Ag_T
0.5040414475788709 0.0037545259062415 0.5702652648811211	Ag_T
0.5011841843236822 0.5023845798073183 0.5658662055098389	Ag_T
-0.0002909725595403 0.0037473537170008 0.5702658783130228	Ag_T
0.0001206197541860 0.5002486206936039 0.5698873836335735	Ag_T
0.6666699999476435 0.3333299999738202 0.9378000000000029	Ag_F
0.1666699999476435 0.3333299999738202 0.9378000000000029	Ag_F
0.1666699999476435 0.8333299999738202 0.9378000000000029	Ag_F
0.6666699999476435 0.8333299999738202 0.9378000000000029	Ag_F
0.3333300000523565 0.6666700000261798 0.8622000000000014	Ag_F
0.8333300000523565 0.6666700000261798 0.8622000000000014	Ag_F
0.8333300000523565 0.1666700000261798 0.8622000000000014	Ag_F
0.3333300000523565 0.1666700000261798 0.8622000000000014	Ag_F
0.5000000000000000 0.0000000000000000 0.7865899999999968	Ag_F
0.0000000000000000 0.0000000000000000 0.7865899999999968	Ag_F
0.5000000000000000 0.5000000000000000 0.7865899999999968	Ag_F
0.0000000000000000 0.5000000000000000 0.7865899999999968	Ag_F
0.6667238645062535 0.8334474760321153 0.7142182437226688	Pd_T
0.1605276450446146 0.3293707584845876 0.7140637739042618	Pt_T
0.6688447787622777 0.3293710101185293 0.7140638984023996	Pt_T
0.8356518210606502 0.1713039698188222 0.6438693117421715	Pt_T
