2.9775 -5.15718 0
-5.955 0 0
0 0 -32.1555
1 0 0
0 1 0
0 0 1
0.6666699999476435 0.3333299999738202 0.9378000000000029	Ag_F
0.1666699999476435 0.3333299999738202 0.9378000000000029	Ag_F
0.1666699999476435 0.8333299999738202 0.9378000000000029	Ag_F
0.6666699999476435 0.8333299999738202 0.9378000000000029	Ag_F
0.3333300000523565 0.6666700000261798 0.8622000000000014	Ag_F
0.8333300000523565 0.6666700000261798 0.8622000000000014	Ag_F
0.8333300000523565 0.1666700000261798 0.8622000000000014	Ag_F
0.3333300000523565 0.1666700000261798 0.8622000000000014	Ag_F
0.5000000000000000 0.0000000000000000 0.7865899999999968	Ag_F
0.0000000000000000 0.0000000000000000 0.7865899999999968	Ag_F
0.5000000000000000 0.5000000000000000 0.7865899999999968	Ag_F
0.0000000000000000 0.5000000000000000 0.7865899999999968	Ag_F
0.6641395900127797 0.8320691866816106 0.7161069254722824	Pd_T
0.0015387999290890 0.0007686061479329 0.5784120934897709	Pd_T
0.0011579138237279 0.5005765110523627 0.5771883477979897	Pd_T
0.1641625575302405 0.3334512452528546 0.7137616669317394	Pt_T
0.1641638399951907 0.8307160706145326 0.7137615988936399	Pt_T
0.6646323193086505 0.3323165646802921 0.7147792777153665	Pt_T
0.8367923061378997 0.1683144717216996 0.6474420254589488	Pt_T
0.8367939065468294 0.6684817630509654 0.6474415571387433	Pt_T
0.3309074405727885 0.6654544022612355 0.6467971493884073	Pt_T
0.3278313764815020 0.1639160686213904 0.6481036868560698	Pt_T
0.5061967026240172 0.0069618586518910 0.5824683435661313	Pt_T
0.5061950191786655 0.4992260527760266 0.5824684409999715	Pt_T
