2.9775 -5.15718 0
-5.955 0 0
0 0 -32.1555
1 0 0
0 1 0
0 0 1
0.8330558762450330 0.6685088359620945 0.6438698697477493	Ag_T
0.3354501079186428 0.6685102527607830 0.6438699538602277	Ag_T
0.3344075455824856 0.1688179383494927 0.6439173470055908	Ag_T
0.5033888791037552 0.0029528668448360 0.5715122113569492	Ag_T
0.5010837017038935 0.5021707363532086 0.5686630974696537	Ag_T
-0.0004373705383329 0.0029491866665869 0.5715119305858090	Ag_T
0.0001301425659917 0.5002627025298333 0.5712818965451243	Ag_T
0.6666699999476435 0.3333299999738202 0.9378000000000029	Ag_F
0.1666699999476435 0.3333299999738202 0.9378000000000029	Ag_F
0.1666699999476435 0.8333299999738202 0.9378000000000029	Ag_F
0.6666699999476435 0.8333299999738202 0.9378000000000029	Ag_F
0.3333300000523565 0.6666700000261798 0.8622000000000014	Ag_F
0.8333300000523565 0.6666700000261798 0.8622000000000014	Ag_F
0.8333300000523565 0.1666700000261798 0.8622000000000014	Ag_F
0.3333300000523565 0.1666700000261798 0.8622000000000014	Ag_F
0.5000000000000000 0.0000000000000000 0.7865899999999968	Ag_F
0.0000000000000000 0.0000000000000000 0.7865899999999968	Ag_F
0.5000000000000000 0.5000000000000000 0.7865899999999968	Ag_F
0.0000000000000000 0.5000000000000000 0.7865899999999968	Ag_F
0.1664360561303420 0.8328623516536506 0.7156666396114791	Pd_T
0.6674681551264520 0.8349283556068995 0.7149166851011604	Pd_T
0.1597145361090015 0.3291205478094010 0.7146693844785067	Pt_T
0.6694075959870908 0.3291189989938162 0.7146695024961995	Pt_T
0.8355529139001038 0.1711064641026246 0.6441723338200217	Pt_T
