2.9775 -5.15718 0
-5.955 0 0
0 0 -32.1555
1 0 0
0 1 0
0 0 1
0.4999568021674327 0.0000431978325675 0.5747345601749505	Ag_T
0.4999570182285623 0.4999123209132130 0.5747346639468054	Ag_T
0.0000876790867871 0.0000429817714376 0.5747346639468054	Ag_T
0.0000031693063400 0.4999968306936598 0.5747285952570542	Ag_T
0.6666699999476435 0.3333299999738202 0.9378000000000029	Ag_F
0.1666699999476435 0.3333299999738202 0.9378000000000029	Ag_F
0.1666699999476435 0.8333299999738202 0.9378000000000029	Ag_F
0.6666699999476435 0.8333299999738202 0.9378000000000029	Ag_F
0.3333300000523565 0.6666700000261798 0.8622000000000014	Ag_F
0.8333300000523565 0.6666700000261798 0.8622000000000014	Ag_F
0.8333300000523565 0.1666700000261798 0.8622000000000014	Ag_F
0.3333300000523565 0.1666700000261798 0.8622000000000014	Ag_F
0.5000000000000000 0.0000000000000000 0.7865899999999968	Ag_F
0.0000000000000000 0.0000000000000000 0.7865899999999968	Ag_F
0.5000000000000000 0.5000000000000000 0.7865899999999968	Ag_F
0.0000000000000000 0.5000000000000000 0.7865899999999968	Ag_F
0.6666662267016625 0.8333337732198012 0.7152321932999052	Pd_T
0.8335741600004190 0.1671484954851815 0.6455236913192802	Pd_T
0.8335738697303011 0.6664261303482352 0.6455237181072919	Pd_T
0.3328515045933549 0.6664258400781173 0.6455236913192802	Pd_T
0.3333337406722998 0.1666662594062366 0.6459734373859808	Pd_T
0.1665695410363081 0.3334304588851557 0.7147550186358115	Pt_T
0.1665688974880490 0.8331376577401152 0.7147550638198241	Pt_T
0.6668623421813485 0.3334311024334147 0.7147550638198241	Pt_T
