2.9775 -5.15718 0
-5.955 0 0
0 0 -32.1555
1 0 0
0 1 0
0 0 1
0.8384972061657189 0.6615027939128174 0.6450009923189254	Ag_T
0.5062661716643152 0.4914773908651950 0.5729591367510136	Ag_T
0.0085226091348051 -0.0062661716643150 0.5729591367510136	Ag_T
0.0091085340918216 0.4908914659081784 0.5743257783055351	Ag_T
0.6666699999476435 0.3333299999738202 0.9378000000000029	Ag_F
0.1666699999476435 0.3333299999738202 0.9378000000000029	Ag_F
0.1666699999476435 0.8333299999738202 0.9378000000000029	Ag_F
0.6666699999476435 0.8333299999738202 0.9378000000000029	Ag_F
0.3333300000523565 0.6666700000261798 0.8622000000000014	Ag_F
0.8333300000523565 0.6666700000261798 0.8622000000000014	Ag_F
0.8333300000523565 0.1666700000261798 0.8622000000000014	Ag_F
0.3333300000523565 0.1666700000261798 0.8622000000000014	Ag_F
0.5000000000000000 0.0000000000000000 0.7865899999999968	Ag_F
0.0000000000000000 0.0000000000000000 0.7865899999999968	Ag_F
0.5000000000000000 0.5000000000000000 0.7865899999999968	Ag_F
0.0000000000000000 0.5000000000000000 0.7865899999999968	Ag_F
0.1683544608411107 0.8352929797616552 0.7158154953817516	Pd_T
0.6647070201598085 0.3316455390803530 0.7158154953817516	Pd_T
0.3363827803861152 0.1636172196924214 0.6451779929059214	Pd_T
0.5113470057286952 -0.0113470057286953 0.5782568806407207	Pd_T
0.1663810720108616 0.3336189279106022 0.7135104020267589	Pt_T
0.6652782417698306 0.8347217581516331 0.7150017293805482	Pt_T
0.8370153815587117 0.1611241150910530 0.6468255068661630	Pt_T
0.3388758849874833 0.6629846185198246 0.6468255068661630	Pt_T
