2.9775 -5.15718 0
-5.955 0 0
0 0 -32.1555
1 0 0
0 1 0
0 0 1
0.3367418163165015 0.6683655425683731 0.6456520599558866	Ag_T
0.0129128966491631 0.5064482284428028 0.5729700921438181	Ag_T
0.6666699999476435 0.3333299999738202 0.9378000000000029	Ag_F
0.1666699999476435 0.3333299999738202 0.9378000000000029	Ag_F
0.1666699999476435 0.8333299999738202 0.9378000000000029	Ag_F
0.6666699999476435 0.8333299999738202 0.9378000000000029	Ag_F
0.3333300000523565 0.6666700000261798 0.8622000000000014	Ag_F
0.8333300000523565 0.6666700000261798 0.8622000000000014	Ag_F
0.8333300000523565 0.1666700000261798 0.8622000000000014	Ag_F
0.3333300000523565 0.1666700000261798 0.8622000000000014	Ag_F
0.5000000000000000 0.0000000000000000 0.7865899999999968	Ag_F
0.0000000000000000 0.0000000000000000 0.7865899999999968	Ag_F
0.5000000000000000 0.5000000000000000 0.7865899999999968	Ag_F
0.0000000000000000 0.5000000000000000 0.7865899999999968	Ag_F
0.1639064196232857 0.3296007420891023 0.7152488805389782	Pd_T
0.1639141535964942 0.8343040218447898 0.7152520583658528	Pd_T
0.6663168492390416 0.3331588589732479 0.7146084098135527	Pd_T
0.6679740492194495 0.8339887030091306 0.7159578922164659	Pd_T
0.8365860821413202 0.1691119398038979 0.6463456883345178	Pd_T
0.8366060809167954 0.6674713942074604 0.6463463917736957	Pd_T
0.3381249286325151 0.1690643924189527 0.6466550807919680	Pd_T
0.5159300389785104 0.0151962006851710 0.5775384064319938	Pd_T
0.5159117212917164 0.5007213703733236 0.5775362420774486	Pd_T
0.0146647525803998 0.0073303054902386 0.5788076832201209	Pd_T
