2.9775 -5.15718 0
-5.955 0 0
0 0 -32.1555
1 0 0
0 1 0
0 0 1
0.8342917854718305 0.6671469315992724 0.6439493888873530	Ag_T
0.3349969986549846 0.6671777149994782 0.6442300739662289	Ag_T
0.3350019047180947 0.1678238896608391 0.6442299929964815	Ag_T
0.5029311124412491 0.0014671169753333 0.5712185087006566	Ag_T
0.5008349037136367 0.5004225716378797 0.5695834614439629	Ag_T
0.0001579748376913 0.0009808516061928 0.5707892866354642	Ag_T
0.0001548383333327 0.4991781816905617 0.5707894325578488	Ag_T
0.6666699999476435 0.3333299999738202 0.9378000000000029	Ag_F
0.1666699999476435 0.3333299999738202 0.9378000000000029	Ag_F
0.1666699999476435 0.8333299999738202 0.9378000000000029	Ag_F
0.6666699999476435 0.8333299999738202 0.9378000000000029	Ag_F
0.3333300000523565 0.6666700000261798 0.8622000000000014	Ag_F
0.8333300000523565 0.6666700000261798 0.8622000000000014	Ag_F
0.8333300000523565 0.1666700000261798 0.8622000000000014	Ag_F
0.3333300000523565 0.1666700000261798 0.8622000000000014	Ag_F
0.5000000000000000 0.0000000000000000 0.7865899999999968	Ag_F
0.0000000000000000 0.0000000000000000 0.7865899999999968	Ag_F
0.5000000000000000 0.5000000000000000 0.7865899999999968	Ag_F
0.0000000000000000 0.5000000000000000 0.7865899999999968	Ag_F
0.1657225335003394 0.8328651903375832 0.7155596911069846	Pd_T
0.6678612857980607 0.3314840472372876 0.7150033609593810	Pd_T
0.6678691862086986 0.8363811796786265 0.7150037902539724	Pd_T
0.8371779982617134 0.1685888782630647 0.6433025563251659	Pd_T
0.1591567134128102 0.3295800326846315 0.7149242690121170	Pt_T
