2.9775 -5.15718 0
-5.955 0 0
0 0 -32.1555
1 0 0
0 1 0
0 0 1
0.6665858694222929 0.8331730826691011 0.7133957478845365	Ag_T
0.8354444612176201 0.6654091976018648 0.6417608672433791	Ag_T
0.3299544798788790 0.6654036582065104 0.6417610996718089	Ag_T
0.3337730167388541 0.1675505470158072 0.6431553826111821	Ag_T
0.5019764264012883 0.0017575430843260 0.5694371969211388	Ag_T
0.5003508155158286 0.5007070948039296 0.5682329427571334	Ag_T
-0.0002205957137299 0.0017568002635295 0.5694370453211625	Ag_T
-0.0005782087311689 0.4988508588343618 0.5676916042522288	Ag_T
0.6666699999476435 0.3333299999738202 0.9378000000000029	Ag_F
0.1666699999476435 0.3333299999738202 0.9378000000000029	Ag_F
0.1666699999476435 0.8333299999738202 0.9378000000000029	Ag_F
0.6666699999476435 0.8333299999738202 0.9378000000000029	Ag_F
0.3333300000523565 0.6666700000261798 0.8622000000000014	Ag_F
0.8333300000523565 0.6666700000261798 0.8622000000000014	Ag_F
0.8333300000523565 0.1666700000261798 0.8622000000000014	Ag_F
0.3333300000523565 0.1666700000261798 0.8622000000000014	Ag_F
0.5000000000000000 0.0000000000000000 0.7865899999999968	Ag_F
0.0000000000000000 0.0000000000000000 0.7865899999999968	Ag_F
0.5000000000000000 0.5000000000000000 0.7865899999999968	Ag_F
0.0000000000000000 0.5000000000000000 0.7865899999999968	Ag_F
0.8359954346524586 0.1719946191841863 0.6415337690087300	Pd_T
0.1614448100381422 0.3318615739194320 0.7141200224343274	Pt_T
0.1663905072411480 0.8327835568782068 0.7147648159242551	Pt_T
0.6704168451204187 0.3318627109738179 0.7141197295638871	Pt_T
