2.9775 -5.15718 0
-5.955 0 0
0 0 -32.1555
1 0 0
0 1 0
0 0 1
-0.0116500684550453 -0.0066521951644461 0.5738671936046479	Ag_T
-0.0111869467180992 0.4939317064618822 0.5735608097386502	Ag_T
0.6666699999476435 0.3333299999738202 0.9378000000000029	Ag_F
0.1666699999476435 0.3333299999738202 0.9378000000000029	Ag_F
0.1666699999476435 0.8333299999738202 0.9378000000000029	Ag_F
0.6666699999476435 0.8333299999738202 0.9378000000000029	Ag_F
0.3333300000523565 0.6666700000261798 0.8622000000000014	Ag_F
0.8333300000523565 0.6666700000261798 0.8622000000000014	Ag_F
0.8333300000523565 0.1666700000261798 0.8622000000000014	Ag_F
0.3333300000523565 0.1666700000261798 0.8622000000000014	Ag_F
0.5000000000000000 0.0000000000000000 0.7865899999999968	Ag_F
0.0000000000000000 0.0000000000000000 0.7865899999999968	Ag_F
0.5000000000000000 0.5000000000000000 0.7865899999999968	Ag_F
0.0000000000000000 0.5000000000000000 0.7865899999999968	Ag_F
0.6694087763434360 0.8350080434299972 0.7161961986012070	Pd_T
0.8371656478045819 0.1683802447808715 0.6463446801192243	Pd_T
0.8350488761944377 0.6664755723621060 0.6463714649471378	Pd_T
0.4875210971768362 0.4917153796380410 0.5790257860347775	Pd_T
0.1689604982836137 0.3350581828129029 0.7133531468023278	Pt_T
0.1683579641510296 0.8338450211871173 0.7141560603219896	Pt_T
0.6687142071233645 0.3343834824169922 0.7155776768839581	Pt_T
0.3335898777638057 0.6639209102748934 0.6469892350408192	Pt_T
0.3331182837403093 0.1688642006563167 0.6476537698116481	Pt_T
0.4834537667408600 -0.0072149046820262 0.5820658245982571	Pt_T
