2.9775 -5.15718 0
-5.955 0 0
0 0 -32.1555
1 0 0
0 1 0
0 0 1
0.8332272618868448 0.6666216523938648 0.6444266816183488	Ag_T
0.3333809254486969 0.6666190746298393 0.6444271493305639	Ag_T
0.3333783476846718 0.1667727381916912 0.6444266816183488	Ag_T
0.5008761519086474 0.0004412002377131 0.5709384369430136	Ag_T
0.4999987175524046 0.5000012824475948 0.5700625047330664	Ag_T
-0.0004439389693212 0.0004439389693212 0.5709386186588802	Ag_T
-0.0004412002377131 0.4991238480913525 0.5709384369430136	Ag_T
0.6666699999476435 0.3333299999738202 0.9378000000000029	Ag_F
0.1666699999476435 0.3333299999738202 0.9378000000000029	Ag_F
0.1666699999476435 0.8333299999738202 0.9378000000000029	Ag_F
0.6666699999476435 0.8333299999738202 0.9378000000000029	Ag_F
0.3333300000523565 0.6666700000261798 0.8622000000000014	Ag_F
0.8333300000523565 0.6666700000261798 0.8622000000000014	Ag_F
0.8333300000523565 0.1666700000261798 0.8622000000000014	Ag_F
0.3333300000523565 0.1666700000261798 0.8622000000000014	Ag_F
0.5000000000000000 0.0000000000000000 0.7865899999999968	Ag_F
0.0000000000000000 0.0000000000000000 0.7865899999999968	Ag_F
0.5000000000000000 0.5000000000000000 0.7865899999999968	Ag_F
0.0000000000000000 0.5000000000000000 0.7865899999999968	Ag_F
0.1623069120179740 0.3311559823460802 0.7150756878343365	Pd_T
0.1666621239040797 0.8333378760173841 0.7157799109018232	Pd_T
0.6688360179696022 0.3311639819518615 0.7150758670503995	Pd_T
0.6688440175753835 0.8376930879034894 0.7150756878343365	Pd_T
0.8333262817006303 0.1666737183779063 0.6430816972681477	Pd_T
