2.9775 -5.15718 0
-5.955 0 0
0 0 -32.1555
1 0 0
0 1 0
0 0 1
0.6666165851105512 0.3333085404425791 0.7136185862848139	Ag_T
0.6666165851105512 0.8333085404425792 0.7136185862848139	Ag_T
-0.0012453703229457 -0.0006225252353859 0.5694959698096682	Ag_T
-0.0012453703229457 0.4993774747646140 0.5694959698096682	Ag_T
0.6666699999476435 0.3333299999738202 0.9378000000000029	Ag_F
0.1666699999476435 0.3333299999738202 0.9378000000000029	Ag_F
0.1666699999476435 0.8333299999738202 0.9378000000000029	Ag_F
0.6666699999476435 0.8333299999738202 0.9378000000000029	Ag_F
0.3333300000523565 0.6666700000261798 0.8622000000000014	Ag_F
0.8333300000523565 0.6666700000261798 0.8622000000000014	Ag_F
0.8333300000523565 0.1666700000261798 0.8622000000000014	Ag_F
0.3333300000523565 0.1666700000261798 0.8622000000000014	Ag_F
0.5000000000000000 0.0000000000000000 0.7865899999999968	Ag_F
0.0000000000000000 0.0000000000000000 0.7865899999999968	Ag_F
0.5000000000000000 0.5000000000000000 0.7865899999999968	Ag_F
0.0000000000000000 0.5000000000000000 0.7865899999999968	Ag_F
0.1658781976853105 0.3329390772265295 0.7136354999622229	Pd_T
0.1658781976853105 0.8329390772265293 0.7136354999622229	Pd_T
0.4993994622131420 -0.0002986046219938 0.5762923917424715	Pd_T
0.4993994622131420 0.4997013953780062 0.5762923917424715	Pd_T
0.8418072926577926 0.1709048395464368 0.6426913148871340	Pt_T
0.8418072926577926 0.6709048395464371 0.6426913148871340	Pt_T
0.3252250347747670 0.6626140145943249 0.6439160663683300	Pt_T
0.3252250347747670 0.1626140145943251 0.6439160663683300	Pt_T
