2.9775 -5.15718 0
-5.955 0 0
0 0 -32.1555
1 0 0
0 1 0
0 0 1
0.1672808790661322 0.3337497853921550 0.7125380663268759	Ag_T
0.1672800608777664 0.8335289909906075 0.7125378268082765	Ag_T
0.6660439558968668 0.8330208754523380 0.7126022339624384	Ag_T
0.0008225898999616 0.0004094320839581 0.5711831249824425	Ag_T
-0.0022459667502759 0.4988782698615380 0.5696610590465148	Ag_T
0.6666699999476435 0.3333299999738202 0.9378000000000029	Ag_F
0.1666699999476435 0.3333299999738202 0.9378000000000029	Ag_F
0.1666699999476435 0.8333299999738202 0.9378000000000029	Ag_F
0.6666699999476435 0.8333299999738202 0.9378000000000029	Ag_F
0.3333300000523565 0.6666700000261798 0.8622000000000014	Ag_F
0.8333300000523565 0.6666700000261798 0.8622000000000014	Ag_F
0.8333300000523565 0.1666700000261798 0.8622000000000014	Ag_F
0.3333300000523565 0.1666700000261798 0.8622000000000014	Ag_F
0.5000000000000000 0.0000000000000000 0.7865899999999968	Ag_F
0.0000000000000000 0.0000000000000000 0.7865899999999968	Ag_F
0.5000000000000000 0.5000000000000000 0.7865899999999968	Ag_F
0.0000000000000000 0.5000000000000000 0.7865899999999968	Ag_F
0.8296080029752813 0.1699040213499012 0.6427238457429584	Pd_T
0.8296033675713967 0.6597035549063383 0.6427230194780272	Pd_T
0.3321396151949507 0.6660740232330298 0.6407387157172978	Pd_T
0.3429497523751571 0.1714773600041460 0.6426258260902061	Pd_T
0.5001342108569606 -0.0001356483196846 0.5730438956354006	Pd_T
0.5001207695847573 0.5002723587136562 0.5730452594136850	Pd_T
0.6676691289625551 0.3338325736598297 0.7136750855823271	Pt_T
