2.9775 -5.15718 0
-5.955 0 0
0 0 -32.1555
1 0 0
0 1 0
0 0 1
0.0136993575808140 0.5068515258289084 0.5712378562790895	Ag_T
0.6666699999476435 0.3333299999738202 0.9378000000000029	Ag_F
0.1666699999476435 0.3333299999738202 0.9378000000000029	Ag_F
0.1666699999476435 0.8333299999738202 0.9378000000000029	Ag_F
0.6666699999476435 0.8333299999738202 0.9378000000000029	Ag_F
0.3333300000523565 0.6666700000261798 0.8622000000000014	Ag_F
0.8333300000523565 0.6666700000261798 0.8622000000000014	Ag_F
0.8333300000523565 0.1666700000261798 0.8622000000000014	Ag_F
0.3333300000523565 0.1666700000261798 0.8622000000000014	Ag_F
0.5000000000000000 0.0000000000000000 0.7865899999999968	Ag_F
0.0000000000000000 0.0000000000000000 0.7865899999999968	Ag_F
0.5000000000000000 0.5000000000000000 0.7865899999999968	Ag_F
0.0000000000000000 0.5000000000000000 0.7865899999999968	Ag_F
0.1652506506469298 0.3326032694722743 0.7149806880999972	Pd_T
0.1652476801292831 0.8326427097658994 0.7149805721776773	Pd_T
0.3308378985877253 0.6654185655189703 0.6462829697864667	Pd_T
0.6632715413347720 0.3316342651549495 0.7132132180349133	Pt_T
0.6655864678616327 0.8327940530723600 0.7159509551005424	Pt_T
0.8336447934127416 0.1701039164690414 0.6477710322851928	Pt_T
0.8336405215347301 0.6635383612668526 0.6477711728858480	Pt_T
0.3260380597342906 0.1630167203558464 0.6467299310088314	Pt_T
0.5089399508621322 0.0137209599100654 0.5803789149819931	Pt_T
0.5089366176899294 0.4952153923077512 0.5803790118396674	Pt_T
-0.0067065940911210 -0.0033532455535829 0.5814314365730150	Pt_T
