2.9775 -5.15718 0
-5.955 0 0
0 0 -32.1555
1 0 0
0 1 0
0 0 1
0.6666699999476435 0.3333299999738202 0.9378000000000029	Ag_F
0.1666699999476435 0.3333299999738202 0.9378000000000029	Ag_F
0.1666699999476435 0.8333299999738202 0.9378000000000029	Ag_F
0.6666699999476435 0.8333299999738202 0.9378000000000029	Ag_F
0.3333300000523565 0.6666700000261798 0.8622000000000014	Ag_F
0.8333300000523565 0.6666700000261798 0.8622000000000014	Ag_F
0.8333300000523565 0.1666700000261798 0.8622000000000014	Ag_F
0.3333300000523565 0.1666700000261798 0.8622000000000014	Ag_F
0.5000000000000000 0.0000000000000000 0.7865899999999968	Ag_F
0.0000000000000000 0.0000000000000000 0.7865899999999968	Ag_F
0.5000000000000000 0.5000000000000000 0.7865899999999968	Ag_F
0.0000000000000000 0.5000000000000000 0.7865899999999968	Ag_F
0.6658937225893181 0.8322279992062571 0.7160322945292528	Pd_T
0.8355859586561671 0.6682538951087519 0.6470407312347422	Pd_T
0.0016032523684103 0.0050169701735160 0.5783297334967180	Pd_T
0.0011020244927570 0.5001484728335182 0.5772074140306228	Pd_T
0.1655152929157544 0.3338165744997751 0.7137793434617216	Pt_T
0.1658361849680688 0.8306362994759108 0.7137826771994353	Pt_T
0.6662880443704199 0.3315467688161859 0.7148575689778466	Pt_T
0.8381096781206443 0.1696440751530841 0.6474962768989507	Pt_T
0.3310756209554664 0.6654794524913433 0.6469600932158367	Pt_T
0.3285059509065693 0.1652180062966903 0.6483942865860292	Pt_T
0.5043382740928858 0.0079059479350395 0.5828901056802602	Pt_T
0.4967060625818037 0.4953040371339121 0.5821738337950351	Pt_T
