2.9775 -5.15718 0
-5.955 0 0
0 0 -32.1555
1 0 0
0 1 0
0 0 1
0.1689808200044463 0.3344916644371030 0.7135332152179269	Ag_T
0.1689808200044463 0.8344916644371032 0.7135332152179269	Ag_T
0.3359010307701638 0.6679565151221358 0.6412648802785956	Ag_T
0.3359010307701638 0.1679565151221359 0.6412648802785956	Ag_T
0.4988075025405104 -0.0005912840639228 0.5678911755728046	Ag_T
0.4988075025405104 0.4994087159360773 0.5678911755728046	Ag_T
-0.0064842703485902 -0.0032419188735558 0.5710330467737922	Ag_T
-0.0064842703485902 0.4967580811264441 0.5710330467737922	Ag_T
0.6666699999476435 0.3333299999738202 0.9378000000000029	Ag_F
0.1666699999476435 0.3333299999738202 0.9378000000000029	Ag_F
0.1666699999476435 0.8333299999738202 0.9378000000000029	Ag_F
0.6666699999476435 0.8333299999738202 0.9378000000000029	Ag_F
0.3333300000523565 0.6666700000261798 0.8622000000000014	Ag_F
0.8333300000523565 0.6666700000261798 0.8622000000000014	Ag_F
0.8333300000523565 0.1666700000261798 0.8622000000000014	Ag_F
0.3333300000523565 0.1666700000261798 0.8622000000000014	Ag_F
0.5000000000000000 0.0000000000000000 0.7865899999999968	Ag_F
0.0000000000000000 0.0000000000000000 0.7865899999999968	Ag_F
0.5000000000000000 0.5000000000000000 0.7865899999999968	Ag_F
0.0000000000000000 0.5000000000000000 0.7865899999999968	Ag_F
0.8255182266167561 0.1627612013177873 0.6431264506341836	Pd_T
0.8255182266167561 0.6627612013177874 0.6431264506341836	Pd_T
0.6716849367731715 0.3358428931156799 0.7136567379664541	Pt_T
0.6716849367731715 0.8358428931156796 0.7136567379664541	Pt_T
