2.9775 -5.15718 0
-5.955 0 0
0 0 -32.1555
1 0 0
0 1 0
0 0 1
0.3333324916631784 0.1666675084153580 0.6437319517879392	Ag_T
0.5014747155847094 -0.0014747155847093 0.5723019049439917	Ag_T
0.5014784830386348 0.5029547701156614 0.5723021825751897	Ag_T
-0.0029547701156615 -0.0014784830386350 0.5723021825751897	Ag_T
0.0000008715525914 0.4999991284474085 0.5745950372135976	Ag_T
0.6666699999476435 0.3333299999738202 0.9378000000000029	Ag_F
0.1666699999476435 0.3333299999738202 0.9378000000000029	Ag_F
0.1666699999476435 0.8333299999738202 0.9378000000000029	Ag_F
0.6666699999476435 0.8333299999738202 0.9378000000000029	Ag_F
0.3333300000523565 0.6666700000261798 0.8622000000000014	Ag_F
0.8333300000523565 0.6666700000261798 0.8622000000000014	Ag_F
0.8333300000523565 0.1666700000261798 0.8622000000000014	Ag_F
0.3333300000523565 0.1666700000261798 0.8622000000000014	Ag_F
0.5000000000000000 0.0000000000000000 0.7865899999999968	Ag_F
0.0000000000000000 0.0000000000000000 0.7865899999999968	Ag_F
0.5000000000000000 0.5000000000000000 0.7865899999999968	Ag_F
0.0000000000000000 0.5000000000000000 0.7865899999999968	Ag_F
0.1652004309963873 0.3347995689250763 0.7148410131384083	Pt_T
0.1652021304490219 0.8303990924471789 0.7148414095687357	Pt_T
0.6696009074742848 0.3347978694724418 0.7148414095687357	Pt_T
0.6666655885510746 0.8333344113703891 0.7141811400896166	Pt_T
0.8321190401996084 0.1642400999156556 0.6449592194092227	Pt_T
0.8321226958006225 0.6678773042779138 0.6449590601047427	Pt_T
0.3357599001628807 0.6678809598789279 0.6449592194092227	Pt_T
