2.9775 -5.15718 0
-5.955 0 0
0 0 -32.1555
1 0 0
0 1 0
0 0 1
0.6666699999476435 0.3333299999738202 0.9378000000000029	Ag_F
0.1666699999476435 0.3333299999738202 0.9378000000000029	Ag_F
0.1666699999476435 0.8333299999738202 0.9378000000000029	Ag_F
0.6666699999476435 0.8333299999738202 0.9378000000000029	Ag_F
0.3333300000523565 0.6666700000261798 0.8622000000000014	Ag_F
0.8333300000523565 0.6666700000261798 0.8622000000000014	Ag_F
0.8333300000523565 0.1666700000261798 0.8622000000000014	Ag_F
0.3333300000523565 0.1666700000261798 0.8622000000000014	Ag_F
0.5000000000000000 0.0000000000000000 0.7865899999999968	Ag_F
0.0000000000000000 0.0000000000000000 0.7865899999999968	Ag_F
0.5000000000000000 0.5000000000000000 0.7865899999999968	Ag_F
0.0000000000000000 0.5000000000000000 0.7865899999999968	Ag_F
0.1666667625955597 0.3333332373259039 0.7148363717935823	Pd_T
0.1666667625955597 0.8333332373259041 0.7148363717935823	Pd_T
0.6666667625955596 0.3333332373259039 0.7148363717935823	Pd_T
0.6666667625955596 0.8333332373259041 0.7148363717935823	Pd_T
0.4999978143524881 0.0000021856475120 0.5800374055179276	Pd_T
0.4999978143524881 0.5000021856475119 0.5800374055179276	Pd_T
-0.0000021856475120 0.0000021856475120 0.5800374055179276	Pd_T
-0.0000021856475120 0.5000021856475119 0.5800374055179276	Pd_T
0.8333327475267814 0.1666672525517549 0.6473759050873223	Pt_T
0.8333327475267814 0.6666672525517549 0.6473759050873223	Pt_T
0.3333327475267814 0.6666672525517549 0.6473759050873223	Pt_T
0.3333327475267814 0.1666672525517549 0.6473759050873223	Pt_T
