2.9775 -5.15718 0
-5.955 0 0
0 0 -32.1555
1 0 0
0 1 0
0 0 1
0.8329240198742737 0.6664616111218670 0.6435178684711859	Ag_T
0.3340613832591705 0.6672021497261821 0.6433049175143527	Ag_T
0.3340617736358591 0.1668632089021647 0.6433051444731219	Ag_T
0.4986837947148141 0.4993449878057027 0.5684224572190520	Ag_T
-0.0041883328026483 -0.0002060876431067 0.5703229915206163	Ag_T
-0.0041912970291643 0.4960182920714380 0.5703229404685339	Ag_T
0.6666699999476435 0.3333299999738202 0.9378000000000029	Ag_F
0.1666699999476435 0.3333299999738202 0.9378000000000029	Ag_F
0.1666699999476435 0.8333299999738202 0.9378000000000029	Ag_F
0.6666699999476435 0.8333299999738202 0.9378000000000029	Ag_F
0.3333300000523565 0.6666700000261798 0.8622000000000014	Ag_F
0.8333300000523565 0.6666700000261798 0.8622000000000014	Ag_F
0.8333300000523565 0.1666700000261798 0.8622000000000014	Ag_F
0.3333300000523565 0.1666700000261798 0.8622000000000014	Ag_F
0.5000000000000000 0.0000000000000000 0.7865899999999968	Ag_F
0.0000000000000000 0.0000000000000000 0.7865899999999968	Ag_F
0.5000000000000000 0.5000000000000000 0.7865899999999968	Ag_F
0.0000000000000000 0.5000000000000000 0.7865899999999968	Ag_F
0.1674746809846681 0.8337370168562994 0.7151647656137757	Pd_T
0.8330915877811708 0.1665457592502320 0.6437357623943880	Pd_T
0.5001602671830635 0.0000844047318370 0.5730098152945725	Pd_T
0.1638704049500456 0.3319346134645207 0.7145095626882237	Pt_T
0.6695761787745615 0.3315661783337461 0.7146831363212492	Pt_T
0.6695758334993517 0.8380071076262893 0.7146828836725496	Pt_T
