2.9775 -5.15718 0
-5.955 0 0
0 0 -32.1555
1 0 0
0 1 0
0 0 1
0.8375995421225397 0.1688027020920737 0.6440217899516062	Ag_T
-0.0186534415081882 -0.0109687800299830 0.5717825508584804	Ag_T
-0.0186554033368896 0.4923129144005632 0.5717822774066549	Ag_T
0.6666699999476435 0.3333299999738202 0.9378000000000029	Ag_F
0.1666699999476435 0.3333299999738202 0.9378000000000029	Ag_F
0.1666699999476435 0.8333299999738202 0.9378000000000029	Ag_F
0.6666699999476435 0.8333299999738202 0.9378000000000029	Ag_F
0.3333300000523565 0.6666700000261798 0.8622000000000014	Ag_F
0.8333300000523565 0.6666700000261798 0.8622000000000014	Ag_F
0.8333300000523565 0.1666700000261798 0.8622000000000014	Ag_F
0.3333300000523565 0.1666700000261798 0.8622000000000014	Ag_F
0.5000000000000000 0.0000000000000000 0.7865899999999968	Ag_F
0.0000000000000000 0.0000000000000000 0.7865899999999968	Ag_F
0.5000000000000000 0.5000000000000000 0.7865899999999968	Ag_F
0.0000000000000000 0.5000000000000000 0.7865899999999968	Ag_F
0.4848526009701862 0.4924222057638552 0.5789491481267452	Pd_T
0.1728743132698871 0.3364266388967748 0.7140900325641700	Pt_T
0.1663416626593222 0.8331673164813689 0.7137208970940452	Pt_T
0.6673238497381104 0.3331684374738071 0.7152975909422150	Pt_T
0.6673299261425673 0.8341552371525672 0.7152969302836771	Pt_T
0.8336820661974947 0.6668411765536452 0.6465965157988423	Pt_T
0.3313923460546647 0.6674469048441936 0.6460975881860526	Pt_T
0.3313967111034481 0.1639466787627752 0.6460970535203323	Pt_T
0.4710633925297621 -0.0144683427825795 0.5789766877409063	Pt_T
