2.9775 -5.15718 0
-5.955 0 0
0 0 -32.1555
1 0 0
0 1 0
0 0 1
0.5007717253180175 0.5003869634322220 0.5734046045124728	Ag_T
-0.0003869634322218 -0.0007717253180174 0.5734046045124728	Ag_T
-0.0003871844940299 0.5003871844940296 0.5734051632672469	Ag_T
0.6666699999476435 0.3333299999738202 0.9378000000000029	Ag_F
0.1666699999476435 0.3333299999738202 0.9378000000000029	Ag_F
0.1666699999476435 0.8333299999738202 0.9378000000000029	Ag_F
0.6666699999476435 0.8333299999738202 0.9378000000000029	Ag_F
0.3333300000523565 0.6666700000261798 0.8622000000000014	Ag_F
0.8333300000523565 0.6666700000261798 0.8622000000000014	Ag_F
0.8333300000523565 0.1666700000261798 0.8622000000000014	Ag_F
0.3333300000523565 0.1666700000261798 0.8622000000000014	Ag_F
0.5000000000000000 0.0000000000000000 0.7865899999999968	Ag_F
0.0000000000000000 0.0000000000000000 0.7865899999999968	Ag_F
0.5000000000000000 0.5000000000000000 0.7865899999999968	Ag_F
0.0000000000000000 0.5000000000000000 0.7865899999999968	Ag_F
0.8333277168794674 0.6666722831990689 0.6450894819833495	Pd_T
0.1666665553831063 0.3333334445383573 0.7128564682703598	Pt_T
0.1650522506182443 0.8325259211630933 0.7150691624576092	Pt_T
0.6674740787583704 0.3349477493032194 0.7150691624576092	Pt_T
0.6674735094517434 0.8325264904697203 0.7150695776698731	Pt_T
0.8353609913970186 0.1676836176391466 0.6462911920973904	Pt_T
0.3323163824393897 0.6646390086815177 0.6462911920973904	Pt_T
0.3323177289725613 0.1676822711059749 0.6462910509525676	Pt_T
0.4999991930089031 0.0000008069910968 0.5805415396384228	Pt_T
