2.9775 -5.15718 0
-5.955 0 0
0 0 -32.1555
1 0 0
0 1 0
0 0 1
0.1627207276784026 0.3313584944557760 0.7119694060943330	Ag_T
0.6686342283927014 0.3313657715287623 0.7119690576455836	Ag_T
0.6686415054656878 0.8372792722430612 0.7119694060943330	Ag_T
0.8383456665121657 0.6691746338674393 0.6398106893523366	Ag_T
0.3308345089211908 0.6691654911573451 0.6398114261147002	Ag_T
0.3308253662110970 0.1616543335663707 0.6398106893523366	Ag_T
0.4998506384634652 -0.0000730785548976 0.5654224158305130	Ag_T
0.5000007898547006 0.4999992101452993 0.5658505967512747	Ag_T
0.0000683289291847 -0.0000683289291847 0.5654211908308556	Ag_T
0.0000730785548976 0.5001493615365351 0.5654224158305130	Ag_T
0.6666699999476435 0.3333299999738202 0.9378000000000029	Ag_F
0.1666699999476435 0.3333299999738202 0.9378000000000029	Ag_F
0.1666699999476435 0.8333299999738202 0.9378000000000029	Ag_F
0.6666699999476435 0.8333299999738202 0.9378000000000029	Ag_F
0.3333300000523565 0.6666700000261798 0.8622000000000014	Ag_F
0.8333300000523565 0.6666700000261798 0.8622000000000014	Ag_F
0.8333300000523565 0.1666700000261798 0.8622000000000014	Ag_F
0.3333300000523565 0.1666700000261798 0.8622000000000014	Ag_F
0.5000000000000000 0.0000000000000000 0.7865899999999968	Ag_F
0.0000000000000000 0.0000000000000000 0.7865899999999968	Ag_F
0.5000000000000000 0.5000000000000000 0.7865899999999968	Ag_F
0.0000000000000000 0.5000000000000000 0.7865899999999968	Ag_F
0.1666677733847680 0.8333322265366957 0.7144376332746332	Pt_T
0.8333320420662809 0.1666679580122555 0.6372231419506101	Pt_T
