2.9775 -5.15718 0
-5.955 0 0
0 0 -32.1555
1 0 0
0 1 0
0 0 1
0.1632135114995399 0.3329432089393282 0.7121235340678074	Ag_T
0.1632115332197203 0.8302667109251530 0.7121233329325870	Ag_T
0.6670052266206368 0.3335039754403899 0.7116650345360614	Ag_T
0.6680515127991922 0.8340292940661710 0.7103245746134397	Ag_T
0.6666699999476435 0.3333299999738202 0.9378000000000029	Ag_F
0.1666699999476435 0.3333299999738202 0.9378000000000029	Ag_F
0.1666699999476435 0.8333299999738202 0.9378000000000029	Ag_F
0.6666699999476435 0.8333299999738202 0.9378000000000029	Ag_F
0.3333300000523565 0.6666700000261798 0.8622000000000014	Ag_F
0.8333300000523565 0.6666700000261798 0.8622000000000014	Ag_F
0.8333300000523565 0.1666700000261798 0.8622000000000014	Ag_F
0.3333300000523565 0.1666700000261798 0.8622000000000014	Ag_F
0.5000000000000000 0.0000000000000000 0.7865899999999968	Ag_F
0.0000000000000000 0.0000000000000000 0.7865899999999968	Ag_F
0.5000000000000000 0.5000000000000000 0.7865899999999968	Ag_F
0.0000000000000000 0.5000000000000000 0.7865899999999968	Ag_F
0.3263940929738054 0.6631973829522204 0.6403402158155875	Pd_T
0.3286475872627843 0.1643224932612110 0.6425786638544516	Pd_T
0.0104228299187377 0.5052144432008777 0.5679188761878796	Pd_T
0.8345315811461483 0.1757269650977779 0.6381280316596543	Pt_T
0.8345299778079799 0.6588066372089723 0.6381282821096095	Pt_T
0.4986868446232689 0.0070597469595351 0.5727695930302641	Pt_T
0.4986848401856622 0.4916244439724051 0.5727694351611770	Pt_T
0.0096032177326264 0.0048023212618192 0.5732135989720005	Pt_T
