2.9775 -5.15718 0
-5.955 0 0
0 0 -32.1555
1 0 0
0 1 0
0 0 1
0.6666661649273181 0.8333338349941456 0.7143755267722453	Ag_T
0.0000010459487027 0.4999989540512975 0.5722101637424756	Ag_T
0.6666699999476435 0.3333299999738202 0.9378000000000029	Ag_F
0.1666699999476435 0.3333299999738202 0.9378000000000029	Ag_F
0.1666699999476435 0.8333299999738202 0.9378000000000029	Ag_F
0.6666699999476435 0.8333299999738202 0.9378000000000029	Ag_F
0.3333300000523565 0.6666700000261798 0.8622000000000014	Ag_F
0.8333300000523565 0.6666700000261798 0.8622000000000014	Ag_F
0.8333300000523565 0.1666700000261798 0.8622000000000014	Ag_F
0.3333300000523565 0.1666700000261798 0.8622000000000014	Ag_F
0.5000000000000000 0.0000000000000000 0.7865899999999968	Ag_F
0.0000000000000000 0.0000000000000000 0.7865899999999968	Ag_F
0.5000000000000000 0.5000000000000000 0.7865899999999968	Ag_F
0.0000000000000000 0.5000000000000000 0.7865899999999968	Ag_F
0.1667128366773687 0.3332871632440948 0.7145719881165856	Pd_T
0.1667152160773974 0.8334288241329209 0.7145721444497358	Pd_T
0.6665711757885429 0.3332847838440661 0.7145721444497358	Pd_T
0.8355845331790103 0.1711656533900525 0.6450835987798130	Pd_T
0.8355783392202148 0.6644216608583214 0.6450829710927670	Pd_T
0.3288343466884838 0.6644154668995260 0.6450835987798130	Pd_T
0.3333345834663681 0.1666654166121682 0.6467843745783993	Pd_T
0.4971740509486777 0.0028259490513223 0.5778777497413925	Pd_T
0.4971635994498442 0.4943240163153201 0.5778771560978569	Pd_T
0.0056759836846800 0.0028364005501558 0.5778771560978569	Pd_T
