2.9775 -5.15718 0
-5.955 0 0
0 0 -32.1555
1 0 0
0 1 0
0 0 1
0.6666699999476435 0.3333299999738202 0.9378000000000029	Ag_F
0.1666699999476435 0.3333299999738202 0.9378000000000029	Ag_F
0.1666699999476435 0.8333299999738202 0.9378000000000029	Ag_F
0.6666699999476435 0.8333299999738202 0.9378000000000029	Ag_F
0.3333300000523565 0.6666700000261798 0.8622000000000014	Ag_F
0.8333300000523565 0.6666700000261798 0.8622000000000014	Ag_F
0.8333300000523565 0.1666700000261798 0.8622000000000014	Ag_F
0.3333300000523565 0.1666700000261798 0.8622000000000014	Ag_F
0.5000000000000000 0.0000000000000000 0.7865899999999968	Ag_F
0.0000000000000000 0.0000000000000000 0.7865899999999968	Ag_F
0.5000000000000000 0.5000000000000000 0.7865899999999968	Ag_F
0.0000000000000000 0.5000000000000000 0.7865899999999968	Ag_F
0.8364335410663098 0.6682239302296499 0.6469829666911915	Pd_T
0.0001286216094852 0.0032077612165483 0.5780768395052441	Pd_T
0.0001198375587954 0.4969156008770501 0.5780772027333374	Pd_T
0.1667401587147230 0.3333696539286199 0.7139660437286989	Pt_T
0.1658497326037587 0.8329243201059202 0.7139275323092943	Pt_T
0.6662756394202514 0.3331062732069087 0.7150368959916240	Pt_T
0.6662770578907887 0.8331737178445623 0.7150378006983806	Pt_T
0.8387625378726907 0.1693814197663384 0.6477271850880674	Pt_T
0.3299152478580089 0.6644243205671898 0.6474521350847386	Pt_T
0.3299166503631207 0.1654857133034647 0.6474512720251347	Pt_T
0.5051138832538790 0.0025427824349103 0.5828209956697683	Pt_T
0.4959816785617027 0.4979962467051190 0.5820484483023812	Pt_T
