2.9775 -5.15718 0
-5.955 0 0
0 0 -32.1555
1 0 0
0 1 0
0 0 1
0.3333354927077944 0.1666645073707418 0.6441236748216002	Ag_T
0.5012080352790510 -0.0012080352790511 0.5722765961754719	Ag_T
0.5012109496102772 0.5024206268267073 0.5722767846557205	Ag_T
-0.0024206268267073 -0.0012109496102772 0.5722767846557205	Ag_T
0.0000005012059694 0.4999994987940304 0.5738444332306437	Ag_T
0.6666699999476435 0.3333299999738202 0.9378000000000029	Ag_F
0.1666699999476435 0.3333299999738202 0.9378000000000029	Ag_F
0.1666699999476435 0.8333299999738202 0.9378000000000029	Ag_F
0.6666699999476435 0.8333299999738202 0.9378000000000029	Ag_F
0.3333300000523565 0.6666700000261798 0.8622000000000014	Ag_F
0.8333300000523565 0.6666700000261798 0.8622000000000014	Ag_F
0.8333300000523565 0.1666700000261798 0.8622000000000014	Ag_F
0.3333300000523565 0.1666700000261798 0.8622000000000014	Ag_F
0.5000000000000000 0.0000000000000000 0.7865899999999968	Ag_F
0.0000000000000000 0.0000000000000000 0.7865899999999968	Ag_F
0.5000000000000000 0.5000000000000000 0.7865899999999968	Ag_F
0.0000000000000000 0.5000000000000000 0.7865899999999968	Ag_F
0.8325480406723561 0.1650896117398737 0.6442624449283701	Pd_T
0.8325479012199538 0.6674520988585825 0.6442613732547715	Pd_T
0.3349103883386627 0.6674519594061802 0.6442624449283701	Pd_T
0.1647943428773638 0.3352056570440998 0.7147063949123742	Pt_T
0.1647943556485456 0.8295906298668405 0.7147067247838277	Pt_T
0.6704093700546232 0.3352056442729181 0.7147067247838277	Pt_T
0.6666657095364992 0.8333342903849645 0.7140225418277526	Pt_T
