2.9775 -5.15718 0
-5.955 0 0
0 0 -32.1555
1 0 0
0 1 0
0 0 1
0.6666699999476435 0.3333299999738202 0.9378000000000029	Ag_F
0.1666699999476435 0.3333299999738202 0.9378000000000029	Ag_F
0.1666699999476435 0.8333299999738202 0.9378000000000029	Ag_F
0.6666699999476435 0.8333299999738202 0.9378000000000029	Ag_F
0.3333300000523565 0.6666700000261798 0.8622000000000014	Ag_F
0.8333300000523565 0.6666700000261798 0.8622000000000014	Ag_F
0.8333300000523565 0.1666700000261798 0.8622000000000014	Ag_F
0.3333300000523565 0.1666700000261798 0.8622000000000014	Ag_F
0.5000000000000000 0.0000000000000000 0.7865899999999968	Ag_F
0.0000000000000000 0.0000000000000000 0.7865899999999968	Ag_F
0.5000000000000000 0.5000000000000000 0.7865899999999968	Ag_F
0.0000000000000000 0.5000000000000000 0.7865899999999968	Ag_F
0.1655727925730429 0.3327857533767519 0.7144508445264542	Pd_T
0.1655727925730429 0.8327857533767518 0.7144508445264542	Pd_T
0.6647051104364250 0.3323538578179570 0.7152595668397537	Pd_T
0.6647051104364250 0.8323538578179570 0.7152595668397537	Pd_T
-0.0016382285524429 -0.0008221490631931 0.5775217851716236	Pd_T
-0.0016382285524429 0.4991778509368069 0.5775217851716236	Pd_T
0.8391595751219322 0.1695781957806936 0.6476604765011167	Pt_T
0.8391595751219322 0.6695781957806936 0.6476604765011167	Pt_T
0.3267472412722214 0.6633737052917621 0.6471795468066343	Pt_T
0.3267472412722214 0.1633737052917622 0.6471795468066343	Pt_T
0.5068665864595351 0.0034323344054073 0.5823967815600308	Pt_T
0.5068665864595351 0.5034323344054071 0.5823967815600308	Pt_T
