2.9775 -5.15718 0
-5.955 0 0
0 0 -32.1555
1 0 0
0 1 0
0 0 1
0.0069905752529265 0.5034977228463913 0.5725148643157184	Ag_T
0.6666699999476435 0.3333299999738202 0.9378000000000029	Ag_F
0.1666699999476435 0.3333299999738202 0.9378000000000029	Ag_F
0.1666699999476435 0.8333299999738202 0.9378000000000029	Ag_F
0.6666699999476435 0.8333299999738202 0.9378000000000029	Ag_F
0.3333300000523565 0.6666700000261798 0.8622000000000014	Ag_F
0.8333300000523565 0.6666700000261798 0.8622000000000014	Ag_F
0.8333300000523565 0.1666700000261798 0.8622000000000014	Ag_F
0.3333300000523565 0.1666700000261798 0.8622000000000014	Ag_F
0.5000000000000000 0.0000000000000000 0.7865899999999968	Ag_F
0.0000000000000000 0.0000000000000000 0.7865899999999968	Ag_F
0.5000000000000000 0.5000000000000000 0.7865899999999968	Ag_F
0.0000000000000000 0.5000000000000000 0.7865899999999968	Ag_F
0.6653793534361883 0.3326893932906286 0.7155679444582576	Pd_T
0.6658187883261737 0.8329095503996718 0.7164691576854632	Pd_T
0.8355018520138451 0.1686338839013762 0.6467237235566878	Pd_T
0.8355004577672275 0.6668690907457934 0.6467234801584162	Pd_T
0.3326429699118891 0.6663178100315356 0.6467212278391299	Pd_T
0.0067063108439611 0.0033566672422275 0.5780331154495709	Pd_T
0.1648756458966276 0.3337431132495986 0.7136671093148103	Pt_T
0.1648755541366512 0.8311304023612204 0.7136667710459969	Pt_T
0.3293029953915432 0.1646507861644564 0.6484425671525913	Pt_T
0.4984459467706375 0.0128994522057010 0.5818648336404852	Pt_T
0.4984454385886383 0.4855454223905367 0.5818645258805217	Pt_T
