2.9775 -5.15718 0
-5.955 0 0
0 0 -32.1555
1 0 0
0 1 0
0 0 1
-0.0110140764830919 -0.0055057657146783 0.5744433238781186	Ag_T
-0.0110140764830919 0.4944942342853217 0.5744433238781186	Ag_T
0.6666699999476435 0.3333299999738202 0.9378000000000029	Ag_F
0.1666699999476435 0.3333299999738202 0.9378000000000029	Ag_F
0.1666699999476435 0.8333299999738202 0.9378000000000029	Ag_F
0.6666699999476435 0.8333299999738202 0.9378000000000029	Ag_F
0.3333300000523565 0.6666700000261798 0.8622000000000014	Ag_F
0.8333300000523565 0.6666700000261798 0.8622000000000014	Ag_F
0.8333300000523565 0.1666700000261798 0.8622000000000014	Ag_F
0.3333300000523565 0.1666700000261798 0.8622000000000014	Ag_F
0.5000000000000000 0.0000000000000000 0.7865899999999968	Ag_F
0.0000000000000000 0.0000000000000000 0.7865899999999968	Ag_F
0.5000000000000000 0.5000000000000000 0.7865899999999968	Ag_F
0.0000000000000000 0.5000000000000000 0.7865899999999968	Ag_F
0.6700162122508999 0.3350090226804683 0.7161360527358451	Pd_T
0.6700162122508999 0.8350090226804681 0.7161360527358451	Pd_T
0.8335326991091292 0.1667665599389991 0.6463254482937525	Pd_T
0.8335326991091292 0.6667665599389991 0.6463254482937525	Pd_T
0.4844588530562592 -0.0077703641284973 0.5800756097873766	Pd_T
0.4844588530562592 0.4922296358715027 0.5800756097873766	Pd_T
0.1696751574645108 0.3348387886055559 0.7137935365542191	Pt_T
0.1696751574645108 0.8348387886055558 0.7137935365542191	Pt_T
0.3325775036579008 0.6662894326225911 0.6476161095687896	Pt_T
0.3325775036579008 0.1662894326225909 0.6476161095687896	Pt_T
