2.9775 -5.15718 0
-5.955 0 0
0 0 -32.1555
1 0 0
0 1 0
0 0 1
0.8327417806790649 0.6663746178387574 0.6445941953941779	Ag_T
0.3336257147742531 0.6663742853042831 0.6445945683845319	Ag_T
0.3336253822397789 0.1672582193994715 0.6445941953941779	Ag_T
0.5017482661232348 0.0008766437885748 0.5717332122849803	Ag_T
0.4999984450529247 0.5000015549470753 0.5693587688488821	Ag_T
-0.0008737469261460 0.0008737469261460 0.5717330720887199	Ag_T
-0.0008766437885749 0.4982517338767650 0.5717332122849803	Ag_T
0.6666699999476435 0.3333299999738202 0.9378000000000029	Ag_F
0.1666699999476435 0.3333299999738202 0.9378000000000029	Ag_F
0.1666699999476435 0.8333299999738202 0.9378000000000029	Ag_F
0.6666699999476435 0.8333299999738202 0.9378000000000029	Ag_F
0.3333300000523565 0.6666700000261798 0.8622000000000014	Ag_F
0.8333300000523565 0.6666700000261798 0.8622000000000014	Ag_F
0.8333300000523565 0.1666700000261798 0.8622000000000014	Ag_F
0.3333300000523565 0.1666700000261798 0.8622000000000014	Ag_F
0.5000000000000000 0.0000000000000000 0.7865899999999968	Ag_F
0.0000000000000000 0.0000000000000000 0.7865899999999968	Ag_F
0.5000000000000000 0.5000000000000000 0.7865899999999968	Ag_F
0.0000000000000000 0.5000000000000000 0.7865899999999968	Ag_F
0.1613821629004591 0.3306898224256218 0.7150140840786354	Pd_T
0.1666724065407767 0.8333275933806868 0.7161212274392486	Pd_T
0.6693138176444303 0.3306861822770335 0.7150137826583546	Pd_T
0.6693101774958420 0.8386178370210046 0.7150140840786354	Pd_T
0.8333346256859838 0.1666653743925523 0.6441272883406881	Pt_T
