2.9775 -5.15718 0
-5.955 0 0
0 0 -32.1555
1 0 0
0 1 0
0 0 1
0.8333321293870737 0.6666742586956145 0.6437623101585953	Ag_T
0.4980801255421439 0.4990555418538867 0.5725312027884457	Ag_T
0.0009743986208756 0.0019487972417512 0.5725312014368141	Ag_T
0.0009754163117429 0.4990555418538867 0.5725312027884457	Ag_T
0.6666699999476435 0.3333299999738202 0.9378000000000029	Ag_F
0.1666699999476435 0.3333299999738202 0.9378000000000029	Ag_F
0.1666699999476435 0.8333299999738202 0.9378000000000029	Ag_F
0.6666699999476435 0.8333299999738202 0.9378000000000029	Ag_F
0.3333300000523565 0.6666700000261798 0.8622000000000014	Ag_F
0.8333300000523565 0.6666700000261798 0.8622000000000014	Ag_F
0.8333300000523565 0.1666700000261798 0.8622000000000014	Ag_F
0.3333300000523565 0.1666700000261798 0.8622000000000014	Ag_F
0.5000000000000000 0.0000000000000000 0.7865899999999968	Ag_F
0.0000000000000000 0.0000000000000000 0.7865899999999968	Ag_F
0.5000000000000000 0.5000000000000000 0.7865899999999968	Ag_F
0.0000000000000000 0.5000000000000000 0.7865899999999968	Ag_F
0.5000172264727774 0.0000344529455543 0.5778123482514236	Pd_T
0.1666639354847852 0.3333178710481035 0.7131340503440412	Pt_T
0.1680814086290409 0.8340251231150820 0.7149943270476635	Pt_T
0.6659563760909823 0.3319027522604975 0.7149946304265468	Pt_T
0.6659537144075083 0.8340251231150820 0.7149943270476635	Pt_T
0.8339201986413871 0.1669680524860184 0.6455921515540138	Pt_T
0.3330393738875136 0.6660887476964942 0.6455916655293406	Pt_T
0.3330378539231643 0.1669680524860184 0.6455921515540138	Pt_T
