2.9775 -5.15718 0
-5.955 0 0
0 0 -32.1555
1 0 0
0 1 0
0 0 1
0.3314037512258281 0.6651062612963272 0.6441930437651329	Ag_T
0.3314045276313327 0.1663004986937905 0.6441930038915696	Ag_T
0.5007850511471761 0.0003953058536025 0.5715021657327489	Ag_T
0.5007997209216180 0.5004028735877590 0.5705357907029500	Ag_T
-0.0037225006919056 -0.0011048824481693 0.5728802287678187	Ag_T
-0.0037241092647417 0.4973777446708423 0.5728802060208585	Ag_T
0.6666699999476435 0.3333299999738202 0.9378000000000029	Ag_F
0.1666699999476435 0.3333299999738202 0.9378000000000029	Ag_F
0.1666699999476435 0.8333299999738202 0.9378000000000029	Ag_F
0.6666699999476435 0.8333299999738202 0.9378000000000029	Ag_F
0.3333300000523565 0.6666700000261798 0.8622000000000014	Ag_F
0.8333300000523565 0.6666700000261798 0.8622000000000014	Ag_F
0.8333300000523565 0.1666700000261798 0.8622000000000014	Ag_F
0.3333300000523565 0.1666700000261798 0.8622000000000014	Ag_F
0.5000000000000000 0.0000000000000000 0.7865899999999968	Ag_F
0.0000000000000000 0.0000000000000000 0.7865899999999968	Ag_F
0.5000000000000000 0.5000000000000000 0.7865899999999968	Ag_F
0.0000000000000000 0.5000000000000000 0.7865899999999968	Ag_F
0.1665674368609030 0.3332836624910795 0.7152036022789029	Pd_T
0.8312381740290861 0.6656179171172666 0.6440384359038323	Pd_T
0.1624050381852615 0.8312025142935534 0.7154385721180124	Pt_T
0.6727104611300279 0.3357089116799299 0.7142744084081395	Pt_T
0.6727113532213266 0.8369998949763975 0.7142743648769965	Pt_T
0.8285609731054592 0.1642797446388910 0.6448045855906042	Pt_T
