2.9775 -5.15718 0
-5.955 0 0
0 0 -32.1555
1 0 0
0 1 0
0 0 1
0.6666699999476435 0.3333299999738202 0.9378000000000029	Ag_F
0.1666699999476435 0.3333299999738202 0.9378000000000029	Ag_F
0.1666699999476435 0.8333299999738202 0.9378000000000029	Ag_F
0.6666699999476435 0.8333299999738202 0.9378000000000029	Ag_F
0.3333300000523565 0.6666700000261798 0.8622000000000014	Ag_F
0.8333300000523565 0.6666700000261798 0.8622000000000014	Ag_F
0.8333300000523565 0.1666700000261798 0.8622000000000014	Ag_F
0.3333300000523565 0.1666700000261798 0.8622000000000014	Ag_F
0.5000000000000000 0.0000000000000000 0.7865899999999968	Ag_F
0.0000000000000000 0.0000000000000000 0.7865899999999968	Ag_F
0.5000000000000000 0.5000000000000000 0.7865899999999968	Ag_F
0.0000000000000000 0.5000000000000000 0.7865899999999968	Ag_F
0.1664168150612529 0.3335831848602108 0.7153126403467684	Pd_T
0.1664142085577911 0.8328304090072470 0.7153137798154716	Pd_T
0.6671695909142167 0.3335857913636727 0.7153137798154716	Pd_T
0.3333395729466700 0.1666604271318662 0.6468853024599371	Pd_T
0.5023070138273326 -0.0023070138273328 0.5797356756405333	Pd_T
0.5023072894798123 0.5046049703050578 0.5797349174990442	Pd_T
-0.0046049703050576 -0.0023072894798123 0.5797349174990442	Pd_T
0.0000020393628689 0.4999979606371310 0.5814381203359128	Pd_T
0.6666655929056439 0.8333344070158198 0.7132055206842233	Pt_T
0.8339574902010123 0.1679097740244659 0.6476908825400165	Pt_T
0.8339535305493510 0.6660464695291853 0.6476909671987259	Pt_T
0.3320902260540704 0.6660425098775240 0.6476908825400165	Pt_T
