2.9775 -5.15718 0
-5.955 0 0
0 0 -32.1555
1 0 0
0 1 0
0 0 1
0.1660222541423044 0.8330118958287582 0.7122309010773412	Ag_T
0.6669881040927055 0.3339777457791595 0.7122309010773412	Ag_T
0.6669864633858328 0.8330135365356309 0.7122306062913164	Ag_T
0.8376688122419439 0.1688388121604122 0.6386229444070707	Ag_T
0.8333307884356356 0.6666692116429007 0.6365894656822216	Ag_T
0.3311611879181241 0.6623311878365924 0.6386229444070707	Ag_T
0.3311683448219027 0.1688316552566336 0.6386233698270063	Ag_T
0.5000023834565893 -0.0000023834565892 0.5643288701686728	Ag_T
0.4987645535919324 0.4993818138650605 0.5621878346623126	Ag_T
0.0006181861349396 0.0012354464080675 0.5621878346623126	Ag_T
0.0006144993164985 0.4993855006835015 0.5621872332833520	Ag_T
0.6666699999476435 0.3333299999738202 0.9378000000000029	Ag_F
0.1666699999476435 0.3333299999738202 0.9378000000000029	Ag_F
0.1666699999476435 0.8333299999738202 0.9378000000000029	Ag_F
0.6666699999476435 0.8333299999738202 0.9378000000000029	Ag_F
0.3333300000523565 0.6666700000261798 0.8622000000000014	Ag_F
0.8333300000523565 0.6666700000261798 0.8622000000000014	Ag_F
0.8333300000523565 0.1666700000261798 0.8622000000000014	Ag_F
0.3333300000523565 0.1666700000261798 0.8622000000000014	Ag_F
0.5000000000000000 0.0000000000000000 0.7865899999999968	Ag_F
0.0000000000000000 0.0000000000000000 0.7865899999999968	Ag_F
0.5000000000000000 0.5000000000000000 0.7865899999999968	Ag_F
0.0000000000000000 0.5000000000000000 0.7865899999999968	Ag_F
0.1666660809455732 0.3333339189758906 0.7124226670508106	Pt_T
