2.9775 -5.15718 0
-5.955 0 0
0 0 -32.1555
1 0 0
0 1 0
0 0 1
-0.0109066792884507 -0.0054732779690488 0.5737695910876058	Ag_T
-0.0109073520700616 0.4945702809646210 0.5737693401822471	Ag_T
0.6666699999476435 0.3333299999738202 0.9378000000000029	Ag_F
0.1666699999476435 0.3333299999738202 0.9378000000000029	Ag_F
0.1666699999476435 0.8333299999738202 0.9378000000000029	Ag_F
0.6666699999476435 0.8333299999738202 0.9378000000000029	Ag_F
0.3333300000523565 0.6666700000261798 0.8622000000000014	Ag_F
0.8333300000523565 0.6666700000261798 0.8622000000000014	Ag_F
0.8333300000523565 0.1666700000261798 0.8622000000000014	Ag_F
0.3333300000523565 0.1666700000261798 0.8622000000000014	Ag_F
0.5000000000000000 0.0000000000000000 0.7865899999999968	Ag_F
0.0000000000000000 0.0000000000000000 0.7865899999999968	Ag_F
0.5000000000000000 0.5000000000000000 0.7865899999999968	Ag_F
0.0000000000000000 0.5000000000000000 0.7865899999999968	Ag_F
0.6703820385014500 0.3351259019029240 0.7162264278839563	Pd_T
0.6703802428994791 0.8352599423122922 0.7162257097742865	Pd_T
0.8372589498632617 0.1686306353247396 0.6464174281837485	Pd_T
0.8355576164678136 0.6677729667864568 0.6464316727814069	Pd_T
0.4883697927449417 0.4941888802251872 0.5791619672709187	Pd_T
0.1707052554397026 0.3353545825157353 0.7132757207968718	Pt_T
0.1701082727258841 0.8350561051097487 0.7140520068153334	Pt_T
0.3334643396076293 0.6641710958807012 0.6475032339563048	Pt_T
0.3334654625725152 0.1692973655073888 0.6475032141167453	Pt_T
0.4840661485853454 -0.0079668603638209 0.5821197211529220	Pt_T
