2.9775 -5.15718 0
-5.955 0 0
0 0 -32.1555
1 0 0
0 1 0
0 0 1
-0.0000020643280779 0.5000020643280779 0.5742899776927139	Ag_T
0.6666699999476435 0.3333299999738202 0.9378000000000029	Ag_F
0.1666699999476435 0.3333299999738202 0.9378000000000029	Ag_F
0.1666699999476435 0.8333299999738202 0.9378000000000029	Ag_F
0.6666699999476435 0.8333299999738202 0.9378000000000029	Ag_F
0.3333300000523565 0.6666700000261798 0.8622000000000014	Ag_F
0.8333300000523565 0.6666700000261798 0.8622000000000014	Ag_F
0.8333300000523565 0.1666700000261798 0.8622000000000014	Ag_F
0.3333300000523565 0.1666700000261798 0.8622000000000014	Ag_F
0.5000000000000000 0.0000000000000000 0.7865899999999968	Ag_F
0.0000000000000000 0.0000000000000000 0.7865899999999968	Ag_F
0.5000000000000000 0.5000000000000000 0.7865899999999968	Ag_F
0.0000000000000000 0.5000000000000000 0.7865899999999968	Ag_F
0.1663942864940065 0.3336057134274573 0.7147014307384898	Pd_T
0.1663946882175177 0.8327916450324810 0.7147010218348514	Pd_T
0.6672083548889827 0.3336053117039460 0.7147010218348514	Pd_T
0.6666691891968392 0.8333308107246246 0.7161333786340308	Pd_T
0.8334564303323574 0.1669139870382306 0.6468438263979674	Pd_T
0.8334565478200269 0.6665434522585094 0.6468434396586638	Pd_T
0.3330860130403057 0.6665435697461789 0.6468438263979674	Pd_T
0.3333345779776349 0.1666654221009013 0.6474846468580800	Pd_T
0.4975328483215338 0.0024671516784663 0.5796373795147610	Pd_T
0.4975320180364127 0.4950665757009788 0.5796365607543813	Pd_T
0.0049334242990211 0.0024679819635873 0.5796365607543813	Pd_T
