2.9775 -5.15718 0
-5.955 0 0
0 0 -32.1555
1 0 0
0 1 0
0 0 1
0.8332053782026205 0.1666048212594455 0.6433782147691849	Ag_T
0.8328306115494969 0.6664181233345114 0.6430285147558037	Ag_T
0.3335271864977135 0.6664194080426109 0.6433158961295001	Ag_T
0.3335280566656432 0.1671119189857737 0.6433161863294025	Ag_T
0.0004937138548736 0.0003424767919333 0.5685959353363993	Ag_T
0.0004950900507206 0.5001579361295235 0.5685956123550711	Ag_T
0.6666699999476435 0.3333299999738202 0.9378000000000029	Ag_F
0.1666699999476435 0.3333299999738202 0.9378000000000029	Ag_F
0.1666699999476435 0.8333299999738202 0.9378000000000029	Ag_F
0.6666699999476435 0.8333299999738202 0.9378000000000029	Ag_F
0.3333300000523565 0.6666700000261798 0.8622000000000014	Ag_F
0.8333300000523565 0.6666700000261798 0.8622000000000014	Ag_F
0.8333300000523565 0.1666700000261798 0.8622000000000014	Ag_F
0.3333300000523565 0.1666700000261798 0.8622000000000014	Ag_F
0.5000000000000000 0.0000000000000000 0.7865899999999968	Ag_F
0.0000000000000000 0.0000000000000000 0.7865899999999968	Ag_F
0.5000000000000000 0.5000000000000000 0.7865899999999968	Ag_F
0.0000000000000000 0.5000000000000000 0.7865899999999968	Ag_F
0.1656405517825549 0.8328173322838722 0.7150067679280786	Pd_T
0.6666138957408062 0.3334820270498519 0.7151254873639676	Pd_T
0.6666132057623019 0.8331325998308610 0.7151253964878802	Pd_T
0.5006838893200445 0.0003442383080049 0.5728751557328373	Pd_T
0.5010141246475880 0.5005072730918891 0.5724935419773914	Pd_T
0.1658788505642011 0.3329400455681366 0.7150615316935144	Pt_T
