2.9775 -5.15718 0
-5.955 0 0
0 0 -32.1555
1 0 0
0 1 0
0 0 1
0.8333349153372820 0.1666650847412541 0.6433010776823743	Ag_T
0.8333349153372820 0.6666650847412543 0.6433010776823743	Ag_T
0.3333349153372822 0.6666650847412543 0.6433010776823743	Ag_T
0.3333349153372822 0.1666650847412541 0.6433010776823743	Ag_T
0.4999929045785304 0.0000070954214697 0.5682970294077074	Ag_T
0.4999929045785304 0.5000070954214696 0.5682970294077075	Ag_T
-0.0000070954214697 0.0000070954214697 0.5682970294077075	Ag_T
-0.0000070954214697 0.5000070954214696 0.5682970294077075	Ag_T
0.6666699999476435 0.3333299999738202 0.9378000000000029	Ag_F
0.1666699999476435 0.3333299999738202 0.9378000000000029	Ag_F
0.1666699999476435 0.8333299999738202 0.9378000000000029	Ag_F
0.6666699999476435 0.8333299999738202 0.9378000000000029	Ag_F
0.3333300000523565 0.6666700000261798 0.8622000000000014	Ag_F
0.8333300000523565 0.6666700000261798 0.8622000000000014	Ag_F
0.8333300000523565 0.1666700000261798 0.8622000000000014	Ag_F
0.3333300000523565 0.1666700000261798 0.8622000000000014	Ag_F
0.5000000000000000 0.0000000000000000 0.7865899999999968	Ag_F
0.0000000000000000 0.0000000000000000 0.7865899999999968	Ag_F
0.5000000000000000 0.5000000000000000 0.7865899999999968	Ag_F
0.0000000000000000 0.5000000000000000 0.7865899999999968	Ag_F
0.1666673067620922 0.3333326931593714 0.7148442812928578	Pd_T
0.1666673067620922 0.8333326931593714 0.7148442812928578	Pd_T
0.6666673067620923 0.3333326931593714 0.7148442812928578	Pd_T
0.6666673067620923 0.8333326931593714 0.7148442812928578	Pd_T
