2.9775 -5.15718 0
-5.955 0 0
0 0 -32.1555
1 0 0
0 1 0
0 0 1
0.4992043426441965 0.4997968626065947 0.5746918855595318	Ag_T
0.0002031373934053 0.0007956573558036 0.5746918855595318	Ag_T
-0.0003790360993633 0.5003790360993633 0.5746028958439765	Ag_T
0.6666699999476435 0.3333299999738202 0.9378000000000029	Ag_F
0.1666699999476435 0.3333299999738202 0.9378000000000029	Ag_F
0.1666699999476435 0.8333299999738202 0.9378000000000029	Ag_F
0.6666699999476435 0.8333299999738202 0.9378000000000029	Ag_F
0.3333300000523565 0.6666700000261798 0.8622000000000014	Ag_F
0.8333300000523565 0.6666700000261798 0.8622000000000014	Ag_F
0.8333300000523565 0.1666700000261798 0.8622000000000014	Ag_F
0.3333300000523565 0.1666700000261798 0.8622000000000014	Ag_F
0.5000000000000000 0.0000000000000000 0.7865899999999968	Ag_F
0.0000000000000000 0.0000000000000000 0.7865899999999968	Ag_F
0.5000000000000000 0.5000000000000000 0.7865899999999968	Ag_F
0.0000000000000000 0.5000000000000000 0.7865899999999968	Ag_F
0.6674691672288895 0.8325308326925742 0.7158774048143058	Pd_T
0.8323665402123680 0.6676334598661683 0.6454309410246216	Pd_T
0.4995998000502155 0.0004001999497844 0.5789118587500071	Pd_T
0.1669023342569106 0.3330976656645531 0.7135334982720204	Pt_T
0.1653479890180046 0.8319735715468760 0.7151676589151934	Pt_T
0.6680264283745877 0.3346520109034591 0.7151676589151934	Pt_T
0.8314503357997958 0.1662496645328048 0.6467062661254850	Pt_T
0.3337503355457315 0.6685496642787405 0.6467062661254850	Pt_T
0.3336253634345955 0.1663746366439408 0.6472050507017592	Pt_T
