2.9775 -5.15718 0
-5.955 0 0
0 0 -32.1555
1 0 0
0 1 0
0 0 1
0.0031503034668932 0.0015740133321540 0.5747383680517683	Ag_T
0.0031503034668932 0.5015740133321540 0.5747383680517683	Ag_T
0.6666699999476435 0.3333299999738202 0.9378000000000029	Ag_F
0.1666699999476435 0.3333299999738202 0.9378000000000029	Ag_F
0.1666699999476435 0.8333299999738202 0.9378000000000029	Ag_F
0.6666699999476435 0.8333299999738202 0.9378000000000029	Ag_F
0.3333300000523565 0.6666700000261798 0.8622000000000014	Ag_F
0.8333300000523565 0.6666700000261798 0.8622000000000014	Ag_F
0.8333300000523565 0.1666700000261798 0.8622000000000014	Ag_F
0.3333300000523565 0.1666700000261798 0.8622000000000014	Ag_F
0.5000000000000000 0.0000000000000000 0.7865899999999968	Ag_F
0.0000000000000000 0.0000000000000000 0.7865899999999968	Ag_F
0.5000000000000000 0.5000000000000000 0.7865899999999968	Ag_F
0.0000000000000000 0.5000000000000000 0.7865899999999968	Ag_F
0.1651069465954842 0.3325517651788855 0.7145475289278985	Pd_T
0.1651069465954842 0.8325517651788856 0.7145475289278985	Pd_T
0.6648534936508657 0.3324248999180621 0.7158713437347883	Pd_T
0.6648534936508657 0.8324248999180621 0.7158713437347883	Pd_T
0.8325796787914368 0.1662893905854192 0.6467053252142168	Pd_T
0.8325796787914368 0.6662893905854188 0.6467053252142168	Pd_T
0.3334839226551853 0.6667408358668040 0.6467744084747507	Pd_T
0.3334839226551853 0.1667408358668036 0.6467744084747507	Pd_T
0.5041955186556766 0.0020954625072535 0.5789555786552203	Pd_T
0.5041955186556766 0.5020954625072533 0.5789555786552203	Pd_T
