2.9775 -5.15718 0
-5.955 0 0
0 0 -32.1555
1 0 0
0 1 0
0 0 1
0.8380385099140688 0.6690182848599149 0.6439467672313710	Ag_T
-0.0291100732324201 -0.0131126786853786 0.5704688092012263	Ag_T
-0.0291123181394874 0.4839943824087387 0.5704697046757188	Ag_T
0.6666699999476435 0.3333299999738202 0.9378000000000029	Ag_F
0.1666699999476435 0.3333299999738202 0.9378000000000029	Ag_F
0.1666699999476435 0.8333299999738202 0.9378000000000029	Ag_F
0.6666699999476435 0.8333299999738202 0.9378000000000029	Ag_F
0.3333300000523565 0.6666700000261798 0.8622000000000014	Ag_F
0.8333300000523565 0.6666700000261798 0.8622000000000014	Ag_F
0.8333300000523565 0.1666700000261798 0.8622000000000014	Ag_F
0.3333300000523565 0.1666700000261798 0.8622000000000014	Ag_F
0.5000000000000000 0.0000000000000000 0.7865899999999968	Ag_F
0.0000000000000000 0.0000000000000000 0.7865899999999968	Ag_F
0.5000000000000000 0.5000000000000000 0.7865899999999968	Ag_F
0.0000000000000000 0.5000000000000000 0.7865899999999968	Ag_F
0.8370880993900777 0.1685423461756678 0.6454151352461244	Pd_T
0.1682863215109582 0.3341458030680288 0.7134988821618145	Pt_T
0.1726356065619055 0.8363175297566209 0.7141931977754931	Pt_T
0.6693614901123743 0.3333612959037409 0.7153465759765569	Pt_T
0.6693546350115420 0.8359953780853990 0.7153462732993111	Pt_T
0.3324651579480108 0.6638809875120182 0.6463740801229070	Pt_T
0.3324711000095510 0.1685845433099792 0.6463745461033440	Pt_T
0.4678540607483072 -0.0160767658361826 0.5802204104626772	Pt_T
0.4634233988074842 0.4817115327158804 0.5788550768823745	Pt_T
