2.9775 -5.15718 0
-5.955 0 0
0 0 -32.1555
1 0 0
0 1 0
0 0 1
0.8334928338421730 0.6679644355124940 0.6437744540374074	Ag_T
0.3345221092051411 0.6680686731772859 0.6435737124378457	Ag_T
0.3345632958896426 0.1678706715749161 0.6437565326086986	Ag_T
0.4988950956283447 0.5001228684520258 0.5686671512143305	Ag_T
-0.0038992942333907 0.0007523493156329 0.5705244776980377	Ag_T
-0.0036872079481048 0.4969916612915761 0.5702709526422217	Ag_T
0.6666699999476435 0.3333299999738202 0.9378000000000029	Ag_F
0.1666699999476435 0.3333299999738202 0.9378000000000029	Ag_F
0.1666699999476435 0.8333299999738202 0.9378000000000029	Ag_F
0.6666699999476435 0.8333299999738202 0.9378000000000029	Ag_F
0.3333300000523565 0.6666700000261798 0.8622000000000014	Ag_F
0.8333300000523565 0.6666700000261798 0.8622000000000014	Ag_F
0.8333300000523565 0.1666700000261798 0.8622000000000014	Ag_F
0.3333300000523565 0.1666700000261798 0.8622000000000014	Ag_F
0.5000000000000000 0.0000000000000000 0.7865899999999968	Ag_F
0.0000000000000000 0.0000000000000000 0.7865899999999968	Ag_F
0.5000000000000000 0.5000000000000000 0.7865899999999968	Ag_F
0.0000000000000000 0.5000000000000000 0.7865899999999968	Ag_F
0.1676487223640173 0.8338315548219093 0.7153212568777984	Pd_T
0.6682726706283751 0.8351383713010209 0.7148479301163331	Pd_T
0.8340910043192504 0.1691309586197769 0.6437532386550218	Pd_T
0.5003640773371706 0.0007760078856715 0.5733415963608708	Pd_T
0.1624241473396831 0.3311962824438803 0.7146114068184635	Pt_T
0.6705366047923124 0.3311556673293842 0.7147942631651484	Pt_T
