2.9775 -5.15718 0
-5.955 0 0
0 0 -32.1555
1 0 0
0 1 0
0 0 1
0.6677930079442926 0.3320682294028359 0.7129164851695690	Ag_T
0.6677956015167026 0.8357326165176772 0.7129164197285205	Ag_T
0.8350520226875497 0.6675278166005127 0.6405275302066189	Ag_T
0.3295876847862519 0.6646832372423778 0.6415442282773838	Ag_T
0.3295839119978872 0.1649041575104825 0.6415438128802272	Ag_T
0.5007084888257651 0.0003554837810344 0.5683070810870107	Ag_T
0.4995196374182159 0.4997606575729843 0.5659595673530725	Ag_T
-0.0003717856813736 0.0004466890448017 0.5671632065004472	Ag_T
-0.0003725695063495 0.4991825616319382 0.5671635436390199	Ag_T
0.6666699999476435 0.3333299999738202 0.9378000000000029	Ag_F
0.1666699999476435 0.3333299999738202 0.9378000000000029	Ag_F
0.1666699999476435 0.8333299999738202 0.9378000000000029	Ag_F
0.6666699999476435 0.8333299999738202 0.9378000000000029	Ag_F
0.3333300000523565 0.6666700000261798 0.8622000000000014	Ag_F
0.8333300000523565 0.6666700000261798 0.8622000000000014	Ag_F
0.8333300000523565 0.1666700000261798 0.8622000000000014	Ag_F
0.3333300000523565 0.1666700000261798 0.8622000000000014	Ag_F
0.5000000000000000 0.0000000000000000 0.7865899999999968	Ag_F
0.0000000000000000 0.0000000000000000 0.7865899999999968	Ag_F
0.5000000000000000 0.5000000000000000 0.7865899999999968	Ag_F
0.0000000000000000 0.5000000000000000 0.7865899999999968	Ag_F
0.1608379210410909 0.3304163408042408 0.7133050100651803	Pd_T
0.1662758258628309 0.8331360252981433 0.7146307509803779	Pd_T
0.8371904597895272 0.1685985262135414 0.6399358610784223	Pt_T
