2.9775 -5.15718 0
-5.955 0 0
0 0 -32.1555
1 0 0
0 1 0
0 0 1
0.0100131939038301 0.5050064149144697 0.5714814370098298	Ag_T
0.6666699999476435 0.3333299999738202 0.9378000000000029	Ag_F
0.1666699999476435 0.3333299999738202 0.9378000000000029	Ag_F
0.1666699999476435 0.8333299999738202 0.9378000000000029	Ag_F
0.6666699999476435 0.8333299999738202 0.9378000000000029	Ag_F
0.3333300000523565 0.6666700000261798 0.8622000000000014	Ag_F
0.8333300000523565 0.6666700000261798 0.8622000000000014	Ag_F
0.8333300000523565 0.1666700000261798 0.8622000000000014	Ag_F
0.3333300000523565 0.1666700000261798 0.8622000000000014	Ag_F
0.5000000000000000 0.0000000000000000 0.7865899999999968	Ag_F
0.0000000000000000 0.0000000000000000 0.7865899999999968	Ag_F
0.5000000000000000 0.5000000000000000 0.7865899999999968	Ag_F
0.0000000000000000 0.5000000000000000 0.7865899999999968	Ag_F
0.6638028231875788 0.8319015888899495 0.7167013960761492	Pd_T
0.0030885387952446 0.0015435434997854 0.5784416780798454	Pd_T
0.1632196864759989 0.3334445552789497 0.7137291614634953	Pt_T
0.1632219131945606 0.8297787946264218 0.7137291952024295	Pt_T
0.6640416538985979 0.3320213108956319 0.7145045584139733	Pt_T
0.8371264219924824 0.1699667112643924 0.6469820125844205	Pt_T
0.8371280970012775 0.6671588344678193 0.6469820706782677	Pt_T
0.3329943735868123 0.6664981435103703 0.6462997681792508	Pt_T
0.3268623577074949 0.1634318050205134 0.6479888758759709	Pt_T
0.5061717026820067 0.0134636814583779 0.5817399015856657	Pt_T
0.5061720846391461 0.4927077551240752 0.5817400883904215	Pt_T
