2.9775 -5.15718 0
-5.955 0 0
0 0 -32.1555
1 0 0
0 1 0
0 0 1
0.6666699999476435 0.3333299999738202 0.9378000000000029	Ag_F
0.1666699999476435 0.3333299999738202 0.9378000000000029	Ag_F
0.1666699999476435 0.8333299999738202 0.9378000000000029	Ag_F
0.6666699999476435 0.8333299999738202 0.9378000000000029	Ag_F
0.3333300000523565 0.6666700000261798 0.8622000000000014	Ag_F
0.8333300000523565 0.6666700000261798 0.8622000000000014	Ag_F
0.8333300000523565 0.1666700000261798 0.8622000000000014	Ag_F
0.3333300000523565 0.1666700000261798 0.8622000000000014	Ag_F
0.5000000000000000 0.0000000000000000 0.7865899999999968	Ag_F
0.0000000000000000 0.0000000000000000 0.7865899999999968	Ag_F
0.5000000000000000 0.5000000000000000 0.7865899999999968	Ag_F
0.0000000000000000 0.5000000000000000 0.7865899999999968	Ag_F
0.1658138745920074 0.8339901584712173 0.7157717978116455	Pd_T
0.6660098414502464 0.3341861253294564 0.7157717978116455	Pd_T
0.8334797014766515 0.6665202986018848 0.6471691374634082	Pd_T
0.3324559484964784 0.1675440515820578 0.6468289158200322	Pd_T
0.5001499941566442 0.5025252959206005 0.5782448604898780	Pd_T
-0.0025252959206008 -0.0001499941566441 0.5782448604898780	Pd_T
0.0025228120610828 0.4974771879389172 0.5798389627441781	Pd_T
0.1663283129145577 0.3336716870069060 0.7133655562945032	Pt_T
0.6651345947153464 0.8348654052061172 0.7142530888357285	Pt_T
0.8385217650437314 0.1692416068939114 0.6480359714291170	Pt_T
0.3307583931846249 0.6614782350348049 0.6480359714291170	Pt_T
0.5054262175983703 -0.0054262175983705 0.5838760907668349	Pt_T
