2.9775 -5.15718 0
-5.955 0 0
0 0 -32.1555
1 0 0
0 1 0
0 0 1
0.3424571936750588 0.6712264087262864 0.6443675345341127	Ag_T
0.3424571936750588 0.1712264087262863 0.6443675345341127	Ag_T
0.0308107979562851 0.0153988347435670 0.5706598752405594	Ag_T
0.0308107979562851 0.5153988347435668 0.5706598752405594	Ag_T
0.6666699999476435 0.3333299999738202 0.9378000000000029	Ag_F
0.1666699999476435 0.3333299999738202 0.9378000000000029	Ag_F
0.1666699999476435 0.8333299999738202 0.9378000000000029	Ag_F
0.6666699999476435 0.8333299999738202 0.9378000000000029	Ag_F
0.3333300000523565 0.6666700000261798 0.8622000000000014	Ag_F
0.8333300000523565 0.6666700000261798 0.8622000000000014	Ag_F
0.8333300000523565 0.1666700000261798 0.8622000000000014	Ag_F
0.3333300000523565 0.1666700000261798 0.8622000000000014	Ag_F
0.5000000000000000 0.0000000000000000 0.7865899999999968	Ag_F
0.0000000000000000 0.0000000000000000 0.7865899999999968	Ag_F
0.5000000000000000 0.5000000000000000 0.7865899999999968	Ag_F
0.0000000000000000 0.5000000000000000 0.7865899999999968	Ag_F
0.6673795683644955 0.3336910911996818 0.7152564667556852	Pd_T
0.6673795683644955 0.8336910911996814 0.7152564667556852	Pd_T
0.8413362757207583 0.1706629080836372 0.6447706562008412	Pd_T
0.8413362757207583 0.6706629080836373 0.6447706562008412	Pd_T
0.1595606934548659 0.3297820896897882 0.7147501553073916	Pt_T
0.1595606934548659 0.8297820896897877 0.7147501553073916	Pt_T
0.5405346542757155 0.0202631313971969 0.5753884342806060	Pt_T
0.5405346542757155 0.5202631313971967 0.5753884342806060	Pt_T
