2.9775 -5.15718 0
-5.955 0 0
0 0 -32.1555
1 0 0
0 1 0
0 0 1
0.0147666156928766 0.5053437780373247 0.5729894550276127	Ag_T
0.6666699999476435 0.3333299999738202 0.9378000000000029	Ag_F
0.1666699999476435 0.3333299999738202 0.9378000000000029	Ag_F
0.1666699999476435 0.8333299999738202 0.9378000000000029	Ag_F
0.6666699999476435 0.8333299999738202 0.9378000000000029	Ag_F
0.3333300000523565 0.6666700000261798 0.8622000000000014	Ag_F
0.8333300000523565 0.6666700000261798 0.8622000000000014	Ag_F
0.8333300000523565 0.1666700000261798 0.8622000000000014	Ag_F
0.3333300000523565 0.1666700000261798 0.8622000000000014	Ag_F
0.5000000000000000 0.0000000000000000 0.7865899999999968	Ag_F
0.0000000000000000 0.0000000000000000 0.7865899999999968	Ag_F
0.5000000000000000 0.5000000000000000 0.7865899999999968	Ag_F
0.0000000000000000 0.5000000000000000 0.7865899999999968	Ag_F
0.6627780132334606 0.8321459572552307 0.7166038234244473	Pd_T
0.3342740580753319 0.6642535450895993 0.6463266341914409	Pd_T
0.5140375664387372 0.4959628917823120 0.5793405474614727	Pd_T
0.0083795339194249 -0.0004987529180760 0.5797553265403922	Pd_T
0.1630831066298602 0.3326920012531856 0.7135849650890426	Pt_T
0.1628569447948209 0.8313936892657517 0.7144507558559761	Pt_T
0.6645903573397504 0.3327227067085035 0.7142137229125527	Pt_T
0.8378663061149392 0.1683594333523276 0.6470002615979167	Pt_T
0.8346468786630705 0.6651319695706415 0.6473079944600715	Pt_T
0.3315871589631665 0.1671342496058884 0.6480017165057639	Pt_T
0.5091931381310020 0.0145986719751743 0.5824532653472645	Pt_T
