2.9775 -5.15718 0
-5.955 0 0
0 0 -32.1555
1 0 0
0 1 0
0 0 1
0.0001747804665214 0.4998252195334785 0.5740521022945390	Ag_T
0.6666699999476435 0.3333299999738202 0.9378000000000029	Ag_F
0.1666699999476435 0.3333299999738202 0.9378000000000029	Ag_F
0.1666699999476435 0.8333299999738202 0.9378000000000029	Ag_F
0.6666699999476435 0.8333299999738202 0.9378000000000029	Ag_F
0.3333300000523565 0.6666700000261798 0.8622000000000014	Ag_F
0.8333300000523565 0.6666700000261798 0.8622000000000014	Ag_F
0.8333300000523565 0.1666700000261798 0.8622000000000014	Ag_F
0.3333300000523565 0.1666700000261798 0.8622000000000014	Ag_F
0.5000000000000000 0.0000000000000000 0.7865899999999968	Ag_F
0.0000000000000000 0.0000000000000000 0.7865899999999968	Ag_F
0.5000000000000000 0.5000000000000000 0.7865899999999968	Ag_F
0.0000000000000000 0.5000000000000000 0.7865899999999968	Ag_F
0.1664849381117806 0.8330476272564626 0.7149419241254354	Pd_T
0.6669523726650011 0.3335150618096830 0.7149419241254354	Pd_T
0.6669370207546100 0.8330629791668537 0.7164033230743774	Pd_T
0.8332533782819717 0.1682344469238376 0.6470667058312969	Pd_T
0.8328257665955806 0.6671742334829557 0.6465482685670033	Pd_T
0.3317655531546986 0.6667466217965646 0.6470667058312969	Pd_T
0.4952716065609171 0.0047283934390829 0.5808929290560911	Pd_T
0.4952614917004617 0.4907498399367859 0.5799250679313224	Pd_T
0.0092501600632142 0.0047385082995383 0.5799250679313224	Pd_T
0.1671101452624224 0.3328898546590413 0.7134451176534877	Pt_T
0.3332882406846376 0.1667117593938986 0.6480008843719659	Pt_T
