2.9775 -5.15718 0
-5.955 0 0
0 0 -32.1555
1 0 0
0 1 0
0 0 1
0.1666649123451081 0.8333350875763554 0.7142438324759111	Ag_T
0.8292920990354951 0.6646444495627978 0.6419568895173183	Ag_T
0.3353507957110503 0.6646492043674860 0.6419565679298154	Ag_T
0.3353555505157384 0.1707079010430411 0.6419568895173183	Ag_T
0.5028663861100476 0.0014347058015330 0.5702089091959038	Ag_T
0.4999993083106103 0.5000006916893897 0.5655995868488649	Ag_T
-0.0014305053109417 0.0014305053109417 0.5702094334279965	Ag_T
-0.0014347058015330 0.4971336138899523 0.5702089091959038	Ag_T
0.6666699999476435 0.3333299999738202 0.9378000000000029	Ag_F
0.1666699999476435 0.3333299999738202 0.9378000000000029	Ag_F
0.1666699999476435 0.8333299999738202 0.9378000000000029	Ag_F
0.6666699999476435 0.8333299999738202 0.9378000000000029	Ag_F
0.3333300000523565 0.6666700000261798 0.8622000000000014	Ag_F
0.8333300000523565 0.6666700000261798 0.8622000000000014	Ag_F
0.8333300000523565 0.1666700000261798 0.8622000000000014	Ag_F
0.3333300000523565 0.1666700000261798 0.8622000000000014	Ag_F
0.5000000000000000 0.0000000000000000 0.7865899999999968	Ag_F
0.0000000000000000 0.0000000000000000 0.7865899999999968	Ag_F
0.5000000000000000 0.5000000000000000 0.7865899999999968	Ag_F
0.0000000000000000 0.5000000000000000 0.7865899999999968	Ag_F
0.1629940098405055 0.3314995204691097 0.7140231944864928	Pt_T
0.6685020990066418 0.3314979009148219 0.7140233061938341	Pt_T
0.6685004794523541 0.8370059900809582 0.7140231944864928	Pt_T
0.8333336279150128 0.1666663721635236 0.6440255367434949	Pt_T
