2.9775 -5.15718 0
-5.955 0 0
0 0 -32.1555
1 0 0
0 1 0
0 0 1
0.6683052809740573 0.8366067533380587 0.7134836690809259	Ag_T
0.8345188573944634 0.6637395231591563 0.6422942853007922	Ag_T
0.3292108480902167 0.6637346291889400 0.6422941587230400	Ag_T
0.3329948444374434 0.1659962473099107 0.6434364543521693	Ag_T
0.5006970504770948 0.0001549731850653 0.5692708651720555	Ag_T
0.4996488018638016 0.4993037089160733 0.5682055924305922	Ag_T
-0.0005451381034781 0.0001545974222461 0.5692707423067908	Ag_T
-0.0010852418608012 0.4978373900683987 0.5680574167533059	Ag_T
0.6666699999476435 0.3333299999738202 0.9378000000000029	Ag_F
0.1666699999476435 0.3333299999738202 0.9378000000000029	Ag_F
0.1666699999476435 0.8333299999738202 0.9378000000000029	Ag_F
0.6666699999476435 0.8333299999738202 0.9378000000000029	Ag_F
0.3333300000523565 0.6666700000261798 0.8622000000000014	Ag_F
0.8333300000523565 0.6666700000261798 0.8622000000000014	Ag_F
0.8333300000523565 0.1666700000261798 0.8622000000000014	Ag_F
0.3333300000523565 0.1666700000261798 0.8622000000000014	Ag_F
0.5000000000000000 0.0000000000000000 0.7865899999999968	Ag_F
0.0000000000000000 0.0000000000000000 0.7865899999999968	Ag_F
0.5000000000000000 0.5000000000000000 0.7865899999999968	Ag_F
0.0000000000000000 0.5000000000000000 0.7865899999999968	Ag_F
0.1635612874289389 0.3329784893764213 0.7143888424429996	Pd_T
0.1664641468924317 0.8329186257437907 0.7150100345272071	Pd_T
0.6694185587128331 0.3329849673485504 0.7143886538235680	Pd_T
0.8345215720560533 0.1690487191139700 0.6414052278306400	Pd_T
