2.9775 -5.15718 0
-5.955 0 0
0 0 -32.1555
1 0 0
0 1 0
0 0 1
0.6666699999476435 0.3333299999738202 0.9378000000000029	Ag_F
0.1666699999476435 0.3333299999738202 0.9378000000000029	Ag_F
0.1666699999476435 0.8333299999738202 0.9378000000000029	Ag_F
0.6666699999476435 0.8333299999738202 0.9378000000000029	Ag_F
0.3333300000523565 0.6666700000261798 0.8622000000000014	Ag_F
0.8333300000523565 0.6666700000261798 0.8622000000000014	Ag_F
0.8333300000523565 0.1666700000261798 0.8622000000000014	Ag_F
0.3333300000523565 0.1666700000261798 0.8622000000000014	Ag_F
0.5000000000000000 0.0000000000000000 0.7865899999999968	Ag_F
0.0000000000000000 0.0000000000000000 0.7865899999999968	Ag_F
0.5000000000000000 0.5000000000000000 0.7865899999999968	Ag_F
0.0000000000000000 0.5000000000000000 0.7865899999999968	Ag_F
0.5000136291909398 0.0000272583818795 0.5804891872643146	Pd_T
0.5000136291909398 0.5000272583818796 0.5804891872643146	Pd_T
0.0000136291909398 0.0000272583818795 0.5804891872643146	Pd_T
0.0000136291909398 0.5000272583818796 0.5804891872643146	Pd_T
0.1666635418074233 0.3333170836933798 0.7145258803674022	Pt_T
0.1666635418074233 0.8333170836933798 0.7145258803674022	Pt_T
0.6666635418074234 0.3333170836933798 0.7145258803674022	Pt_T
0.6666635418074234 0.8333170836933798 0.7145258803674022	Pt_T
0.8333298384295141 0.1666696767804954 0.6473815585136412	Pt_T
0.8333298384295141 0.6666696767804956 0.6473815585136412	Pt_T
0.3333298384295144 0.6666696767804956 0.6473815585136412	Pt_T
0.3333298384295144 0.1666696767804954 0.6473815585136412	Pt_T
