2.9775 -5.15718 0
-5.955 0 0
0 0 -32.1555
1 0 0
0 1 0
0 0 1
0.6666699999476435 0.3333299999738202 0.9378000000000029	Ag_F
0.1666699999476435 0.3333299999738202 0.9378000000000029	Ag_F
0.1666699999476435 0.8333299999738202 0.9378000000000029	Ag_F
0.6666699999476435 0.8333299999738202 0.9378000000000029	Ag_F
0.3333300000523565 0.6666700000261798 0.8622000000000014	Ag_F
0.8333300000523565 0.6666700000261798 0.8622000000000014	Ag_F
0.8333300000523565 0.1666700000261798 0.8622000000000014	Ag_F
0.3333300000523565 0.1666700000261798 0.8622000000000014	Ag_F
0.5000000000000000 0.0000000000000000 0.7865899999999968	Ag_F
0.0000000000000000 0.0000000000000000 0.7865899999999968	Ag_F
0.5000000000000000 0.5000000000000000 0.7865899999999968	Ag_F
0.0000000000000000 0.5000000000000000 0.7865899999999968	Ag_F
0.6651324297145881 0.3326005911340225 0.7159533070158389	Pd_T
0.3334772236110227 0.1691291753587306 0.6469059024755336	Pd_T
0.5066359726224742 0.5077991074622020 0.5795090404585166	Pd_T
-0.0014929202431774 -0.0012369808393802 0.5783059374453253	Pd_T
0.0033193085399408 0.5047388738548535 0.5798694371071603	Pd_T
0.1642408085212591 0.3307893323056889 0.7135383379153268	Pt_T
0.1639548142734844 0.8320579421123215 0.7145941622445781	Pt_T
0.6655719259313615 0.8327677266755363 0.7143297917111949	Pt_T
0.8370161275270152 0.1700550000060714 0.6472898122715243	Pt_T
0.8338150659812216 0.6674776368596305 0.6475177616160779	Pt_T
0.3309958146136793 0.6631166058058695 0.6481589833307697	Pt_T
0.5048698371509331 -0.0035760980803061 0.5833315857116279	Pt_T
