2.9775 -5.15718 0
-5.955 0 0
0 0 -32.1555
1 0 0
0 1 0
0 0 1
0.3333324623663081 0.1666675377122280 0.6453878581573342	Ag_T
0.5010368420921176 -0.0010368420921178 0.5732131588010575	Ag_T
0.5010392028197693 0.5020828420668592 0.5732137639796323	Ag_T
-0.0020828420668591 -0.0010392028197693 0.5732137639796323	Ag_T
-0.0000011519761932 0.5000011519761931 0.5752848699132692	Ag_T
0.6666699999476435 0.3333299999738202 0.9378000000000029	Ag_F
0.1666699999476435 0.3333299999738202 0.9378000000000029	Ag_F
0.1666699999476435 0.8333299999738202 0.9378000000000029	Ag_F
0.6666699999476435 0.8333299999738202 0.9378000000000029	Ag_F
0.3333300000523565 0.6666700000261798 0.8622000000000014	Ag_F
0.8333300000523565 0.6666700000261798 0.8622000000000014	Ag_F
0.8333300000523565 0.1666700000261798 0.8622000000000014	Ag_F
0.3333300000523565 0.1666700000261798 0.8622000000000014	Ag_F
0.5000000000000000 0.0000000000000000 0.7865899999999968	Ag_F
0.0000000000000000 0.0000000000000000 0.7865899999999968	Ag_F
0.5000000000000000 0.5000000000000000 0.7865899999999968	Ag_F
0.0000000000000000 0.5000000000000000 0.7865899999999968	Ag_F
0.1647797596608515 0.3352202402606123 0.7154980489948961	Pd_T
0.1647852408679773 0.8295551406575576 0.7154981899804166	Pd_T
0.6704448592639061 0.3352147590534864 0.7154981899804166	Pd_T
0.6666937650884203 0.8333062348330434 0.7148397258833582	Pd_T
0.8319801197202924 0.1639716678452914 0.6458688487515750	Pt_T
0.8319862924271934 0.6680137076513429 0.6458669091959631	Pt_T
0.3360283322332450 0.6680198803582439 0.6458688487515750	Pt_T
