2.9775 -5.15718 0
-5.955 0 0
0 0 -32.1555
1 0 0
0 1 0
0 0 1
0.8336131556323293 0.6663868444462070 0.6454611622177447	Ag_T
0.5010207922142832 0.4960247260416530 0.5732812768528297	Ag_T
0.0039752739583470 -0.0010207922142833 0.5732812768528297	Ag_T
0.0036126877400325 0.4963873122599674 0.5743181833877210	Ag_T
0.6666699999476435 0.3333299999738202 0.9378000000000029	Ag_F
0.1666699999476435 0.3333299999738202 0.9378000000000029	Ag_F
0.1666699999476435 0.8333299999738202 0.9378000000000029	Ag_F
0.6666699999476435 0.8333299999738202 0.9378000000000029	Ag_F
0.3333300000523565 0.6666700000261798 0.8622000000000014	Ag_F
0.8333300000523565 0.6666700000261798 0.8622000000000014	Ag_F
0.8333300000523565 0.1666700000261798 0.8622000000000014	Ag_F
0.3333300000523565 0.1666700000261798 0.8622000000000014	Ag_F
0.5000000000000000 0.0000000000000000 0.7865899999999968	Ag_F
0.0000000000000000 0.0000000000000000 0.7865899999999968	Ag_F
0.5000000000000000 0.5000000000000000 0.7865899999999968	Ag_F
0.0000000000000000 0.5000000000000000 0.7865899999999968	Ag_F
0.1684394298828243 0.8371187994466466 0.7159019547532620	Pd_T
0.6628812004748171 0.3315605700386395 0.7159019547532620	Pd_T
0.6645677972617124 0.8354322026597513 0.7155491713610803	Pd_T
0.3328339970631367 0.1671660030153996 0.6456618371945169	Pd_T
0.5063160316780181 -0.0063160316780181 0.5782907017893610	Pd_T
0.1644596031728470 0.3355403967486167 0.7132790511964766	Pt_T
0.8324147073101089 0.1655427874545231 0.6467642990929983	Pt_T
0.3344572126240133 0.6675852927684274 0.6467642990929983	Pt_T
