2.9775 -5.15718 0
-5.955 0 0
0 0 -32.1555
1 0 0
0 1 0
0 0 1
0.6666699999476435 0.3333299999738202 0.9378000000000029	Ag_F
0.1666699999476435 0.3333299999738202 0.9378000000000029	Ag_F
0.1666699999476435 0.8333299999738202 0.9378000000000029	Ag_F
0.6666699999476435 0.8333299999738202 0.9378000000000029	Ag_F
0.3333300000523565 0.6666700000261798 0.8622000000000014	Ag_F
0.8333300000523565 0.6666700000261798 0.8622000000000014	Ag_F
0.8333300000523565 0.1666700000261798 0.8622000000000014	Ag_F
0.3333300000523565 0.1666700000261798 0.8622000000000014	Ag_F
0.5000000000000000 0.0000000000000000 0.7865899999999968	Ag_F
0.0000000000000000 0.0000000000000000 0.7865899999999968	Ag_F
0.5000000000000000 0.5000000000000000 0.7865899999999968	Ag_F
0.0000000000000000 0.5000000000000000 0.7865899999999968	Ag_F
0.1649193182516475 0.3324613740866063 0.7152065013366016	Pd_T
0.1649193182516475 0.8324613740866063 0.7152065013366016	Pd_T
0.6678777662881663 0.3339443851059556 0.7148353325264971	Pd_T
0.6678777662881663 0.8339443851059557 0.7148353325264971	Pd_T
0.3333580635859929 0.6666785100777384 0.6475703756628787	Pd_T
0.3333580635859929 0.1666785100777381 0.6475703756628787	Pd_T
0.5047653617920780 0.0023886709028798 0.5800349901019336	Pd_T
0.5047653617920780 0.5023886709028799 0.5800349901019336	Pd_T
-0.0039206623983525 -0.0019574407655450 0.5807007802721199	Pd_T
-0.0039206623983525 0.4980425592344551 0.5807007802721199	Pd_T
0.8329008024886865 0.1664535771284392 0.6477391216432290	Pt_T
0.8329008024886865 0.6664535771284391 0.6477391216432290	Pt_T
