2.9775 -5.15718 0
-5.955 0 0
0 0 -32.1555
1 0 0
0 1 0
0 0 1
0.6666699999476435 0.3333299999738202 0.9378000000000029	Ag_F
0.1666699999476435 0.3333299999738202 0.9378000000000029	Ag_F
0.1666699999476435 0.8333299999738202 0.9378000000000029	Ag_F
0.6666699999476435 0.8333299999738202 0.9378000000000029	Ag_F
0.3333300000523565 0.6666700000261798 0.8622000000000014	Ag_F
0.8333300000523565 0.6666700000261798 0.8622000000000014	Ag_F
0.8333300000523565 0.1666700000261798 0.8622000000000014	Ag_F
0.3333300000523565 0.1666700000261798 0.8622000000000014	Ag_F
0.5000000000000000 0.0000000000000000 0.7865899999999968	Ag_F
0.0000000000000000 0.0000000000000000 0.7865899999999968	Ag_F
0.5000000000000000 0.5000000000000000 0.7865899999999968	Ag_F
0.0000000000000000 0.5000000000000000 0.7865899999999968	Ag_F
0.6660714739939081 0.3334075065152595 0.7159109353641332	Pd_T
0.8338522663041441 0.6677784189325222 0.6471029046458726	Pd_T
0.3326648074785595 0.1686465995115072 0.6468874644899649	Pd_T
0.5004003755586417 0.5051029104784130 0.5790824173512531	Pd_T
-0.0010876207820651 0.0021296701800923 0.5778884630881417	Pd_T
0.0049939885261002 0.5014158541138544 0.5795035186361285	Pd_T
0.1644738454644035 0.3304651546545691 0.7135013939785851	Pt_T
0.1657568315110443 0.8332421921313921 0.7146915227055504	Pt_T
0.6658516757621301 0.8341673100584465 0.7144235751290674	Pt_T
0.8377359675890280 0.1694465328774871 0.6472835754467891	Pt_T
0.3300179608706115 0.6612981686489779 0.6483546204997745	Pt_T
0.5033748338875667 -0.0060054548866078 0.5837214483063942	Pt_T
