2.9775 -5.15718 0
-5.955 0 0
0 0 -32.1555
1 0 0
0 1 0
0 0 1
0.1654539781450006 0.3327274791842298 0.7107846507874871	Ag_T
0.1655050675768334 0.8327525394126482 0.7108819238149002	Ag_T
0.6664064233312877 0.3329883686532404 0.7114518044410870	Ag_T
0.6664063121437996 0.8334229185814520 0.7114514600581487	Ag_T
0.8347850269182123 0.1673948934362560 0.6358733193135961	Ag_T
0.8321343558696901 0.6660689843592846 0.6358995426602506	Ag_T
0.3321355508054856 0.6651840402573413 0.6357317196620541	Ag_T
0.3321378843174855 0.1669533701661375 0.6357315638192820	Ag_T
0.0002053315266791 -0.0005067019831973 0.5602131923465596	Ag_T
0.0002029314548090 0.5007145286158026 0.5602133629245487	Ag_T
0.6666699999476435 0.3333299999738202 0.9378000000000029	Ag_F
0.1666699999476435 0.3333299999738202 0.9378000000000029	Ag_F
0.1666699999476435 0.8333299999738202 0.9378000000000029	Ag_F
0.6666699999476435 0.8333299999738202 0.9378000000000029	Ag_F
0.3333300000523565 0.6666700000261798 0.8622000000000014	Ag_F
0.8333300000523565 0.6666700000261798 0.8622000000000014	Ag_F
0.8333300000523565 0.1666700000261798 0.8622000000000014	Ag_F
0.3333300000523565 0.1666700000261798 0.8622000000000014	Ag_F
0.5000000000000000 0.0000000000000000 0.7865899999999968	Ag_F
0.0000000000000000 0.0000000000000000 0.7865899999999968	Ag_F
0.5000000000000000 0.5000000000000000 0.7865899999999968	Ag_F
0.0000000000000000 0.5000000000000000 0.7865899999999968	Ag_F
0.5010421875955716 0.5005232828132088 0.5648592991102777	Pd_T
0.5020978433486857 0.0010483072371840 0.5663282104117053	Pt_T
