2.9775 -5.15718 0
-5.955 0 0
0 0 -32.1555
1 0 0
0 1 0
0 0 1
0.1636527951783757 0.3318263165970214 0.7120304167062697	Ag_T
0.6681688486530483 0.3318311512684158 0.7120302303338433	Ag_T
0.6681736833244425 0.8363472047430883 0.7120304167062697	Ag_T
0.8382207570749747 0.6691143054994442 0.6396093581620520	Ag_T
0.3308921276479895 0.6691078724305469 0.6396094870326740	Ag_T
0.3308856945790924 0.1617792430035617 0.6396093581620520	Ag_T
0.5002784116247075 0.0001411237444257 0.5649854157791082	Ag_T
0.4999988712587475 0.5000011287412525 0.5660225995486358	Ag_T
-0.0001425446809612 0.0001425446809612 0.5649854944486815	Ag_T
-0.0001411237444257 0.4997215883752923 0.5649854157791082	Ag_T
0.6666699999476435 0.3333299999738202 0.9378000000000029	Ag_F
0.1666699999476435 0.3333299999738202 0.9378000000000029	Ag_F
0.1666699999476435 0.8333299999738202 0.9378000000000029	Ag_F
0.6666699999476435 0.8333299999738202 0.9378000000000029	Ag_F
0.3333300000523565 0.6666700000261798 0.8622000000000014	Ag_F
0.8333300000523565 0.6666700000261798 0.8622000000000014	Ag_F
0.8333300000523565 0.1666700000261798 0.8622000000000014	Ag_F
0.3333300000523565 0.1666700000261798 0.8622000000000014	Ag_F
0.5000000000000000 0.0000000000000000 0.7865899999999968	Ag_F
0.0000000000000000 0.0000000000000000 0.7865899999999968	Ag_F
0.5000000000000000 0.5000000000000000 0.7865899999999968	Ag_F
0.0000000000000000 0.5000000000000000 0.7865899999999968	Ag_F
0.8333296883956591 0.1666703116828773 0.6372347633173961	Pd_T
0.1666670678057013 0.8333329321157623 0.7136997096360487	Pt_T
