2.9775 -5.15718 0
-5.955 0 0
0 0 -32.1555
1 0 0
0 1 0
0 0 1
0.1659426479103830 0.8329717650397651 0.7127921996768219	Ag_T
0.6679400480724750 0.3331186686755380 0.7120051049801166	Ag_T
0.6679373497693550 0.8348257630736138 0.7120043910068223	Ag_T
0.8321576979740039 0.6660833790182803 0.6376339532512744	Ag_T
0.3296416937370866 0.6612189871477139 0.6395380833392860	Ag_T
0.3296486942306263 0.1684261408120671 0.6395387233923352	Ag_T
0.5020146573992502 0.0010078453490521 0.5670770979041770	Ag_T
0.4994257307927806 0.4997130733279881 0.5635332541789028	Ag_T
-0.0002056303466920 0.0016038289726781 0.5648659633194929	Ag_T
-0.0002096576397797 0.4981928971529417 0.5648649426217836	Ag_T
0.6666699999476435 0.3333299999738202 0.9378000000000029	Ag_F
0.1666699999476435 0.3333299999738202 0.9378000000000029	Ag_F
0.1666699999476435 0.8333299999738202 0.9378000000000029	Ag_F
0.6666699999476435 0.8333299999738202 0.9378000000000029	Ag_F
0.3333300000523565 0.6666700000261798 0.8622000000000014	Ag_F
0.8333300000523565 0.6666700000261798 0.8622000000000014	Ag_F
0.8333300000523565 0.1666700000261798 0.8622000000000014	Ag_F
0.3333300000523565 0.1666700000261798 0.8622000000000014	Ag_F
0.5000000000000000 0.0000000000000000 0.7865899999999968	Ag_F
0.0000000000000000 0.0000000000000000 0.7865899999999968	Ag_F
0.5000000000000000 0.5000000000000000 0.7865899999999968	Ag_F
0.0000000000000000 0.5000000000000000 0.7865899999999968	Ag_F
0.8389312446035146 0.1694697189379337 0.6393398140021289	Pd_T
0.1638783022390026 0.3319399243700713 0.7128815613611575	Pt_T
