2.9775 -5.15718 0
-5.955 0 0
0 0 -32.1555
1 0 0
0 1 0
0 0 1
0.1666643832180930 0.8333356167033708 0.7145507204795849	Ag_T
0.8296642029739910 0.6648320290275819 0.6424673441457882	Ag_T
0.3351639889268871 0.6648360111516493 0.6424671225963302	Ag_T
0.3351679710509542 0.1703357971045453 0.6424673441457882	Ag_T
0.5022869930473965 0.0011476176876360 0.5700266917903738	Ag_T
0.4999993951888157 0.5000006048111841 0.5662658190548214	Ag_T
-0.0011424868046059 0.0011424868046059 0.5700276623307434	Ag_T
-0.0011476176876360 0.4977130069526033 0.5700266917903738	Ag_T
0.6666699999476435 0.3333299999738202 0.9378000000000029	Ag_F
0.1666699999476435 0.3333299999738202 0.9378000000000029	Ag_F
0.1666699999476435 0.8333299999738202 0.9378000000000029	Ag_F
0.6666699999476435 0.8333299999738202 0.9378000000000029	Ag_F
0.3333300000523565 0.6666700000261798 0.8622000000000014	Ag_F
0.8333300000523565 0.6666700000261798 0.8622000000000014	Ag_F
0.8333300000523565 0.1666700000261798 0.8622000000000014	Ag_F
0.3333300000523565 0.1666700000261798 0.8622000000000014	Ag_F
0.5000000000000000 0.0000000000000000 0.7865899999999968	Ag_F
0.0000000000000000 0.0000000000000000 0.7865899999999968	Ag_F
0.5000000000000000 0.5000000000000000 0.7865899999999968	Ag_F
0.0000000000000000 0.5000000000000000 0.7865899999999968	Ag_F
0.1622512528875055 0.3311260534834028 0.7141999586992442	Pd_T
0.6688743029162892 0.3311256970051745 0.7141997103555242	Pd_T
0.6688739464380608 0.8377487470339583 0.7141999586992442	Pd_T
0.8333325545983565 0.1666674454801798 0.6433566561430664	Pt_T
