2.9775 -5.15718 0
-5.955 0 0
0 0 -32.1555
1 0 0
0 1 0
0 0 1
0.1660243667374269 0.3330136048447917 0.7108870633580807	Ag_T
0.1667295856879958 0.8333663264491546 0.7118715634232763	Ag_T
0.6686876319535484 0.3328362895758806 0.7109728689037582	Ag_T
0.6686904804930704 0.8358624837541339 0.7109727904891027	Ag_T
0.8336315426264057 0.6668187624765359 0.6366832486694910	Ag_T
0.3335977000972337 0.6668611778590137 0.6367377705041114	Ag_T
0.3335967536770916 0.1667407169119095 0.6367380583433456	Ag_T
0.4989836476962885 0.4994943252263552 0.5617667130254891	Ag_T
-0.0031785133900013 0.0000628095180584 0.5631432283713902	Ag_T
-0.0031801642727232 0.4967649972052958 0.5631427558506695	Ag_T
0.6666699999476435 0.3333299999738202 0.9378000000000029	Ag_F
0.1666699999476435 0.3333299999738202 0.9378000000000029	Ag_F
0.1666699999476435 0.8333299999738202 0.9378000000000029	Ag_F
0.6666699999476435 0.8333299999738202 0.9378000000000029	Ag_F
0.3333300000523565 0.6666700000261798 0.8622000000000014	Ag_F
0.8333300000523565 0.6666700000261798 0.8622000000000014	Ag_F
0.8333300000523565 0.1666700000261798 0.8622000000000014	Ag_F
0.3333300000523565 0.1666700000261798 0.8622000000000014	Ag_F
0.5000000000000000 0.0000000000000000 0.7865899999999968	Ag_F
0.0000000000000000 0.0000000000000000 0.7865899999999968	Ag_F
0.5000000000000000 0.5000000000000000 0.7865899999999968	Ag_F
0.0000000000000000 0.5000000000000000 0.7865899999999968	Ag_F
0.8345065743261214 0.1672587058179222 0.6371469380792474	Pd_T
0.5012927391845452 0.0006512809657577 0.5671299911851191	Pd_T
