2.9775 -5.15718 0
-5.955 0 0
0 0 -32.1555
1 0 0
0 1 0
0 0 1
-0.0024977280152411 0.5024977280152411 0.5728329622122453	Ag_T
0.6666699999476435 0.3333299999738202 0.9378000000000029	Ag_F
0.1666699999476435 0.3333299999738202 0.9378000000000029	Ag_F
0.1666699999476435 0.8333299999738202 0.9378000000000029	Ag_F
0.6666699999476435 0.8333299999738202 0.9378000000000029	Ag_F
0.3333300000523565 0.6666700000261798 0.8622000000000014	Ag_F
0.8333300000523565 0.6666700000261798 0.8622000000000014	Ag_F
0.8333300000523565 0.1666700000261798 0.8622000000000014	Ag_F
0.3333300000523565 0.1666700000261798 0.8622000000000014	Ag_F
0.5000000000000000 0.0000000000000000 0.7865899999999968	Ag_F
0.0000000000000000 0.0000000000000000 0.7865899999999968	Ag_F
0.5000000000000000 0.5000000000000000 0.7865899999999968	Ag_F
0.0000000000000000 0.5000000000000000 0.7865899999999968	Ag_F
0.6683225164854588 0.8316774834360049 0.7165760223855060	Pd_T
0.8346018873427027 0.6653981127358336 0.6463919679393344	Pd_T
0.4935536627223706 0.4961068123188063 0.5789146130144636	Pd_T
0.0038931876811937 0.0064463372776293 0.5789146130144636	Pd_T
0.1659566175755490 0.3340433823459148 0.7134151633205696	Pt_T
0.1682915140348344 0.8324864206348831 0.7144245660190788	Pt_T
0.6675135792865806 0.3317084858866294 0.7144245660190788	Pt_T
0.8368243232604166 0.1675617784822944 0.6469435359269138	Pt_T
0.3324382215962420 0.6631756768181197 0.6469435359269138	Pt_T
0.3300871963107344 0.1699128037678019 0.6479799785044572	Pt_T
0.4948302163561157 0.0051697836438843 0.5831761205496478	Pt_T
