2.9775 -5.15718 0
-5.955 0 0
0 0 -32.1555
1 0 0
0 1 0
0 0 1
0.1652459415405366 0.8326198765170766 0.7123847401724456	Ag_T
0.6673815656449521 0.3347531313684375 0.7123849202744023	Ag_T
0.6673839348980065 0.8326198765170766 0.7123847401724456	Ag_T
0.6666699999476435 0.3333299999738202 0.9378000000000029	Ag_F
0.1666699999476435 0.3333299999738202 0.9378000000000029	Ag_F
0.1666699999476435 0.8333299999738202 0.9378000000000029	Ag_F
0.6666699999476435 0.8333299999738202 0.9378000000000029	Ag_F
0.3333300000523565 0.6666700000261798 0.8622000000000014	Ag_F
0.8333300000523565 0.6666700000261798 0.8622000000000014	Ag_F
0.8333300000523565 0.1666700000261798 0.8622000000000014	Ag_F
0.3333300000523565 0.1666700000261798 0.8622000000000014	Ag_F
0.5000000000000000 0.0000000000000000 0.7865899999999968	Ag_F
0.0000000000000000 0.0000000000000000 0.7865899999999968	Ag_F
0.5000000000000000 0.5000000000000000 0.7865899999999968	Ag_F
0.0000000000000000 0.5000000000000000 0.7865899999999968	Ag_F
0.1666683664306582 0.3333267329398495 0.7131555412745403	Pd_T
0.8362744526342811 0.1681476341190809 0.6424631251285909	Pd_T
0.8333007779757273 0.6666115558729216 0.6396928895649422	Pd_T
0.3318678467471156 0.6637456934156980 0.6424626293017248	Pd_T
0.3318631815633328 0.1681476341190809 0.6424631251285909	Pd_T
0.5000133512509976 0.0000267025019950 0.5746284843023540	Pt_T
0.4940401240086949 0.4970252515558462 0.5732084274971844	Pt_T
0.0029965320165229 0.0059930640330459 0.5732107214399057	Pt_T
0.0029851275471513 0.4970252515558462 0.5732084274971844	Pt_T
