2.9775 -5.15718 0
-5.955 0 0
0 0 -32.1555
1 0 0
0 1 0
0 0 1
0.8334503795154180 0.6667301288031490 0.6442356636186167	Ag_T
0.3332736935655553 0.6667263065129808 0.6442360744630671	Ag_T
0.3332698712753875 0.1665496205631184 0.6442356636186167	Ag_T
0.5007168587973809 0.0003643325662078 0.5707233884191346	Ag_T
0.4999975376034380 0.5000024623965619 0.5701911129319785	Ag_T
-0.0003649848323087 0.0003649848323087 0.5707225829552179	Ag_T
-0.0003643325662078 0.4992831412026192 0.5707233884191346	Ag_T
0.6666699999476435 0.3333299999738202 0.9378000000000029	Ag_F
0.1666699999476435 0.3333299999738202 0.9378000000000029	Ag_F
0.1666699999476435 0.8333299999738202 0.9378000000000029	Ag_F
0.6666699999476435 0.8333299999738202 0.9378000000000029	Ag_F
0.3333300000523565 0.6666700000261798 0.8622000000000014	Ag_F
0.8333300000523565 0.6666700000261798 0.8622000000000014	Ag_F
0.8333300000523565 0.1666700000261798 0.8622000000000014	Ag_F
0.3333300000523565 0.1666700000261798 0.8622000000000014	Ag_F
0.5000000000000000 0.0000000000000000 0.7865899999999968	Ag_F
0.0000000000000000 0.0000000000000000 0.7865899999999968	Ag_F
0.5000000000000000 0.5000000000000000 0.7865899999999968	Ag_F
0.0000000000000000 0.5000000000000000 0.7865899999999968	Ag_F
0.1625672139782738 0.3312804111862521 0.7149403751601258	Pd_T
0.6687117298455928 0.3312882700758708 0.7149396113091747	Pd_T
0.6687195887352115 0.8374327859431899 0.7149403751601258	Pd_T
0.8333321673788502 0.1666678326996862 0.6425187951802110	Pd_T
0.1666687933825941 0.8333312065388697 0.7156717902241827	Pt_T
