2.9775 -5.15718 0
-5.955 0 0
0 0 -32.1555
1 0 0
0 1 0
0 0 1
0.0015806035972266 0.5099982694112749 0.5718881547041058	Ag_T
0.6666699999476435 0.3333299999738202 0.9378000000000029	Ag_F
0.1666699999476435 0.3333299999738202 0.9378000000000029	Ag_F
0.1666699999476435 0.8333299999738202 0.9378000000000029	Ag_F
0.6666699999476435 0.8333299999738202 0.9378000000000029	Ag_F
0.3333300000523565 0.6666700000261798 0.8622000000000014	Ag_F
0.8333300000523565 0.6666700000261798 0.8622000000000014	Ag_F
0.8333300000523565 0.1666700000261798 0.8622000000000014	Ag_F
0.3333300000523565 0.1666700000261798 0.8622000000000014	Ag_F
0.5000000000000000 0.0000000000000000 0.7865899999999968	Ag_F
0.0000000000000000 0.0000000000000000 0.7865899999999968	Ag_F
0.5000000000000000 0.5000000000000000 0.7865899999999968	Ag_F
0.0000000000000000 0.5000000000000000 0.7865899999999968	Ag_F
0.6669096415068730 0.8302888046329603 0.7165510782665390	Pd_T
0.8377140656293525 0.6683200332399151 0.6464528156714354	Pd_T
0.0035445429897603 0.0129258503972329 0.5784247518436479	Pd_T
0.1653125510189043 0.3332060433989094 0.7137283238480794	Pt_T
0.1668542836732577 0.8307003168114057 0.7138804747787930	Pt_T
0.6666930761247462 0.3308842299899803 0.7146792420407078	Pt_T
0.8377132465177410 0.1701699888067403 0.6472683838495349	Pt_T
0.3324507856655847 0.6670505816974245 0.6466747463065429	Pt_T
0.3291687351357532 0.1665096726145498 0.6482500196287849	Pt_T
0.5026982457986533 0.0145382132196541 0.5822382350877550	Pt_T
0.4934680316852360 0.4933749334761614 0.5815720026727569	Pt_T
