2.9775 -5.15718 0
-5.955 0 0
0 0 -32.1555
1 0 0
0 1 0
0 0 1
0.6666699999476435 0.3333299999738202 0.9378000000000029	Ag_F
0.1666699999476435 0.3333299999738202 0.9378000000000029	Ag_F
0.1666699999476435 0.8333299999738202 0.9378000000000029	Ag_F
0.6666699999476435 0.8333299999738202 0.9378000000000029	Ag_F
0.3333300000523565 0.6666700000261798 0.8622000000000014	Ag_F
0.8333300000523565 0.6666700000261798 0.8622000000000014	Ag_F
0.8333300000523565 0.1666700000261798 0.8622000000000014	Ag_F
0.3333300000523565 0.1666700000261798 0.8622000000000014	Ag_F
0.5000000000000000 0.0000000000000000 0.7865899999999968	Ag_F
0.0000000000000000 0.0000000000000000 0.7865899999999968	Ag_F
0.5000000000000000 0.5000000000000000 0.7865899999999968	Ag_F
0.0000000000000000 0.5000000000000000 0.7865899999999968	Ag_F
0.3333322604898664 0.1666677395886698 0.6471283405007975	Pd_T
0.1668018410288533 0.3331981588926105 0.7144629896277009	Pt_T
0.1668009040850321 0.8336058767475453 0.7144628362629381	Pt_T
0.6663941231739184 0.3331990958364316 0.7144628362629381	Pt_T
0.6666678735835132 0.8333321263379505 0.7145347451787413	Pt_T
0.8332151730282241 0.1664354252712347 0.6478048672242185	Pt_T
0.8332166564118890 0.6667833436666473 0.6478043246667170	Pt_T
0.3335645748073019 0.6667848270503122 0.6478048672242185	Pt_T
0.5027547056695308 -0.0027547056695305 0.5803990682436355	Pt_T
0.5027551364839208 0.5055208932442992 0.5804002966333397	Pt_T
-0.0055208932442991 -0.0027551364839209 0.5804002966333397	Pt_T
-0.0000030709795550 0.5000030709795550 0.5807057217597997	Pt_T
