2.9775 -5.15718 0
-5.955 0 0
0 0 -32.1555
1 0 0
0 1 0
0 0 1
0.4998291984265038 0.4999086146335957 0.5750937629239463	Ag_T
0.0000913853664041 0.0001708015734962 0.5750937629239463	Ag_T
0.0000867906257482 0.4999132093742518 0.5750939955942195	Ag_T
0.6666699999476435 0.3333299999738202 0.9378000000000029	Ag_F
0.1666699999476435 0.3333299999738202 0.9378000000000029	Ag_F
0.1666699999476435 0.8333299999738202 0.9378000000000029	Ag_F
0.6666699999476435 0.8333299999738202 0.9378000000000029	Ag_F
0.3333300000523565 0.6666700000261798 0.8622000000000014	Ag_F
0.8333300000523565 0.6666700000261798 0.8622000000000014	Ag_F
0.8333300000523565 0.1666700000261798 0.8622000000000014	Ag_F
0.3333300000523565 0.1666700000261798 0.8622000000000014	Ag_F
0.5000000000000000 0.0000000000000000 0.7865899999999968	Ag_F
0.0000000000000000 0.0000000000000000 0.7865899999999968	Ag_F
0.5000000000000000 0.5000000000000000 0.7865899999999968	Ag_F
0.0000000000000000 0.5000000000000000 0.7865899999999968	Ag_F
0.1657350295421523 0.8328621111448142 0.7155845809615572	Pd_T
0.6671378887766495 0.3342649703793114 0.7155845809615572	Pd_T
0.6671334402352562 0.8328665596862075 0.7155862275537939	Pd_T
0.8318948502253264 0.1659429468199929 0.6467213463148654	Pd_T
0.8333285167217962 0.6666714833567401 0.6459738582694647	Pd_T
0.3340570532585433 0.6681051498532099 0.6467213463148654	Pd_T
0.3340588210460058 0.1659411790325306 0.6467215791029380	Pd_T
0.5000094333355916 -0.0000094333355916 0.5778725358023187	Pd_T
0.1666685432842918 0.3333314566371720 0.7139609612469989	Pt_T
