2.9775 -5.15718 0
-5.955 0 0
0 0 -32.1555
1 0 0
0 1 0
0 0 1
0.1638661067981848 0.8319353041181572 0.7132353654483158	Ag_T
0.6643333884393960 0.3318512251636763 0.7122224653305574	Ag_T
0.6643328805198112 0.8324886419174742 0.7122223097395504	Ag_T
0.8336605117442450 0.6668304594942511 0.6380286065650378	Ag_T
0.3337639876954042 0.6644484790658338 0.6396469678868363	Ag_T
0.3337699768826233 0.1693180377563380 0.6396473937012473	Ag_T
0.5067072416164895 0.0033544570387627 0.5675686267261296	Ag_T
0.5029785338494970 0.5014900576455704 0.5630179115305327	Ag_T
0.0031784864007303 0.0032881096054651 0.5655614151932810	Ag_T
0.0031742782966030 0.4998868837651879 0.5655609917626774	Ag_T
0.6666699999476435 0.3333299999738202 0.9378000000000029	Ag_F
0.1666699999476435 0.3333299999738202 0.9378000000000029	Ag_F
0.1666699999476435 0.8333299999738202 0.9378000000000029	Ag_F
0.6666699999476435 0.8333299999738202 0.9378000000000029	Ag_F
0.3333300000523565 0.6666700000261798 0.8622000000000014	Ag_F
0.8333300000523565 0.6666700000261798 0.8622000000000014	Ag_F
0.8333300000523565 0.1666700000261798 0.8622000000000014	Ag_F
0.3333300000523565 0.1666700000261798 0.8622000000000014	Ag_F
0.5000000000000000 0.0000000000000000 0.7865899999999968	Ag_F
0.0000000000000000 0.0000000000000000 0.7865899999999968	Ag_F
0.5000000000000000 0.5000000000000000 0.7865899999999968	Ag_F
0.0000000000000000 0.5000000000000000 0.7865899999999968	Ag_F
0.1579332957530762 0.3289696712416564 0.7124136225290573	Pt_T
0.8438507906251802 0.1719239167909146 0.6399803276593683	Pt_T
