2.9775 -5.15718 0
-5.955 0 0
0 0 -32.1555
1 0 0
0 1 0
0 0 1
0.1666611358551045 0.3333122717887421 0.7105347250834555	Ag_T
0.1665697111050421 0.8332731037267634 0.7112950004929806	Ag_T
0.6667215594500198 0.3334331189785721 0.7112943353669684	Ag_T
0.6667133925431883 0.8332731037267634 0.7112950004929806	Ag_T
0.8343642780098859 0.1672034346881541 0.6356801592334632	Ag_T
0.8333434853698639 0.6666969706611954 0.6360322062335738	Ag_T
0.3328194879217224 0.6656489757649117 0.6356811360035700	Ag_T
0.3328291567568015 0.1672034346881541 0.6356801592334632	Ag_T
0.5006402091298369 0.5003270431421171 0.5601671865856761	Ag_T
-0.0003118494067063 -0.0006236988134125 0.5601663706910932	Ag_T
-0.0003131659877191 0.5003270431421171 0.5601671865856761	Ag_T
0.6666699999476435 0.3333299999738202 0.9378000000000029	Ag_F
0.1666699999476435 0.3333299999738202 0.9378000000000029	Ag_F
0.1666699999476435 0.8333299999738202 0.9378000000000029	Ag_F
0.6666699999476435 0.8333299999738202 0.9378000000000029	Ag_F
0.3333300000523565 0.6666700000261798 0.8622000000000014	Ag_F
0.8333300000523565 0.6666700000261798 0.8622000000000014	Ag_F
0.8333300000523565 0.1666700000261798 0.8622000000000014	Ag_F
0.3333300000523565 0.1666700000261798 0.8622000000000014	Ag_F
0.5000000000000000 0.0000000000000000 0.7865899999999968	Ag_F
0.0000000000000000 0.0000000000000000 0.7865899999999968	Ag_F
0.5000000000000000 0.5000000000000000 0.7865899999999968	Ag_F
0.0000000000000000 0.5000000000000000 0.7865899999999968	Ag_F
0.5000025483376963 0.0000050966753925 0.5660704570772181	Pt_T
