2.9775 -5.15718 0
-5.955 0 0
0 0 -32.1555
1 0 0
0 1 0
0 0 1
0.6665833494286960 0.3332911939621614 0.7143964868713294	Ag_T
0.0021467778755519 0.5010787645403915 0.5730879145336439	Ag_T
0.6666699999476435 0.3333299999738202 0.9378000000000029	Ag_F
0.1666699999476435 0.3333299999738202 0.9378000000000029	Ag_F
0.1666699999476435 0.8333299999738202 0.9378000000000029	Ag_F
0.6666699999476435 0.8333299999738202 0.9378000000000029	Ag_F
0.3333300000523565 0.6666700000261798 0.8622000000000014	Ag_F
0.8333300000523565 0.6666700000261798 0.8622000000000014	Ag_F
0.8333300000523565 0.1666700000261798 0.8622000000000014	Ag_F
0.3333300000523565 0.1666700000261798 0.8622000000000014	Ag_F
0.5000000000000000 0.0000000000000000 0.7865899999999968	Ag_F
0.0000000000000000 0.0000000000000000 0.7865899999999968	Ag_F
0.5000000000000000 0.5000000000000000 0.7865899999999968	Ag_F
0.0000000000000000 0.5000000000000000 0.7865899999999968	Ag_F
0.1655282385131343 0.3333203253205730 0.7141678369410127	Pd_T
0.1655217572174649 0.8321972084544685 0.7141694320548595	Pd_T
0.6652668831323669 0.8326322576755804 0.7154482441034877	Pd_T
0.8338113145666419 0.1629010439332378 0.6450330982375961	Pd_T
0.8338042594118314 0.6709135336906769 0.6450330243633704	Pd_T
0.3326690945977840 0.6663350960798462 0.6461255639985219	Pd_T
0.3313713928632655 0.1656848229681588 0.6453690544594219	Pd_T
0.4999651556618703 0.0022326897060544 0.5778986663022161	Pd_T
0.4999542446953442 0.4977318157343611 0.5778988859626611	Pd_T
0.0056889462490881 0.0028502132507886 0.5761334211997792	Pd_T
