2.9775 -5.15718 0
-5.955 0 0
0 0 -32.1555
1 0 0
0 1 0
0 0 1
0.1666024273189000 0.3333975726025636 0.7119197745614501	Ag_T
0.1666046130103908 0.8332152810863926 0.7119196192403752	Ag_T
0.6667847188350711 0.3333953869110729 0.7119196192403752	Ag_T
0.6666637249644607 0.8333362749570030 0.7118937296750065	Ag_T
0.4996343819939852 0.0003656180060148 0.5682512966931328	Ag_T
0.4996339642733446 0.4992663558282749 0.5682510999282386	Ag_T
0.0007336441717251 0.0003660357266555 0.5682510999282386	Ag_T
0.0000005997632095 0.4999994002367905 0.5686254012767187	Ag_T
0.6666699999476435 0.3333299999738202 0.9378000000000029	Ag_F
0.1666699999476435 0.3333299999738202 0.9378000000000029	Ag_F
0.1666699999476435 0.8333299999738202 0.9378000000000029	Ag_F
0.6666699999476435 0.8333299999738202 0.9378000000000029	Ag_F
0.3333300000523565 0.6666700000261798 0.8622000000000014	Ag_F
0.8333300000523565 0.6666700000261798 0.8622000000000014	Ag_F
0.8333300000523565 0.1666700000261798 0.8622000000000014	Ag_F
0.3333300000523565 0.1666700000261798 0.8622000000000014	Ag_F
0.5000000000000000 0.0000000000000000 0.7865899999999968	Ag_F
0.0000000000000000 0.0000000000000000 0.7865899999999968	Ag_F
0.5000000000000000 0.5000000000000000 0.7865899999999968	Ag_F
0.0000000000000000 0.5000000000000000 0.7865899999999968	Ag_F
0.3333347130360599 0.1666652870424763 0.6398590788562446	Pd_T
0.8331761990566985 0.1663500400075874 0.6399615720540287	Pt_T
0.8331749494762045 0.6668250506023318 0.6399609030660102	Pt_T
0.3336499600709487 0.6668238010218378 0.6399615720540287	Pt_T
