2.9775 -5.15718 0
-5.955 0 0
0 0 -32.1555
1 0 0
0 1 0
0 0 1
0.3328397278543566 0.6664236844804367 0.6449876253573550	Ag_T
0.3328397278543566 0.1664236844804369 0.6449876253573550	Ag_T
0.5023703447945045 0.0011891597572486 0.5711963319162190	Ag_T
0.5023703447945045 0.5011891597572486 0.5711963319162189	Ag_T
-0.0011652578135419 -0.0005842993935096 0.5723749870922841	Ag_T
-0.0011652578135419 0.4994157006064905 0.5723749870922841	Ag_T
0.6666699999476435 0.3333299999738202 0.9378000000000029	Ag_F
0.1666699999476435 0.3333299999738202 0.9378000000000029	Ag_F
0.1666699999476435 0.8333299999738202 0.9378000000000029	Ag_F
0.6666699999476435 0.8333299999738202 0.9378000000000029	Ag_F
0.3333300000523565 0.6666700000261798 0.8622000000000014	Ag_F
0.8333300000523565 0.6666700000261798 0.8622000000000014	Ag_F
0.8333300000523565 0.1666700000261798 0.8622000000000014	Ag_F
0.3333300000523565 0.1666700000261798 0.8622000000000014	Ag_F
0.5000000000000000 0.0000000000000000 0.7865899999999968	Ag_F
0.0000000000000000 0.0000000000000000 0.7865899999999968	Ag_F
0.5000000000000000 0.5000000000000000 0.7865899999999968	Ag_F
0.0000000000000000 0.5000000000000000 0.7865899999999968	Ag_F
0.1628242302810823 0.3314147728736562 0.7155418918935197	Pd_T
0.1628242302810823 0.8314147728736562 0.7155418918935197	Pd_T
0.6711399161372253 0.3355689855043839 0.7147512504267152	Pd_T
0.6711399161372253 0.8355689855043840 0.7147512504267152	Pd_T
0.8321485270413714 0.1660753147280603 0.6440087102453639	Pd_T
0.8321485270413714 0.6660753147280603 0.6440087102453639	Pd_T
