2.9775 -5.15718 0
-5.955 0 0
0 0 -32.1555
1 0 0
0 1 0
0 0 1
0.6669120410670818 0.8330879588543819 0.7137610159612212	Ag_T
0.8360150552576192 0.1696120813579581 0.6415339679833199	Ag_T
0.8352875610845005 0.6647124389940358 0.6410037125114956	Ag_T
0.3303879187205782 0.6639849448209171 0.6415339679833199	Ag_T
0.3332830454791574 0.1667169545993788 0.6427610817949342	Ag_T
0.4997724379088190 0.0002275620911809 0.5674957561190453	Ag_T
0.4996004531397518 0.4994916483938159 0.5667823527209124	Ag_T
0.0005083516061841 0.0003995468602482 0.5667823527209124	Ag_T
0.0000913166244540 0.4999086833755460 0.5653142747899242	Ag_T
0.6666699999476435 0.3333299999738202 0.9378000000000029	Ag_F
0.1666699999476435 0.3333299999738202 0.9378000000000029	Ag_F
0.1666699999476435 0.8333299999738202 0.9378000000000029	Ag_F
0.6666699999476435 0.8333299999738202 0.9378000000000029	Ag_F
0.3333300000523565 0.6666700000261798 0.8622000000000014	Ag_F
0.8333300000523565 0.6666700000261798 0.8622000000000014	Ag_F
0.8333300000523565 0.1666700000261798 0.8622000000000014	Ag_F
0.3333300000523565 0.1666700000261798 0.8622000000000014	Ag_F
0.5000000000000000 0.0000000000000000 0.7865899999999968	Ag_F
0.0000000000000000 0.0000000000000000 0.7865899999999968	Ag_F
0.5000000000000000 0.5000000000000000 0.7865899999999968	Ag_F
0.0000000000000000 0.5000000000000000 0.7865899999999968	Ag_F
0.1658952941662598 0.8321491988504520 0.7141190463002465	Pd_T
0.6678508010710117 0.3341047057552039 0.7141190463002465	Pd_T
0.1661492084738223 0.3338507914476415 0.7142674952507116	Pt_T
