2.9775 -5.15718 0
-5.955 0 0
0 0 -32.1555
1 0 0
0 1 0
0 0 1
0.6693943850841463 0.3327193550290100 0.7128950277288018	Ag_T
0.6693944027549062 0.8366797945721047 0.7128952295077653	Ag_T
0.8349560224518767 0.6674808245222785 0.6404044409691971	Ag_T
0.3276041394316592 0.6633517835484311 0.6415841790662113	Ag_T
0.3276032195468998 0.1642512245729571 0.6415840981631948	Ag_T
0.4982110851148326 -0.0008939301666621 0.5677931561097372	Ag_T
0.4975338390770843 0.4987667576057851 0.5667094009404848	Ag_T
-0.0024503368046101 -0.0001573027714264 0.5666240333345355	Ag_T
-0.0024494728365555 0.4977107807604722 0.5666239467590791	Ag_T
0.6666699999476435 0.3333299999738202 0.9378000000000029	Ag_F
0.1666699999476435 0.3333299999738202 0.9378000000000029	Ag_F
0.1666699999476435 0.8333299999738202 0.9378000000000029	Ag_F
0.6666699999476435 0.8333299999738202 0.9378000000000029	Ag_F
0.3333300000523565 0.6666700000261798 0.8622000000000014	Ag_F
0.8333300000523565 0.6666700000261798 0.8622000000000014	Ag_F
0.8333300000523565 0.1666700000261798 0.8622000000000014	Ag_F
0.3333300000523565 0.1666700000261798 0.8622000000000014	Ag_F
0.5000000000000000 0.0000000000000000 0.7865899999999968	Ag_F
0.0000000000000000 0.0000000000000000 0.7865899999999968	Ag_F
0.5000000000000000 0.5000000000000000 0.7865899999999968	Ag_F
0.0000000000000000 0.5000000000000000 0.7865899999999968	Ag_F
0.1647397042610097 0.3323748640316934 0.7136942363405889	Pd_T
0.1665488651993596 0.8332804422730304 0.7142816501491980	Pd_T
0.8336661993678718 0.1668355277279853 0.6395449550192649	Pd_T
