2.9775 -5.15718 0
-5.955 0 0
0 0 -32.1555
1 0 0
0 1 0
0 0 1
0.6666699999476435 0.3333299999738202 0.9378000000000029	Ag_F
0.1666699999476435 0.3333299999738202 0.9378000000000029	Ag_F
0.1666699999476435 0.8333299999738202 0.9378000000000029	Ag_F
0.6666699999476435 0.8333299999738202 0.9378000000000029	Ag_F
0.3333300000523565 0.6666700000261798 0.8622000000000014	Ag_F
0.8333300000523565 0.6666700000261798 0.8622000000000014	Ag_F
0.8333300000523565 0.1666700000261798 0.8622000000000014	Ag_F
0.3333300000523565 0.1666700000261798 0.8622000000000014	Ag_F
0.5000000000000000 0.0000000000000000 0.7865899999999968	Ag_F
0.0000000000000000 0.0000000000000000 0.7865899999999968	Ag_F
0.5000000000000000 0.5000000000000000 0.7865899999999968	Ag_F
0.0000000000000000 0.5000000000000000 0.7865899999999968	Ag_F
0.6674306411850465 0.3329298933386829 0.7157089187014904	Pd_T
0.6674313162389649 0.8344978054780889 0.7157092652604723	Pd_T
0.8324920460495115 0.6662427195373303 0.6470650610010592	Pd_T
0.4964518233675617 0.4982272046158690 0.5794607861625034	Pd_T
0.0014055305602080 0.0016274690905710 0.5782290402119751	Pd_T
0.0014013476023070 0.4997806653310970 0.5782286656204382	Pd_T
0.1653816311379767 0.3326905984549078 0.7132418344757491	Pt_T
0.1682299531961773 0.8341128201781414 0.7144204097785508	Pt_T
0.8366807984918398 0.1683393616050965 0.6469003480431549	Pt_T
0.3303101348326166 0.6614774385091766 0.6479058985021350	Pt_T
0.3303101194250803 0.1688303027025237 0.6479059261592864	Pt_T
0.4971044311710648 -0.0014480091377468 0.5840533754070570	Pt_T
