2.9775 -5.15718 0
-5.955 0 0
0 0 -32.1555
1 0 0
0 1 0
0 0 1
0.8207386101482502 0.1603735812422566 0.6444322875170748	Ag_T
0.8207386101482502 0.6603735812422568 0.6444322875170748	Ag_T
-0.0289415793380181 -0.0144664291964893 0.5712274832616756	Ag_T
-0.0289415793380181 0.4855335708035107 0.5712274832616756	Ag_T
0.6666699999476435 0.3333299999738202 0.9378000000000029	Ag_F
0.1666699999476435 0.3333299999738202 0.9378000000000029	Ag_F
0.1666699999476435 0.8333299999738202 0.9378000000000029	Ag_F
0.6666699999476435 0.8333299999738202 0.9378000000000029	Ag_F
0.3333300000523565 0.6666700000261798 0.8622000000000014	Ag_F
0.8333300000523565 0.6666700000261798 0.8622000000000014	Ag_F
0.8333300000523565 0.1666700000261798 0.8622000000000014	Ag_F
0.3333300000523565 0.1666700000261798 0.8622000000000014	Ag_F
0.5000000000000000 0.0000000000000000 0.7865899999999968	Ag_F
0.0000000000000000 0.0000000000000000 0.7865899999999968	Ag_F
0.5000000000000000 0.5000000000000000 0.7865899999999968	Ag_F
0.0000000000000000 0.5000000000000000 0.7865899999999968	Ag_F
0.6653719803308940 0.3326886643491352 0.7159777110329771	Pd_T
0.6653719803308940 0.8326886643491356 0.7159777110329771	Pd_T
0.4595432100907073 -0.0202268135174317 0.5781321567126693	Pd_T
0.4595432100907073 0.4797731864825683 0.5781321567126693	Pd_T
0.1695251989034575 0.3347639009813703 0.7141228262682217	Pt_T
0.1695251989034575 0.8347639009813707 0.7141228262682217	Pt_T
0.3192422722253003 0.6596227374204001 0.6466281719574319	Pt_T
0.3192422722253003 0.1596227374204001 0.6466281719574319	Pt_T
