2.9775 -5.15718 0
-5.955 0 0
0 0 -32.1555
1 0 0
0 1 0
0 0 1
0.4999988133645197 0.0000011866354802 0.5740875015752793	Ag_T
0.4999988133645197 0.5000011866354801 0.5740875015752793	Ag_T
-0.0000011866354802 0.0000011866354802 0.5740875015752793	Ag_T
-0.0000011866354802 0.5000011866354801 0.5740875015752793	Ag_T
0.6666699999476435 0.3333299999738202 0.9378000000000029	Ag_F
0.1666699999476435 0.3333299999738202 0.9378000000000029	Ag_F
0.1666699999476435 0.8333299999738202 0.9378000000000029	Ag_F
0.6666699999476435 0.8333299999738202 0.9378000000000029	Ag_F
0.3333300000523565 0.6666700000261798 0.8622000000000014	Ag_F
0.8333300000523565 0.6666700000261798 0.8622000000000014	Ag_F
0.8333300000523565 0.1666700000261798 0.8622000000000014	Ag_F
0.3333300000523565 0.1666700000261798 0.8622000000000014	Ag_F
0.5000000000000000 0.0000000000000000 0.7865899999999968	Ag_F
0.0000000000000000 0.0000000000000000 0.7865899999999968	Ag_F
0.5000000000000000 0.5000000000000000 0.7865899999999968	Ag_F
0.0000000000000000 0.5000000000000000 0.7865899999999968	Ag_F
0.8333359000439535 0.1666641000345829 0.6450082182665018	Pd_T
0.8333359000439535 0.6666641000345828 0.6450082182665018	Pd_T
0.3333359000439534 0.6666641000345828 0.6450082182665018	Pd_T
0.3333359000439534 0.1666641000345829 0.6450082182665018	Pd_T
0.1666664798858662 0.3333335200355975 0.7144877059962632	Pt_T
0.1666664798858662 0.8333335200355978 0.7144877059962632	Pt_T
0.6666664798858659 0.3333335200355975 0.7144877059962632	Pt_T
0.6666664798858659 0.8333335200355978 0.7144877059962632	Pt_T
