2.9775 -5.15718 0
-5.955 0 0
0 0 -32.1555
1 0 0
0 1 0
0 0 1
0.1714131616701997 0.8364874089904247 0.7147046293173650	Ag_T
0.3320767437924946 0.6644114182389016 0.6435676025639754	Ag_T
0.3300568743210902 0.1661461057939527 0.6436605928767944	Ag_T
0.6666699999476435 0.3333299999738202 0.9378000000000029	Ag_F
0.1666699999476435 0.3333299999738202 0.9378000000000029	Ag_F
0.1666699999476435 0.8333299999738202 0.9378000000000029	Ag_F
0.6666699999476435 0.8333299999738202 0.9378000000000029	Ag_F
0.3333300000523565 0.6666700000261798 0.8622000000000014	Ag_F
0.8333300000523565 0.6666700000261798 0.8622000000000014	Ag_F
0.8333300000523565 0.1666700000261798 0.8622000000000014	Ag_F
0.3333300000523565 0.1666700000261798 0.8622000000000014	Ag_F
0.5000000000000000 0.0000000000000000 0.7865899999999968	Ag_F
0.0000000000000000 0.0000000000000000 0.7865899999999968	Ag_F
0.5000000000000000 0.5000000000000000 0.7865899999999968	Ag_F
0.0000000000000000 0.5000000000000000 0.7865899999999968	Ag_F
0.6712354404316997 0.8329943083327682 0.7140878927113165	Pd_T
0.5060739366858513 0.0034761316895078 0.5747058093490406	Pd_T
0.4981947026122480 0.4986925199876885 0.5734817050501648	Pd_T
-0.0214478168465662 -0.0093188075236265 0.5772396838040530	Pd_T
-0.0180487439955921 0.4903089935281293 0.5767120620719514	Pd_T
0.1610858734293130 0.3301135437176060 0.7151160535979758	Pt_T
0.6750789944466811 0.3383052364875281 0.7132624134045746	Pt_T
0.8297597732992052 0.1646706966498837 0.6464037730348970	Pt_T
0.8247302219636271 0.6617269868222899 0.6447067068522959	Pt_T
