2.9775 -5.15718 0
-5.955 0 0
0 0 -32.1555
1 0 0
0 1 0
0 0 1
0.8354505799315058 0.1677317788230361 0.6449247636137573	Ag_T
0.8354505799315058 0.6677317788230360 0.6449247636137573	Ag_T
-0.0023153663486730 -0.0011560395836005 0.5714186865154581	Ag_T
-0.0023153663486730 0.4988439604163992 0.5714186865154581	Ag_T
0.6666699999476435 0.3333299999738202 0.9378000000000029	Ag_F
0.1666699999476435 0.3333299999738202 0.9378000000000029	Ag_F
0.1666699999476435 0.8333299999738202 0.9378000000000029	Ag_F
0.6666699999476435 0.8333299999738202 0.9378000000000029	Ag_F
0.3333300000523565 0.6666700000261798 0.8622000000000014	Ag_F
0.8333300000523565 0.6666700000261798 0.8622000000000014	Ag_F
0.8333300000523565 0.1666700000261798 0.8622000000000014	Ag_F
0.3333300000523565 0.1666700000261798 0.8622000000000014	Ag_F
0.5000000000000000 0.0000000000000000 0.7865899999999968	Ag_F
0.0000000000000000 0.0000000000000000 0.7865899999999968	Ag_F
0.5000000000000000 0.5000000000000000 0.7865899999999968	Ag_F
0.0000000000000000 0.5000000000000000 0.7865899999999968	Ag_F
0.1723603096036030 0.3361832312030780 0.7148226812170460	Pd_T
0.1723603096036030 0.8361832312030779 0.7148226812170460	Pd_T
0.6657141543261934 0.3328584866694713 0.7157497348739977	Pd_T
0.6657141543261934 0.8328584866694715 0.7157497348739977	Pd_T
0.3342922344580822 0.6671473771281077 0.6452225767372015	Pd_T
0.3342922344580822 0.1671473771281076 0.6452225767372015	Pd_T
0.4915557566509917 -0.0042214735206121 0.5763544712287286	Pd_T
0.4915557566509917 0.4957785264793880 0.5763544712287286	Pd_T
