2.9775 -5.15718 0
-5.955 0 0
0 0 -32.1555
1 0 0
0 1 0
0 0 1
0.6666699999476435 0.3333299999738202 0.9378000000000029	Ag_F
0.1666699999476435 0.3333299999738202 0.9378000000000029	Ag_F
0.1666699999476435 0.8333299999738202 0.9378000000000029	Ag_F
0.6666699999476435 0.8333299999738202 0.9378000000000029	Ag_F
0.3333300000523565 0.6666700000261798 0.8622000000000014	Ag_F
0.8333300000523565 0.6666700000261798 0.8622000000000014	Ag_F
0.8333300000523565 0.1666700000261798 0.8622000000000014	Ag_F
0.3333300000523565 0.1666700000261798 0.8622000000000014	Ag_F
0.5000000000000000 0.0000000000000000 0.7865899999999968	Ag_F
0.0000000000000000 0.0000000000000000 0.7865899999999968	Ag_F
0.5000000000000000 0.5000000000000000 0.7865899999999968	Ag_F
0.0000000000000000 0.5000000000000000 0.7865899999999968	Ag_F
0.6664901449158247 0.3324083910254763 0.7158791910256178	Pd_T
0.6664861103778060 0.8340786182214192 0.7158800988818493	Pd_T
0.8350683478907339 0.6675381756440159 0.6470559581780670	Pd_T
0.0008651605690539 0.0025055092221968 0.5774865160887205	Pd_T
0.0008583933096485 0.4983581757265939 0.5774863205905150	Pd_T
0.1653549377470097 0.3326766722446938 0.7135190565009663	Pt_T
0.1667450510405609 0.8333736822614480 0.7137136245712385	Pt_T
0.8371823567342028 0.1685885729049256 0.6472879507130531	Pt_T
0.3295860541314818 0.6646131528012090 0.6479002055822224	Pt_T
0.3295896494741642 0.1649755299982051 0.6478998322218250	Pt_T
0.5031456346456937 0.0015723939714496 0.5829616125098680	Pt_T
0.4954041525522702 0.4977051630905587 0.5823033551613486	Pt_T
