2.9775 -5.15718 0
-5.955 0 0
0 0 -32.1555
1 0 0
0 1 0
0 0 1
0.1639134555775933 0.3319597413260902 0.7117258455564645	Ag_T
0.1645994580984798 0.8323034793927134 0.7121221762938028	Ag_T
0.6690827621139299 0.3340467452396641 0.7109454560723472	Ag_T
0.6690840436609097 0.8350449267742799 0.7109454683313916	Ag_T
0.3338841547681118 0.6668330577099503 0.6382235626074420	Ag_T
0.3338863230023637 0.1670624294356578 0.6382234854738613	Ag_T
0.5016250573975367 0.0008156051265111 0.5649664109983166	Ag_T
0.5015830012999434 0.5007948838178310 0.5640920464993873	Ag_T
-0.0020331281202250 -0.0012263565803617 0.5662733012605468	Ag_T
-0.0020331633625511 0.4991938316456501 0.5662731269372321	Ag_T
0.6666699999476435 0.3333299999738202 0.9378000000000029	Ag_F
0.1666699999476435 0.3333299999738202 0.9378000000000029	Ag_F
0.1666699999476435 0.8333299999738202 0.9378000000000029	Ag_F
0.6666699999476435 0.8333299999738202 0.9378000000000029	Ag_F
0.3333300000523565 0.6666700000261798 0.8622000000000014	Ag_F
0.8333300000523565 0.6666700000261798 0.8622000000000014	Ag_F
0.8333300000523565 0.1666700000261798 0.8622000000000014	Ag_F
0.3333300000523565 0.1666700000261798 0.8622000000000014	Ag_F
0.5000000000000000 0.0000000000000000 0.7865899999999968	Ag_F
0.0000000000000000 0.0000000000000000 0.7865899999999968	Ag_F
0.5000000000000000 0.5000000000000000 0.7865899999999968	Ag_F
0.0000000000000000 0.5000000000000000 0.7865899999999968	Ag_F
0.8328431856273326 0.6664263897222507 0.6382371302663767	Pd_T
0.8335231338848774 0.1667656561212314 0.6382481966815846	Pt_T
