2.9775 -5.15718 0
-5.955 0 0
0 0 -32.1555
1 0 0
0 1 0
0 0 1
0.0154601347821642 0.5077301093734303 0.5710118727072931	Ag_T
0.6666699999476435 0.3333299999738202 0.9378000000000029	Ag_F
0.1666699999476435 0.3333299999738202 0.9378000000000029	Ag_F
0.1666699999476435 0.8333299999738202 0.9378000000000029	Ag_F
0.6666699999476435 0.8333299999738202 0.9378000000000029	Ag_F
0.3333300000523565 0.6666700000261798 0.8622000000000014	Ag_F
0.8333300000523565 0.6666700000261798 0.8622000000000014	Ag_F
0.8333300000523565 0.1666700000261798 0.8622000000000014	Ag_F
0.3333300000523565 0.1666700000261798 0.8622000000000014	Ag_F
0.5000000000000000 0.0000000000000000 0.7865899999999968	Ag_F
0.0000000000000000 0.0000000000000000 0.7865899999999968	Ag_F
0.5000000000000000 0.5000000000000000 0.7865899999999968	Ag_F
0.0000000000000000 0.5000000000000000 0.7865899999999968	Ag_F
0.6634030916465188 0.8317012245748534 0.7166927717979031	Pd_T
0.3321570837107377 0.6660781052713218 0.6463612772513692	Pd_T
0.1637818380358830 0.3321724656599281 0.7140910244827683	Pt_T
0.1637801422164955 0.8316089369063869 0.7140909195982638	Pt_T
0.6651058181935069 0.3325523946653293 0.7139815406339248	Pt_T
0.8355490466972789 0.1710305786088138 0.6472579214390694	Pt_T
0.8355497222568762 0.6645194378973329 0.6472577150136811	Pt_T
0.3333690235798169 0.1666839648682118 0.6480025960102102	Pt_T
0.5101433346025787 0.0151501243867357 0.5808613303303578	Pt_T
0.5101425383002848 0.4949904150017866 0.5808612817616579	Pt_T
0.0061106717032223 0.0030542090407162 0.5813753070858229	Pt_T
