2.9775 -5.15718 0
-5.955 0 0
0 0 -32.1555
1 0 0
0 1 0
0 0 1
0.6666699999476435 0.3333299999738202 0.9378000000000029	Ag_F
0.1666699999476435 0.3333299999738202 0.9378000000000029	Ag_F
0.1666699999476435 0.8333299999738202 0.9378000000000029	Ag_F
0.6666699999476435 0.8333299999738202 0.9378000000000029	Ag_F
0.3333300000523565 0.6666700000261798 0.8622000000000014	Ag_F
0.8333300000523565 0.6666700000261798 0.8622000000000014	Ag_F
0.8333300000523565 0.1666700000261798 0.8622000000000014	Ag_F
0.3333300000523565 0.1666700000261798 0.8622000000000014	Ag_F
0.5000000000000000 0.0000000000000000 0.7865899999999968	Ag_F
0.0000000000000000 0.0000000000000000 0.7865899999999968	Ag_F
0.5000000000000000 0.5000000000000000 0.7865899999999968	Ag_F
0.0000000000000000 0.5000000000000000 0.7865899999999968	Ag_F
0.3301262335189145 0.6650652545717367 0.6470228248078184	Pd_T
-0.0001406769991972 0.4999300634817956 0.5771310393291911	Pd_T
0.1663651384800530 0.3328780054900632 0.7141649021759650	Pt_T
0.1663632346302190 0.8334879438724738 0.7141646967872265	Pt_T
0.6643541138333388 0.3321768992078513 0.7141385646544238	Pt_T
0.6659382067318236 0.8329694156451727 0.7152372535934562	Pt_T
0.8342786313273464 0.1704457608569863 0.6478046954783357	Pt_T
0.8342766087981893 0.6638298855880129 0.6478043624339946	Pt_T
0.3320301339541455 0.1660152426734506 0.6469508513958204	Pt_T
0.5077266767129809 0.0055922322048488 0.5810673570878745	Pt_T
0.5077248586130395 0.5021345914830699 0.5810674819973093	Pt_T
-0.0066477255374513 -0.0033246531904163 0.5815163882668883	Pt_T
