2.9775 -5.15718 0
-5.955 0 0
0 0 -32.1555
1 0 0
0 1 0
0 0 1
0.1654422450840994 0.8327191421528529 0.7126696034011943	Ag_T
0.6709287915017819 0.3354869167733857 0.7118253781394849	Ag_T
0.6709269906792673 0.8354421818623270 0.7118252630333858	Ag_T
0.3295584167387351 0.6617710280636784 0.6403349429005154	Ag_T
0.3295616918128627 0.1677831537110016 0.6403350156687769	Ag_T
0.4997842278539966 -0.0001086807319643 0.5673802390216727	Ag_T
0.5001017797219015 0.5000507498507126 0.5661789010948072	Ag_T
-0.0026187609570912 -0.0009298877093840 0.5674374974525909	Ag_T
-0.0026235004196027 0.4983064228164170 0.5674369939826569	Ag_T
0.6666699999476435 0.3333299999738202 0.9378000000000029	Ag_F
0.1666699999476435 0.3333299999738202 0.9378000000000029	Ag_F
0.1666699999476435 0.8333299999738202 0.9378000000000029	Ag_F
0.6666699999476435 0.8333299999738202 0.9378000000000029	Ag_F
0.3333300000523565 0.6666700000261798 0.8622000000000014	Ag_F
0.8333300000523565 0.6666700000261798 0.8622000000000014	Ag_F
0.8333300000523565 0.1666700000261798 0.8622000000000014	Ag_F
0.3333300000523565 0.1666700000261798 0.8622000000000014	Ag_F
0.5000000000000000 0.0000000000000000 0.7865899999999968	Ag_F
0.0000000000000000 0.0000000000000000 0.7865899999999968	Ag_F
0.5000000000000000 0.5000000000000000 0.7865899999999968	Ag_F
0.0000000000000000 0.5000000000000000 0.7865899999999968	Ag_F
0.1660839565608768 0.3330395439498502 0.7137743020024663	Pd_T
0.8342924715804929 0.1671467854523953 0.6397484065373612	Pd_T
0.8317932677141531 0.6658954200082635 0.6389567754855396	Pd_T
