2.9775 -5.15718 0
-5.955 0 0
0 0 -32.1555
1 0 0
0 1 0
0 0 1
0.1664004085427184 0.8328051487176237 0.7141349777150136	Ag_T
0.8297291054047935 0.6654078818415160 0.6420565059847224	Ag_T
0.3356717783892176 0.6654133240207879 0.6420563185754139	Ag_T
0.3354514615602673 0.1709026554089861 0.6423918411048856	Ag_T
0.5028789545032621 0.0025813791073918 0.5697726489487728	Ag_T
0.5005801116539591 0.5011682862595570 0.5667216769148431	Ag_T
-0.0002993604479044 0.0025774779249424 0.5697732983262084	Ag_T
-0.0003525243212434 0.4993035084324253 0.5692870603802194	Ag_T
0.6666699999476435 0.3333299999738202 0.9378000000000029	Ag_F
0.1666699999476435 0.3333299999738202 0.9378000000000029	Ag_F
0.1666699999476435 0.8333299999738202 0.9378000000000029	Ag_F
0.6666699999476435 0.8333299999738202 0.9378000000000029	Ag_F
0.3333300000523565 0.6666700000261798 0.8622000000000014	Ag_F
0.8333300000523565 0.6666700000261798 0.8622000000000014	Ag_F
0.8333300000523565 0.1666700000261798 0.8622000000000014	Ag_F
0.3333300000523565 0.1666700000261798 0.8622000000000014	Ag_F
0.5000000000000000 0.0000000000000000 0.7865899999999968	Ag_F
0.0000000000000000 0.0000000000000000 0.7865899999999968	Ag_F
0.5000000000000000 0.5000000000000000 0.7865899999999968	Ag_F
0.0000000000000000 0.5000000000000000 0.7865899999999968	Ag_F
0.6668966753917570 0.8337976526065198 0.7143860229380915	Pd_T
0.8348145555665371 0.1696265162279626 0.6431512732145721	Pd_T
0.1615299829796909 0.3304650823090818 0.7142589305980120	Pt_T
0.6689326287624298 0.3304649962840580 0.7142588851623477	Pt_T
