2.9775 -5.15718 0
-5.955 0 0
0 0 -32.1555
1 0 0
0 1 0
0 0 1
0.8338678796300724 0.6681009938564418 0.6434898201047812	Ag_T
0.3342262309229045 0.6681024326288946 0.6434901297024392	Ag_T
0.3342024283023080 0.1684086211249195 0.6436780935251244	Ag_T
0.5022842996864824 0.0017402234321409 0.5706298104849660	Ag_T
0.5003186569234291 0.5006466193991330 0.5694588306711823	Ag_T
-0.0005481741377153 0.0017386509471665 0.5706296848689048	Ag_T
-0.0002278006256255 0.4995517992595196 0.5701722130403561	Ag_T
0.6666699999476435 0.3333299999738202 0.9378000000000029	Ag_F
0.1666699999476435 0.3333299999738202 0.9378000000000029	Ag_F
0.1666699999476435 0.8333299999738202 0.9378000000000029	Ag_F
0.6666699999476435 0.8333299999738202 0.9378000000000029	Ag_F
0.3333300000523565 0.6666700000261798 0.8622000000000014	Ag_F
0.8333300000523565 0.6666700000261798 0.8622000000000014	Ag_F
0.8333300000523565 0.1666700000261798 0.8622000000000014	Ag_F
0.3333300000523565 0.1666700000261798 0.8622000000000014	Ag_F
0.5000000000000000 0.0000000000000000 0.7865899999999968	Ag_F
0.0000000000000000 0.0000000000000000 0.7865899999999968	Ag_F
0.5000000000000000 0.5000000000000000 0.7865899999999968	Ag_F
0.0000000000000000 0.5000000000000000 0.7865899999999968	Ag_F
0.6672537575770682 0.8345145594643041 0.7147081763017747	Pd_T
0.8351153632161116 0.1702347985757647 0.6427037973503960	Pd_T
0.1600768580563086 0.3297231942884158 0.7146576677589264	Pt_T
0.1666104311148211 0.8332248538219237 0.7152899184789391	Pt_T
0.6696463136633163 0.3297247902435020 0.7146576656790088	Pt_T
