2.9775 -5.15718 0
-5.955 0 0
0 0 -32.1555
1 0 0
0 1 0
0 0 1
0.6666699999476435 0.3333299999738202 0.9378000000000029	Ag_F
0.1666699999476435 0.3333299999738202 0.9378000000000029	Ag_F
0.1666699999476435 0.8333299999738202 0.9378000000000029	Ag_F
0.6666699999476435 0.8333299999738202 0.9378000000000029	Ag_F
0.3333300000523565 0.6666700000261798 0.8622000000000014	Ag_F
0.8333300000523565 0.6666700000261798 0.8622000000000014	Ag_F
0.8333300000523565 0.1666700000261798 0.8622000000000014	Ag_F
0.3333300000523565 0.1666700000261798 0.8622000000000014	Ag_F
0.5000000000000000 0.0000000000000000 0.7865899999999968	Ag_F
0.0000000000000000 0.0000000000000000 0.7865899999999968	Ag_F
0.5000000000000000 0.5000000000000000 0.7865899999999968	Ag_F
0.0000000000000000 0.5000000000000000 0.7865899999999968	Ag_F
0.6647484108749031 0.3323734040293900 0.7155208872542496	Pd_T
0.0032017898110788 0.5016044171165559 0.5775338219002594	Pd_T
0.1657041833623227 0.3313378245827027 0.7139743630275569	Pt_T
0.1657054570858458 0.8343652502656680 0.7139743812802420	Pt_T
0.6662327831687032 0.8331153128714572 0.7149945438515237	Pt_T
0.8351134002772272 0.1718735802164488 0.6477019023999639	Pt_T
0.8351136464556659 0.6632409754924409 0.6477020080554732	Pt_T
0.3288214511177613 0.6644108151259163 0.6483167585227441	Pt_T
0.3357926634307518 0.1678952229617742 0.6466886127099835	Pt_T
0.5051585330816603 -0.0031887381504867 0.5815816367423728	Pt_T
0.5051558045731604 0.5083456282474120 0.5815812957906353	Pt_T
-0.0033186443337210 -0.0016562918685993 0.5808140277247363	Pt_T
