2.9775 -5.15718 0
-5.955 0 0
0 0 -32.1555
1 0 0
0 1 0
0 0 1
0.1649583635290500 0.3324793653344902 0.7116791636352736	Ag_T
0.1649583635290500 0.8324793653344902 0.7116791636352736	Ag_T
0.6692873528918317 0.3346426551117262 0.7108787799930339	Ag_T
0.6692873528918317 0.8346426551117259 0.7108787799930339	Ag_T
0.3330723105027705 0.6665321980562912 0.6380046207548880	Ag_T
0.3330723105027705 0.1665321980562910 0.6380046207548880	Ag_T
0.5010825289642866 0.0005560388485593 0.5644725611305195	Ag_T
0.5010825289642866 0.5005560388485593 0.5644725611305195	Ag_T
-0.0028936814394411 -0.0014551788561429 0.5658260073044342	Ag_T
-0.0028936814394411 0.4985448211438571 0.5658260073044342	Ag_T
0.6666699999476435 0.3333299999738202 0.9378000000000029	Ag_F
0.1666699999476435 0.3333299999738202 0.9378000000000029	Ag_F
0.1666699999476435 0.8333299999738202 0.9378000000000029	Ag_F
0.6666699999476435 0.8333299999738202 0.9378000000000029	Ag_F
0.3333300000523565 0.6666700000261798 0.8622000000000014	Ag_F
0.8333300000523565 0.6666700000261798 0.8622000000000014	Ag_F
0.8333300000523565 0.1666700000261798 0.8622000000000014	Ag_F
0.3333300000523565 0.1666700000261798 0.8622000000000014	Ag_F
0.5000000000000000 0.0000000000000000 0.7865899999999968	Ag_F
0.0000000000000000 0.0000000000000000 0.7865899999999968	Ag_F
0.5000000000000000 0.5000000000000000 0.7865899999999968	Ag_F
0.0000000000000000 0.5000000000000000 0.7865899999999968	Ag_F
0.8326139434011570 0.1663001202630502 0.6380397386297699	Pd_T
0.8326139434011570 0.6663001202630502 0.6380397386297699	Pd_T
