2.9775 -5.15718 0
-5.955 0 0
0 0 -32.1555
1 0 0
0 1 0
0 0 1
0.3320056569476847 0.1640094234499723 0.6454105285601177	Ag_T
0.0050386866664284 0.5100673474296277 0.5743303393351117	Ag_T
0.6666699999476435 0.3333299999738202 0.9378000000000029	Ag_F
0.1666699999476435 0.3333299999738202 0.9378000000000029	Ag_F
0.1666699999476435 0.8333299999738202 0.9378000000000029	Ag_F
0.6666699999476435 0.8333299999738202 0.9378000000000029	Ag_F
0.3333300000523565 0.6666700000261798 0.8622000000000014	Ag_F
0.8333300000523565 0.6666700000261798 0.8622000000000014	Ag_F
0.8333300000523565 0.1666700000261798 0.8622000000000014	Ag_F
0.3333300000523565 0.1666700000261798 0.8622000000000014	Ag_F
0.5000000000000000 0.0000000000000000 0.7865899999999968	Ag_F
0.0000000000000000 0.0000000000000000 0.7865899999999968	Ag_F
0.5000000000000000 0.5000000000000000 0.7865899999999968	Ag_F
0.0000000000000000 0.5000000000000000 0.7865899999999968	Ag_F
0.1624629644643877 0.3304917788497504 0.7150574909334598	Pd_T
0.1636948545968377 0.8273847430256857 0.7154507504158918	Pd_T
0.6680334836198422 0.3304935928877558 0.7150576383783394	Pd_T
0.8301937882045650 0.6632621079939286 0.6462792789683219	Pd_T
0.3330786916225934 0.6632741968329234 0.6462784123994105	Pd_T
0.5140257163634496 0.0088484233754322 0.5771668583120669	Pd_T
0.5050387514291950 0.5100721343765323 0.5764197476013005	Pd_T
-0.0051917577145925 0.0088352794182762 0.5771683343763435	Pd_T
0.6653595975448421 0.8307158055650244 0.7148880012018218	Pt_T
0.8292556601084350 0.1585139448552482 0.6470257366299399	Pt_T
