2.9775 -5.15718 0
-5.955 0 0
0 0 -32.1555
1 0 0
0 1 0
0 0 1
-0.0000038748563166 0.5000038748563166 0.5739216026438422	Ag_T
0.6666699999476435 0.3333299999738202 0.9378000000000029	Ag_F
0.1666699999476435 0.3333299999738202 0.9378000000000029	Ag_F
0.1666699999476435 0.8333299999738202 0.9378000000000029	Ag_F
0.6666699999476435 0.8333299999738202 0.9378000000000029	Ag_F
0.3333300000523565 0.6666700000261798 0.8622000000000014	Ag_F
0.8333300000523565 0.6666700000261798 0.8622000000000014	Ag_F
0.8333300000523565 0.1666700000261798 0.8622000000000014	Ag_F
0.3333300000523565 0.1666700000261798 0.8622000000000014	Ag_F
0.5000000000000000 0.0000000000000000 0.7865899999999968	Ag_F
0.0000000000000000 0.0000000000000000 0.7865899999999968	Ag_F
0.5000000000000000 0.5000000000000000 0.7865899999999968	Ag_F
0.0000000000000000 0.5000000000000000 0.7865899999999968	Ag_F
0.1668680245436933 0.3331319753777705 0.7145776522384928	Pd_T
0.1668626558020997 0.8337319962027622 0.7145775214660636	Pd_T
0.6662680037187015 0.3331373441193642 0.7145775214660636	Pd_T
0.6666638305256930 0.8333361693957707 0.7163010250017843	Pd_T
0.8337349951902717 0.1674693218780719 0.6468752726443577	Pd_T
0.8337341765256676 0.6662658235528687 0.6468751188395969	Pd_T
0.3325306782004644 0.6662650048882646 0.6468752726443577	Pd_T
0.4955065358062175 0.0044934641937825 0.5801484715679895	Pd_T
0.4955013811416087 0.4910141139765640 0.5801489950415669	Pd_T
0.0089858860234360 0.0044986188583913 0.5801489950415669	Pd_T
0.3333351281554215 0.1666648719231148 0.6477178899448357	Pt_T
