2.9775 -5.15718 0
-5.955 0 0
0 0 -32.1555
1 0 0
0 1 0
0 0 1
0.1636731818854232 0.3318393981542439 0.7119902753930124	Ag_T
0.1636731818854232 0.8318393981542439 0.7119902753930124	Ag_T
0.6686281058671180 0.3343214283021910 0.7110288786265524	Ag_T
0.6686281058671180 0.8343214283021906 0.7110288786265524	Ag_T
0.6666699999476435 0.3333299999738202 0.9378000000000029	Ag_F
0.1666699999476435 0.3333299999738202 0.9378000000000029	Ag_F
0.1666699999476435 0.8333299999738202 0.9378000000000029	Ag_F
0.6666699999476435 0.8333299999738202 0.9378000000000029	Ag_F
0.3333300000523565 0.6666700000261798 0.8622000000000014	Ag_F
0.8333300000523565 0.6666700000261798 0.8622000000000014	Ag_F
0.8333300000523565 0.1666700000261798 0.8622000000000014	Ag_F
0.3333300000523565 0.1666700000261798 0.8622000000000014	Ag_F
0.5000000000000000 0.0000000000000000 0.7865899999999968	Ag_F
0.0000000000000000 0.0000000000000000 0.7865899999999968	Ag_F
0.5000000000000000 0.5000000000000000 0.7865899999999968	Ag_F
0.0000000000000000 0.5000000000000000 0.7865899999999968	Ag_F
0.3316683284030415 0.6658228969941696 0.6417391708002005	Pd_T
0.3316683284030415 0.1658228969941698 0.6417391708002005	Pd_T
0.8317985020018965 0.1658949042462973 0.6378783703650343	Pt_T
0.8317985020018965 0.6658949042462972 0.6378783703650343	Pt_T
0.4931089259944595 -0.0034439996081994 0.5718062323391307	Pt_T
0.4931089259944595 0.4965560003918005 0.5718062323391307	Pt_T
0.0105637773518745 0.0052786212391966 0.5715741868324198	Pt_T
0.0105637773518745 0.5052786212391965 0.5715741868324198	Pt_T
