2.9775 -5.15718 0
-5.955 0 0
0 0 -32.1555
1 0 0
0 1 0
0 0 1
0.6666660603574466 0.8333339395640171 0.7135912506898859	Ag_T
0.8350209921763185 0.1700410653338772 0.6409416721755713	Ag_T
0.8350155532369227 0.6649844468416136 0.6409414144972319	Ag_T
0.3299589347446591 0.6649790079022178 0.6409416721755713	Ag_T
0.3333333982839305 0.1666666017946057 0.6425699373174856	Ag_T
0.4996425539301891 0.0003574460698107 0.5670497283459157	Ag_T
0.4996394855524111 0.4992819203334898 0.5670494004448637	Ag_T
0.0007180796665101 0.0003605144475890 0.5670494004448637	Ag_T
-0.0000020203513495 0.5000020203513494 0.5649497025269609	Ag_T
0.6666699999476435 0.3333299999738202 0.9378000000000029	Ag_F
0.1666699999476435 0.3333299999738202 0.9378000000000029	Ag_F
0.1666699999476435 0.8333299999738202 0.9378000000000029	Ag_F
0.6666699999476435 0.8333299999738202 0.9378000000000029	Ag_F
0.3333300000523565 0.6666700000261798 0.8622000000000014	Ag_F
0.8333300000523565 0.6666700000261798 0.8622000000000014	Ag_F
0.8333300000523565 0.1666700000261798 0.8622000000000014	Ag_F
0.3333300000523565 0.1666700000261798 0.8622000000000014	Ag_F
0.5000000000000000 0.0000000000000000 0.7865899999999968	Ag_F
0.0000000000000000 0.0000000000000000 0.7865899999999968	Ag_F
0.5000000000000000 0.5000000000000000 0.7865899999999968	Ag_F
0.0000000000000000 0.5000000000000000 0.7865899999999968	Ag_F
0.1659076235274898 0.3340923763939741 0.7140394398965392	Pt_T
0.1659070750239103 0.8318163317837662 0.7140393782021798	Pt_T
0.6681836681376975 0.3340929248975534 0.7140393782021798	Pt_T
