2.9775 -5.15718 0
-5.955 0 0
0 0 -32.1555
1 0 0
0 1 0
0 0 1
0.6682845501098957 0.3328352137723733 0.7129830170770411	Ag_T
0.6682854810530187 0.8354522567331344 0.7129830803774920	Ag_T
0.8358393465499858 0.6679235888976430 0.6401516452582596	Ag_T
0.3288487403090922 0.6637784636128793 0.6418015879397811	Ag_T
0.3288476232836172 0.1650698454104052 0.6418018725078963	Ag_T
0.5008261330324361 0.0004138234360809 0.5686136865218105	Ag_T
0.4990549672084827 0.4995281139306819 0.5667631434261672	Ag_T
-0.0008489927545327 0.0007620644885251 0.5667609589303562	Ag_T
-0.0008511047346447 0.4983919757024213 0.5667606437178165	Ag_T
0.6666699999476435 0.3333299999738202 0.9378000000000029	Ag_F
0.1666699999476435 0.3333299999738202 0.9378000000000029	Ag_F
0.1666699999476435 0.8333299999738202 0.9378000000000029	Ag_F
0.6666699999476435 0.8333299999738202 0.9378000000000029	Ag_F
0.3333300000523565 0.6666700000261798 0.8622000000000014	Ag_F
0.8333300000523565 0.6666700000261798 0.8622000000000014	Ag_F
0.8333300000523565 0.1666700000261798 0.8622000000000014	Ag_F
0.3333300000523565 0.1666700000261798 0.8622000000000014	Ag_F
0.5000000000000000 0.0000000000000000 0.7865899999999968	Ag_F
0.0000000000000000 0.0000000000000000 0.7865899999999968	Ag_F
0.5000000000000000 0.5000000000000000 0.7865899999999968	Ag_F
0.0000000000000000 0.5000000000000000 0.7865899999999968	Ag_F
0.1659260762873817 0.8329632330791252 0.7143102675258917	Pd_T
0.8389690805512691 0.1694827250614778 0.6402688811585624	Pd_T
0.1628643548755306 0.3314328123770379 0.7138456652632313	Pt_T
