2.9775 -5.15718 0
-5.955 0 0
0 0 -32.1555
1 0 0
0 1 0
0 0 1
0.5003232219914152 -0.0003232219914151 0.5746253258552183	Ag_T
0.5003242045867956 0.5006519055980138 0.5746254172045762	Ag_T
-0.0006519055980136 -0.0003242045867955 0.5746254172045762	Ag_T
-0.0000008226646949 0.5000008226646949 0.5753261513051350	Ag_T
0.6666699999476435 0.3333299999738202 0.9378000000000029	Ag_F
0.1666699999476435 0.3333299999738202 0.9378000000000029	Ag_F
0.1666699999476435 0.8333299999738202 0.9378000000000029	Ag_F
0.6666699999476435 0.8333299999738202 0.9378000000000029	Ag_F
0.3333300000523565 0.6666700000261798 0.8622000000000014	Ag_F
0.8333300000523565 0.6666700000261798 0.8622000000000014	Ag_F
0.8333300000523565 0.1666700000261798 0.8622000000000014	Ag_F
0.3333300000523565 0.1666700000261798 0.8622000000000014	Ag_F
0.5000000000000000 0.0000000000000000 0.7865899999999968	Ag_F
0.0000000000000000 0.0000000000000000 0.7865899999999968	Ag_F
0.5000000000000000 0.5000000000000000 0.7865899999999968	Ag_F
0.0000000000000000 0.5000000000000000 0.7865899999999968	Ag_F
0.1664822201134266 0.3335177798080370 0.7154206823325596	Pd_T
0.1664820223338139 0.8329593407953323 0.7154200972903665	Pd_T
0.6670406591261314 0.3335179775876499 0.7154200972903665	Pd_T
0.6666662326222149 0.8333337672992488 0.7152300551574960	Pd_T
0.3333324239515494 0.1666675761269869 0.6455428342984574	Pd_T
0.8330188275193913 0.1660362001604625 0.6465114879854789	Pt_T
0.8330177737879861 0.6669822262905502 0.6465115157285496	Pt_T
0.3339637999180738 0.6669811725591450 0.6465114879854789	Pt_T
