2.9775 -5.15718 0
-5.955 0 0
0 0 -32.1555
1 0 0
0 1 0
0 0 1
0.6666699999476435 0.3333299999738202 0.9378000000000029	Ag_F
0.1666699999476435 0.3333299999738202 0.9378000000000029	Ag_F
0.1666699999476435 0.8333299999738202 0.9378000000000029	Ag_F
0.6666699999476435 0.8333299999738202 0.9378000000000029	Ag_F
0.3333300000523565 0.6666700000261798 0.8622000000000014	Ag_F
0.8333300000523565 0.6666700000261798 0.8622000000000014	Ag_F
0.8333300000523565 0.1666700000261798 0.8622000000000014	Ag_F
0.3333300000523565 0.1666700000261798 0.8622000000000014	Ag_F
0.5000000000000000 0.0000000000000000 0.7865899999999968	Ag_F
0.0000000000000000 0.0000000000000000 0.7865899999999968	Ag_F
0.5000000000000000 0.5000000000000000 0.7865899999999968	Ag_F
0.0000000000000000 0.5000000000000000 0.7865899999999968	Ag_F
0.1654165203936835 0.8333961403471108 0.7156642466783051	Pd_T
0.6666038595743529 0.3345834795277803 0.7156642466783051	Pd_T
0.3340143769982555 0.1659856230802808 0.6472251548202573	Pd_T
0.5032957463416439 -0.0032957463416436 0.5810119724962942	Pd_T
0.5025358034293871 0.5033248376591376 0.5797010744789772	Pd_T
-0.0033248376591374 -0.0025358034293872 0.5797010744789772	Pd_T
0.0013818378596913 0.4986181621403086 0.5815277307488504	Pd_T
0.1659466040058714 0.3340533959155922 0.7142070161114327	Pt_T
0.6667000182502543 0.8332999816712094 0.7137828353909937	Pt_T
0.8337238303386620 0.1666395967083918 0.6480917579453923	Pt_T
0.8342246678975954 0.6657753321809409 0.6473027743749690	Pt_T
0.3333604033701443 0.6662761697398744 0.6480917579453923	Pt_T
