2.9775 -5.15718 0
-5.955 0 0
0 0 -32.1555
1 0 0
0 1 0
0 0 1
0.0024238316098901 0.0012104855728678 0.5731335640092452	Ag_T
0.0024238316098901 0.5012104855728680 0.5731335640092452	Ag_T
0.6666699999476435 0.3333299999738202 0.9378000000000029	Ag_F
0.1666699999476435 0.3333299999738202 0.9378000000000029	Ag_F
0.1666699999476435 0.8333299999738202 0.9378000000000029	Ag_F
0.6666699999476435 0.8333299999738202 0.9378000000000029	Ag_F
0.3333300000523565 0.6666700000261798 0.8622000000000014	Ag_F
0.8333300000523565 0.6666700000261798 0.8622000000000014	Ag_F
0.8333300000523565 0.1666700000261798 0.8622000000000014	Ag_F
0.3333300000523565 0.1666700000261798 0.8622000000000014	Ag_F
0.5000000000000000 0.0000000000000000 0.7865899999999968	Ag_F
0.0000000000000000 0.0000000000000000 0.7865899999999968	Ag_F
0.5000000000000000 0.5000000000000000 0.7865899999999968	Ag_F
0.0000000000000000 0.5000000000000000 0.7865899999999968	Ag_F
0.1666176845499287 0.3333095559063868 0.7145714505311381	Pd_T
0.1666176845499287 0.8333095559063868 0.7145714505311381	Pd_T
0.8349942714673300 0.1674949384511649 0.6469386725750954	Pd_T
0.8349942714673300 0.6674949384511651 0.6469386725750954	Pd_T
0.3339478468999847 0.6669706416561948 0.6461661069546272	Pd_T
0.3339478468999847 0.1669706416561947 0.6461661069546272	Pd_T
0.6656842784395685 0.3328403019128092 0.7154788595522339	Pt_T
0.6656842784395685 0.8328403019128089 0.7154788595522339	Pt_T
0.5055350731757973 0.0027664031550505 0.5800008580423774	Pt_T
0.5055350731757973 0.5027664031550505 0.5800008580423774	Pt_T
