2.9775 -5.15718 0
-5.955 0 0
0 0 -32.1555
1 0 0
0 1 0
0 0 1
0.3338323679588683 0.6669171690750161 0.6443658463262354	Ag_T
0.0338629746402321 0.5169288702185584 0.5696259225522106	Ag_T
0.6666699999476435 0.3333299999738202 0.9378000000000029	Ag_F
0.1666699999476435 0.3333299999738202 0.9378000000000029	Ag_F
0.1666699999476435 0.8333299999738202 0.9378000000000029	Ag_F
0.6666699999476435 0.8333299999738202 0.9378000000000029	Ag_F
0.3333300000523565 0.6666700000261798 0.8622000000000014	Ag_F
0.8333300000523565 0.6666700000261798 0.8622000000000014	Ag_F
0.8333300000523565 0.1666700000261798 0.8622000000000014	Ag_F
0.3333300000523565 0.1666700000261798 0.8622000000000014	Ag_F
0.5000000000000000 0.0000000000000000 0.7865899999999968	Ag_F
0.0000000000000000 0.0000000000000000 0.7865899999999968	Ag_F
0.5000000000000000 0.5000000000000000 0.7865899999999968	Ag_F
0.0000000000000000 0.5000000000000000 0.7865899999999968	Ag_F
0.1645917504648406 0.3295096895828874 0.7143553836775225	Pt_T
0.1645921383139541 0.8350813596541727 0.7143555919397248	Pt_T
0.6663810677676469 0.3331923019051988 0.7138224915344779	Pt_T
0.6639187860118781 0.8319590805021821 0.7158371971750805	Pt_T
0.8374462826160909 0.1714082641360634 0.6470776091001480	Pt_T
0.8374442348058998 0.6660327896868145 0.6470778674345713	Pt_T
0.3408103578147103 0.1704050501774320 0.6463646168916632	Pt_T
0.5327163264933311 0.0294157347867853 0.5785853000539897	Pt_T
0.5327156281682837 0.5032966617691804 0.5785853540300803	Pt_T
0.0108982380810578 0.0054454378449162 0.5808689776085060	Pt_T
