2.9775 -5.15718 0
-5.955 0 0
0 0 -32.1555
1 0 0
0 1 0
0 0 1
0.0014718953923091 0.5007353399450608 0.5712814698251734	Ag_T
0.6666699999476435 0.3333299999738202 0.9378000000000029	Ag_F
0.1666699999476435 0.3333299999738202 0.9378000000000029	Ag_F
0.1666699999476435 0.8333299999738202 0.9378000000000029	Ag_F
0.6666699999476435 0.8333299999738202 0.9378000000000029	Ag_F
0.3333300000523565 0.6666700000261798 0.8622000000000014	Ag_F
0.8333300000523565 0.6666700000261798 0.8622000000000014	Ag_F
0.8333300000523565 0.1666700000261798 0.8622000000000014	Ag_F
0.3333300000523565 0.1666700000261798 0.8622000000000014	Ag_F
0.5000000000000000 0.0000000000000000 0.7865899999999968	Ag_F
0.0000000000000000 0.0000000000000000 0.7865899999999968	Ag_F
0.5000000000000000 0.5000000000000000 0.7865899999999968	Ag_F
0.0000000000000000 0.5000000000000000 0.7865899999999968	Ag_F
0.6667121978006404 0.3333581311196594 0.7151976721940833	Pd_T
0.3375969110657477 0.1688014833586451 0.6472035408176700	Pd_T
0.1640771878005743 0.3322726554556362 0.7139102787133914	Pt_T
0.1640763033374090 0.8318082712985816 0.7139104721609700	Pt_T
0.6660812267488050 0.8330422163566772 0.7157966977014761	Pt_T
0.8361195717732436 0.1712547666453344 0.6469704989463636	Pt_T
0.8361198453673964 0.6648673637228172 0.6469706842431291	Pt_T
0.3284120812660118 0.6642069716029804 0.6476436443488913	Pt_T
0.5034722579215241 -0.0019945077442049 0.5809719015658561	Pt_T
0.5034772206137055 0.5054697048864986 0.5809717423108051	Pt_T
0.0024806159132112 0.0012407789244840 0.5804290532886101	Pt_T
