2.9775 -5.15718 0
-5.955 0 0
0 0 -32.1555
1 0 0
0 1 0
0 0 1
0.6666699999476435 0.3333299999738202 0.9378000000000029	Ag_F
0.1666699999476435 0.3333299999738202 0.9378000000000029	Ag_F
0.1666699999476435 0.8333299999738202 0.9378000000000029	Ag_F
0.6666699999476435 0.8333299999738202 0.9378000000000029	Ag_F
0.3333300000523565 0.6666700000261798 0.8622000000000014	Ag_F
0.8333300000523565 0.6666700000261798 0.8622000000000014	Ag_F
0.8333300000523565 0.1666700000261798 0.8622000000000014	Ag_F
0.3333300000523565 0.1666700000261798 0.8622000000000014	Ag_F
0.5000000000000000 0.0000000000000000 0.7865899999999968	Ag_F
0.0000000000000000 0.0000000000000000 0.7865899999999968	Ag_F
0.5000000000000000 0.5000000000000000 0.7865899999999968	Ag_F
0.0000000000000000 0.5000000000000000 0.7865899999999968	Ag_F
0.6647986055203168 0.8323966831256454 0.7162016176261088	Pd_T
0.3318336803315201 0.6659130587936035 0.6470819168867185	Pd_T
0.0023876737727966 0.5011992658629382 0.5766054730378287	Pd_T
0.1641580484966874 0.3323279206378538 0.7141764013746662	Pt_T
0.1641576538378357 0.8318249161829798 0.7141760132819820	Pt_T
0.6649994539759861 0.3324978022304819 0.7140747383472584	Pt_T
0.8347414503824134 0.1703406019252463 0.6476878755949689	Pt_T
0.8347420083417206 0.6644036494133571 0.6476886540311645	Pt_T
0.3326199844000499 0.1663070267113263 0.6482256271567003	Pt_T
0.5070636642043633 0.0082806724094565 0.5813928781287132	Pt_T
0.5070567849373205 0.4987800813522849 0.5813926511909429	Pt_T
-0.0004346207800214 -0.0002136975619640 0.5818882544593079	Pt_T
