2.9775 -5.15718 0
-5.955 0 0
0 0 -32.1555
1 0 0
0 1 0
0 0 1
0.8250262355261129 0.6625169214977528 0.6449318385900759	Ag_T
-0.0279067254605180 -0.0127677828421654 0.5720347236073358	Ag_T
-0.0279164512548090 0.4848650963876002 0.5720341671612474	Ag_T
0.6666699999476435 0.3333299999738202 0.9378000000000029	Ag_F
0.1666699999476435 0.3333299999738202 0.9378000000000029	Ag_F
0.1666699999476435 0.8333299999738202 0.9378000000000029	Ag_F
0.6666699999476435 0.8333299999738202 0.9378000000000029	Ag_F
0.3333300000523565 0.6666700000261798 0.8622000000000014	Ag_F
0.8333300000523565 0.6666700000261798 0.8622000000000014	Ag_F
0.8333300000523565 0.1666700000261798 0.8622000000000014	Ag_F
0.3333300000523565 0.1666700000261798 0.8622000000000014	Ag_F
0.5000000000000000 0.0000000000000000 0.7865899999999968	Ag_F
0.0000000000000000 0.0000000000000000 0.7865899999999968	Ag_F
0.5000000000000000 0.5000000000000000 0.7865899999999968	Ag_F
0.0000000000000000 0.5000000000000000 0.7865899999999968	Ag_F
0.6670101246648384 0.3321848637796018 0.7159678386105388	Pd_T
0.6670175768393375 0.8348248557525526 0.7159675383660351	Pd_T
0.8296351449065502 0.1648209595685489 0.6456947646302442	Pd_T
0.4651342736277322 0.4825738477891627 0.5778847224160908	Pd_T
0.1674862833267235 0.3337382206922824 0.7132809510849785	Pt_T
0.1714364025552541 0.8357147432975390 0.7146496819011072	Pt_T
0.3234519308775481 0.6589017393910976 0.6470210919096931	Pt_T
0.3234524202674581 0.1645479464809785 0.6470208144186755	Pt_T
0.4650019480593742 -0.0175042398562273 0.5813373541849917	Pt_T
