2.9775 -5.15718 0
-5.955 0 0
0 0 -32.1555
1 0 0
0 1 0
0 0 1
0.6644719987294518 0.8311126060678288 0.7137541079854346	Ag_T
0.8359311790206432 0.6659002302377970 0.6421637836099059	Ag_T
0.3334842097157156 0.6672431855916602 0.6423432930573714	Ag_T
0.3363262481619256 0.1685906626504190 0.6434268767593359	Ag_T
0.5052527866795652 0.0040358257268966 0.5703420550215925	Ag_T
0.5027604251651409 0.5024652237970668 0.5673594743400816	Ag_T
0.0023132249071899 0.0031856215013717 0.5699892954495377	Ag_T
0.0019011755852390 0.5006453169935732 0.5687563275385519	Ag_T
0.6666699999476435 0.3333299999738202 0.9378000000000029	Ag_F
0.1666699999476435 0.3333299999738202 0.9378000000000029	Ag_F
0.1666699999476435 0.8333299999738202 0.9378000000000029	Ag_F
0.6666699999476435 0.8333299999738202 0.9378000000000029	Ag_F
0.3333300000523565 0.6666700000261798 0.8622000000000014	Ag_F
0.8333300000523565 0.6666700000261798 0.8622000000000014	Ag_F
0.8333300000523565 0.1666700000261798 0.8622000000000014	Ag_F
0.3333300000523565 0.1666700000261798 0.8622000000000014	Ag_F
0.5000000000000000 0.0000000000000000 0.7865899999999968	Ag_F
0.0000000000000000 0.0000000000000000 0.7865899999999968	Ag_F
0.5000000000000000 0.5000000000000000 0.7865899999999968	Ag_F
0.0000000000000000 0.5000000000000000 0.7865899999999968	Ag_F
0.1654893181342394 0.8323435995496660 0.7151868273302582	Pd_T
0.6681047740123089 0.3305943293834905 0.7142237403155975	Pd_T
0.1573834974402848 0.3294494449823546 0.7139676886605993	Pt_T
0.8408506022113466 0.1733458994712349 0.6425936172921108	Pt_T
