2.9775 -5.15718 0
-5.955 0 0
0 0 -32.1555
1 0 0
0 1 0
0 0 1
0.1667477025251711 0.8335008784485286 0.7136674325533792	Ag_T
0.6655964078135773 0.8311979331853467 0.7130208925413051	Ag_T
0.8308504565880817 0.6616801019773608 0.6403940934512915	Ag_T
0.3308217093842124 0.6616820844851360 0.6403938358906881	Ag_T
0.3353572350813283 0.1707131923356942 0.6420675226108292	Ag_T
0.5029883474418344 0.0033229978417620 0.5687167868776415	Ag_T
0.5007051006620453 0.5014198695906582 0.5653315775167206	Ag_T
0.0003297714013196 0.0033167200880145 0.5687170034905621	Ag_T
-0.0003443656947479 0.4993208653428276 0.5668461837061080	Ag_T
0.6666699999476435 0.3333299999738202 0.9378000000000029	Ag_F
0.1666699999476435 0.3333299999738202 0.9378000000000029	Ag_F
0.1666699999476435 0.8333299999738202 0.9378000000000029	Ag_F
0.6666699999476435 0.8333299999738202 0.9378000000000029	Ag_F
0.3333300000523565 0.6666700000261798 0.8622000000000014	Ag_F
0.8333300000523565 0.6666700000261798 0.8622000000000014	Ag_F
0.8333300000523565 0.1666700000261798 0.8622000000000014	Ag_F
0.3333300000523565 0.1666700000261798 0.8622000000000014	Ag_F
0.5000000000000000 0.0000000000000000 0.7865899999999968	Ag_F
0.0000000000000000 0.0000000000000000 0.7865899999999968	Ag_F
0.5000000000000000 0.5000000000000000 0.7865899999999968	Ag_F
0.0000000000000000 0.5000000000000000 0.7865899999999968	Ag_F
0.8358227768489196 0.1716435052453131 0.6418686024096412	Pd_T
0.1616046492746596 0.3317599232918162 0.7137504636863350	Pt_T
0.6701547239317569 0.3317617564886291 0.7137504878274454	Pt_T
