2.9775 -5.15718 0
-5.955 0 0
0 0 -32.1555
1 0 0
0 1 0
0 0 1
0.6668641662828756 0.8343090095127029 0.7135726270724684	Ag_T
0.8353623053781993 0.6637950815501434 0.6419640627187158	Ag_T
0.3306125305829192 0.6642927489328401 0.6422733972360730	Ag_T
0.3342995357936978 0.1669483382911330 0.6434197076939852	Ag_T
0.5026141866451229 0.0014116986297125 0.5698635315859842	Ag_T
0.5005667072181923 0.5001932978745766 0.5680087376290055	Ag_T
0.0002980973662792 0.0008520736990991 0.5692813969054301	Ag_T
-0.0000805162264504 0.4981600830084968 0.5680515929566631	Ag_T
0.6666699999476435 0.3333299999738202 0.9378000000000029	Ag_F
0.1666699999476435 0.3333299999738202 0.9378000000000029	Ag_F
0.1666699999476435 0.8333299999738202 0.9378000000000029	Ag_F
0.6666699999476435 0.8333299999738202 0.9378000000000029	Ag_F
0.3333300000523565 0.6666700000261798 0.8622000000000014	Ag_F
0.8333300000523565 0.6666700000261798 0.8622000000000014	Ag_F
0.8333300000523565 0.1666700000261798 0.8622000000000014	Ag_F
0.3333300000523565 0.1666700000261798 0.8622000000000014	Ag_F
0.5000000000000000 0.0000000000000000 0.7865899999999968	Ag_F
0.0000000000000000 0.0000000000000000 0.7865899999999968	Ag_F
0.5000000000000000 0.5000000000000000 0.7865899999999968	Ag_F
0.0000000000000000 0.5000000000000000 0.7865899999999968	Ag_F
0.1658727886580602 0.8325353521208442 0.7148839756910553	Pd_T
0.6688256123117100 0.3328352077220624 0.7143728322089449	Pd_T
0.8385447372846393 0.1703675632008991 0.6419502629364985	Pd_T
0.1613042275096866 0.3319831089498918 0.7143193702092170	Pt_T
