2.9775 -5.15718 0
-5.955 0 0
0 0 -32.1555
1 0 0
0 1 0
0 0 1
0.1685200050121269 0.8352562349069028 0.7135760701706991	Ag_T
0.6680140931785524 0.8316995752877184 0.7132951740244687	Ag_T
0.3312307024455003 0.6645028884030154 0.6417028265473669	Ag_T
0.3336399301537999 0.1700538379056255 0.6427340196641868	Ag_T
0.6666699999476435 0.3333299999738202 0.9378000000000029	Ag_F
0.1666699999476435 0.3333299999738202 0.9378000000000029	Ag_F
0.1666699999476435 0.8333299999738202 0.9378000000000029	Ag_F
0.6666699999476435 0.8333299999738202 0.9378000000000029	Ag_F
0.3333300000523565 0.6666700000261798 0.8622000000000014	Ag_F
0.8333300000523565 0.6666700000261798 0.8622000000000014	Ag_F
0.8333300000523565 0.1666700000261798 0.8622000000000014	Ag_F
0.3333300000523565 0.1666700000261798 0.8622000000000014	Ag_F
0.5000000000000000 0.0000000000000000 0.7865899999999968	Ag_F
0.0000000000000000 0.0000000000000000 0.7865899999999968	Ag_F
0.5000000000000000 0.5000000000000000 0.7865899999999968	Ag_F
0.0000000000000000 0.5000000000000000 0.7865899999999968	Ag_F
0.1658200676311008 0.3328050765754460 0.7146736338136274	Pd_T
0.8323011839466683 0.1692539663290299 0.6438099059276172	Pd_T
0.8304237332881402 0.6628873024709375 0.6427262587021654	Pd_T
0.6758735515329474 0.3362292978155499 0.7133663652540025	Pt_T
0.5063826553261113 0.0049655315740760 0.5719070288943344	Pt_T
0.5038603115235664 0.5040649410798729 0.5713098154786880	Pt_T
-0.0142703713951242 -0.0030801125736255 0.5737784420959314	Pt_T
-0.0126995838125885 0.4948215732576149 0.5726049797438875	Pt_T
