2.9775 -5.15718 0
-5.955 0 0
0 0 -32.1555
1 0 0
0 1 0
0 0 1
0.1661173713035302 0.8330586781396754 0.7142075082781675	Ag_T
0.8304407087950529 0.6652193196248575 0.6420542225064131	Ag_T
0.3359887533510595 0.6653725260924543 0.6424556349240809	Ag_T
0.3359947129254513 0.1706250133532937 0.6424558037258798	Ag_T
0.5037097132351821 0.0018566338708120 0.5699275861977555	Ag_T
0.5009913525777303 0.5004976890716781 0.5669160898702318	Ag_T
0.0006465584942142 0.0016447452252000 0.5693985239185230	Ag_T
0.0006431310470459 0.4989993388534494 0.5693978224260901	Ag_T
0.6666699999476435 0.3333299999738202 0.9378000000000029	Ag_F
0.1666699999476435 0.3333299999738202 0.9378000000000029	Ag_F
0.1666699999476435 0.8333299999738202 0.9378000000000029	Ag_F
0.6666699999476435 0.8333299999738202 0.9378000000000029	Ag_F
0.3333300000523565 0.6666700000261798 0.8622000000000014	Ag_F
0.8333300000523565 0.6666700000261798 0.8622000000000014	Ag_F
0.8333300000523565 0.1666700000261798 0.8622000000000014	Ag_F
0.3333300000523565 0.1666700000261798 0.8622000000000014	Ag_F
0.5000000000000000 0.0000000000000000 0.7865899999999968	Ag_F
0.0000000000000000 0.0000000000000000 0.7865899999999968	Ag_F
0.5000000000000000 0.5000000000000000 0.7865899999999968	Ag_F
0.0000000000000000 0.5000000000000000 0.7865899999999968	Ag_F
0.6673862595593417 0.3319869845134686 0.7143258083643191	Pd_T
0.6673833701374756 0.8354034152031089 0.7143251795437032	Pd_T
0.8371854894571256 0.1685954365797524 0.6428940060129968	Pd_T
0.1605643549550679 0.3302858957512364 0.7143233173318101	Pt_T
