2.9775 -5.15718 0
-5.955 0 0
0 0 -32.1555
1 0 0
0 1 0
0 0 1
0.6676297170125285 0.3338162039735653 0.7131137427387342	Ag_T
0.6676297170125285 0.8338162039735653 0.7131137427387342	Ag_T
0.8387637740253715 0.1693866011686158 0.6393228945594407	Ag_T
0.8387637740253715 0.6693866011686158 0.6393228945594407	Ag_T
0.3307581862357776 0.6653783799651745 0.6411907870576810	Ag_T
0.3307581862357776 0.1653783799651744 0.6411907870576810	Ag_T
0.4981478093585381 -0.0009255965181416 0.5661049725135512	Ag_T
0.4981478093585381 0.4990744034818584 0.5661049725135512	Ag_T
-0.0001168982606844 -0.0000567386250035 0.5640969560247807	Ag_T
-0.0001168982606844 0.4999432613749965 0.5640969560247807	Ag_T
0.6666699999476435 0.3333299999738202 0.9378000000000029	Ag_F
0.1666699999476435 0.3333299999738202 0.9378000000000029	Ag_F
0.1666699999476435 0.8333299999738202 0.9378000000000029	Ag_F
0.6666699999476435 0.8333299999738202 0.9378000000000029	Ag_F
0.3333300000523565 0.6666700000261798 0.8622000000000014	Ag_F
0.8333300000523565 0.6666700000261798 0.8622000000000014	Ag_F
0.8333300000523565 0.1666700000261798 0.8622000000000014	Ag_F
0.3333300000523565 0.1666700000261798 0.8622000000000014	Ag_F
0.5000000000000000 0.0000000000000000 0.7865899999999968	Ag_F
0.0000000000000000 0.0000000000000000 0.7865899999999968	Ag_F
0.5000000000000000 0.5000000000000000 0.7865899999999968	Ag_F
0.0000000000000000 0.5000000000000000 0.7865899999999968	Ag_F
0.1653540702273986 0.3326778792280273 0.7134936977925116	Pt_T
0.1653540702273986 0.8326778792280272 0.7134936977925116	Pt_T
