2.9775 -5.15718 0
-5.955 0 0
0 0 -32.1555
1 0 0
0 1 0
0 0 1
0.6666699999476435 0.3333299999738202 0.9378000000000029	Ag_F
0.1666699999476435 0.3333299999738202 0.9378000000000029	Ag_F
0.1666699999476435 0.8333299999738202 0.9378000000000029	Ag_F
0.6666699999476435 0.8333299999738202 0.9378000000000029	Ag_F
0.3333300000523565 0.6666700000261798 0.8622000000000014	Ag_F
0.8333300000523565 0.6666700000261798 0.8622000000000014	Ag_F
0.8333300000523565 0.1666700000261798 0.8622000000000014	Ag_F
0.3333300000523565 0.1666700000261798 0.8622000000000014	Ag_F
0.5000000000000000 0.0000000000000000 0.7865899999999968	Ag_F
0.0000000000000000 0.0000000000000000 0.7865899999999968	Ag_F
0.5000000000000000 0.5000000000000000 0.7865899999999968	Ag_F
0.0000000000000000 0.5000000000000000 0.7865899999999968	Ag_F
0.1663589904366600 0.8331819445856915 0.7158687666304944	Pd_T
0.3321686601439771 0.6662763798692439 0.6471152164220734	Pd_T
0.3321636938536243 0.1658957069278652 0.6471177517610763	Pd_T
0.5053651612058017 0.0026841335545508 0.5802500540954506	Pd_T
0.5048961327193938 0.5024508453281259 0.5788762417015836	Pd_T
-0.0059103729327158 -0.0021303501622723 0.5809198284976862	Pd_T
-0.0059050260953881 0.4962276646386472 0.5809238244633237	Pd_T
0.1667517022359717 0.3333807096798064 0.7144691632916053	Pt_T
0.6668028212030639 0.3342902462539684 0.7141032298573458	Pt_T
0.6667990504394172 0.8325092800719741 0.7141007302492522	Pt_T
0.8321771222542642 0.1660907887831778 0.6482513554923692	Pt_T
0.8322687478214771 0.6661323034949010 0.6474376173891473	Pt_T
