2.9775 -5.15718 0
-5.955 0 0
0 0 -32.1555
1 0 0
0 1 0
0 0 1
0.6697128154995474 0.3325614390042078 0.7128885193639334	Ag_T
0.6697193052263021 0.8371576557959606 0.7128886506049052	Ag_T
0.8362060422537894 0.6681026839911128 0.6406182154072387	Ag_T
0.3277396936624954 0.6641883114588035 0.6418022727106246	Ag_T
0.3277372261354740 0.1635473911986336 0.6418023661190613	Ag_T
0.4977733616928021 -0.0011113079844885 0.5678208333844675	Ag_T
0.4972958114151095 0.4986492631360933 0.5674661580256822	Ag_T
-0.0024546864782487 -0.0005043763893897 0.5665845975686338	Ag_T
-0.0024561948463247 0.4980509953831965 0.5665848858864819	Ag_T
0.6666699999476435 0.3333299999738202 0.9378000000000029	Ag_F
0.1666699999476435 0.3333299999738202 0.9378000000000029	Ag_F
0.1666699999476435 0.8333299999738202 0.9378000000000029	Ag_F
0.6666699999476435 0.8333299999738202 0.9378000000000029	Ag_F
0.3333300000523565 0.6666700000261798 0.8622000000000014	Ag_F
0.8333300000523565 0.6666700000261798 0.8622000000000014	Ag_F
0.8333300000523565 0.1666700000261798 0.8622000000000014	Ag_F
0.3333300000523565 0.1666700000261798 0.8622000000000014	Ag_F
0.5000000000000000 0.0000000000000000 0.7865899999999968	Ag_F
0.0000000000000000 0.0000000000000000 0.7865899999999968	Ag_F
0.5000000000000000 0.5000000000000000 0.7865899999999968	Ag_F
0.0000000000000000 0.5000000000000000 0.7865899999999968	Ag_F
0.1643888405653111 0.3321976366185138 0.7137405167472842	Pd_T
0.8348818536065739 0.1674404344458515 0.6390973615970464	Pd_T
0.1666392840158051 0.8333195986069913 0.7145681547494771	Pt_T
