2.9775 -5.15718 0
-5.955 0 0
0 0 -32.1555
1 0 0
0 1 0
0 0 1
0.1660207051155587 0.8333580844442925 0.7137214787890487	Ag_T
0.6666775449636105 0.8342233458813103 0.7129929598111157	Ag_T
0.8316712367011996 0.6619247032664071 0.6402016132678654	Ag_T
0.3312067295097701 0.6618398204043611 0.6406693217835214	Ag_T
0.3355711363511803 0.1700901253095759 0.6418864765102563	Ag_T
0.5034592227765464 0.0022231657239797 0.5686957412696000	Ag_T
0.5008682881939496 0.5006578165135711 0.5653289105390713	Ag_T
0.0008562921817870 0.0019922734395462 0.5680796080275650	Ag_T
0.0003057490682769 0.4983829471854304 0.5667520947191745	Ag_T
0.6666699999476435 0.3333299999738202 0.9378000000000029	Ag_F
0.1666699999476435 0.3333299999738202 0.9378000000000029	Ag_F
0.1666699999476435 0.8333299999738202 0.9378000000000029	Ag_F
0.6666699999476435 0.8333299999738202 0.9378000000000029	Ag_F
0.3333300000523565 0.6666700000261798 0.8622000000000014	Ag_F
0.8333300000523565 0.6666700000261798 0.8622000000000014	Ag_F
0.8333300000523565 0.1666700000261798 0.8622000000000014	Ag_F
0.3333300000523565 0.1666700000261798 0.8622000000000014	Ag_F
0.5000000000000000 0.0000000000000000 0.7865899999999968	Ag_F
0.0000000000000000 0.0000000000000000 0.7865899999999968	Ag_F
0.5000000000000000 0.5000000000000000 0.7865899999999968	Ag_F
0.0000000000000000 0.5000000000000000 0.7865899999999968	Ag_F
0.6686517154548702 0.3334231287162511 0.7136704079627941	Pd_T
0.8384442422760007 0.1706909508639315 0.6413438301198540	Pd_T
0.1619868210798594 0.3323034896411373 0.7137132614529317	Pt_T
