2.9775 -5.15718 0
-5.955 0 0
0 0 -32.1555
1 0 0
0 1 0
0 0 1
-0.0113831206287190 -0.0058486756257732 0.5733830140417003	Ag_T
-0.0113870131428105 0.4944672084965960 0.5733827397163269	Ag_T
0.6666699999476435 0.3333299999738202 0.9378000000000029	Ag_F
0.1666699999476435 0.3333299999738202 0.9378000000000029	Ag_F
0.1666699999476435 0.8333299999738202 0.9378000000000029	Ag_F
0.6666699999476435 0.8333299999738202 0.9378000000000029	Ag_F
0.3333300000523565 0.6666700000261798 0.8622000000000014	Ag_F
0.8333300000523565 0.6666700000261798 0.8622000000000014	Ag_F
0.8333300000523565 0.1666700000261798 0.8622000000000014	Ag_F
0.3333300000523565 0.1666700000261798 0.8622000000000014	Ag_F
0.5000000000000000 0.0000000000000000 0.7865899999999968	Ag_F
0.0000000000000000 0.0000000000000000 0.7865899999999968	Ag_F
0.5000000000000000 0.5000000000000000 0.7865899999999968	Ag_F
0.0000000000000000 0.5000000000000000 0.7865899999999968	Ag_F
0.8391936918801106 0.1695970926963876 0.6459694126450918	Pd_T
0.8365083411352390 0.6682572221560569 0.6460248288075177	Pd_T
0.4871544517089392 0.4935774401994432 0.5785218374062020	Pd_T
0.1694231272584908 0.3347080842508404 0.7132191038494289	Pt_T
0.1686675524955308 0.8343320338182495 0.7141557684236605	Pt_T
0.6704344613107475 0.3350504129756796 0.7154908272385052	Pt_T
0.6704349702763424 0.8353847627548481 0.7154904755539391	Pt_T
0.3353923916518329 0.6651359124443762 0.6469340317378475	Pt_T
0.3353930794864585 0.1702542926561466 0.6469343830415896	Pt_T
0.4834483237428622 -0.0082796506564212 0.5817453790621264	Pt_T
