2.9775 -5.15718 0
-5.955 0 0
0 0 -32.1555
1 0 0
0 1 0
0 0 1
0.3333371627340008 0.1666628373445352 0.6458009900805907	Ag_T
0.6666699999476435 0.3333299999738202 0.9378000000000029	Ag_F
0.1666699999476435 0.3333299999738202 0.9378000000000029	Ag_F
0.1666699999476435 0.8333299999738202 0.9378000000000029	Ag_F
0.6666699999476435 0.8333299999738202 0.9378000000000029	Ag_F
0.3333300000523565 0.6666700000261798 0.8622000000000014	Ag_F
0.8333300000523565 0.6666700000261798 0.8622000000000014	Ag_F
0.8333300000523565 0.1666700000261798 0.8622000000000014	Ag_F
0.3333300000523565 0.1666700000261798 0.8622000000000014	Ag_F
0.5000000000000000 0.0000000000000000 0.7865899999999968	Ag_F
0.0000000000000000 0.0000000000000000 0.7865899999999968	Ag_F
0.5000000000000000 0.5000000000000000 0.7865899999999968	Ag_F
0.0000000000000000 0.5000000000000000 0.7865899999999968	Ag_F
0.1652238695921548 0.3347761303293091 0.7153411460416628	Pd_T
0.1652214155534325 0.8304524086436448 0.7153427059227878	Pd_T
0.6695475912778189 0.3347785843680312 0.7153427059227878	Pd_T
0.6666644627583354 0.8333355371631284 0.7147596003769902	Pd_T
0.8329059328861318 0.1658170713474705 0.6466827647517175	Pd_T
0.8329123108377979 0.6670876892407384 0.6466824216018384	Pd_T
0.3341829287310660 0.6670940671924045 0.6466827647517175	Pd_T
0.5042428601721995 -0.0042428601721994 0.5774347258735857	Pd_T
0.5042341574809333 0.5084659414450875 0.5774322872215367	Pd_T
-0.0084659414450876 -0.0042341574809333 0.5774322872215367	Pd_T
0.0000023644016922 0.4999976355983078 0.5789308543698430	Pd_T
