2.9775 -5.15718 0
-5.955 0 0
0 0 -32.1555
1 0 0
0 1 0
0 0 1
0.1665638396007195 0.8331316823011076 0.7140335312068369	Ag_T
0.6667911327114828 0.8335855050510086 0.7129875644495207	Ag_T
0.8312725808678636 0.6638012985060961 0.6405331250241535	Ag_T
0.3325222688183436 0.6638040255280490 0.6405329819765178	Ag_T
0.3351956356143218 0.1703927770104892 0.6416374940898989	Ag_T
0.5025571823239698 0.0029272606476836 0.5684031966248175	Ag_T
0.5007484515890440 0.5014996173944617 0.5646000345286007	Ag_T
0.0003713952143263 0.0029257825543821 0.5684034361295169	Ag_T
-0.0000356340486863 0.4999299004686914 0.5672422519219461	Ag_T
0.6666699999476435 0.3333299999738202 0.9378000000000029	Ag_F
0.1666699999476435 0.3333299999738202 0.9378000000000029	Ag_F
0.1666699999476435 0.8333299999738202 0.9378000000000029	Ag_F
0.6666699999476435 0.8333299999738202 0.9378000000000029	Ag_F
0.3333300000523565 0.6666700000261798 0.8622000000000014	Ag_F
0.8333300000523565 0.6666700000261798 0.8622000000000014	Ag_F
0.8333300000523565 0.1666700000261798 0.8622000000000014	Ag_F
0.3333300000523565 0.1666700000261798 0.8622000000000014	Ag_F
0.5000000000000000 0.0000000000000000 0.7865899999999968	Ag_F
0.0000000000000000 0.0000000000000000 0.7865899999999968	Ag_F
0.5000000000000000 0.5000000000000000 0.7865899999999968	Ag_F
0.0000000000000000 0.5000000000000000 0.7865899999999968	Ag_F
0.1616343353577581 0.3312431587292013 0.7132995841170718	Pd_T
0.6696037628958706 0.3312442503254048 0.7132997009978985	Pd_T
0.8357731772470605 0.1715504101695155 0.6412999973619842	Pt_T
