2.9775 -5.15718 0
-5.955 0 0
0 0 -32.1555
1 0 0
0 1 0
0 0 1
0.1664264874851107 0.8332153646816353 0.7121999818897924	Ag_T
0.6667846352398284 0.3335735124363531 0.7121999818897924	Ag_T
0.6667837837209555 0.8332162162005082 0.7121997588106770	Ag_T
0.8363402723036686 0.1681755515071572 0.6382072872080909	Ag_T
0.8333339609652586 0.6666660391132777 0.6370337738369398	Ag_T
0.3318244485713790 0.6636597277748677 0.6382072872080909	Ag_T
0.3318272615504513 0.1681727385280850 0.6382078133829417	Ag_T
0.4999972657882672 0.0000027342117329 0.5633743217264668	Ag_T
0.4989560465404178 0.4994860643987457 0.5621701020058079	Ag_T
0.0005139356012544 0.0010439534595823 0.5621701020058079	Ag_T
0.0005114834583858 0.4994885165416142 0.5621682147551624	Ag_T
0.6666699999476435 0.3333299999738202 0.9378000000000029	Ag_F
0.1666699999476435 0.3333299999738202 0.9378000000000029	Ag_F
0.1666699999476435 0.8333299999738202 0.9378000000000029	Ag_F
0.6666699999476435 0.8333299999738202 0.9378000000000029	Ag_F
0.3333300000523565 0.6666700000261798 0.8622000000000014	Ag_F
0.8333300000523565 0.6666700000261798 0.8622000000000014	Ag_F
0.8333300000523565 0.1666700000261798 0.8622000000000014	Ag_F
0.3333300000523565 0.1666700000261798 0.8622000000000014	Ag_F
0.5000000000000000 0.0000000000000000 0.7865899999999968	Ag_F
0.0000000000000000 0.0000000000000000 0.7865899999999968	Ag_F
0.5000000000000000 0.5000000000000000 0.7865899999999968	Ag_F
0.0000000000000000 0.5000000000000000 0.7865899999999968	Ag_F
0.1666638771793044 0.3333361227421593 0.7120813506625556	Pd_T
