2.9775 -5.15718 0
-5.955 0 0
0 0 -32.1555
1 0 0
0 1 0
0 0 1
0.8333334668200888 0.6666665332584475 0.6456369143606147	Ag_T
0.4983717463830782 0.4991850288340770 0.5734334254922326	Ag_T
0.0008149711659230 0.0016282536169217 0.5734334254922326	Ag_T
0.0008133487816771 0.4991866512183231 0.5734336706002635	Ag_T
0.6666699999476435 0.3333299999738202 0.9378000000000029	Ag_F
0.1666699999476435 0.3333299999738202 0.9378000000000029	Ag_F
0.1666699999476435 0.8333299999738202 0.9378000000000029	Ag_F
0.6666699999476435 0.8333299999738202 0.9378000000000029	Ag_F
0.3333300000523565 0.6666700000261798 0.8622000000000014	Ag_F
0.8333300000523565 0.6666700000261798 0.8622000000000014	Ag_F
0.8333300000523565 0.1666700000261798 0.8622000000000014	Ag_F
0.3333300000523565 0.1666700000261798 0.8622000000000014	Ag_F
0.5000000000000000 0.0000000000000000 0.7865899999999968	Ag_F
0.0000000000000000 0.0000000000000000 0.7865899999999968	Ag_F
0.5000000000000000 0.5000000000000000 0.7865899999999968	Ag_F
0.0000000000000000 0.5000000000000000 0.7865899999999968	Ag_F
0.1666663593087269 0.3333336406127367 0.7148176208185977	Pd_T
0.1695487486781373 0.8347779222081361 0.7155856539023602	Pd_T
0.6652220777133276 0.3304512512433264 0.7155856539023602	Pd_T
0.6652266322639733 0.8347733676574904 0.7155865390596525	Pd_T
0.8333300210016049 0.1666646206959034 0.6457833858429861	Pd_T
0.3333353793826330 0.6666699790769314 0.6457833858429861	Pd_T
0.3333374057405499 0.1666625943379864 0.6457842981295238	Pd_T
0.4999994547054338 0.0000005452945663 0.5769023064867381	Pd_T
