2.9775 -5.15718 0
-5.955 0 0
0 0 -32.1555
1 0 0
0 1 0
0 0 1
0.8335633276426866 0.6691010447237800 0.6435246179493522	Ag_T
0.3355329398207677 0.6691017250113229 0.6435247460189547	Ag_T
0.3344684697579790 0.1689405829603473 0.6435080542090988	Ag_T
0.5032153981503389 0.0028586076717839 0.5711119429978952	Ag_T
0.5010481611515235 0.5021004539520646 0.5687177615132256	Ag_T
-0.0003636315455855 0.0028554935242496 0.5711121829525519	Ag_T
0.0002062610193669 0.5004161043865668 0.5709039623841948	Ag_T
0.6666699999476435 0.3333299999738202 0.9378000000000029	Ag_F
0.1666699999476435 0.3333299999738202 0.9378000000000029	Ag_F
0.1666699999476435 0.8333299999738202 0.9378000000000029	Ag_F
0.6666699999476435 0.8333299999738202 0.9378000000000029	Ag_F
0.3333300000523565 0.6666700000261798 0.8622000000000014	Ag_F
0.8333300000523565 0.6666700000261798 0.8622000000000014	Ag_F
0.8333300000523565 0.1666700000261798 0.8622000000000014	Ag_F
0.3333300000523565 0.1666700000261798 0.8622000000000014	Ag_F
0.5000000000000000 0.0000000000000000 0.7865899999999968	Ag_F
0.0000000000000000 0.0000000000000000 0.7865899999999968	Ag_F
0.5000000000000000 0.5000000000000000 0.7865899999999968	Ag_F
0.0000000000000000 0.5000000000000000 0.7865899999999968	Ag_F
0.6671538474580260 0.8343078468604966 0.7146884549651423	Pd_T
0.1596601182094063 0.3289870800385289 0.7144525425012223	Pt_T
0.1666973569796810 0.8333953965860441 0.7155134105920815	Pt_T
0.6693265188093261 0.3289870386862848 0.7144528301927042	Pt_T
0.8356036806974015 0.1712091752671162 0.6434070613679265	Pt_T
