2.9775 -5.15718 0
-5.955 0 0
0 0 -32.1555
1 0 0
0 1 0
0 0 1
0.8327891659093383 0.6663954205061849 0.6431497276877113	Ag_T
0.3336038388149562 0.6663961612635801 0.6431498274995155	Ag_T
0.3336045795723513 0.1672108341691982 0.6431497276877113	Ag_T
0.5017434204230250 0.0008765549622785 0.5702595090276712	Ag_T
0.4999959071085394 0.5000040928914605 0.5690391579049223	Ag_T
-0.0008722200345535 0.0008722200345535 0.5702597495471601	Ag_T
-0.0008765549622785 0.4982565795769752 0.5702595090276712	Ag_T
0.6666699999476435 0.3333299999738202 0.9378000000000029	Ag_F
0.1666699999476435 0.3333299999738202 0.9378000000000029	Ag_F
0.1666699999476435 0.8333299999738202 0.9378000000000029	Ag_F
0.6666699999476435 0.8333299999738202 0.9378000000000029	Ag_F
0.3333300000523565 0.6666700000261798 0.8622000000000014	Ag_F
0.8333300000523565 0.6666700000261798 0.8622000000000014	Ag_F
0.8333300000523565 0.1666700000261798 0.8622000000000014	Ag_F
0.3333300000523565 0.1666700000261798 0.8622000000000014	Ag_F
0.5000000000000000 0.0000000000000000 0.7865899999999968	Ag_F
0.0000000000000000 0.0000000000000000 0.7865899999999968	Ag_F
0.5000000000000000 0.5000000000000000 0.7865899999999968	Ag_F
0.0000000000000000 0.5000000000000000 0.7865899999999968	Ag_F
0.8333318740027390 0.1666681260757975 0.6425551369329303	Pd_T
0.1618718942276850 0.3309358359723211 0.7144901776657061	Pt_T
0.1666664254602296 0.8333335744612340 0.7150193201474071	Pt_T
0.6690638777340049 0.3309361221874588 0.7144901808992291	Pt_T
0.6690641639491425 0.8381281056937788 0.7144901776657061	Pt_T
