2.9775 -5.15718 0
-5.955 0 0
0 0 -32.1555
1 0 0
0 1 0
0 0 1
0.8460040622017588 0.1730040188698049 0.6450346512227181	Ag_T
0.8460040622017588 0.6730040188698050 0.6450346512227181	Ag_T
0.6666699999476435 0.3333299999738202 0.9378000000000029	Ag_F
0.1666699999476435 0.3333299999738202 0.9378000000000029	Ag_F
0.1666699999476435 0.8333299999738202 0.9378000000000029	Ag_F
0.6666699999476435 0.8333299999738202 0.9378000000000029	Ag_F
0.3333300000523565 0.6666700000261798 0.8622000000000014	Ag_F
0.8333300000523565 0.6666700000261798 0.8622000000000014	Ag_F
0.8333300000523565 0.1666700000261798 0.8622000000000014	Ag_F
0.3333300000523565 0.1666700000261798 0.8622000000000014	Ag_F
0.5000000000000000 0.0000000000000000 0.7865899999999968	Ag_F
0.0000000000000000 0.0000000000000000 0.7865899999999968	Ag_F
0.5000000000000000 0.5000000000000000 0.7865899999999968	Ag_F
0.0000000000000000 0.5000000000000000 0.7865899999999968	Ag_F
0.1703697999359951 0.3351929513042429 0.7146547213345031	Pd_T
0.1703697999359951 0.8351929513042426 0.7146547213345031	Pd_T
0.0063100940914527 0.0031580373556418 0.5744446609006471	Pd_T
0.0063100940914527 0.5031580373556418 0.5744446609006471	Pd_T
0.6614775531873016 0.3307417767583475 0.7151977217596144	Pt_T
0.6614775531873016 0.8307417767583472 0.7151977217596144	Pt_T
0.3413564175277085 0.6706819609162681 0.6461425847576004	Pt_T
0.3413564175277085 0.1706819609162679 0.6461425847576004	Pt_T
0.4854407701352774 -0.0072777240869224 0.5787120629881604	Pt_T
0.4854407701352774 0.4927222759130778 0.5787120629881604	Pt_T
