2.9775 -5.15718 0
-5.955 0 0
0 0 -32.1555
1 0 0
0 1 0
0 0 1
0.6655818450405678 0.3320414905106855 0.7130140863219713	Ag_T
0.6655807777057502 0.8335438766387725 0.7130141735735560	Ag_T
0.8389769098441296 0.6694911086004104 0.6405050303102512	Ag_T
0.3331206167791383 0.6673834725403266 0.6417389086705023	Ag_T
0.3331201984435679 0.1657359786562837 0.6417389460902031	Ag_T
0.5045914924613406 0.0022964593724243 0.5689732134673461	Ag_T
0.5021741952522950 0.5010881195792777 0.5667055427216054	Ag_T
0.0023990996286662 0.0016854998502812 0.5671939263683176	Ag_T
0.0023956593186690 0.5007126530459659 0.5671944765519215	Ag_T
0.6666699999476435 0.3333299999738202 0.9378000000000029	Ag_F
0.1666699999476435 0.3333299999738202 0.9378000000000029	Ag_F
0.1666699999476435 0.8333299999738202 0.9378000000000029	Ag_F
0.6666699999476435 0.8333299999738202 0.9378000000000029	Ag_F
0.3333300000523565 0.6666700000261798 0.8622000000000014	Ag_F
0.8333300000523565 0.6666700000261798 0.8622000000000014	Ag_F
0.8333300000523565 0.1666700000261798 0.8622000000000014	Ag_F
0.3333300000523565 0.1666700000261798 0.8622000000000014	Ag_F
0.5000000000000000 0.0000000000000000 0.7865899999999968	Ag_F
0.0000000000000000 0.0000000000000000 0.7865899999999968	Ag_F
0.5000000000000000 0.5000000000000000 0.7865899999999968	Ag_F
0.0000000000000000 0.5000000000000000 0.7865899999999968	Ag_F
0.1570626634331810 0.3285323424454495 0.7132383335819631	Pt_T
0.1651525581505782 0.8325761416222615 0.7149100791174507	Pt_T
0.8444331570741358 0.1722178631286325 0.6401461688417722	Pt_T
