2.9775 -5.15718 0
-5.955 0 0
0 0 -32.1555
1 0 0
0 1 0
0 0 1
0.6666699999476435 0.3333299999738202 0.9378000000000029	Ag_F
0.1666699999476435 0.3333299999738202 0.9378000000000029	Ag_F
0.1666699999476435 0.8333299999738202 0.9378000000000029	Ag_F
0.6666699999476435 0.8333299999738202 0.9378000000000029	Ag_F
0.3333300000523565 0.6666700000261798 0.8622000000000014	Ag_F
0.8333300000523565 0.6666700000261798 0.8622000000000014	Ag_F
0.8333300000523565 0.1666700000261798 0.8622000000000014	Ag_F
0.3333300000523565 0.1666700000261798 0.8622000000000014	Ag_F
0.5000000000000000 0.0000000000000000 0.7865899999999968	Ag_F
0.0000000000000000 0.0000000000000000 0.7865899999999968	Ag_F
0.5000000000000000 0.5000000000000000 0.7865899999999968	Ag_F
0.0000000000000000 0.5000000000000000 0.7865899999999968	Ag_F
0.8333365133502009 0.6666675823963301 0.6467626202431219	Pd_T
0.4972459792446979 0.4986267396211068 0.5786432302894123	Pd_T
0.0013689196745196 0.0027252597849318 0.5786441586010636	Pd_T
0.0013660600957849 0.4986324218874384 0.5786450854816343	Pd_T
0.1666640887507095 0.3333303418232096 0.7136002178137730	Pt_T
0.1664545251958333 0.8332263072518481 0.7146973793241901	Pt_T
0.6667701244952831 0.3335468747834297 0.7146977378101461	Pt_T
0.6667670502156209 0.8332231932590236 0.7146971778750882	Pt_T
0.8386189720276533 0.1693071339600916 0.6472801277823185	Pt_T
0.3306844848038547 0.6613807903828560 0.6472800983890123	Pt_T
0.3306915227571292 0.1693086587823064 0.6472801038763444	Pt_T
0.5000001515602727 -0.0000019507930710 0.5838048818192740	Pt_T
