2.9775 -5.15718 0
-5.955 0 0
0 0 -32.1555
1 0 0
0 1 0
0 0 1
0.0172092403835486 0.5059484174981459 0.5729336405983464	Ag_T
0.6666699999476435 0.3333299999738202 0.9378000000000029	Ag_F
0.1666699999476435 0.3333299999738202 0.9378000000000029	Ag_F
0.1666699999476435 0.8333299999738202 0.9378000000000029	Ag_F
0.6666699999476435 0.8333299999738202 0.9378000000000029	Ag_F
0.3333300000523565 0.6666700000261798 0.8622000000000014	Ag_F
0.8333300000523565 0.6666700000261798 0.8622000000000014	Ag_F
0.8333300000523565 0.1666700000261798 0.8622000000000014	Ag_F
0.3333300000523565 0.1666700000261798 0.8622000000000014	Ag_F
0.5000000000000000 0.0000000000000000 0.7865899999999968	Ag_F
0.0000000000000000 0.0000000000000000 0.7865899999999968	Ag_F
0.5000000000000000 0.5000000000000000 0.7865899999999968	Ag_F
0.0000000000000000 0.5000000000000000 0.7865899999999968	Ag_F
0.3357422477351448 0.6639323915947242 0.6460179310531553	Pd_T
0.5175592662675134 0.4971382767352790 0.5789254478638973	Pd_T
0.0096419849701995 -0.0002375718343202 0.5795522146481494	Pd_T
0.1655392853457474 0.3338085096848297 0.7134396623814990	Pt_T
0.1651663346865942 0.8314974220621375 0.7144344926999243	Pt_T
0.6666114225812592 0.3335130497416056 0.7143210250821739	Pt_T
0.6645476536414208 0.8327245593987784 0.7160207991605574	Pt_T
0.8393590988421999 0.1683692725715232 0.6470044422834440	Pt_T
0.8358385902817126 0.6657696223626636 0.6472062831982993	Pt_T
0.3340526109516802 0.1675543384639590 0.6473977886057863	Pt_T
0.5126947766576773 0.0148201454608278 0.5823008346800667	Pt_T
