2.9775 -5.15718 0
-5.955 0 0
0 0 -32.1555
1 0 0
0 1 0
0 0 1
0.6660967439688112 0.8321949318334244 0.7135859943162978	Ag_T
0.8343706147661908 0.6643000072485420 0.6419820418358013	Ag_T
0.3299191209098767 0.6642963640838960 0.6419817062211053	Ag_T
0.3338424980514131 0.1676849997852870 0.6434600294888160	Ag_T
0.5023145256668552 0.0022355706755908 0.5698385327586092	Ag_T
0.5004253108356658 0.5008578507835624 0.5679552374232341	Ag_T
-0.0000781334725428 0.0022360656218015 0.5698383618073742	Ag_T
-0.0006788079072011 0.4986510591605976 0.5680879897161172	Ag_T
0.6666699999476435 0.3333299999738202 0.9378000000000029	Ag_F
0.1666699999476435 0.3333299999738202 0.9378000000000029	Ag_F
0.1666699999476435 0.8333299999738202 0.9378000000000029	Ag_F
0.6666699999476435 0.8333299999738202 0.9378000000000029	Ag_F
0.3333300000523565 0.6666700000261798 0.8622000000000014	Ag_F
0.8333300000523565 0.6666700000261798 0.8622000000000014	Ag_F
0.8333300000523565 0.1666700000261798 0.8622000000000014	Ag_F
0.3333300000523565 0.1666700000261798 0.8622000000000014	Ag_F
0.5000000000000000 0.0000000000000000 0.7865899999999968	Ag_F
0.0000000000000000 0.0000000000000000 0.7865899999999968	Ag_F
0.5000000000000000 0.5000000000000000 0.7865899999999968	Ag_F
0.0000000000000000 0.5000000000000000 0.7865899999999968	Ag_F
0.1663172955453169 0.8326347833054141 0.7147660652488456	Pd_T
0.8357476455408572 0.1714926850680474 0.6422572567343667	Pd_T
0.1610067636826132 0.3314935981175112 0.7143168519931076	Pt_T
0.6704895658119663 0.3314973800036434 0.7143167545302607	Pt_T
