2.9775 -5.15718 0
-5.955 0 0
0 0 -32.1555
1 0 0
0 1 0
0 0 1
0.6666699999476435 0.3333299999738202 0.9378000000000029	Ag_F
0.1666699999476435 0.3333299999738202 0.9378000000000029	Ag_F
0.1666699999476435 0.8333299999738202 0.9378000000000029	Ag_F
0.6666699999476435 0.8333299999738202 0.9378000000000029	Ag_F
0.3333300000523565 0.6666700000261798 0.8622000000000014	Ag_F
0.8333300000523565 0.6666700000261798 0.8622000000000014	Ag_F
0.8333300000523565 0.1666700000261798 0.8622000000000014	Ag_F
0.3333300000523565 0.1666700000261798 0.8622000000000014	Ag_F
0.5000000000000000 0.0000000000000000 0.7865899999999968	Ag_F
0.0000000000000000 0.0000000000000000 0.7865899999999968	Ag_F
0.5000000000000000 0.5000000000000000 0.7865899999999968	Ag_F
0.0000000000000000 0.5000000000000000 0.7865899999999968	Ag_F
0.1676059196603539 0.8338022872878755 0.7153902549499740	Pd_T
0.6661977126335882 0.3323940802611098 0.7153902549499740	Pd_T
0.6661945442635068 0.8338054556579569 0.7153901406670826	Pd_T
0.8333291331092607 0.6666708669692756 0.6468428894728803	Pd_T
0.4980471105842233 0.4990290776187187 0.5782392214522876	Pd_T
0.0009709223812814 0.0019528894157768 0.5782392214522876	Pd_T
0.0009753173774537 0.4990246826225462 0.5782395778052276	Pd_T
0.1666665538313242 0.3333334460901395 0.7128970850814279	Pt_T
0.8379360009135002 0.1689732106111187 0.6474532308234213	Pt_T
0.3310267894674174 0.6620639991650361 0.6474532308234213	Pt_T
0.3310314575087939 0.1689685425697423 0.6474525461610130	Pt_T
0.5000011914946156 -0.0000011914946153 0.5840719359270694	Pt_T
