2.9775 -5.15718 0
-5.955 0 0
0 0 -32.1555
1 0 0
0 1 0
0 0 1
0.8335746869020169 0.6664253131765194 0.6453096273881369	Ag_T
-0.0031952719945761 0.5031952719945761 0.5718029400892222	Ag_T
0.6666699999476435 0.3333299999738202 0.9378000000000029	Ag_F
0.1666699999476435 0.3333299999738202 0.9378000000000029	Ag_F
0.1666699999476435 0.8333299999738202 0.9378000000000029	Ag_F
0.6666699999476435 0.8333299999738202 0.9378000000000029	Ag_F
0.3333300000523565 0.6666700000261798 0.8622000000000014	Ag_F
0.8333300000523565 0.6666700000261798 0.8622000000000014	Ag_F
0.8333300000523565 0.1666700000261798 0.8622000000000014	Ag_F
0.3333300000523565 0.1666700000261798 0.8622000000000014	Ag_F
0.5000000000000000 0.0000000000000000 0.7865899999999968	Ag_F
0.0000000000000000 0.0000000000000000 0.7865899999999968	Ag_F
0.5000000000000000 0.5000000000000000 0.7865899999999968	Ag_F
0.0000000000000000 0.5000000000000000 0.7865899999999968	Ag_F
0.1667609030878058 0.3332390968336578 0.7145317343232835	Pd_T
0.6684514477142256 0.8315485522072381 0.7161605210155130	Pd_T
0.8372482581819990 0.1688022600292036 0.6461613464568755	Pd_T
0.3311977400493326 0.6627517418965372 0.6461613464568755	Pd_T
0.4876593196850366 0.4935486844160429 0.5777571766622767	Pd_T
0.0064513155839570 0.0123406803149635 0.5777571766622767	Pd_T
0.1730559631054375 0.8350088086921781 0.7146090043316067	Pt_T
0.6649911912292856 0.3269440368160262 0.7146090043316067	Pt_T
0.3296605216966261 0.1703394783819102 0.6476138484010653	Pt_T
0.4895741793567076 0.0104258206432923 0.5817478915909311	Pt_T
