2.9775 -5.15718 0
-5.955 0 0
0 0 -32.1555
1 0 0
0 1 0
0 0 1
0.1648476325079091 0.3324301298443771 0.7110112348517550	Ag_T
0.1666642105860459 0.8333357893354176 0.7117197429399009	Ag_T
0.6675685576526872 0.3324314422687766 0.7110114997464763	Ag_T
0.6675698700770865 0.8351523674135547 0.7110112348517550	Ag_T
0.8333406792099052 0.6666764029150822 0.6367132870325897	Ag_T
0.3333257531852975 0.6666742468932390 0.6367139249640034	Ag_T
0.3333235971634541 0.1666593208686309 0.6367132870325897	Ag_T
0.5013950323558508 0.0007086150367225 0.5628481940495540	Ag_T
0.4999967020813067 0.5000032979186934 0.5614392591465240	Ag_T
-0.0007028536055875 0.0007028536055875 0.5628485447313523	Ag_T
-0.0007086150367225 0.4986049676441491 0.5628481940495540	Ag_T
0.6666699999476435 0.3333299999738202 0.9378000000000029	Ag_F
0.1666699999476435 0.3333299999738202 0.9378000000000029	Ag_F
0.1666699999476435 0.8333299999738202 0.9378000000000029	Ag_F
0.6666699999476435 0.8333299999738202 0.9378000000000029	Ag_F
0.3333300000523565 0.6666700000261798 0.8622000000000014	Ag_F
0.8333300000523565 0.6666700000261798 0.8622000000000014	Ag_F
0.8333300000523565 0.1666700000261798 0.8622000000000014	Ag_F
0.3333300000523565 0.1666700000261798 0.8622000000000014	Ag_F
0.5000000000000000 0.0000000000000000 0.7865899999999968	Ag_F
0.0000000000000000 0.0000000000000000 0.7865899999999968	Ag_F
0.5000000000000000 0.5000000000000000 0.7865899999999968	Ag_F
0.0000000000000000 0.5000000000000000 0.7865899999999968	Ag_F
0.8333209671393316 0.1666790329392047 0.6367680953918352	Pd_T
