2.9775 -5.15718 0
-5.955 0 0
0 0 -32.1555
1 0 0
0 1 0
0 0 1
0.6676275078220623 0.3338145795769573 0.7138565883841822	Ag_T
0.6676275078220623 0.8338145795769574 0.7138565883841822	Ag_T
0.4988232411568233 -0.0005881402788097 0.5724684953613843	Ag_T
0.4988232411568233 0.4994118597211904 0.5724684953613843	Ag_T
-0.0016200138787915 -0.0008106790009074 0.5705797057569850	Ag_T
-0.0016200138787915 0.4991893209990927 0.5705797057569850	Ag_T
0.6666699999476435 0.3333299999738202 0.9378000000000029	Ag_F
0.1666699999476435 0.3333299999738202 0.9378000000000029	Ag_F
0.1666699999476435 0.8333299999738202 0.9378000000000029	Ag_F
0.6666699999476435 0.8333299999738202 0.9378000000000029	Ag_F
0.3333300000523565 0.6666700000261798 0.8622000000000014	Ag_F
0.8333300000523565 0.6666700000261798 0.8622000000000014	Ag_F
0.8333300000523565 0.1666700000261798 0.8622000000000014	Ag_F
0.3333300000523565 0.1666700000261798 0.8622000000000014	Ag_F
0.5000000000000000 0.0000000000000000 0.7865899999999968	Ag_F
0.0000000000000000 0.0000000000000000 0.7865899999999968	Ag_F
0.5000000000000000 0.5000000000000000 0.7865899999999968	Ag_F
0.0000000000000000 0.5000000000000000 0.7865899999999968	Ag_F
0.1676430555628619 0.3338189041682916 0.7139908848943659	Pt_T
0.1676430555628619 0.8338189041682914 0.7139908848943659	Pt_T
0.8388075234818425 0.1694054963750321 0.6426511121278738	Pt_T
0.8388075234818425 0.6694054963750323 0.6426511121278738	Pt_T
0.3247480270275613 0.6623759241760220 0.6439450686491638	Pt_T
0.3247480270275613 0.1623759241760220 0.6439450686491638	Pt_T
