2.9775 -5.15718 0
-5.955 0 0
0 0 -32.1555
1 0 0
0 1 0
0 0 1
0.6687116852516155 0.8374238945630290 0.7133766910219922	Ag_T
0.8352754918478952 0.6644833282995756 0.6422907585250306	Ag_T
0.3292025039089184 0.6644804542820179 0.6422907182701648	Ag_T
0.3329000804314205 0.1658049858278376 0.6433783752670519	Ag_T
0.5004492131263079 -0.0001248983549256 0.5691203751696693	Ag_T
0.4994401448757530 0.4988876372093987 0.5686752073182008	Ag_T
-0.0005759843214691 -0.0001261108971711 0.5691200837884918	Ag_T
-0.0008463284651007 0.4983137274216122 0.5679174068726609	Ag_T
0.6666699999476435 0.3333299999738202 0.9378000000000029	Ag_F
0.1666699999476435 0.3333299999738202 0.9378000000000029	Ag_F
0.1666699999476435 0.8333299999738202 0.9378000000000029	Ag_F
0.6666699999476435 0.8333299999738202 0.9378000000000029	Ag_F
0.3333300000523565 0.6666700000261798 0.8622000000000014	Ag_F
0.8333300000523565 0.6666700000261798 0.8622000000000014	Ag_F
0.8333300000523565 0.1666700000261798 0.8622000000000014	Ag_F
0.3333300000523565 0.1666700000261798 0.8622000000000014	Ag_F
0.5000000000000000 0.0000000000000000 0.7865899999999968	Ag_F
0.0000000000000000 0.0000000000000000 0.7865899999999968	Ag_F
0.5000000000000000 0.5000000000000000 0.7865899999999968	Ag_F
0.0000000000000000 0.5000000000000000 0.7865899999999968	Ag_F
0.1636423994655815 0.3331140530010822 0.7142859027463718	Pd_T
0.6694646070876906 0.3331131077274053 0.7142856890589313	Pd_T
0.8346983015949605 0.1693981312584839 0.6407984666780124	Pd_T
0.1665040399677185 0.8330120716144073 0.7150941765101594	Pt_T
