2.9775 -5.15718 0
-5.955 0 0
0 0 -32.1555
1 0 0
0 1 0
0 0 1
0.8322147306711271 0.6661071133609492 0.6435869019648237	Ag_T
0.3338911794174861 0.6661088206610503 0.6435868207581636	Ag_T
0.3338928867175870 0.1677852694074095 0.6435869019648237	Ag_T
0.5023000102372088 0.0011532398045822 0.5714097307382353	Ag_T
0.4999988560826449 0.5000011439173551 0.5683436143523002	Ag_T
-0.0011483864839251 0.0011483864839251 0.5714103800262469	Ag_T
-0.0011532398045822 0.4976999897627912 0.5714097307382353	Ag_T
0.6666699999476435 0.3333299999738202 0.9378000000000029	Ag_F
0.1666699999476435 0.3333299999738202 0.9378000000000029	Ag_F
0.1666699999476435 0.8333299999738202 0.9378000000000029	Ag_F
0.6666699999476435 0.8333299999738202 0.9378000000000029	Ag_F
0.3333300000523565 0.6666700000261798 0.8622000000000014	Ag_F
0.8333300000523565 0.6666700000261798 0.8622000000000014	Ag_F
0.8333300000523565 0.1666700000261798 0.8622000000000014	Ag_F
0.3333300000523565 0.1666700000261798 0.8622000000000014	Ag_F
0.5000000000000000 0.0000000000000000 0.7865899999999968	Ag_F
0.0000000000000000 0.0000000000000000 0.7865899999999968	Ag_F
0.5000000000000000 0.5000000000000000 0.7865899999999968	Ag_F
0.0000000000000000 0.5000000000000000 0.7865899999999968	Ag_F
0.1666680334675492 0.8333319664539145 0.7154047179914802	Pd_T
0.1619265063831951 0.3309639948274013 0.7146089724451813	Pt_T
0.6690376916363525 0.3309623082851111 0.7146089617963606	Pt_T
0.6690360050940625 0.8380734935382688 0.7146089724451813	Pt_T
0.8333348008854166 0.1666651991931195 0.6441759870513386	Pt_T
