2.9775 -5.15718 0
-5.955 0 0
0 0 -32.1555
1 0 0
0 1 0
0 0 1
0.5000008529005573 -0.0000008529005573 0.5751163682690242	Ag_T
0.4998367492605513 0.4999154014836346 0.5749151539685022	Ag_T
0.0000845985163655 0.0001632507394488 0.5749151539685022	Ag_T
0.0000831717100652 0.4999168282899348 0.5749157370181661	Ag_T
0.6666699999476435 0.3333299999738202 0.9378000000000029	Ag_F
0.1666699999476435 0.3333299999738202 0.9378000000000029	Ag_F
0.1666699999476435 0.8333299999738202 0.9378000000000029	Ag_F
0.6666699999476435 0.8333299999738202 0.9378000000000029	Ag_F
0.3333300000523565 0.6666700000261798 0.8622000000000014	Ag_F
0.8333300000523565 0.6666700000261798 0.8622000000000014	Ag_F
0.8333300000523565 0.1666700000261798 0.8622000000000014	Ag_F
0.3333300000523565 0.1666700000261798 0.8622000000000014	Ag_F
0.5000000000000000 0.0000000000000000 0.7865899999999968	Ag_F
0.0000000000000000 0.0000000000000000 0.7865899999999968	Ag_F
0.5000000000000000 0.5000000000000000 0.7865899999999968	Ag_F
0.0000000000000000 0.5000000000000000 0.7865899999999968	Ag_F
0.1663968098232624 0.8331985948369870 0.7152417287984922	Pd_T
0.6668014050844767 0.3336031900982013 0.7152417287984922	Pd_T
0.6667968002794845 0.8332031996419792 0.7152415195730238	Pd_T
0.8341090005262851 0.1670526840615092 0.6460439270054692	Pd_T
0.8333343849514717 0.6666656151270646 0.6454810017250987	Pd_T
0.3329473160170270 0.6658909995522512 0.6460439270054692	Pd_T
0.3329432210201405 0.1670567790583958 0.6460440158085831	Pd_T
0.1666655530544085 0.3333344468670552 0.7147213894877101	Pt_T
