2.9775 -5.15718 0
-5.955 0 0
0 0 -32.1555
1 0 0
0 1 0
0 0 1
0.6666657132342592 0.8333342866872046 0.7144770817874798	Ag_T
0.6666699999476435 0.3333299999738202 0.9378000000000029	Ag_F
0.1666699999476435 0.3333299999738202 0.9378000000000029	Ag_F
0.1666699999476435 0.8333299999738202 0.9378000000000029	Ag_F
0.6666699999476435 0.8333299999738202 0.9378000000000029	Ag_F
0.3333300000523565 0.6666700000261798 0.8622000000000014	Ag_F
0.8333300000523565 0.6666700000261798 0.8622000000000014	Ag_F
0.8333300000523565 0.1666700000261798 0.8622000000000014	Ag_F
0.3333300000523565 0.1666700000261798 0.8622000000000014	Ag_F
0.5000000000000000 0.0000000000000000 0.7865899999999968	Ag_F
0.0000000000000000 0.0000000000000000 0.7865899999999968	Ag_F
0.5000000000000000 0.5000000000000000 0.7865899999999968	Ag_F
0.0000000000000000 0.5000000000000000 0.7865899999999968	Ag_F
0.1667774406686605 0.3332225592528032 0.7144457372630071	Pd_T
0.1667686112430027 0.8335376528433047 0.7144442176876702	Pd_T
0.6664623470781590 0.3332313886784611 0.7144442176876702	Pd_T
0.8355502531221410 0.1710891042786651 0.6452761345873887	Pd_T
0.8355427139181331 0.6644572861604032 0.6452768277099024	Pd_T
0.3289108957998712 0.6644497469563952 0.6452761345873887	Pd_T
0.3333354936239206 0.1666645064546159 0.6466707732350073	Pd_T
0.4993171865118890 0.0006828134881110 0.5781766193116251	Pd_T
0.4993203356705861 0.4986362620615133 0.5781751320322660	Pd_T
0.0013637379384866 0.0006796643294136 0.5781751320322660	Pd_T
-0.0000013173114524 0.5000013173114526 0.5756127157455304	Pd_T
