2.9775 -5.15718 0
-5.955 0 0
0 0 -32.1555
1 0 0
0 1 0
0 0 1
0.0000076438454564 0.5000152876909129 0.5732860252454191	Ag_T
0.6666699999476435 0.3333299999738202 0.9378000000000029	Ag_F
0.1666699999476435 0.3333299999738202 0.9378000000000029	Ag_F
0.1666699999476435 0.8333299999738202 0.9378000000000029	Ag_F
0.6666699999476435 0.8333299999738202 0.9378000000000029	Ag_F
0.3333300000523565 0.6666700000261798 0.8622000000000014	Ag_F
0.8333300000523565 0.6666700000261798 0.8622000000000014	Ag_F
0.8333300000523565 0.1666700000261798 0.8622000000000014	Ag_F
0.3333300000523565 0.1666700000261798 0.8622000000000014	Ag_F
0.5000000000000000 0.0000000000000000 0.7865899999999968	Ag_F
0.0000000000000000 0.0000000000000000 0.7865899999999968	Ag_F
0.5000000000000000 0.5000000000000000 0.7865899999999968	Ag_F
0.0000000000000000 0.5000000000000000 0.7865899999999968	Ag_F
0.4988891378125285 0.0011478783821328 0.5798181348670867	Pd_T
0.4988857411445827 0.4977714822891656 0.5798153269173111	Pd_T
0.0022587405696043 0.0011478783821328 0.5798181348670867	Pd_T
0.1661771381131307 0.3338134366579606 0.7139598426213163	Pt_T
0.1661786827696576 0.8323473656178484 0.7139616288148865	Pt_T
0.6676462984662964 0.3338134366579606 0.7139598426213163	Pt_T
0.6666677565813229 0.8333255132411790 0.7160916041086199	Pt_T
0.8334111256329902 0.1668322511874472 0.6466087762942830	Pt_T
0.8334093993466083 0.6666009404461090 0.6466072156649101	Pt_T
0.3331815411780339 0.6666009404461090 0.6466072156649101	Pt_T
0.3333405487003449 0.1666910973221565 0.6470015639772727	Pt_T
