2.9775 -5.15718 0
-5.955 0 0
0 0 -32.1555
1 0 0
0 1 0
0 0 1
0.5023992955447587 0.4971962647451660 0.5740934049559359	Ag_T
0.0028037352548338 -0.0023992955447587 0.5740934049559359	Ag_T
0.0027217087587883 0.4972782912412116 0.5750257605085821	Ag_T
0.6666699999476435 0.3333299999738202 0.9378000000000029	Ag_F
0.1666699999476435 0.3333299999738202 0.9378000000000029	Ag_F
0.1666699999476435 0.8333299999738202 0.9378000000000029	Ag_F
0.6666699999476435 0.8333299999738202 0.9378000000000029	Ag_F
0.3333300000523565 0.6666700000261798 0.8622000000000014	Ag_F
0.8333300000523565 0.6666700000261798 0.8622000000000014	Ag_F
0.8333300000523565 0.1666700000261798 0.8622000000000014	Ag_F
0.3333300000523565 0.1666700000261798 0.8622000000000014	Ag_F
0.5000000000000000 0.0000000000000000 0.7865899999999968	Ag_F
0.0000000000000000 0.0000000000000000 0.7865899999999968	Ag_F
0.5000000000000000 0.5000000000000000 0.7865899999999968	Ag_F
0.0000000000000000 0.5000000000000000 0.7865899999999968	Ag_F
0.8327879624511174 0.6672120376274189 0.6452254284176532	Pd_T
0.3327566229528355 0.1672433771257008 0.6454272525774374	Pd_T
0.5059871464793289 -0.0059871464793288 0.5780556804362039	Pd_T
0.1655318261206947 0.3344681738007690 0.7135682845106617	Pt_T
0.1645321554076342 0.8353403841100995 0.7150416791764523	Pt_T
0.6646596158113642 0.3354678445138295 0.7150416791764523	Pt_T
0.6666880255664711 0.8333119743549926 0.7148955996229595	Pt_T
0.8301463479832500 0.1655437149848610 0.6467492212812160	Pt_T
0.3344562850936754 0.6698536520952862 0.6467492212812160	Pt_T
