2.9775 -5.15718 0
-5.955 0 0
0 0 -32.1555
1 0 0
0 1 0
0 0 1
0.3328555917009435 0.1664289820697012 0.6449752396160168	Ag_T
0.0037107986524058 0.0018542102386549 0.5728393578967188	Ag_T
0.0032528724863936 0.5016255569702234 0.5748475992568230	Ag_T
0.6666699999476435 0.3333299999738202 0.9378000000000029	Ag_F
0.1666699999476435 0.3333299999738202 0.9378000000000029	Ag_F
0.1666699999476435 0.8333299999738202 0.9378000000000029	Ag_F
0.6666699999476435 0.8333299999738202 0.9378000000000029	Ag_F
0.3333300000523565 0.6666700000261798 0.8622000000000014	Ag_F
0.8333300000523565 0.6666700000261798 0.8622000000000014	Ag_F
0.8333300000523565 0.1666700000261798 0.8622000000000014	Ag_F
0.3333300000523565 0.1666700000261798 0.8622000000000014	Ag_F
0.5000000000000000 0.0000000000000000 0.7865899999999968	Ag_F
0.0000000000000000 0.0000000000000000 0.7865899999999968	Ag_F
0.5000000000000000 0.5000000000000000 0.7865899999999968	Ag_F
0.0000000000000000 0.5000000000000000 0.7865899999999968	Ag_F
0.1626238454872786 0.3332492006900721 0.7152281312276884	Pd_T
0.1626234553006832 0.8293760843267308 0.7152282586863594	Pd_T
0.6656217628839702 0.3328130508530553 0.7157138065226284	Pd_T
0.8299452170558447 0.1621923078939986 0.6461296676995504	Pd_T
0.8299512662770512 0.6677500156399618 0.6461298085552877	Pd_T
0.3352543294642657 0.6676295047825749 0.6464777420154790	Pd_T
0.5077064577205721 -0.0015910179820095 0.5764246450141443	Pd_T
0.5077117127068388 0.5093071365074973 0.5764250496233706	Pd_T
0.6641781992307243 0.8320888312480433 0.7148179988972071	Pt_T
