2.9775 -5.15718 0
-5.955 0 0
0 0 -32.1555
1 0 0
0 1 0
0 0 1
0.3364762090928280 0.6682394189019137 0.6444603873267714	Ag_T
0.3364762090928280 0.1682394189019137 0.6444603873267714	Ag_T
0.5043856774015002 0.0021970761563719 0.5710588291740608	Ag_T
0.5043856774015002 0.5021970761563722 0.5710588291740608	Ag_T
0.0004105762031781 0.0002047822159637 0.5719902505032520	Ag_T
0.0004105762031781 0.5002047822159635 0.5719902505032520	Ag_T
0.6666699999476435 0.3333299999738202 0.9378000000000029	Ag_F
0.1666699999476435 0.3333299999738202 0.9378000000000029	Ag_F
0.1666699999476435 0.8333299999738202 0.9378000000000029	Ag_F
0.6666699999476435 0.8333299999738202 0.9378000000000029	Ag_F
0.3333300000523565 0.6666700000261798 0.8622000000000014	Ag_F
0.8333300000523565 0.6666700000261798 0.8622000000000014	Ag_F
0.8333300000523565 0.1666700000261798 0.8622000000000014	Ag_F
0.3333300000523565 0.1666700000261798 0.8622000000000014	Ag_F
0.5000000000000000 0.0000000000000000 0.7865899999999968	Ag_F
0.0000000000000000 0.0000000000000000 0.7865899999999968	Ag_F
0.5000000000000000 0.5000000000000000 0.7865899999999968	Ag_F
0.0000000000000000 0.5000000000000000 0.7865899999999968	Ag_F
0.6681656864060687 0.3340847185373350 0.7146405737238672	Pd_T
0.6681656864060687 0.8340847185373348 0.7146405737238672	Pd_T
0.8369562909765043 0.1684804059233184 0.6436084982433012	Pd_T
0.8369562909765043 0.6684804059233183 0.6436084982433012	Pd_T
0.1595952105810141 0.3297998530282062 0.7151653949774913	Pt_T
0.1595952105810141 0.8297998530282060 0.7151653949774913	Pt_T
