2.9775 -5.15718 0
-5.955 0 0
0 0 -32.1555
1 0 0
0 1 0
0 0 1
0.5009529208625884 0.0004777993038980 0.5738035761482378	Ag_T
0.5009529208625884 0.5004777993038976 0.5738035761482378	Ag_T
-0.0007832571721531 -0.0003923703895737 0.5746083070419220	Ag_T
-0.0007832571721531 0.4996076296104263 0.5746083070419220	Ag_T
0.6666699999476435 0.3333299999738202 0.9378000000000029	Ag_F
0.1666699999476435 0.3333299999738202 0.9378000000000029	Ag_F
0.1666699999476435 0.8333299999738202 0.9378000000000029	Ag_F
0.6666699999476435 0.8333299999738202 0.9378000000000029	Ag_F
0.3333300000523565 0.6666700000261798 0.8622000000000014	Ag_F
0.8333300000523565 0.6666700000261798 0.8622000000000014	Ag_F
0.8333300000523565 0.1666700000261798 0.8622000000000014	Ag_F
0.3333300000523565 0.1666700000261798 0.8622000000000014	Ag_F
0.5000000000000000 0.0000000000000000 0.7865899999999968	Ag_F
0.0000000000000000 0.0000000000000000 0.7865899999999968	Ag_F
0.5000000000000000 0.5000000000000000 0.7865899999999968	Ag_F
0.0000000000000000 0.5000000000000000 0.7865899999999968	Ag_F
0.3340465826795032 0.6670238642164165 0.6446862510399137	Pd_T
0.3340465826795032 0.1670238642164162 0.6446862510399137	Pd_T
0.1674945838650183 0.3337476768175536 0.7147435321856026	Pt_T
0.1674945838650183 0.8337476768175535 0.7147435321856026	Pt_T
0.6655416416328089 0.3327709726387340 0.7145234047440340	Pt_T
0.6655416416328089 0.8327709726387341 0.7145234047440340	Pt_T
0.8331277005112189 0.1665632708277522 0.6459711451523168	Pt_T
0.8331277005112189 0.6665632708277521 0.6459711451523168	Pt_T
