2.9775 -5.15718 0
-5.955 0 0
0 0 -32.1555
1 0 0
0 1 0
0 0 1
-0.0016565727573521 -0.0007742262636477 0.5736195043098974	Ag_T
0.0003723137228380 0.5014378004780707 0.5732777943544927	Ag_T
0.6666699999476435 0.3333299999738202 0.9378000000000029	Ag_F
0.1666699999476435 0.3333299999738202 0.9378000000000029	Ag_F
0.1666699999476435 0.8333299999738202 0.9378000000000029	Ag_F
0.6666699999476435 0.8333299999738202 0.9378000000000029	Ag_F
0.3333300000523565 0.6666700000261798 0.8622000000000014	Ag_F
0.8333300000523565 0.6666700000261798 0.8622000000000014	Ag_F
0.8333300000523565 0.1666700000261798 0.8622000000000014	Ag_F
0.3333300000523565 0.1666700000261798 0.8622000000000014	Ag_F
0.5000000000000000 0.0000000000000000 0.7865899999999968	Ag_F
0.0000000000000000 0.0000000000000000 0.7865899999999968	Ag_F
0.5000000000000000 0.5000000000000000 0.7865899999999968	Ag_F
0.0000000000000000 0.5000000000000000 0.7865899999999968	Ag_F
0.6666401137785984 0.8321213887852568 0.7161714308007299	Pd_T
0.8353757014956814 0.6674245212281649 0.6459602992527576	Pd_T
0.4980679147291444 0.4976705255076384 0.5782783714655472	Pd_T
0.1659490049749218 0.3330832007329309 0.7129612751321567	Pt_T
0.1666091442425984 0.8331274466002780 0.7142258991353370	Pt_T
0.6663863830310480 0.3331868046479097 0.7155137897277450	Pt_T
0.8374507701032806 0.1693355273718544 0.6469858165459680	Pt_T
0.3338745748887118 0.6643161456512440 0.6466166655592830	Pt_T
0.3323977483360529 0.1703488421143573 0.6472242101613692	Pt_T
0.5017669531106614 0.0035079222251771 0.5822909746086246	Pt_T
