2.9775 -5.15718 0
-5.955 0 0
0 0 -32.1555
1 0 0
0 1 0
0 0 1
0.6671753421214152 0.3338281603223269 0.7132402899523833	Ag_T
0.6671731545429370 0.8333485392293903 0.7132402193889300	Ag_T
0.8378699560359105 0.1689386178948488 0.6398691817575206	Ag_T
0.8369125771188224 0.6684595562539360 0.6392022037651576	Ag_T
0.3300266746000889 0.6643421953562567 0.6411984207505095	Ag_T
0.3300294032596481 0.1656832117842183 0.6411983528625561	Ag_T
0.4985955756779639 -0.0007024976952155 0.5664074743930899	Ag_T
0.4982249075355871 0.4991124889980613 0.5656253040088547	Ag_T
-0.0000256391339175 0.0001641440442027 0.5642304544038610	Ag_T
-0.0000244664285149 0.4998149528291727 0.5642304791868475	Ag_T
0.6666699999476435 0.3333299999738202 0.9378000000000029	Ag_F
0.1666699999476435 0.3333299999738202 0.9378000000000029	Ag_F
0.1666699999476435 0.8333299999738202 0.9378000000000029	Ag_F
0.6666699999476435 0.8333299999738202 0.9378000000000029	Ag_F
0.3333300000523565 0.6666700000261798 0.8622000000000014	Ag_F
0.8333300000523565 0.6666700000261798 0.8622000000000014	Ag_F
0.8333300000523565 0.1666700000261798 0.8622000000000014	Ag_F
0.3333300000523565 0.1666700000261798 0.8622000000000014	Ag_F
0.5000000000000000 0.0000000000000000 0.7865899999999968	Ag_F
0.0000000000000000 0.0000000000000000 0.7865899999999968	Ag_F
0.5000000000000000 0.5000000000000000 0.7865899999999968	Ag_F
0.0000000000000000 0.5000000000000000 0.7865899999999968	Ag_F
0.1649204371559594 0.8324603897926952 0.7134204647087867	Pd_T
0.1653864415894082 0.3326927376226355 0.7136338244486270	Pt_T
