2.9775 -5.15718 0
-5.955 0 0
0 0 -32.1555
1 0 0
0 1 0
0 0 1
-0.0000028873749894 0.5000015822630535 0.5734127965406459	Ag_T
0.6666699999476435 0.3333299999738202 0.9378000000000029	Ag_F
0.1666699999476435 0.3333299999738202 0.9378000000000029	Ag_F
0.1666699999476435 0.8333299999738202 0.9378000000000029	Ag_F
0.6666699999476435 0.8333299999738202 0.9378000000000029	Ag_F
0.3333300000523565 0.6666700000261798 0.8622000000000014	Ag_F
0.8333300000523565 0.6666700000261798 0.8622000000000014	Ag_F
0.8333300000523565 0.1666700000261798 0.8622000000000014	Ag_F
0.3333300000523565 0.1666700000261798 0.8622000000000014	Ag_F
0.5000000000000000 0.0000000000000000 0.7865899999999968	Ag_F
0.0000000000000000 0.0000000000000000 0.7865899999999968	Ag_F
0.5000000000000000 0.5000000000000000 0.7865899999999968	Ag_F
0.0000000000000000 0.5000000000000000 0.7865899999999968	Ag_F
0.6666698196507232 0.8333346408210254 0.7167785709753883	Pd_T
0.4985018549756233 0.0014925688227870 0.5802526028549521	Pd_T
0.4984945336664446 0.4970030779734839 0.5802532830486132	Pd_T
0.0029886571768163 0.0014973229199590 0.5802528978913883	Pd_T
0.1664669437604471 0.3335347865618228 0.7139934119745884	Pt_T
0.1664642029115158 0.8329269154023505 0.7139927212320601	Pt_T
0.6670644820638378 0.3335318732927525 0.7139931778960679	Pt_T
0.8334399016509932 0.1668684243666710 0.6469066223998556	Pt_T
0.8334371348243587 0.6665713251301352 0.6469065637464176	Pt_T
0.3331332468209497 0.6665662942219306 0.6469045553150597	Pt_T
0.3333335958145310 0.1666663026421976 0.6476538072777457	Pt_T
