2.9775 -5.15718 0
-5.955 0 0
0 0 -32.1555
1 0 0
0 1 0
0 0 1
0.8340318174257620 0.6670183126796767 0.6441982950487588	Ag_T
0.3365489819535861 0.6682974903448192 0.6442772381833237	Ag_T
0.3365469369018806 0.1682523666633305 0.6442766943832479	Ag_T
0.5047211539316120 0.0023608960061309 0.5717355209516536	Ag_T
0.5022462237688130 0.5011240793869678 0.5689704857689329	Ag_T
0.0010967586341502 0.0016184455956561 0.5715096796353267	Ag_T
0.0010941262526101 0.4994732501468941 0.5715097742105958	Ag_T
0.6666699999476435 0.3333299999738202 0.9378000000000029	Ag_F
0.1666699999476435 0.3333299999738202 0.9378000000000029	Ag_F
0.1666699999476435 0.8333299999738202 0.9378000000000029	Ag_F
0.6666699999476435 0.8333299999738202 0.9378000000000029	Ag_F
0.3333300000523565 0.6666700000261798 0.8622000000000014	Ag_F
0.8333300000523565 0.6666700000261798 0.8622000000000014	Ag_F
0.8333300000523565 0.1666700000261798 0.8622000000000014	Ag_F
0.3333300000523565 0.1666700000261798 0.8622000000000014	Ag_F
0.5000000000000000 0.0000000000000000 0.7865899999999968	Ag_F
0.0000000000000000 0.0000000000000000 0.7865899999999968	Ag_F
0.5000000000000000 0.5000000000000000 0.7865899999999968	Ag_F
0.0000000000000000 0.5000000000000000 0.7865899999999968	Ag_F
0.1659727606207782 0.8329889166540968 0.7158746445642085	Pd_T
0.6674527551003054 0.3308425509987180 0.7149940154477359	Pd_T
0.6674457511502790 0.8366070197105154 0.7149948213169811	Pd_T
0.1577793040355665 0.3288913782165802 0.7147332158353664	Pt_T
0.8384792958837879 0.1692367385709631 0.6441836340100230	Pt_T
