5.955 0 0
-2.9775 5.15718 0
0 0 32.1555
1 0 0
0 1 0
0 0 1
0.6666700000261798 0.3333300000523565 0.0621999999999971	Ag_F
0.6666700000261798 0.8333300000523565 0.0621999999999971	Ag_F
0.1666700000261798 0.8333300000523565 0.0621999999999971	Ag_F
0.1666700000261798 0.3333300000523565 0.0621999999999971	Ag_F
0.3333299999738202 0.6666699999476435 0.1377999999999986	Ag_F
0.3333299999738202 0.1666699999476435 0.1377999999999986	Ag_F
0.8333299999738202 0.1666699999476435 0.1377999999999986	Ag_F
0.8333299999738202 0.6666699999476435 0.1377999999999986	Ag_F
0.0000000000000000 0.5000000000000000 0.2134100000000032	Ag_F
0.0000000000000000 0.0000000000000000 0.2134100000000032	Ag_F
0.5000000000000000 0.5000000000000000 0.2134100000000032	Ag_F
0.5000000000000000 0.0000000000000000 0.2134100000000032	Ag_F
0.6666895624615673 0.8333397812700505 0.2848812632643248	Pd_T
0.1666895624615672 0.8333397812700505 0.2848812632643248	Pd_T
0.6666895624615673 0.3333397812700502 0.2848812632643248	Pd_T
0.1666895624615672 0.3333397812700502 0.2848812632643248	Pd_T
0.8333420312494036 0.1666760155854353 0.3525494880368920	Pd_T
0.3333420312494038 0.1666760155854353 0.3525494880368920	Pd_T
0.3333420312494038 0.6666760155854353 0.3525494880368920	Pd_T
0.8333420312494036 0.6666760155854353 0.3525494880368920	Pd_T
-0.0000367492825734 0.4999816253587134 0.4201082616241928	Pd_T
0.4999632507174266 0.4999816253587134 0.4201082616241928	Pd_T
-0.0000367492825734 -0.0000183746412867 0.4201082616241928	Pd_T
0.4999632507174266 -0.0000183746412867 0.4201082616241928	Pd_T
