2.9775 -5.15718 0
-5.955 0 0
0 0 -32.1555
1 0 0
0 1 0
0 0 1
0.0089976074584382 0.0044971624220108 0.5722854160757237	Ag_T
0.0089976074584382 0.5044971624220108 0.5722854160757237	Ag_T
0.6666699999476435 0.3333299999738202 0.9378000000000029	Ag_F
0.1666699999476435 0.3333299999738202 0.9378000000000029	Ag_F
0.1666699999476435 0.8333299999738202 0.9378000000000029	Ag_F
0.6666699999476435 0.8333299999738202 0.9378000000000029	Ag_F
0.3333300000523565 0.6666700000261798 0.8622000000000014	Ag_F
0.8333300000523565 0.6666700000261798 0.8622000000000014	Ag_F
0.8333300000523565 0.1666700000261798 0.8622000000000014	Ag_F
0.3333300000523565 0.1666700000261798 0.8622000000000014	Ag_F
0.5000000000000000 0.0000000000000000 0.7865899999999968	Ag_F
0.0000000000000000 0.0000000000000000 0.7865899999999968	Ag_F
0.5000000000000000 0.5000000000000000 0.7865899999999968	Ag_F
0.0000000000000000 0.5000000000000000 0.7865899999999968	Ag_F
0.1643074000220169 0.3321534657522162 0.7134394528587240	Pt_T
0.1643074000220169 0.8321534657522164 0.7134394528587240	Pt_T
0.6639535416036699 0.3319779360004927 0.7157550167126773	Pt_T
0.6639535416036699 0.8319779360004932 0.7157550167126773	Pt_T
0.8393630936760968 0.1696820127965864 0.6468097567567620	Pt_T
0.8393630936760968 0.6696820127965861 0.6468097567567620	Pt_T
0.3324683046854348 0.6662328879557925 0.6462914216127952	Pt_T
0.3324683046854348 0.1662328879557924 0.6462914216127952	Pt_T
0.5147840839077582 0.0073895899700081 0.5808822225119528	Pt_T
0.5147840839077582 0.5073895899700083 0.5808822225119528	Pt_T
