2.9775 -5.15718 0
-5.955 0 0
0 0 -32.1555
1 0 0
0 1 0
0 0 1
0.5004752675657054 0.5002488668704528 0.5741768350756794	Ag_T
-0.0002303652925732 -0.0004607305851464 0.5741766120983115	Ag_T
-0.0002264006952528 0.5002488668704528 0.5741768350756794	Ag_T
0.6666699999476435 0.3333299999738202 0.9378000000000029	Ag_F
0.1666699999476435 0.3333299999738202 0.9378000000000029	Ag_F
0.1666699999476435 0.8333299999738202 0.9378000000000029	Ag_F
0.6666699999476435 0.8333299999738202 0.9378000000000029	Ag_F
0.3333300000523565 0.6666700000261798 0.8622000000000014	Ag_F
0.8333300000523565 0.6666700000261798 0.8622000000000014	Ag_F
0.8333300000523565 0.1666700000261798 0.8622000000000014	Ag_F
0.3333300000523565 0.1666700000261798 0.8622000000000014	Ag_F
0.5000000000000000 0.0000000000000000 0.7865899999999968	Ag_F
0.0000000000000000 0.0000000000000000 0.7865899999999968	Ag_F
0.5000000000000000 0.5000000000000000 0.7865899999999968	Ag_F
0.0000000000000000 0.5000000000000000 0.7865899999999968	Ag_F
0.5000067064230063 0.0000134128460124 0.5779273657823184	Pd_T
0.1666634474454187 0.3333168949693705 0.7137945943879623	Pt_T
0.1660269728930699 0.8330040188416094 0.7151146904283626	Pt_T
0.6669848506864889 0.3339597014515112 0.7151150415196391	Pt_T
0.6669870458700063 0.8330040188416094 0.7151146904283626	Pt_T
0.8322692618953512 0.1661513838617762 0.6461126071061788	Pt_T
0.8333355110804590 0.6666810220823850 0.6459159328438989	Pt_T
0.3338700017992708 0.6677500035200086 0.6461134768241248	Pt_T
0.3338721220449581 0.1661513838617762 0.6461126071061788	Pt_T
