2.9775 -5.15718 0
-5.955 0 0
0 0 -32.1555
1 0 0
0 1 0
0 0 1
0.5028323149651235 0.4959245742687519 0.5747341350529436	Ag_T
0.0040754257312482 -0.0028323149651234 0.5747341350529436	Ag_T
0.0035731087883140 0.4964268912116861 0.5755621659979500	Ag_T
0.6666699999476435 0.3333299999738202 0.9378000000000029	Ag_F
0.1666699999476435 0.3333299999738202 0.9378000000000029	Ag_F
0.1666699999476435 0.8333299999738202 0.9378000000000029	Ag_F
0.6666699999476435 0.8333299999738202 0.9378000000000029	Ag_F
0.3333300000523565 0.6666700000261798 0.8622000000000014	Ag_F
0.8333300000523565 0.6666700000261798 0.8622000000000014	Ag_F
0.8333300000523565 0.1666700000261798 0.8622000000000014	Ag_F
0.3333300000523565 0.1666700000261798 0.8622000000000014	Ag_F
0.5000000000000000 0.0000000000000000 0.7865899999999968	Ag_F
0.0000000000000000 0.0000000000000000 0.7865899999999968	Ag_F
0.5000000000000000 0.5000000000000000 0.7865899999999968	Ag_F
0.0000000000000000 0.5000000000000000 0.7865899999999968	Ag_F
0.1653763813509886 0.8351544779100838 0.7157930467357341	Pd_T
0.6648455220113799 0.3346236185704751 0.7157930467357341	Pd_T
0.6662298340454257 0.8337701658760380 0.7156439924718819	Pd_T
0.8341200293625863 0.6658799707159500 0.6457467436674577	Pd_T
0.3342777432972260 0.1657222567813103 0.6463248712112283	Pd_T
0.5069133129427092 -0.0069133129427091 0.5787703460977724	Pd_T
0.1648859769272413 0.3351140229942224 0.7133720207663814	Pt_T
0.8307085920242712 0.1636458098941628 0.6474068027800237	Pt_T
0.3363541901843736 0.6692914080542651 0.6474068027800237	Pt_T
