2.9775 -5.15718 0
-5.955 0 0
0 0 -32.1555
1 0 0
0 1 0
0 0 1
0.5019458406469601 0.5009717489772205 0.5735240295854772	Ag_T
-0.0009717489772205 -0.0019458406469601 0.5735240295854772	Ag_T
-0.0009709152860658 0.5009709152860661 0.5735241427250913	Ag_T
0.6666699999476435 0.3333299999738202 0.9378000000000029	Ag_F
0.1666699999476435 0.3333299999738202 0.9378000000000029	Ag_F
0.1666699999476435 0.8333299999738202 0.9378000000000029	Ag_F
0.6666699999476435 0.8333299999738202 0.9378000000000029	Ag_F
0.3333300000523565 0.6666700000261798 0.8622000000000014	Ag_F
0.8333300000523565 0.6666700000261798 0.8622000000000014	Ag_F
0.8333300000523565 0.1666700000261798 0.8622000000000014	Ag_F
0.3333300000523565 0.1666700000261798 0.8622000000000014	Ag_F
0.5000000000000000 0.0000000000000000 0.7865899999999968	Ag_F
0.0000000000000000 0.0000000000000000 0.7865899999999968	Ag_F
0.5000000000000000 0.5000000000000000 0.7865899999999968	Ag_F
0.0000000000000000 0.5000000000000000 0.7865899999999968	Ag_F
0.1666657143812690 0.3333342855401946 0.7129800017961541	Pt_T
0.1667294113873351 0.8333648558998127 0.7152381474668476	Pt_T
0.6666351440216510 0.3332705885341286 0.7152381474668476	Pt_T
0.6666355463104020 0.8333644536110617 0.7152380757645487	Pt_T
0.8346025333186785 0.1673026658346718 0.6459842130475546	Pt_T
0.8333317277840442 0.6666682722944921 0.6464211169598577	Pt_T
0.3326973342438646 0.6653974667598578 0.6459842130475546	Pt_T
0.3326948644225254 0.1673051356560110 0.6459843329345107	Pt_T
0.5000001028202351 -0.0000001028202350 0.5798917297948080	Pt_T
