2.9775 -5.15718 0
-5.955 0 0
0 0 -32.1555
1 0 0
0 1 0
0 0 1
0.4985337557564606 0.4992666766875309 0.5747158959920292	Ag_T
-0.0003024306345160 -0.0003290733517547 0.5746255344484783	Ag_T
-0.0003032758786596 0.5000268002200017 0.5746252927560334	Ag_T
0.6666699999476435 0.3333299999738202 0.9378000000000029	Ag_F
0.1666699999476435 0.3333299999738202 0.9378000000000029	Ag_F
0.1666699999476435 0.8333299999738202 0.9378000000000029	Ag_F
0.6666699999476435 0.8333299999738202 0.9378000000000029	Ag_F
0.3333300000523565 0.6666700000261798 0.8622000000000014	Ag_F
0.8333300000523565 0.6666700000261798 0.8622000000000014	Ag_F
0.8333300000523565 0.1666700000261798 0.8622000000000014	Ag_F
0.3333300000523565 0.1666700000261798 0.8622000000000014	Ag_F
0.5000000000000000 0.0000000000000000 0.7865899999999968	Ag_F
0.0000000000000000 0.0000000000000000 0.7865899999999968	Ag_F
0.5000000000000000 0.5000000000000000 0.7865899999999968	Ag_F
0.0000000000000000 0.5000000000000000 0.7865899999999968	Ag_F
0.6681488793376525 0.3346135195413409 0.7158024326024425	Pd_T
0.6681461888047556 0.8335323895407991 0.7158021586657223	Pd_T
0.8318039421936412 0.6659017850087247 0.6454855915080104	Pd_T
0.4990500497958852 -0.0004756268993322 0.5788580331804930	Pd_T
0.1670695089489555 0.3335331534711122 0.7133088695107247	Pt_T
0.1664320404252129 0.8332158374156098 0.7150277660253659	Pt_T
0.8307859670743503 0.1653928135589804 0.6465585250934653	Pt_T
0.3337972524403441 0.6682742264387120 0.6470878219953626	Pt_T
0.3338003711789759 0.1655222804984919 0.6470878256648255	Pt_T
