2.9775 -5.15718 0
-5.955 0 0
0 0 -32.1555
1 0 0
0 1 0
0 0 1
0.4999992102028527 0.0000007897971473 0.5736200403872712	Ag_T
0.4999992102028527 0.5000007897971472 0.5736200403872712	Ag_T
-0.0000007897971473 0.0000007897971473 0.5736200403872712	Ag_T
-0.0000007897971473 0.5000007897971472 0.5736200403872712	Ag_T
0.6666699999476435 0.3333299999738202 0.9378000000000029	Ag_F
0.1666699999476435 0.3333299999738202 0.9378000000000029	Ag_F
0.1666699999476435 0.8333299999738202 0.9378000000000029	Ag_F
0.6666699999476435 0.8333299999738202 0.9378000000000029	Ag_F
0.3333300000523565 0.6666700000261798 0.8622000000000014	Ag_F
0.8333300000523565 0.6666700000261798 0.8622000000000014	Ag_F
0.8333300000523565 0.1666700000261798 0.8622000000000014	Ag_F
0.3333300000523565 0.1666700000261798 0.8622000000000014	Ag_F
0.5000000000000000 0.0000000000000000 0.7865899999999968	Ag_F
0.0000000000000000 0.0000000000000000 0.7865899999999968	Ag_F
0.5000000000000000 0.5000000000000000 0.7865899999999968	Ag_F
0.0000000000000000 0.5000000000000000 0.7865899999999968	Ag_F
0.1666661453190574 0.3333338546024063 0.7147582344567247	Pt_T
0.1666661453190574 0.8333338546024062 0.7147582344567247	Pt_T
0.6666661453190575 0.3333338546024063 0.7147582344567247	Pt_T
0.6666661453190575 0.8333338546024062 0.7147582344567247	Pt_T
0.8333345328329473 0.1666654672455892 0.6451814728636853	Pt_T
0.8333345328329473 0.6666654672455889 0.6451814728636853	Pt_T
0.3333345328329471 0.6666654672455889 0.6451814728636853	Pt_T
0.3333345328329471 0.1666654672455892 0.6451814728636853	Pt_T
