2.9775 -5.15718 0
-5.955 0 0
0 0 -32.1555
1 0 0
0 1 0
0 0 1
0.6666699999476435 0.3333299999738202 0.9378000000000029	Ag_F
0.1666699999476435 0.3333299999738202 0.9378000000000029	Ag_F
0.1666699999476435 0.8333299999738202 0.9378000000000029	Ag_F
0.6666699999476435 0.8333299999738202 0.9378000000000029	Ag_F
0.3333300000523565 0.6666700000261798 0.8622000000000014	Ag_F
0.8333300000523565 0.6666700000261798 0.8622000000000014	Ag_F
0.8333300000523565 0.1666700000261798 0.8622000000000014	Ag_F
0.3333300000523565 0.1666700000261798 0.8622000000000014	Ag_F
0.5000000000000000 0.0000000000000000 0.7865899999999968	Ag_F
0.0000000000000000 0.0000000000000000 0.7865899999999968	Ag_F
0.5000000000000000 0.5000000000000000 0.7865899999999968	Ag_F
0.0000000000000000 0.5000000000000000 0.7865899999999968	Ag_F
0.6652213464789010 0.3326126853444619 0.7159043872240444	Pd_T
0.6652213464789010 0.8326126853444618 0.7159043872240444	Pd_T
0.0021001934959421 0.0010513742982921 0.5775156017394739	Pd_T
0.0021001934959421 0.5010513742982924 0.5775156017394739	Pd_T
0.1641591461104507 0.3320806377450238 0.7136159915151103	Pt_T
0.1641591461104507 0.8320806377450241 0.7136159915151103	Pt_T
0.8368580083571453 0.1684297897030150 0.6473226838539187	Pt_T
0.8368580083571453 0.6684297897030151 0.6473226838539187	Pt_T
0.3300832827261351 0.6650410709541935 0.6477752545437114	Pt_T
0.3300832827261350 0.1650410709541933 0.6477752545437114	Pt_T
0.5051225288461187 0.0025585016421425 0.5826467811461763	Pt_T
0.5051225288461187 0.5025585016421423 0.5826467811461763	Pt_T
