2.9775 -5.15718 0
-5.955 0 0
0 0 -32.1555
1 0 0
0 1 0
0 0 1
0.5000010218459189 -0.0000010218459191 0.5754432291598965	Ag_T
0.5000010218459189 0.4999989781540810 0.5754432291598965	Ag_T
0.0000010218459191 -0.0000010218459191 0.5754432291598965	Ag_T
0.0000010218459191 0.4999989781540810 0.5754432291598965	Ag_T
0.6666699999476435 0.3333299999738202 0.9378000000000029	Ag_F
0.1666699999476435 0.3333299999738202 0.9378000000000029	Ag_F
0.1666699999476435 0.8333299999738202 0.9378000000000029	Ag_F
0.6666699999476435 0.8333299999738202 0.9378000000000029	Ag_F
0.3333300000523565 0.6666700000261798 0.8622000000000014	Ag_F
0.8333300000523565 0.6666700000261798 0.8622000000000014	Ag_F
0.8333300000523565 0.1666700000261798 0.8622000000000014	Ag_F
0.3333300000523565 0.1666700000261798 0.8622000000000014	Ag_F
0.5000000000000000 0.0000000000000000 0.7865899999999968	Ag_F
0.0000000000000000 0.0000000000000000 0.7865899999999968	Ag_F
0.5000000000000000 0.5000000000000000 0.7865899999999968	Ag_F
0.0000000000000000 0.5000000000000000 0.7865899999999968	Ag_F
0.1666645635913759 0.3333354363300878 0.7154399891464632	Pd_T
0.1666645635913759 0.8333354363300879 0.7154399891464632	Pd_T
0.6666645635913758 0.3333354363300878 0.7154399891464632	Pd_T
0.6666645635913758 0.8333354363300879 0.7154399891464632	Pd_T
0.8333367776348558 0.1666632224436803 0.6463018997453104	Pd_T
0.8333367776348558 0.6666632224436805 0.6463018997453104	Pd_T
0.3333367776348559 0.6666632224436805 0.6463018997453104	Pd_T
0.3333367776348559 0.1666632224436803 0.6463018997453104	Pd_T
