2.9775 -5.15718 0
-5.955 0 0
0 0 -32.1555
1 0 0
0 1 0
0 0 1
-0.0113418788854170 -0.0056691808844732 0.5741200363612013	Ag_T
-0.0113418788854170 0.4943308191155268 0.5741200363612013	Ag_T
0.6666699999476435 0.3333299999738202 0.9378000000000029	Ag_F
0.1666699999476435 0.3333299999738202 0.9378000000000029	Ag_F
0.1666699999476435 0.8333299999738202 0.9378000000000029	Ag_F
0.6666699999476435 0.8333299999738202 0.9378000000000029	Ag_F
0.3333300000523565 0.6666700000261798 0.8622000000000014	Ag_F
0.8333300000523565 0.6666700000261798 0.8622000000000014	Ag_F
0.8333300000523565 0.1666700000261798 0.8622000000000014	Ag_F
0.3333300000523565 0.1666700000261798 0.8622000000000014	Ag_F
0.5000000000000000 0.0000000000000000 0.7865899999999968	Ag_F
0.0000000000000000 0.0000000000000000 0.7865899999999968	Ag_F
0.5000000000000000 0.5000000000000000 0.7865899999999968	Ag_F
0.0000000000000000 0.5000000000000000 0.7865899999999968	Ag_F
0.1715991000576911 0.3357973709357395 0.7147001604953592	Pd_T
0.1715991000576911 0.8357973709357395 0.7147001604953592	Pd_T
0.8403941744507408 0.1701968951449615 0.6464476926426908	Pd_T
0.8403941744507408 0.6701968951449619 0.6464476926426908	Pd_T
0.4847504706026632 -0.0076243557866031 0.5793962492027337	Pd_T
0.4847504706026632 0.4923756442133969 0.5793962492027337	Pd_T
0.6706762741439311 0.3353358802160381 0.7152342477480083	Pt_T
0.6706762741439311 0.8353358802160383 0.7152342477480083	Pt_T
0.3396617085517185 0.6698305265939072 0.6468367810763883	Pt_T
0.3396617085517185 0.1698305265939071 0.6468367810763883	Pt_T
