2.9775 -5.15718 0
-5.955 0 0
0 0 -32.1555
1 0 0
0 1 0
0 0 1
0.3307144532556559 0.6653603292794873 0.6443112748150813	Ag_T
0.3307144532556559 0.1653603292794875 0.6443112748150813	Ag_T
0.5000560571379995 0.0000286546471654 0.5708989363433943	Ag_T
0.5000560571379995 0.5000286546471653 0.5708989363433943	Ag_T
-0.0038589977728613 -0.0019324421305384 0.5723593785182217	Ag_T
-0.0038589977728613 0.4980675578694616 0.5723593785182217	Ag_T
0.6666699999476435 0.3333299999738202 0.9378000000000029	Ag_F
0.1666699999476435 0.3333299999738202 0.9378000000000029	Ag_F
0.1666699999476435 0.8333299999738202 0.9378000000000029	Ag_F
0.6666699999476435 0.8333299999738202 0.9378000000000029	Ag_F
0.3333300000523565 0.6666700000261798 0.8622000000000014	Ag_F
0.8333300000523565 0.6666700000261798 0.8622000000000014	Ag_F
0.8333300000523565 0.1666700000261798 0.8622000000000014	Ag_F
0.3333300000523565 0.1666700000261798 0.8622000000000014	Ag_F
0.5000000000000000 0.0000000000000000 0.7865899999999968	Ag_F
0.0000000000000000 0.0000000000000000 0.7865899999999968	Ag_F
0.5000000000000000 0.5000000000000000 0.7865899999999968	Ag_F
0.0000000000000000 0.5000000000000000 0.7865899999999968	Ag_F
0.1658646946818737 0.3329370003045956 0.7152689337629361	Pd_T
0.1658646946818737 0.8329370003045955 0.7152689337629361	Pd_T
0.8287142892868025 0.1643560368511264 0.6441284499484076	Pd_T
0.8287142892868025 0.6643560368511260 0.6441284499484076	Pd_T
0.6729688749196528 0.3364852422912347 0.7143960922166916	Pt_T
0.6729688749196528 0.8364852422912346 0.7143960922166916	Pt_T
