2.9775 -5.15718 0
-5.955 0 0
0 0 -32.1555
1 0 0
0 1 0
0 0 1
0.0130662586263400 0.5065374021455337 0.5738848393356289	Ag_T
0.6666699999476435 0.3333299999738202 0.9378000000000029	Ag_F
0.1666699999476435 0.3333299999738202 0.9378000000000029	Ag_F
0.1666699999476435 0.8333299999738202 0.9378000000000029	Ag_F
0.6666699999476435 0.8333299999738202 0.9378000000000029	Ag_F
0.3333300000523565 0.6666700000261798 0.8622000000000014	Ag_F
0.8333300000523565 0.6666700000261798 0.8622000000000014	Ag_F
0.8333300000523565 0.1666700000261798 0.8622000000000014	Ag_F
0.3333300000523565 0.1666700000261798 0.8622000000000014	Ag_F
0.5000000000000000 0.0000000000000000 0.7865899999999968	Ag_F
0.0000000000000000 0.0000000000000000 0.7865899999999968	Ag_F
0.5000000000000000 0.5000000000000000 0.7865899999999968	Ag_F
0.0000000000000000 0.5000000000000000 0.7865899999999968	Ag_F
0.6643660539732033 0.8321837337709901 0.7166803755541800	Pd_T
0.3361058421494839 0.6680555405524443 0.6465027867262408	Pd_T
0.5114501979039567 0.0132681285386734 0.5801698812419183	Pd_T
0.5114336011929228 0.4981700722103216 0.5801708373814006	Pd_T
0.0113094540551416 0.0056559707332057 0.5807776523152447	Pd_T
0.1651422188582490 0.3325510260661175 0.7142289623960932	Pt_T
0.1651444596009608 0.8325913820201343 0.7142290501682109	Pt_T
0.6669957622271907 0.3335007446491317 0.7139650334273967	Pt_T
0.8364426098502925 0.1686389467781256 0.6472053474404941	Pt_T
0.8364451505466136 0.6678081951291330 0.6472053724786015	Pt_T
0.3364953950770829 0.1682450147886970 0.6479693047959046	Pt_T
