2.9775 -5.15718 0
-5.955 0 0
0 0 -32.1555
1 0 0
0 1 0
0 0 1
0.8345425725672569 0.6672740718722787 0.6438028498425760	Ag_T
0.3352560883086936 0.6677227429079768 0.6438631017761672	Ag_T
0.3352565123115555 0.1675347637826258 0.6438630643913514	Ag_T
0.5029284299836784 0.0014671172073927 0.5706963732852958	Ag_T
0.5016889567182345 0.5008463009008095 0.5697778417142896	Ag_T
0.0007570787869613 0.0010695563768332 0.5704613844899188	Ag_T
0.0007550180789998 0.4996885136699406 0.5704613024179892	Ag_T
0.6666699999476435 0.3333299999738202 0.9378000000000029	Ag_F
0.1666699999476435 0.3333299999738202 0.9378000000000029	Ag_F
0.1666699999476435 0.8333299999738202 0.9378000000000029	Ag_F
0.6666699999476435 0.8333299999738202 0.9378000000000029	Ag_F
0.3333300000523565 0.6666700000261798 0.8622000000000014	Ag_F
0.8333300000523565 0.6666700000261798 0.8622000000000014	Ag_F
0.8333300000523565 0.1666700000261798 0.8622000000000014	Ag_F
0.3333300000523565 0.1666700000261798 0.8622000000000014	Ag_F
0.5000000000000000 0.0000000000000000 0.7865899999999968	Ag_F
0.0000000000000000 0.0000000000000000 0.7865899999999968	Ag_F
0.5000000000000000 0.5000000000000000 0.7865899999999968	Ag_F
0.0000000000000000 0.5000000000000000 0.7865899999999968	Ag_F
0.6681579138147324 0.3315668940107135 0.7148393476277518	Pd_T
0.6681584322424202 0.8365964112857809 0.7148391786163206	Pd_T
0.8374071751092366 0.1686950910103826 0.6425349556396418	Pd_T
0.1599924913114057 0.3299996342207105 0.7147113642496226	Pt_T
0.1670333209059807 0.8335173068641065 0.7154365548145576	Pt_T
