2.9775 -5.15718 0
-5.955 0 0
0 0 -32.1555
1 0 0
0 1 0
0 0 1
0.3354475257333367 0.1677228651646045 0.6446247341808212	Ag_T
0.5020071788569841 -0.0009243176064596 0.5728151450122605	Ag_T
0.5020074498598588 0.5029331241029886 0.5728156261902423	Ag_T
-0.0007675162604839 -0.0003858000343053 0.5725565482104847	Ag_T
0.0007019247182414 0.5003505514242218 0.5741306987591249	Ag_T
0.6666699999476435 0.3333299999738202 0.9378000000000029	Ag_F
0.1666699999476435 0.3333299999738202 0.9378000000000029	Ag_F
0.1666699999476435 0.8333299999738202 0.9378000000000029	Ag_F
0.6666699999476435 0.8333299999738202 0.9378000000000029	Ag_F
0.3333300000523565 0.6666700000261798 0.8622000000000014	Ag_F
0.8333300000523565 0.6666700000261798 0.8622000000000014	Ag_F
0.8333300000523565 0.1666700000261798 0.8622000000000014	Ag_F
0.3333300000523565 0.1666700000261798 0.8622000000000014	Ag_F
0.5000000000000000 0.0000000000000000 0.7865899999999968	Ag_F
0.0000000000000000 0.0000000000000000 0.7865899999999968	Ag_F
0.5000000000000000 0.5000000000000000 0.7865899999999968	Ag_F
0.0000000000000000 0.5000000000000000 0.7865899999999968	Ag_F
0.6674624670934779 0.3337314639302261 0.7151774161968071	Pd_T
0.8348080549648528 0.1652674301712292 0.6445517208705783	Pd_T
0.8348062858589356 0.6695346724079045 0.6445520097250418	Pd_T
0.3355660881296099 0.6677859598597368 0.6449721371815077	Pd_T
0.1633243424522308 0.3349500872404643 0.7148980399829773	Pt_T
0.1633224466295440 0.8283764734620703 0.7148979474823718	Pt_T
0.6667012182822545 0.8333513405137000 0.7141436601462137	Pt_T
