2.9775 -5.15718 0
-5.955 0 0
0 0 -32.1555
1 0 0
0 1 0
0 0 1
0.8333338044549201 0.6666661956236162 0.6453576327806091	Ag_T
0.4981095064664498 0.4990551989430659 0.5734399052301946	Ag_T
0.0009448010569344 0.0018904935335502 0.5734399052301946	Ag_T
0.0009430498552520 0.4990569501447479 0.5734400777447523	Ag_T
0.6666699999476435 0.3333299999738202 0.9378000000000029	Ag_F
0.1666699999476435 0.3333299999738202 0.9378000000000029	Ag_F
0.1666699999476435 0.8333299999738202 0.9378000000000029	Ag_F
0.6666699999476435 0.8333299999738202 0.9378000000000029	Ag_F
0.3333300000523565 0.6666700000261798 0.8622000000000014	Ag_F
0.8333300000523565 0.6666700000261798 0.8622000000000014	Ag_F
0.8333300000523565 0.1666700000261798 0.8622000000000014	Ag_F
0.3333300000523565 0.1666700000261798 0.8622000000000014	Ag_F
0.5000000000000000 0.0000000000000000 0.7865899999999968	Ag_F
0.0000000000000000 0.0000000000000000 0.7865899999999968	Ag_F
0.5000000000000000 0.5000000000000000 0.7865899999999968	Ag_F
0.0000000000000000 0.5000000000000000 0.7865899999999968	Ag_F
0.1689086923967996 0.8344557561489871 0.7156247105798644	Pd_T
0.6655442437724766 0.3310913075246642 0.7156247105798644	Pd_T
0.6655471959380999 0.8344528039833639 0.7156245598880719	Pd_T
0.8331890272782491 0.1665913389617779 0.6459105337105151	Pd_T
0.3334086611167583 0.6668109728002872 0.6459105337105151	Pd_T
0.3333989599063937 0.1666010401721426 0.6459096304606331	Pd_T
0.4999993989490228 0.0000006010509771 0.5770479432587517	Pd_T
0.1666649417087814 0.3333350582126822 0.7138941174080187	Pt_T
