2.9775 -5.15718 0
-5.955 0 0
0 0 -32.1555
1 0 0
0 1 0
0 0 1
0.1641335245362269 0.3315779760193921 0.7117074186576405	Ag_T
0.1641336837137263 0.8325479813950216 0.7117073855309289	Ag_T
0.6634335092493990 0.3317074992016880 0.7116560856570019	Ag_T
0.6650929041257863 0.8325408320401458 0.7114198039607622	Ag_T
0.0091551447498534 0.5045889831051902 0.5660622349240758	Ag_T
0.6666699999476435 0.3333299999738202 0.9378000000000029	Ag_F
0.1666699999476435 0.3333299999738202 0.9378000000000029	Ag_F
0.1666699999476435 0.8333299999738202 0.9378000000000029	Ag_F
0.6666699999476435 0.8333299999738202 0.9378000000000029	Ag_F
0.3333300000523565 0.6666700000261798 0.8622000000000014	Ag_F
0.8333300000523565 0.6666700000261798 0.8622000000000014	Ag_F
0.8333300000523565 0.1666700000261798 0.8622000000000014	Ag_F
0.3333300000523565 0.1666700000261798 0.8622000000000014	Ag_F
0.5000000000000000 0.0000000000000000 0.7865899999999968	Ag_F
0.0000000000000000 0.0000000000000000 0.7865899999999968	Ag_F
0.5000000000000000 0.5000000000000000 0.7865899999999968	Ag_F
0.0000000000000000 0.5000000000000000 0.7865899999999968	Ag_F
0.3282615236011140 0.6641277477921106 0.6402178400436292	Pd_T
0.5060009734460961 0.0067696038022887 0.5714524416511370	Pd_T
0.5059880941257144 0.4992457431002220 0.5714481313802030	Pd_T
0.0021417767919785 0.0010816405796270 0.5721206009451023	Pd_T
0.8325857062338239 0.1704074819189478 0.6395908153957229	Pt_T
0.8325770997046250 0.6621668725026035 0.6395915359989701	Pt_T
0.3309603711029271 0.1654842438381791 0.6393092919310535	Pt_T
