2.9775 -5.15718 0
-5.955 0 0
0 0 -32.1555
1 0 0
0 1 0
0 0 1
0.1647654518928568 0.3323827964265611 0.7107043598236502	Ag_T
0.1663774327530438 0.8331893942084693 0.7118993123819588	Ag_T
0.6678790017089971 0.3324242191280739 0.7109592514719443	Ag_T
0.6678799945568712 0.8354632590142097 0.7109590440524994	Ag_T
0.8329449402106678 0.6664758094045132 0.6367880120065629	Ag_T
0.3311244253168353 0.6641089649892887 0.6368203755235367	Ag_T
0.3311253080696291 0.1670177905021739 0.6368202699383835	Ag_T
0.5016513784204664 0.5008254801488405 0.5611751582239110	Ag_T
-0.0000474929861233 0.0006608915754859 0.5625286854436787	Ag_T
-0.0000466012761732 0.4992994177731848 0.5625282064159736	Ag_T
0.6666699999476435 0.3333299999738202 0.9378000000000029	Ag_F
0.1666699999476435 0.3333299999738202 0.9378000000000029	Ag_F
0.1666699999476435 0.8333299999738202 0.9378000000000029	Ag_F
0.6666699999476435 0.8333299999738202 0.9378000000000029	Ag_F
0.3333300000523565 0.6666700000261798 0.8622000000000014	Ag_F
0.8333300000523565 0.6666700000261798 0.8622000000000014	Ag_F
0.8333300000523565 0.1666700000261798 0.8622000000000014	Ag_F
0.3333300000523565 0.1666700000261798 0.8622000000000014	Ag_F
0.5000000000000000 0.0000000000000000 0.7865899999999968	Ag_F
0.0000000000000000 0.0000000000000000 0.7865899999999968	Ag_F
0.5000000000000000 0.5000000000000000 0.7865899999999968	Ag_F
0.0000000000000000 0.5000000000000000 0.7865899999999968	Ag_F
0.8322256756066756 0.1661196869305895 0.6369121904358711	Pd_T
0.5039571321492224 0.0019783374769865 0.5680558580885672	Pt_T
