2.9775 -5.15718 0
-5.955 0 0
0 0 -32.1555
1 0 0
0 1 0
0 0 1
0.8340813633157963 0.1666409391884573 0.6444296134763455	Ag_T
0.8340809710609235 0.6674412201348844 0.6444295189546729	Ag_T
0.3338613491296673 0.1669296057192416 0.6443422502417583	Ag_T
0.0002888362481030 0.0001456967511076 0.5697555051462103	Ag_T
0.0019725318372580 0.5009878782949364 0.5712332491797214	Ag_T
0.6666699999476435 0.3333299999738202 0.9378000000000029	Ag_F
0.1666699999476435 0.3333299999738202 0.9378000000000029	Ag_F
0.1666699999476435 0.8333299999738202 0.9378000000000029	Ag_F
0.6666699999476435 0.8333299999738202 0.9378000000000029	Ag_F
0.3333300000523565 0.6666700000261798 0.8622000000000014	Ag_F
0.8333300000523565 0.6666700000261798 0.8622000000000014	Ag_F
0.8333300000523565 0.1666700000261798 0.8622000000000014	Ag_F
0.3333300000523565 0.1666700000261798 0.8622000000000014	Ag_F
0.5000000000000000 0.0000000000000000 0.7865899999999968	Ag_F
0.0000000000000000 0.0000000000000000 0.7865899999999968	Ag_F
0.5000000000000000 0.5000000000000000 0.7865899999999968	Ag_F
0.0000000000000000 0.5000000000000000 0.7865899999999968	Ag_F
0.1685410024236150 0.3371385232334611 0.7152866296401238	Pd_T
0.1685365262100901 0.8313994693257875 0.7152865602392240	Pd_T
0.6666111881641049 0.3333050982859896 0.7159157150178876	Pd_T
0.6631665248161404 0.8315813610441394 0.7153859358240661	Pd_T
0.3348806713798013 0.6674404373540693 0.6446997821139477	Pd_T
0.4981950327038635 -0.0051918347314637 0.5745489076425373	Pd_T
0.4981966244719924 0.5033992289203114 0.5745484627643253	Pd_T
