2.9775 -5.15718 0
-5.955 0 0
0 0 -32.1555
1 0 0
0 1 0
0 0 1
0.6671954412816848 0.8343896004397628 0.7135506280305449	Ag_T
0.8355315435601584 0.6662765393188328 0.6424303266917759	Ag_T
0.3307401688836632 0.6662736381043927 0.6424306293274112	Ag_T
0.3335486106749349 0.1671075806254642 0.6434476296826752	Ag_T
0.5016194937847475 0.0018388587923194 0.5697650583184981	Ag_T
0.5005161819149304 0.5010356803436543 0.5680563453039122	Ag_T
0.0002164946546624 0.0018392852534299 0.5697650078123916	Ag_T
0.0000339508610854 0.5000725041039251 0.5684759546887556	Ag_T
0.6666699999476435 0.3333299999738202 0.9378000000000029	Ag_F
0.1666699999476435 0.3333299999738202 0.9378000000000029	Ag_F
0.1666699999476435 0.8333299999738202 0.9378000000000029	Ag_F
0.6666699999476435 0.8333299999738202 0.9378000000000029	Ag_F
0.3333300000523565 0.6666700000261798 0.8622000000000014	Ag_F
0.8333300000523565 0.6666700000261798 0.8622000000000014	Ag_F
0.8333300000523565 0.1666700000261798 0.8622000000000014	Ag_F
0.3333300000523565 0.1666700000261798 0.8622000000000014	Ag_F
0.5000000000000000 0.0000000000000000 0.7865899999999968	Ag_F
0.0000000000000000 0.0000000000000000 0.7865899999999968	Ag_F
0.5000000000000000 0.5000000000000000 0.7865899999999968	Ag_F
0.0000000000000000 0.5000000000000000 0.7865899999999968	Ag_F
0.1605088503801457 0.3306784454584366 0.7140576829138232	Pd_T
0.6701693854875048 0.3306790042605147 0.7140569369613690	Pd_T
0.1663262994119131 0.8326533898968554 0.7154575471689163	Pt_T
0.8359277185747366 0.1718618855844720 0.6414122682674996	Pt_T
