2.9775 -5.15718 0
-5.955 0 0
0 0 -32.1555
1 0 0
0 1 0
0 0 1
0.0275214789842615 0.5137611648243809 0.5720798555096074	Ag_T
0.6666699999476435 0.3333299999738202 0.9378000000000029	Ag_F
0.1666699999476435 0.3333299999738202 0.9378000000000029	Ag_F
0.1666699999476435 0.8333299999738202 0.9378000000000029	Ag_F
0.6666699999476435 0.8333299999738202 0.9378000000000029	Ag_F
0.3333300000523565 0.6666700000261798 0.8622000000000014	Ag_F
0.8333300000523565 0.6666700000261798 0.8622000000000014	Ag_F
0.8333300000523565 0.1666700000261798 0.8622000000000014	Ag_F
0.3333300000523565 0.1666700000261798 0.8622000000000014	Ag_F
0.5000000000000000 0.0000000000000000 0.7865899999999968	Ag_F
0.0000000000000000 0.0000000000000000 0.7865899999999968	Ag_F
0.5000000000000000 0.5000000000000000 0.7865899999999968	Ag_F
0.0000000000000000 0.5000000000000000 0.7865899999999968	Ag_F
0.6658705977837929 0.8329350238416878 0.7166655613618939	Pd_T
0.3408223631284847 0.6704126914370578 0.6460850727977457	Pd_T
0.0084497079734376 0.0042260935681644 0.5790774122856825	Pd_T
0.1650460043698367 0.3342947669925671 0.7139222550428620	Pt_T
0.1650438233165856 0.8307528133707019 0.7139225003240460	Pt_T
0.6650441721099630 0.3325228891165234 0.7144788199153015	Pt_T
0.8419142846408009 0.1738568584656537 0.6473465032170062	Pt_T
0.8419124020796409 0.6680578385697012 0.6473471342587591	Pt_T
0.3305808592763067 0.1652891384824578 0.6481677416333259	Pt_T
0.5203038050791985 0.0258289652675259 0.5817738941471293	Pt_T
0.5203016880971394 0.4944726942911535 0.5817737228180950	Pt_T
