2.9775 -5.15718 0
-5.955 0 0
0 0 -32.1555
1 0 0
0 1 0
0 0 1
0.1639081516893913 0.3319562188266578 0.7120199419694120	Ag_T
0.6680397185751280 0.3319602813463357 0.7120196332479470	Ag_T
0.6680437810948059 0.8360918482320725 0.7120199419694120	Ag_T
0.8369270102191843 0.6684692869699401 0.6392765142872737	Ag_T
0.3315357355463757 0.6684642645321608 0.6392760919837904	Ag_T
0.3315307131085959 0.1630729898593520 0.6392765142872737	Ag_T
0.5007531128762246 0.0003791577703921 0.5648506974186759	Ag_T
0.4999990029671056 0.5000009970328946 0.5650884866090676	Ag_T
-0.0003781095057512 0.0003781095057512 0.5648507838818708	Ag_T
-0.0003791577703921 0.4992468871237755 0.5648506974186759	Ag_T
0.6666699999476435 0.3333299999738202 0.9378000000000029	Ag_F
0.1666699999476435 0.3333299999738202 0.9378000000000029	Ag_F
0.1666699999476435 0.8333299999738202 0.9378000000000029	Ag_F
0.6666699999476435 0.8333299999738202 0.9378000000000029	Ag_F
0.3333300000523565 0.6666700000261798 0.8622000000000014	Ag_F
0.8333300000523565 0.6666700000261798 0.8622000000000014	Ag_F
0.8333300000523565 0.1666700000261798 0.8622000000000014	Ag_F
0.3333300000523565 0.1666700000261798 0.8622000000000014	Ag_F
0.5000000000000000 0.0000000000000000 0.7865899999999968	Ag_F
0.0000000000000000 0.0000000000000000 0.7865899999999968	Ag_F
0.5000000000000000 0.5000000000000000 0.7865899999999968	Ag_F
0.0000000000000000 0.5000000000000000 0.7865899999999968	Ag_F
0.1666688082599694 0.8333311916614943 0.7133540420076528	Pd_T
0.8333311130579382 0.1666688870205984 0.6377231248545976	Pd_T
