2.9775 -5.15718 0
-5.955 0 0
0 0 -32.1555
1 0 0
0 1 0
0 0 1
0.1655320300731404 0.8327679816665311 0.7145484676132866	Ag_T
0.8308442225455895 0.6654199599102827 0.6423110221458177	Ag_T
0.3377225172176025 0.6664990251322221 0.6425840126714135	Ag_T
0.3377271878007804 0.1712291186572971 0.6425842058459701	Ag_T
0.5054656637295115 0.0027345977365355 0.5705333674607466	Ag_T
0.5026732192888856 0.5013390575376504 0.5662731987117043	Ag_T
0.0017449629651747 0.0023444372700001 0.5701633462338335	Ag_T
0.0017385365902692 0.4993929132807559 0.5701626700889719	Ag_T
0.6666699999476435 0.3333299999738202 0.9378000000000029	Ag_F
0.1666699999476435 0.3333299999738202 0.9378000000000029	Ag_F
0.1666699999476435 0.8333299999738202 0.9378000000000029	Ag_F
0.6666699999476435 0.8333299999738202 0.9378000000000029	Ag_F
0.3333300000523565 0.6666700000261798 0.8622000000000014	Ag_F
0.8333300000523565 0.6666700000261798 0.8622000000000014	Ag_F
0.8333300000523565 0.1666700000261798 0.8622000000000014	Ag_F
0.3333300000523565 0.1666700000261798 0.8622000000000014	Ag_F
0.5000000000000000 0.0000000000000000 0.7865899999999968	Ag_F
0.0000000000000000 0.0000000000000000 0.7865899999999968	Ag_F
0.5000000000000000 0.5000000000000000 0.7865899999999968	Ag_F
0.0000000000000000 0.5000000000000000 0.7865899999999968	Ag_F
0.6669575546244363 0.3312286765811795 0.7143147259714149	Pd_T
0.6669578584455632 0.8357305175845556 0.7143146574305722	Pd_T
0.1585776663123766 0.3292911869074827 0.7140986605270012	Pt_T
0.8386505052595380 0.1693233487533003 0.6438146343744743	Pt_T
