2.9775 -5.15718 0
-5.955 0 0
0 0 -32.1555
1 0 0
0 1 0
0 0 1
0.0031829936398576 0.4968170063601423 0.5725947113197954	Ag_T
0.6666699999476435 0.3333299999738202 0.9378000000000029	Ag_F
0.1666699999476435 0.3333299999738202 0.9378000000000029	Ag_F
0.1666699999476435 0.8333299999738202 0.9378000000000029	Ag_F
0.6666699999476435 0.8333299999738202 0.9378000000000029	Ag_F
0.3333300000523565 0.6666700000261798 0.8622000000000014	Ag_F
0.8333300000523565 0.6666700000261798 0.8622000000000014	Ag_F
0.8333300000523565 0.1666700000261798 0.8622000000000014	Ag_F
0.3333300000523565 0.1666700000261798 0.8622000000000014	Ag_F
0.5000000000000000 0.0000000000000000 0.7865899999999968	Ag_F
0.0000000000000000 0.0000000000000000 0.7865899999999968	Ag_F
0.5000000000000000 0.5000000000000000 0.7865899999999968	Ag_F
0.0000000000000000 0.5000000000000000 0.7865899999999968	Ag_F
0.6654111213365220 0.8345888785849417 0.7167691726221350	Pd_T
0.5049059825097020 0.4951704290362084 0.5793088961108974	Pd_T
0.0048295709637915 -0.0049059825097019 0.5793088961108974	Pd_T
0.1646949363252356 0.3353050635962281 0.7133900112658341	Pt_T
0.1651939701861748 0.8337022611506917 0.7143440296607287	Pt_T
0.6662977387707720 0.3348060297352889 0.7143440296607287	Pt_T
0.8366946562844854 0.1677211662660696 0.6467431660413600	Pt_T
0.8340957378042205 0.6659042622743159 0.6470935548540711	Pt_T
0.3322788338124666 0.6633053437940509 0.6467431660413600	Pt_T
0.3311914651214991 0.1688085349570371 0.6478135011901299	Pt_T
0.4980073022773228 0.0019926977226771 0.5826630286312988	Pt_T
