2.9775 -5.15718 0
-5.955 0 0
0 0 -32.1555
1 0 0
0 1 0
0 0 1
0.6642944814525884 0.8285915502602942 0.7138635674187035	Ag_T
0.8350356012695161 0.6676741345445742 0.6421314156890846	Ag_T
0.3326278819329431 0.6676745766091177 0.6421313109823236	Ag_T
0.3348453479842465 0.1696953222075833 0.6433931562794771	Ag_T
0.5043178077646766 0.0052548083441262 0.5703775389413124	Ag_T
0.5018406276828273 0.5036929206486354 0.5673414186562904	Ag_T
0.0009307061135619 0.0052518722811467 0.5703786764167824	Ag_T
0.0008340494314763 0.5016807656194814 0.5687874913959564	Ag_T
0.6666699999476435 0.3333299999738202 0.9378000000000029	Ag_F
0.1666699999476435 0.3333299999738202 0.9378000000000029	Ag_F
0.1666699999476435 0.8333299999738202 0.9378000000000029	Ag_F
0.6666699999476435 0.8333299999738202 0.9378000000000029	Ag_F
0.3333300000523565 0.6666700000261798 0.8622000000000014	Ag_F
0.8333300000523565 0.6666700000261798 0.8622000000000014	Ag_F
0.8333300000523565 0.1666700000261798 0.8622000000000014	Ag_F
0.3333300000523565 0.1666700000261798 0.8622000000000014	Ag_F
0.5000000000000000 0.0000000000000000 0.7865899999999968	Ag_F
0.0000000000000000 0.0000000000000000 0.7865899999999968	Ag_F
0.5000000000000000 0.5000000000000000 0.7865899999999968	Ag_F
0.0000000000000000 0.5000000000000000 0.7865899999999968	Ag_F
0.1663137667662866 0.8326298290341586 0.7151418044681283	Pd_T
0.1587136212229396 0.3293716300604091 0.7140830792868077	Pt_T
0.6706574618212923 0.3293724122313098 0.7140832455704177	Pt_T
0.8375252568903869 0.1750557522549427 0.6429511672647300	Pt_T
