2.9775 -5.15718 0
-5.955 0 0
0 0 -32.1555
1 0 0
0 1 0
0 0 1
0.8346936180863017 0.6673481677066098 0.6439661002666944	Ag_T
0.3364545670106245 0.6685538929527487 0.6439923169452338	Ag_T
0.3364537193942881 0.1679033482699184 0.6439926854711090	Ag_T
0.5046011365135163 0.0023028065857245 0.5714394424958896	Ag_T
0.5023875123161321 0.5011952800277484 0.5692380536897779	Ag_T
0.0011713996218761 0.0015643693342064 0.5712320155310365	Ag_T
0.0011684014961895 0.4996058426284909 0.5712320864706452	Ag_T
0.6666699999476435 0.3333299999738202 0.9378000000000029	Ag_F
0.1666699999476435 0.3333299999738202 0.9378000000000029	Ag_F
0.1666699999476435 0.8333299999738202 0.9378000000000029	Ag_F
0.6666699999476435 0.8333299999738202 0.9378000000000029	Ag_F
0.3333300000523565 0.6666700000261798 0.8622000000000014	Ag_F
0.8333300000523565 0.6666700000261798 0.8622000000000014	Ag_F
0.8333300000523565 0.1666700000261798 0.8622000000000014	Ag_F
0.3333300000523565 0.1666700000261798 0.8622000000000014	Ag_F
0.5000000000000000 0.0000000000000000 0.7865899999999968	Ag_F
0.0000000000000000 0.0000000000000000 0.7865899999999968	Ag_F
0.5000000000000000 0.5000000000000000 0.7865899999999968	Ag_F
0.0000000000000000 0.5000000000000000 0.7865899999999968	Ag_F
0.6674813273998937 0.3308277163514255 0.7148111204444729	Pd_T
0.6674771191218049 0.8366505326720803 0.7148112134793173	Pd_T
0.1579849551827538 0.3289941845426553 0.7145416998255431	Pt_T
0.1663944244153769 0.8331986310901854 0.7158371266058799	Pt_T
0.8383482509498925 0.1691738859070471 0.6434976211585637	Pt_T
