2.9775 -5.15718 0
-5.955 0 0
0 0 -32.1555
1 0 0
0 1 0
0 0 1
0.6666699999476435 0.3333299999738202 0.9378000000000029	Ag_F
0.1666699999476435 0.3333299999738202 0.9378000000000029	Ag_F
0.1666699999476435 0.8333299999738202 0.9378000000000029	Ag_F
0.6666699999476435 0.8333299999738202 0.9378000000000029	Ag_F
0.3333300000523565 0.6666700000261798 0.8622000000000014	Ag_F
0.8333300000523565 0.6666700000261798 0.8622000000000014	Ag_F
0.8333300000523565 0.1666700000261798 0.8622000000000014	Ag_F
0.3333300000523565 0.1666700000261798 0.8622000000000014	Ag_F
0.5000000000000000 0.0000000000000000 0.7865899999999968	Ag_F
0.0000000000000000 0.0000000000000000 0.7865899999999968	Ag_F
0.5000000000000000 0.5000000000000000 0.7865899999999968	Ag_F
0.0000000000000000 0.5000000000000000 0.7865899999999968	Ag_F
0.6659463476385902 0.3329737034964952 0.7158828277942575	Pd_T
0.3352703299411361 0.1676391544995049 0.6470510184215473	Pd_T
0.5038642053553880 -0.0018792147537478 0.5804994911204797	Pd_T
0.5038655179666968 0.5057580261817342 0.5804989758729378	Pd_T
-0.0024752625779352 -0.0012372878092708 0.5791820540908690	Pd_T
0.0023053094015870 0.5011482313004236 0.5811580383689381	Pd_T
0.1652371888397682 0.3325665163277372 0.7142769227652164	Pt_T
0.1652401321187671 0.8326733786137265 0.7142765632881048	Pt_T
0.6665667844775852 0.8332843702731675 0.7140315494065889	Pt_T
0.8337433824996872 0.1670247829584873 0.6473976786195321	Pt_T
0.8337466026743073 0.6667227224198256 0.6473977338206046	Pt_T
0.3341145939319402 0.6670565851156468 0.6480418037865765	Pt_T
