2.9775 -5.15718 0
-5.955 0 0
0 0 -32.1555
1 0 0
0 1 0
0 0 1
0.0019899102428511 0.0009928179448216 0.5742372049025295	Ag_T
0.0019899102428511 0.5009928179448216 0.5742372049025295	Ag_T
0.6666699999476435 0.3333299999738202 0.9378000000000029	Ag_F
0.1666699999476435 0.3333299999738202 0.9378000000000029	Ag_F
0.1666699999476435 0.8333299999738202 0.9378000000000029	Ag_F
0.6666699999476435 0.8333299999738202 0.9378000000000029	Ag_F
0.3333300000523565 0.6666700000261798 0.8622000000000014	Ag_F
0.8333300000523565 0.6666700000261798 0.8622000000000014	Ag_F
0.8333300000523565 0.1666700000261798 0.8622000000000014	Ag_F
0.3333300000523565 0.1666700000261798 0.8622000000000014	Ag_F
0.5000000000000000 0.0000000000000000 0.7865899999999968	Ag_F
0.0000000000000000 0.0000000000000000 0.7865899999999968	Ag_F
0.5000000000000000 0.5000000000000000 0.7865899999999968	Ag_F
0.0000000000000000 0.5000000000000000 0.7865899999999968	Ag_F
0.8322675064129877 0.1661316547247764 0.6460294797849794	Pd_T
0.8322675064129877 0.6661316547247764 0.6460294797849794	Pd_T
0.3342050530392036 0.6671010683001597 0.6462102034595004	Pd_T
0.3342050530392036 0.1671010683001593 0.6462102034595004	Pd_T
0.5024881735183890 0.0012392252868762 0.5781726703816502	Pd_T
0.5024881735183890 0.5012392252868764 0.5781726703816502	Pd_T
0.1655006834669487 0.3327502464361263 0.7138614858379588	Pt_T
0.1655006834669487 0.8327502464361266 0.7138614858379588	Pt_T
0.6658552398844709 0.3329269729508235 0.7152232523194774	Pt_T
0.6658552398844709 0.8329269729508237 0.7152232523194774	Pt_T
