2.9775 -5.15718 0
-5.955 0 0
0 0 -32.1555
1 0 0
0 1 0
0 0 1
0.1639207309496092 0.3319626574727010 0.7109027434092126	Ag_T
0.1666649509995859 0.8333350489218778 0.7121966924401316	Ag_T
0.6680335016170744 0.3319664983043890 0.7109027207446741	Ag_T
0.6680373424487628 0.8360792689718545 0.7109027434092126	Ag_T
0.8329745771143493 0.6664912352967053 0.6368491113937038	Ag_T
0.3335086067253831 0.6664913933531531 0.6368491380292366	Ag_T
0.3335087647818313 0.1670254229641870 0.6368491113937038	Ag_T
0.5014701940002028 0.0007415551983935 0.5633465617571788	Ag_T
0.4999953320097973 0.5000046679902029 0.5609458211745249	Ag_T
-0.0007385934438738 0.0007385934438738 0.5633467680194206	Ag_T
-0.0007415551983935 0.4985298059997972 0.5633465617571788	Ag_T
0.6666699999476435 0.3333299999738202 0.9378000000000029	Ag_F
0.1666699999476435 0.3333299999738202 0.9378000000000029	Ag_F
0.1666699999476435 0.8333299999738202 0.9378000000000029	Ag_F
0.6666699999476435 0.8333299999738202 0.9378000000000029	Ag_F
0.3333300000523565 0.6666700000261798 0.8622000000000014	Ag_F
0.8333300000523565 0.6666700000261798 0.8622000000000014	Ag_F
0.8333300000523565 0.1666700000261798 0.8622000000000014	Ag_F
0.3333300000523565 0.1666700000261798 0.8622000000000014	Ag_F
0.5000000000000000 0.0000000000000000 0.7865899999999968	Ag_F
0.0000000000000000 0.0000000000000000 0.7865899999999968	Ag_F
0.5000000000000000 0.5000000000000000 0.7865899999999968	Ag_F
0.0000000000000000 0.5000000000000000 0.7865899999999968	Ag_F
0.8333304030253655 0.1666695970531706 0.6369758606213791	Pt_T
