2.9775 -5.15718 0
-5.955 0 0
0 0 -32.1555
1 0 0
0 1 0
0 0 1
0.8331958825967671 0.6666013770122993 0.6442589583635832	Ag_T
0.3333997333342512 0.6666002667442849 0.6442587592023196	Ag_T
0.3333986230662370 0.1668041174817692 0.6442589583635832	Ag_T
0.5015028798006818 0.0007585855505748 0.5713198295526523	Ag_T
0.4999955905807593 0.5000044094192408 0.5694287249284384	Ag_T
-0.0007542272959166 0.0007542272959166 0.5713196482234201	Ag_T
-0.0007585855505748 0.4984971201993179 0.5713198295526523	Ag_T
0.6666699999476435 0.3333299999738202 0.9378000000000029	Ag_F
0.1666699999476435 0.3333299999738202 0.9378000000000029	Ag_F
0.1666699999476435 0.8333299999738202 0.9378000000000029	Ag_F
0.6666699999476435 0.8333299999738202 0.9378000000000029	Ag_F
0.3333300000523565 0.6666700000261798 0.8622000000000014	Ag_F
0.8333300000523565 0.6666700000261798 0.8622000000000014	Ag_F
0.8333300000523565 0.1666700000261798 0.8622000000000014	Ag_F
0.3333300000523565 0.1666700000261798 0.8622000000000014	Ag_F
0.5000000000000000 0.0000000000000000 0.7865899999999968	Ag_F
0.0000000000000000 0.0000000000000000 0.7865899999999968	Ag_F
0.5000000000000000 0.5000000000000000 0.7865899999999968	Ag_F
0.0000000000000000 0.5000000000000000 0.7865899999999968	Ag_F
0.1613273592036472 0.3306640013450098 0.7148128203838909	Pd_T
0.6693349721935742 0.3306650277278894 0.7148127182611632	Pd_T
0.6693359985764535 0.8386726407178166 0.7148128203838909	Pd_T
0.1666657760621975 0.8333342238592660 0.7160319538730017	Pt_T
0.8333320531882010 0.1666679468903352 0.6433461696001136	Pt_T
