2.9775 -5.15718 0
-5.955 0 0
0 0 -32.1555
1 0 0
0 1 0
0 0 1
0.1666674231962915 0.3333248464711160 0.7107697240414247	Ag_T
0.1662759444198305 0.8331304053862068 0.7113789235321749	Ag_T
0.6668664647603116 0.3337229295991559 0.7113792034624765	Ag_T
0.6668644608878429 0.8331304053862068 0.7113789235321749	Ag_T
0.8327487167724832 0.1664017385935202 0.6357652724308989	Ag_T
0.8333466368346152 0.6667032735906968 0.6359146576687378	Ag_T
0.3336403427809312 0.6672906854833293 0.6357645034360638	Ag_T
0.3336430218995702 0.1664017385935202 0.6357652724308989	Ag_T
0.5004003271198610 0.5002125096312801 0.5609113334009563	Ag_T
-0.0001853098338771 -0.0003706196677542 0.5609115511939946	Ag_T
-0.0001878174885811 0.5002125096312801 0.5609113334009563	Ag_T
0.6666699999476435 0.3333299999738202 0.9378000000000029	Ag_F
0.1666699999476435 0.3333299999738202 0.9378000000000029	Ag_F
0.1666699999476435 0.8333299999738202 0.9378000000000029	Ag_F
0.6666699999476435 0.8333299999738202 0.9378000000000029	Ag_F
0.3333300000523565 0.6666700000261798 0.8622000000000014	Ag_F
0.8333300000523565 0.6666700000261798 0.8622000000000014	Ag_F
0.8333300000523565 0.1666700000261798 0.8622000000000014	Ag_F
0.3333300000523565 0.1666700000261798 0.8622000000000014	Ag_F
0.5000000000000000 0.0000000000000000 0.7865899999999968	Ag_F
0.0000000000000000 0.0000000000000000 0.7865899999999968	Ag_F
0.5000000000000000 0.5000000000000000 0.7865899999999968	Ag_F
0.0000000000000000 0.5000000000000000 0.7865899999999968	Ag_F
0.5000090670334282 0.0000181340668566 0.5651997987829493	Pd_T
