2.9775 -5.15718 0
-5.955 0 0
0 0 -32.1555
1 0 0
0 1 0
0 0 1
-0.0000000162947950 0.5000000162947953 0.5735868061667719	Ag_T
0.6666699999476435 0.3333299999738202 0.9378000000000029	Ag_F
0.1666699999476435 0.3333299999738202 0.9378000000000029	Ag_F
0.1666699999476435 0.8333299999738202 0.9378000000000029	Ag_F
0.6666699999476435 0.8333299999738202 0.9378000000000029	Ag_F
0.3333300000523565 0.6666700000261798 0.8622000000000014	Ag_F
0.8333300000523565 0.6666700000261798 0.8622000000000014	Ag_F
0.8333300000523565 0.1666700000261798 0.8622000000000014	Ag_F
0.3333300000523565 0.1666700000261798 0.8622000000000014	Ag_F
0.5000000000000000 0.0000000000000000 0.7865899999999968	Ag_F
0.0000000000000000 0.0000000000000000 0.7865899999999968	Ag_F
0.5000000000000000 0.5000000000000000 0.7865899999999968	Ag_F
0.0000000000000000 0.5000000000000000 0.7865899999999968	Ag_F
0.6666664962224274 0.8333335036990364 0.7163295222351799	Pd_T
0.8338952103782751 0.1677915440384858 0.6464988934448480	Pd_T
0.8338958133029728 0.6661041867755635 0.6464990364251785	Pd_T
0.3322084560400505 0.6661047897002612 0.6464988934448480	Pd_T
0.4946823899096514 0.0053176100903488 0.5801231482759014	Pd_T
0.4946839960812627 0.4893685918902002 0.5801234518519282	Pd_T
0.0106314081097998 0.0053160039187372 0.5801234518519282	Pd_T
0.1659876637266912 0.3340123361947726 0.7140336590455029	Pt_T
0.1659871274821628 0.8319758662490166 0.7140336499380351	Pt_T
0.6680241336724471 0.3340128724393010 0.7140336499380351	Pt_T
0.3333323526891269 0.1666676473894095 0.6483023889044379	Pt_T
