2.9775 -5.15718 0
-5.955 0 0
0 0 -32.1555
1 0 0
0 1 0
0 0 1
0.3333350603808849 0.1666649396976515 0.6445764714397588	Ag_T
0.5013117528087461 -0.0013117528087463 0.5726178101589918	Ag_T
0.5013132744335622 0.5026213345231021 0.5726179920707514	Ag_T
-0.0026213345231023 -0.0013132744335624 0.5726179920707514	Ag_T
0.0000000459056996 0.4999999540943005 0.5738526229268395	Ag_T
0.6666699999476435 0.3333299999738202 0.9378000000000029	Ag_F
0.1666699999476435 0.3333299999738202 0.9378000000000029	Ag_F
0.1666699999476435 0.8333299999738202 0.9378000000000029	Ag_F
0.6666699999476435 0.8333299999738202 0.9378000000000029	Ag_F
0.3333300000523565 0.6666700000261798 0.8622000000000014	Ag_F
0.8333300000523565 0.6666700000261798 0.8622000000000014	Ag_F
0.8333300000523565 0.1666700000261798 0.8622000000000014	Ag_F
0.3333300000523565 0.1666700000261798 0.8622000000000014	Ag_F
0.5000000000000000 0.0000000000000000 0.7865899999999968	Ag_F
0.0000000000000000 0.0000000000000000 0.7865899999999968	Ag_F
0.5000000000000000 0.5000000000000000 0.7865899999999968	Ag_F
0.0000000000000000 0.5000000000000000 0.7865899999999968	Ag_F
0.6666635340150046 0.8333364659064592 0.7146023699327563	Pd_T
0.8331098580350944 0.1662196112126257 0.6444460392417315	Pd_T
0.8331055360298025 0.6668944640487338 0.6444464800064748	Pd_T
0.3337803888659105 0.6668901420434419 0.6444460392417315	Pd_T
0.1645682703554026 0.3354317295660611 0.7148268524802477	Pt_T
0.1645653141464591 0.8291396310493895 0.7148268292698113	Pt_T
0.6708603688720742 0.3354346857750046 0.7148268292698113	Pt_T
