2.9775 -5.15718 0
-5.955 0 0
0 0 -32.1555
1 0 0
0 1 0
0 0 1
0.3333340891973022 0.1666659108812341 0.6454076947801302	Ag_T
0.5008624785953102 -0.0008624785953099 0.5731585584517757	Ag_T
0.5008652257244950 0.5017269595702933 0.5731590366852811	Ag_T
-0.0017269595702933 -0.0008652257244951 0.5731590366852811	Ag_T
0.0000012482496752 0.4999987517503249 0.5747247894446712	Ag_T
0.6666699999476435 0.3333299999738202 0.9378000000000029	Ag_F
0.1666699999476435 0.3333299999738202 0.9378000000000029	Ag_F
0.1666699999476435 0.8333299999738202 0.9378000000000029	Ag_F
0.6666699999476435 0.8333299999738202 0.9378000000000029	Ag_F
0.3333300000523565 0.6666700000261798 0.8622000000000014	Ag_F
0.8333300000523565 0.6666700000261798 0.8622000000000014	Ag_F
0.8333300000523565 0.1666700000261798 0.8622000000000014	Ag_F
0.3333300000523565 0.1666700000261798 0.8622000000000014	Ag_F
0.5000000000000000 0.0000000000000000 0.7865899999999968	Ag_F
0.0000000000000000 0.0000000000000000 0.7865899999999968	Ag_F
0.5000000000000000 0.5000000000000000 0.7865899999999968	Ag_F
0.0000000000000000 0.5000000000000000 0.7865899999999968	Ag_F
0.1649460344719110 0.3350539654495528 0.7154714887136779	Pd_T
0.1649475460615316 0.8298956551275553 0.7154716507792436	Pd_T
0.6701043447939085 0.3350524538599322 0.7154716507792436	Pd_T
0.8320329922557448 0.1640623418141056 0.6452377769389313	Pd_T
0.8320388717974921 0.6679611282810441 0.6452384895653235	Pd_T
0.3359376582644308 0.6679670078227915 0.6452377769389313	Pd_T
0.6666671660835605 0.8333328338379032 0.7142652505677048	Pt_T
