2.9775 -5.15718 0
-5.955 0 0
0 0 -32.1555
1 0 0
0 1 0
0 0 1
0.8340782045484800 0.1670397860810387 0.6422186405666960	Ag_T
0.8333330626983373 0.6666669373801990 0.6422333863159470	Ag_T
0.3329602139974975 0.6659217955300563 0.6422186405666960	Ag_T
0.3329607977111964 0.1670392023673399 0.6422187033478010	Ag_T
0.5004565851885805 0.5002287994898427 0.5675474184978730	Ag_T
-0.0002287994898429 -0.0004565851885804 0.5675474184978730	Ag_T
-0.0002286589664049 0.5002286589664050 0.5675473105235365	Ag_T
0.6666699999476435 0.3333299999738202 0.9378000000000029	Ag_F
0.1666699999476435 0.3333299999738202 0.9378000000000029	Ag_F
0.1666699999476435 0.8333299999738202 0.9378000000000029	Ag_F
0.6666699999476435 0.8333299999738202 0.9378000000000029	Ag_F
0.3333300000523565 0.6666700000261798 0.8622000000000014	Ag_F
0.8333300000523565 0.6666700000261798 0.8622000000000014	Ag_F
0.8333300000523565 0.1666700000261798 0.8622000000000014	Ag_F
0.3333300000523565 0.1666700000261798 0.8622000000000014	Ag_F
0.5000000000000000 0.0000000000000000 0.7865899999999968	Ag_F
0.0000000000000000 0.0000000000000000 0.7865899999999968	Ag_F
0.5000000000000000 0.5000000000000000 0.7865899999999968	Ag_F
0.0000000000000000 0.5000000000000000 0.7865899999999968	Ag_F
0.1666661274682331 0.3333338724532307 0.7142921119743698	Pt_T
0.1666421299083324 0.8333218215816461 0.7145781063351393	Pt_T
0.6666781783398176 0.3333578700131312 0.7145781063351393	Pt_T
0.6666780412579131 0.8333219586635506 0.7145781194152678	Pt_T
0.4999998387131289 0.0000001612868712 0.5728602857326157	Pt_T
