2.9775 -5.15718 0
-5.955 0 0
0 0 -32.1555
1 0 0
0 1 0
0 0 1
-0.0132494068969524 -0.0066222476157884 0.5729013982148640	Ag_T
-0.0064098002893431 0.4967973720853270 0.5725008522535656	Ag_T
0.6666699999476435 0.3333299999738202 0.9378000000000029	Ag_F
0.1666699999476435 0.3333299999738202 0.9378000000000029	Ag_F
0.1666699999476435 0.8333299999738202 0.9378000000000029	Ag_F
0.6666699999476435 0.8333299999738202 0.9378000000000029	Ag_F
0.3333300000523565 0.6666700000261798 0.8622000000000014	Ag_F
0.8333300000523565 0.6666700000261798 0.8622000000000014	Ag_F
0.8333300000523565 0.1666700000261798 0.8622000000000014	Ag_F
0.3333300000523565 0.1666700000261798 0.8622000000000014	Ag_F
0.5000000000000000 0.0000000000000000 0.7865899999999968	Ag_F
0.0000000000000000 0.0000000000000000 0.7865899999999968	Ag_F
0.5000000000000000 0.5000000000000000 0.7865899999999968	Ag_F
0.0000000000000000 0.5000000000000000 0.7865899999999968	Ag_F
0.6692149401606341 0.8346073654871780 0.7162038913363259	Pd_T
0.8394164067109547 0.1704817192707586 0.6463426839027034	Pd_T
0.8394176314943346 0.6689391137602227 0.6463422121916161	Pd_T
0.1689471104962507 0.3355505388515721 0.7135962150137242	Pt_T
0.1689375829929469 0.8333965968137050 0.7135954812822879	Pt_T
0.6693360701639259 0.3346685212689940 0.7156642838495604	Pt_T
0.3354730588242958 0.6677398271579321 0.6466212420218965	Pt_T
0.3332718117051249 0.1666351670305176 0.6478208336018720	Pt_T
0.4890984145529522 0.0003312550517437 0.5811787549023620	Pt_T
0.4890917987147019 0.4887663381153483 0.5811766690175622	Pt_T
