2.9775 -5.15718 0
-5.955 0 0
0 0 -32.1555
1 0 0
0 1 0
0 0 1
0.6666699999476435 0.3333299999738202 0.9378000000000029	Ag_F
0.1666699999476435 0.3333299999738202 0.9378000000000029	Ag_F
0.1666699999476435 0.8333299999738202 0.9378000000000029	Ag_F
0.6666699999476435 0.8333299999738202 0.9378000000000029	Ag_F
0.3333300000523565 0.6666700000261798 0.8622000000000014	Ag_F
0.8333300000523565 0.6666700000261798 0.8622000000000014	Ag_F
0.8333300000523565 0.1666700000261798 0.8622000000000014	Ag_F
0.3333300000523565 0.1666700000261798 0.8622000000000014	Ag_F
0.5000000000000000 0.0000000000000000 0.7865899999999968	Ag_F
0.0000000000000000 0.0000000000000000 0.7865899999999968	Ag_F
0.5000000000000000 0.5000000000000000 0.7865899999999968	Ag_F
0.0000000000000000 0.5000000000000000 0.7865899999999968	Ag_F
0.5021908453338704 0.5011086882677335 0.5792950057061067	Pd_T
-0.0010764515769953 -0.0021529031539906 0.5792982111769770	Pd_T
-0.0010821570661368 0.5011086882677335 0.5792950057061067	Pd_T
0.1666663790438491 0.3333227581662312 0.7136381257028674	Pt_T
0.1663697329214876 0.8331808157679853 0.7148137743071908	Pt_T
0.6668245795907568 0.3336391592600469 0.7148146322317550	Pt_T
0.6668210827679645 0.8331808157679853 0.7148137743071908	Pt_T
0.8373085848129634 0.1686729062493239 0.6473639639594765	Pt_T
0.8333331464980027 0.6666762929174721 0.6474648782159368	Pt_T
0.3313425783813547 0.6626951566841763 0.6473638347895031	Pt_T
0.3313543215148936 0.1686729062493239 0.6473639639594765	Pt_T
0.5000067637361545 0.0000135274723086 0.5835470701171831	Pt_T
