2.9775 -5.15718 0
-5.955 0 0
0 0 -32.1555
1 0 0
0 1 0
0 0 1
0.8205752394646619 0.1602842890047990 0.6443942970972864	Ag_T
0.8189569790510236 0.6594767127589001 0.6442219495319310	Ag_T
-0.0411717637665921 -0.0198585388613169 0.5701101755885727	Ag_T
-0.0411866641810875 0.4786845269337783 0.5701099539517899	Ag_T
0.6666699999476435 0.3333299999738202 0.9378000000000029	Ag_F
0.1666699999476435 0.3333299999738202 0.9378000000000029	Ag_F
0.1666699999476435 0.8333299999738202 0.9378000000000029	Ag_F
0.6666699999476435 0.8333299999738202 0.9378000000000029	Ag_F
0.3333300000523565 0.6666700000261798 0.8622000000000014	Ag_F
0.8333300000523565 0.6666700000261798 0.8622000000000014	Ag_F
0.8333300000523565 0.1666700000261798 0.8622000000000014	Ag_F
0.3333300000523565 0.1666700000261798 0.8622000000000014	Ag_F
0.5000000000000000 0.0000000000000000 0.7865899999999968	Ag_F
0.0000000000000000 0.0000000000000000 0.7865899999999968	Ag_F
0.5000000000000000 0.5000000000000000 0.7865899999999968	Ag_F
0.0000000000000000 0.5000000000000000 0.7865899999999968	Ag_F
0.6656234122051301 0.3328291820254640 0.7159162773810758	Pd_T
0.6656272258922900 0.8327947409669909 0.7159157966104044	Pd_T
0.4514010662193534 0.4757097873704397 0.5775582187110864	Pd_T
0.1700467377229349 0.3350232844003526 0.7139069267362724	Pt_T
0.1692262699220402 0.8346138787467458 0.7142439901941671	Pt_T
0.3167736010817204 0.6567096056300594 0.6465057446350462	Pt_T
0.3167743991126605 0.1600649810730698 0.6465049399188562	Pt_T
0.4464471600041766 -0.0267788436697269 0.5795082424986546	Pt_T
