2.9775 -5.15718 0
-5.955 0 0
0 0 -32.1555
1 0 0
0 1 0
0 0 1
0.8333340280719473 0.6666659720065889 0.6440620883387461	Ag_T
0.4985838741574365 0.4992930361835035 0.5717397701222340	Ag_T
0.0007069638164966 0.0014161258425635 0.5717397701222340	Ag_T
0.0007047127130772 0.4992952872869228 0.5717396933966129	Ag_T
0.6666699999476435 0.3333299999738202 0.9378000000000029	Ag_F
0.1666699999476435 0.3333299999738202 0.9378000000000029	Ag_F
0.1666699999476435 0.8333299999738202 0.9378000000000029	Ag_F
0.6666699999476435 0.8333299999738202 0.9378000000000029	Ag_F
0.3333300000523565 0.6666700000261798 0.8622000000000014	Ag_F
0.8333300000523565 0.6666700000261798 0.8622000000000014	Ag_F
0.8333300000523565 0.1666700000261798 0.8622000000000014	Ag_F
0.3333300000523565 0.1666700000261798 0.8622000000000014	Ag_F
0.5000000000000000 0.0000000000000000 0.7865899999999968	Ag_F
0.0000000000000000 0.0000000000000000 0.7865899999999968	Ag_F
0.5000000000000000 0.5000000000000000 0.7865899999999968	Ag_F
0.0000000000000000 0.5000000000000000 0.7865899999999968	Ag_F
0.8331079136937367 0.1665534481312949 0.6449163388536779	Pd_T
0.3334465519472413 0.6668920863847996 0.6449163388536779	Pd_T
0.3334460341141202 0.1665539659644163 0.6449171928092451	Pd_T
0.1666675860179389 0.3333324139035247 0.7132242976047538	Pt_T
0.1687456808562800 0.8343726477717760 0.7149530644665426	Pt_T
0.6656273521496877 0.3312543190651835 0.7149530644665426	Pt_T
0.6656297853531538 0.8343702145683100 0.7149533064992879	Pt_T
0.4999967375494127 0.0000032624505874 0.5776477897650667	Pt_T
