2.9775 -5.15718 0
-5.955 0 0
0 0 -32.1555
1 0 0
0 1 0
0 0 1
0.1666669933384519 0.8333330065830120 0.7141190684004406	Ag_T
0.8298476107204749 0.6649239957360299 0.6421409749510417	Ag_T
0.3350707569543562 0.6649292431241800 0.6421402734119804	Ag_T
0.3350760043425065 0.1701523893580614 0.6421409749510417	Ag_T
0.5018197684567841 0.0009148503670507 0.5691069666225841	Ag_T
0.4999984685694117 0.5000015314305886 0.5667009840992102	Ag_T
-0.0009137410239408 0.0009137410239408 0.5691081432500553	Ag_T
-0.0009148503670507 0.4981802315432159 0.5691069666225841	Ag_T
0.6666699999476435 0.3333299999738202 0.9378000000000029	Ag_F
0.1666699999476435 0.3333299999738202 0.9378000000000029	Ag_F
0.1666699999476435 0.8333299999738202 0.9378000000000029	Ag_F
0.6666699999476435 0.8333299999738202 0.9378000000000029	Ag_F
0.3333300000523565 0.6666700000261798 0.8622000000000014	Ag_F
0.8333300000523565 0.6666700000261798 0.8622000000000014	Ag_F
0.8333300000523565 0.1666700000261798 0.8622000000000014	Ag_F
0.3333300000523565 0.1666700000261798 0.8622000000000014	Ag_F
0.5000000000000000 0.0000000000000000 0.7865899999999968	Ag_F
0.0000000000000000 0.0000000000000000 0.7865899999999968	Ag_F
0.5000000000000000 0.5000000000000000 0.7865899999999968	Ag_F
0.0000000000000000 0.5000000000000000 0.7865899999999968	Ag_F
0.1636474620934537 0.3318234984741281 0.7141801769392602	Pd_T
0.6681795926104380 0.3318204073110258 0.7141806947140031	Pd_T
0.6681765014473354 0.8363525378280100 0.7141801769392602	Pd_T
0.8333319527063077 0.1666680473722288 0.6423685232698239	Pd_T
