2.9775 -5.15718 0
-5.955 0 0
0 0 -32.1555
1 0 0
0 1 0
0 0 1
0.6666699999476435 0.3333299999738202 0.9378000000000029	Ag_F
0.1666699999476435 0.3333299999738202 0.9378000000000029	Ag_F
0.1666699999476435 0.8333299999738202 0.9378000000000029	Ag_F
0.6666699999476435 0.8333299999738202 0.9378000000000029	Ag_F
0.3333300000523565 0.6666700000261798 0.8622000000000014	Ag_F
0.8333300000523565 0.6666700000261798 0.8622000000000014	Ag_F
0.8333300000523565 0.1666700000261798 0.8622000000000014	Ag_F
0.3333300000523565 0.1666700000261798 0.8622000000000014	Ag_F
0.5000000000000000 0.0000000000000000 0.7865899999999968	Ag_F
0.0000000000000000 0.0000000000000000 0.7865899999999968	Ag_F
0.5000000000000000 0.5000000000000000 0.7865899999999968	Ag_F
0.0000000000000000 0.5000000000000000 0.7865899999999968	Ag_F
0.6668671995836161 0.8331328003378476 0.7158991738567246	Pd_T
0.8331496908891624 0.6668503091893739 0.6470200201629508	Pd_T
0.4970969818787510 0.4972102615183623 0.5791879599058376	Pd_T
0.0027897384816376 0.0029030181212490 0.5791879599058376	Pd_T
0.0011047635252081 0.4988952364747919 0.5780000372331916	Pd_T
0.1655574859562349 0.3344425139652289 0.7135095408703442	Pt_T
0.1673953298246026 0.8331691457976967 0.7145837862921602	Pt_T
0.6668308541237670 0.3326046700968612 0.7145837862921602	Pt_T
0.8375069044599919 0.1687838430830306 0.6472045642279142	Pt_T
0.3312161569955058 0.6624930956185444 0.6472045642279142	Pt_T
0.3301806138911410 0.1698193861873953 0.6481903818559109	Pt_T
0.4985498602010947 0.0014501397989053 0.5840172143919280	Pt_T
