2.9775 -5.15718 0
-5.955 0 0
0 0 -32.1555
1 0 0
0 1 0
0 0 1
0.6666699999476435 0.3333299999738202 0.9378000000000029	Ag_F
0.1666699999476435 0.3333299999738202 0.9378000000000029	Ag_F
0.1666699999476435 0.8333299999738202 0.9378000000000029	Ag_F
0.6666699999476435 0.8333299999738202 0.9378000000000029	Ag_F
0.3333300000523565 0.6666700000261798 0.8622000000000014	Ag_F
0.8333300000523565 0.6666700000261798 0.8622000000000014	Ag_F
0.8333300000523565 0.1666700000261798 0.8622000000000014	Ag_F
0.3333300000523565 0.1666700000261798 0.8622000000000014	Ag_F
0.5000000000000000 0.0000000000000000 0.7865899999999968	Ag_F
0.0000000000000000 0.0000000000000000 0.7865899999999968	Ag_F
0.5000000000000000 0.5000000000000000 0.7865899999999968	Ag_F
0.0000000000000000 0.5000000000000000 0.7865899999999968	Ag_F
0.1655549464874436 0.8327764352909323 0.7151418857292959	Pd_T
0.6672235646305315 0.3344450534340200 0.7151418857292959	Pd_T
0.6672238911496717 0.8327761087717920 0.7151414599858289	Pd_T
0.1666671362635724 0.3333328636578912 0.7138741405380211	Pt_T
0.8325643934684656 0.1662870636311810 0.6480203613476386	Pt_T
0.8333332723320922 0.6666667277464441 0.6468832448002259	Pt_T
0.3337129364473553 0.6674356066100707 0.6480203613476386	Pt_T
0.3337184738078024 0.1662815262707340 0.6480201172150647	Pt_T
0.4999968208969832 0.0000031791030168 0.5811087802641032	Pt_T
0.4977225294459124 0.4988607662828369 0.5800753295958895	Pt_T
0.0011392337171629 0.0022774705540876 0.5800753295958895	Pt_T
0.0011332542765691 0.4988667457234307 0.5800738632904201	Pt_T
