2.9775 -5.15718 0
-5.955 0 0
0 0 -32.1555
1 0 0
0 1 0
0 0 1
0.6651321812203528 0.3320134479113201 0.7131234449693262	Ag_T
0.6651312089002756 0.8331217182017470 0.7131237007935896	Ag_T
0.8369157482833468 0.6684605967962168 0.6403445508272402	Ag_T
0.3327298804059006 0.6664614595361124 0.6417080666178718	Ag_T
0.3327306191360672 0.1662690566652075 0.6417081963305882	Ag_T
0.5046370101902551 0.0023196809297668 0.5690777510073524	Ag_T
0.5021344354823369 0.5010690329334598 0.5659762026152257	Ag_T
0.0022007685258718 0.0020557952243145 0.5673557355217903	Ag_T
0.0021951455269039 0.5001446576796630 0.5673566730563365	Ag_T
0.6666699999476435 0.3333299999738202 0.9378000000000029	Ag_F
0.1666699999476435 0.3333299999738202 0.9378000000000029	Ag_F
0.1666699999476435 0.8333299999738202 0.9378000000000029	Ag_F
0.6666699999476435 0.8333299999738202 0.9378000000000029	Ag_F
0.3333300000523565 0.6666700000261798 0.8622000000000014	Ag_F
0.8333300000523565 0.6666700000261798 0.8622000000000014	Ag_F
0.8333300000523565 0.1666700000261798 0.8622000000000014	Ag_F
0.3333300000523565 0.1666700000261798 0.8622000000000014	Ag_F
0.5000000000000000 0.0000000000000000 0.7865899999999968	Ag_F
0.0000000000000000 0.0000000000000000 0.7865899999999968	Ag_F
0.5000000000000000 0.5000000000000000 0.7865899999999968	Ag_F
0.0000000000000000 0.5000000000000000 0.7865899999999968	Ag_F
0.1646285700299767 0.8323162094252539 0.7146623776470158	Pd_T
0.1571403584684493 0.3285720001658186 0.7133631832702387	Pt_T
0.8436338190880024 0.1718163282274529 0.6407814557472717	Pt_T
