2.9775 -5.15718 0
-5.955 0 0
0 0 -32.1555
1 0 0
0 1 0
0 0 1
0.8414878593995890 0.6707438793326670 0.6440827742965910	Ag_T
-0.0112611380723954 -0.0047780554554670 0.5709468029795978	Ag_T
-0.0112607382812513 0.4935168915806643 0.5709469339229203	Ag_T
0.6666699999476435 0.3333299999738202 0.9378000000000029	Ag_F
0.1666699999476435 0.3333299999738202 0.9378000000000029	Ag_F
0.1666699999476435 0.8333299999738202 0.9378000000000029	Ag_F
0.6666699999476435 0.8333299999738202 0.9378000000000029	Ag_F
0.3333300000523565 0.6666700000261798 0.8622000000000014	Ag_F
0.8333300000523565 0.6666700000261798 0.8622000000000014	Ag_F
0.8333300000523565 0.1666700000261798 0.8622000000000014	Ag_F
0.3333300000523565 0.1666700000261798 0.8622000000000014	Ag_F
0.5000000000000000 0.0000000000000000 0.7865899999999968	Ag_F
0.0000000000000000 0.0000000000000000 0.7865899999999968	Ag_F
0.5000000000000000 0.5000000000000000 0.7865899999999968	Ag_F
0.0000000000000000 0.5000000000000000 0.7865899999999968	Ag_F
0.1676137169125629 0.3338053400590964 0.7133037888305082	Pt_T
0.1740320904585620 0.8370148900152519 0.7143709826289441	Pt_T
0.6677053515247570 0.3340124245520725 0.7153584027519871	Pt_T
0.6677044507678542 0.8336918469511428 0.7153586005743101	Pt_T
0.8393441002647414 0.1696719259926977 0.6467148408219944	Pt_T
0.3330209595643876 0.6625098743595046 0.6460066187752364	Pt_T
0.3330200406556244 0.1705084362259044 0.6460064737157644	Pt_T
0.4935693253985251 -0.0032168517610236 0.5810112705230195	Pt_T
0.4803309815834377 0.4901646915162330 0.5783464159921751	Pt_T
