2.9775 -5.15718 0
-5.955 0 0
0 0 -32.1555
1 0 0
0 1 0
0 0 1
0.1656009660819936 0.8331242383941138 0.7140073586945856	Ag_T
0.6640035463641540 0.8304127688280587 0.7131851720308209	Ag_T
0.8324696148707376 0.6639484347905792 0.6403649080400188	Ag_T
0.3343975985661966 0.6647933527684387 0.6407085777186194	Ag_T
0.3375627233784950 0.1716188671512217 0.6418769432014346	Ag_T
0.5063152947327672 0.0048029186761576 0.5691358694292913	Ag_T
0.5031795734819465 0.5027210128318287 0.5645131471500429	Ag_T
0.0027098187049045 0.0042054612253170 0.5686427948020597	Ag_T
0.0023191702472906 0.5005915242776879 0.5673625780123481	Ag_T
0.6666699999476435 0.3333299999738202 0.9378000000000029	Ag_F
0.1666699999476435 0.3333299999738202 0.9378000000000029	Ag_F
0.1666699999476435 0.8333299999738202 0.9378000000000029	Ag_F
0.6666699999476435 0.8333299999738202 0.9378000000000029	Ag_F
0.3333300000523565 0.6666700000261798 0.8622000000000014	Ag_F
0.8333300000523565 0.6666700000261798 0.8622000000000014	Ag_F
0.8333300000523565 0.1666700000261798 0.8622000000000014	Ag_F
0.3333300000523565 0.1666700000261798 0.8622000000000014	Ag_F
0.5000000000000000 0.0000000000000000 0.7865899999999968	Ag_F
0.0000000000000000 0.0000000000000000 0.7865899999999968	Ag_F
0.5000000000000000 0.5000000000000000 0.7865899999999968	Ag_F
0.0000000000000000 0.5000000000000000 0.7865899999999968	Ag_F
0.6678732282951865 0.3309316239306135 0.7135588190705107	Pd_T
0.1578591158253242 0.3297329577609803 0.7134031180706077	Pt_T
0.8412468033851815 0.1737616829571667 0.6420745243088245	Pt_T
