2.9775 -5.15718 0
-5.955 0 0
0 0 -32.1555
1 0 0
0 1 0
0 0 1
0.5004681827593377 0.0002343047581740 0.5751566717990375	Ag_T
0.5000006012172736 0.4999993987827264 0.5743951833943268	Ag_T
-0.0002310110834798 0.0002310110834798 0.5751567712976496	Ag_T
-0.0002343047581740 0.4995318172406626 0.5751566717990375	Ag_T
0.6666699999476435 0.3333299999738202 0.9378000000000029	Ag_F
0.1666699999476435 0.3333299999738202 0.9378000000000029	Ag_F
0.1666699999476435 0.8333299999738202 0.9378000000000029	Ag_F
0.6666699999476435 0.8333299999738202 0.9378000000000029	Ag_F
0.3333300000523565 0.6666700000261798 0.8622000000000014	Ag_F
0.8333300000523565 0.6666700000261798 0.8622000000000014	Ag_F
0.8333300000523565 0.1666700000261798 0.8622000000000014	Ag_F
0.3333300000523565 0.1666700000261798 0.8622000000000014	Ag_F
0.5000000000000000 0.0000000000000000 0.7865899999999968	Ag_F
0.0000000000000000 0.0000000000000000 0.7865899999999968	Ag_F
0.5000000000000000 0.5000000000000000 0.7865899999999968	Ag_F
0.0000000000000000 0.5000000000000000 0.7865899999999968	Ag_F
0.1665441751559025 0.3332716904569102 0.7151977646872254	Pd_T
0.1666668920768440 0.8333331078446196 0.7154310903601424	Pd_T
0.6667283731915395 0.3332716267299243 0.7151979738634411	Pd_T
0.6667283094645535 0.8334558247655611 0.7151977646872254	Pd_T
0.8327482542107172 0.6663721441225976 0.6457899660321851	Pd_T
0.3336281634980751 0.6663718365804611 0.6457901913616660	Pd_T
0.3336278559559387 0.1672517458678188 0.6457899660321851	Pd_T
0.8333349541797390 0.1666650458987973 0.6469112346044372	Pt_T
