2.9775 -5.15718 0
-5.955 0 0
0 0 -32.1555
1 0 0
0 1 0
0 0 1
0.6668964275389638 0.8337951914741589 0.7136157831604678	Ag_T
0.8345729290961146 0.6653834792200549 0.6423528650578649	Ag_T
0.3308074114387748 0.6653853044473553 0.6423527348979081	Ag_T
0.3337054973864745 0.1674164289716760 0.6434077029322895	Ag_T
0.5019901005270656 0.0020814994475941 0.5698486029407045	Ag_T
0.5004172665992829 0.5008353582840686 0.5674522171675918	Ag_T
0.0000919149547347 0.0020775916227556 0.5698496693734904	Ag_T
-0.0002544084971220 0.4994930478582479 0.5686280297129590	Ag_T
0.6666699999476435 0.3333299999738202 0.9378000000000029	Ag_F
0.1666699999476435 0.3333299999738202 0.9378000000000029	Ag_F
0.1666699999476435 0.8333299999738202 0.9378000000000029	Ag_F
0.6666699999476435 0.8333299999738202 0.9378000000000029	Ag_F
0.3333300000523565 0.6666700000261798 0.8622000000000014	Ag_F
0.8333300000523565 0.6666700000261798 0.8622000000000014	Ag_F
0.8333300000523565 0.1666700000261798 0.8622000000000014	Ag_F
0.3333300000523565 0.1666700000261798 0.8622000000000014	Ag_F
0.5000000000000000 0.0000000000000000 0.7865899999999968	Ag_F
0.0000000000000000 0.0000000000000000 0.7865899999999968	Ag_F
0.5000000000000000 0.5000000000000000 0.7865899999999968	Ag_F
0.0000000000000000 0.5000000000000000 0.7865899999999968	Ag_F
0.1606536338062085 0.3307518809187201 0.7141041547425913	Pd_T
0.1662771310127918 0.8325598876691895 0.7152598329173283	Pd_T
0.6700898551405038 0.3307533571228912 0.7141044488949763	Pd_T
0.8356557529902131 0.1713143910464164 0.6420059762168113	Pt_T
