2.9775 -5.15718 0
-5.955 0 0
0 0 -32.1555
1 0 0
0 1 0
0 0 1
0.6688397645522151 0.3329472533801881 0.7128973615395713	Ag_T
0.6688401596581329 0.8358948147109293 0.7128974396806990	Ag_T
0.8376194791463979 0.6688143974256937 0.6403148381043900	Ag_T
0.3292422523258915 0.6646062721446354 0.6418269237973037	Ag_T
0.3292426540593338 0.1646363700375943 0.6418271867130692	Ag_T
0.5004768118801860 0.0002392212861562 0.5684404093078713	Ag_T
0.4987997654564384 0.4993996102575921 0.5673987463195412	Ag_T
-0.0007821456711644 0.0003415196630534 0.5666454358222871	Ag_T
-0.0007833262394563 0.4988781049334980 0.5666455591891921	Ag_T
0.6666699999476435 0.3333299999738202 0.9378000000000029	Ag_F
0.1666699999476435 0.3333299999738202 0.9378000000000029	Ag_F
0.1666699999476435 0.8333299999738202 0.9378000000000029	Ag_F
0.6666699999476435 0.8333299999738202 0.9378000000000029	Ag_F
0.3333300000523565 0.6666700000261798 0.8622000000000014	Ag_F
0.8333300000523565 0.6666700000261798 0.8622000000000014	Ag_F
0.8333300000523565 0.1666700000261798 0.8622000000000014	Ag_F
0.3333300000523565 0.1666700000261798 0.8622000000000014	Ag_F
0.5000000000000000 0.0000000000000000 0.7865899999999968	Ag_F
0.0000000000000000 0.0000000000000000 0.7865899999999968	Ag_F
0.5000000000000000 0.5000000000000000 0.7865899999999968	Ag_F
0.0000000000000000 0.5000000000000000 0.7865899999999968	Ag_F
0.8397377993039480 0.1698730413685040 0.6396862844820957	Pd_T
0.1629080065564940 0.3314556378136143 0.7137451731666189	Pt_T
0.1664438038295341 0.8332218208683971 0.7145007268975884	Pt_T
