2.9775 -5.15718 0
-5.955 0 0
0 0 -32.1555
1 0 0
0 1 0
0 0 1
0.6672412158098130 0.8336246255327585 0.7136829404648458	Ag_T
0.8367827568508394 0.1707200663231667 0.6410878507654086	Ag_T
0.8367737363640249 0.6660765523264958 0.6410874576945478	Ag_T
0.3308988640596265 0.6654556694808937 0.6415664914355053	Ag_T
0.3337575567481137 0.1668830437051447 0.6427990420251503	Ag_T
0.4996743788119399 0.0001945863310243 0.5673995956442440	Ag_T
0.4996700556039118 0.4994744901384704 0.5673990030336695	Ag_T
0.0006323946651094 0.0003174284075431 0.5666539856960210	Ag_T
0.0002362035569006 0.5001194290528030 0.5651534542326512	Ag_T
0.6666699999476435 0.3333299999738202 0.9378000000000029	Ag_F
0.1666699999476435 0.3333299999738202 0.9378000000000029	Ag_F
0.1666699999476435 0.8333299999738202 0.9378000000000029	Ag_F
0.6666699999476435 0.8333299999738202 0.9378000000000029	Ag_F
0.3333300000523565 0.6666700000261798 0.8622000000000014	Ag_F
0.8333300000523565 0.6666700000261798 0.8622000000000014	Ag_F
0.8333300000523565 0.1666700000261798 0.8622000000000014	Ag_F
0.3333300000523565 0.1666700000261798 0.8622000000000014	Ag_F
0.5000000000000000 0.0000000000000000 0.7865899999999968	Ag_F
0.0000000000000000 0.0000000000000000 0.7865899999999968	Ag_F
0.5000000000000000 0.5000000000000000 0.7865899999999968	Ag_F
0.0000000000000000 0.5000000000000000 0.7865899999999968	Ag_F
0.6679176787277423 0.3339579606570937 0.7140656734125581	Pd_T
0.1659409239842245 0.3338805660529672 0.7141984433893067	Pt_T
0.1659403874127197 0.8320686824055941 0.7141983417303546	Pt_T
