2.9775 -5.15718 0
-5.955 0 0
0 0 -32.1555
1 0 0
0 1 0
0 0 1
0.6666699999476435 0.3333299999738202 0.9378000000000029	Ag_F
0.1666699999476435 0.3333299999738202 0.9378000000000029	Ag_F
0.1666699999476435 0.8333299999738202 0.9378000000000029	Ag_F
0.6666699999476435 0.8333299999738202 0.9378000000000029	Ag_F
0.3333300000523565 0.6666700000261798 0.8622000000000014	Ag_F
0.8333300000523565 0.6666700000261798 0.8622000000000014	Ag_F
0.8333300000523565 0.1666700000261798 0.8622000000000014	Ag_F
0.3333300000523565 0.1666700000261798 0.8622000000000014	Ag_F
0.5000000000000000 0.0000000000000000 0.7865899999999968	Ag_F
0.0000000000000000 0.0000000000000000 0.7865899999999968	Ag_F
0.5000000000000000 0.5000000000000000 0.7865899999999968	Ag_F
0.0000000000000000 0.5000000000000000 0.7865899999999968	Ag_F
0.1651618558626239 0.8332752217518289 0.7157339100316135	Pd_T
0.6667247781696348 0.3348381440588399 0.7157339100316135	Pd_T
0.3325463295061661 0.1674536705723701 0.6468906703874693	Pd_T
0.5034362139143171 0.5043955485661542 0.5785904516227637	Pd_T
-0.0043955485661540 -0.0034362139143171 0.5785904516227637	Pd_T
-0.0005396864150883 0.5005396864150883 0.5801704933221248	Pd_T
0.1664461322347104 0.3335538676867533 0.7134511226671836	Pt_T
0.6665452108420421 0.8334547890794216 0.7140284843956439	Pt_T
0.8373128964131642 0.1696884865586080 0.6479621396248058	Pt_T
0.8335461153414697 0.6664538847370666 0.6473490098627894	Pt_T
0.3303115135199281 0.6626871036653720 0.6479621396248058	Pt_T
0.5044135825147392 -0.0044135825147394 0.5834993583596528	Pt_T
