2.9775 -5.15718 0
-5.955 0 0
0 0 -32.1555
1 0 0
0 1 0
0 0 1
0.0060555330905940 0.0018090365231256 0.5736172846180096	Ag_T
0.0072310923980569 0.5038141119271057 0.5732649863582157	Ag_T
0.6666699999476435 0.3333299999738202 0.9378000000000029	Ag_F
0.1666699999476435 0.3333299999738202 0.9378000000000029	Ag_F
0.1666699999476435 0.8333299999738202 0.9378000000000029	Ag_F
0.6666699999476435 0.8333299999738202 0.9378000000000029	Ag_F
0.3333300000523565 0.6666700000261798 0.8622000000000014	Ag_F
0.8333300000523565 0.6666700000261798 0.8622000000000014	Ag_F
0.8333300000523565 0.1666700000261798 0.8622000000000014	Ag_F
0.3333300000523565 0.1666700000261798 0.8622000000000014	Ag_F
0.5000000000000000 0.0000000000000000 0.7865899999999968	Ag_F
0.0000000000000000 0.0000000000000000 0.7865899999999968	Ag_F
0.5000000000000000 0.5000000000000000 0.7865899999999968	Ag_F
0.0000000000000000 0.5000000000000000 0.7865899999999968	Ag_F
0.6638398601976455 0.8324359963306871 0.7163931551337431	Pd_T
0.5119209370613107 0.5041809877267808 0.5789291772429951	Pd_T
0.1645018295900782 0.3321383471399037 0.7131296370679810	Pt_T
0.1634587423390249 0.8323147080844052 0.7140267628923819	Pt_T
0.6641469023245062 0.3319956334912373 0.7156263114602074	Pt_T
0.8380356341230253 0.1687125023192859 0.6467856930605160	Pt_T
0.8341671039207625 0.6661879581727288 0.6469123150607509	Pt_T
0.3343778865214022 0.6653049142770178 0.6465568439773167	Pt_T
0.3324149356890644 0.1678194605056228 0.6469819604061778	Pt_T
0.5091636530826200 0.0057089830909791 0.5816705986960493	Pt_T
