2.9775 -5.15718 0
-5.955 0 0
0 0 -32.1555
1 0 0
0 1 0
0 0 1
0.8333341541205934 0.6666658459579429 0.6438217325877488	Ag_T
0.4989082214280182 0.4994567539246416 0.5718466626643398	Ag_T
0.0005432460753586 0.0010917785719818 0.5718466626643398	Ag_T
0.0005419428495898 0.4994580571504102 0.5718466373279482	Ag_T
0.6666699999476435 0.3333299999738202 0.9378000000000029	Ag_F
0.1666699999476435 0.3333299999738202 0.9378000000000029	Ag_F
0.1666699999476435 0.8333299999738202 0.9378000000000029	Ag_F
0.6666699999476435 0.8333299999738202 0.9378000000000029	Ag_F
0.3333300000523565 0.6666700000261798 0.8622000000000014	Ag_F
0.8333300000523565 0.6666700000261798 0.8622000000000014	Ag_F
0.8333300000523565 0.1666700000261798 0.8622000000000014	Ag_F
0.3333300000523565 0.1666700000261798 0.8622000000000014	Ag_F
0.5000000000000000 0.0000000000000000 0.7865899999999968	Ag_F
0.0000000000000000 0.0000000000000000 0.7865899999999968	Ag_F
0.5000000000000000 0.5000000000000000 0.7865899999999968	Ag_F
0.0000000000000000 0.5000000000000000 0.7865899999999968	Ag_F
0.1666665766889776 0.3333334232324860 0.7128156199202286	Pt_T
0.1681533002922595 0.8340767872353284 0.7151065283606645	Pt_T
0.6659232126861353 0.3318466996292042 0.7151065283606645	Pt_T
0.6659230710982121 0.8340769288232516 0.7151066213357761	Pt_T
0.8364667723925663 0.1682339849615950 0.6456495889926921	Pt_T
0.3317660151169416 0.6635332276859700 0.6456495889926921	Pt_T
0.3317652666234067 0.1682347334551296 0.6456496133822803	Pt_T
0.4999993796346103 0.0000006203653899 0.5797940776504369	Pt_T
