2.9775 -5.15718 0
-5.955 0 0
0 0 -32.1555
1 0 0
0 1 0
0 0 1
0.0096032532640142 0.5048000106335573 0.5714774021837102	Ag_T
0.6666699999476435 0.3333299999738202 0.9378000000000029	Ag_F
0.1666699999476435 0.3333299999738202 0.9378000000000029	Ag_F
0.1666699999476435 0.8333299999738202 0.9378000000000029	Ag_F
0.6666699999476435 0.8333299999738202 0.9378000000000029	Ag_F
0.3333300000523565 0.6666700000261798 0.8622000000000014	Ag_F
0.8333300000523565 0.6666700000261798 0.8622000000000014	Ag_F
0.8333300000523565 0.1666700000261798 0.8622000000000014	Ag_F
0.3333300000523565 0.1666700000261798 0.8622000000000014	Ag_F
0.5000000000000000 0.0000000000000000 0.7865899999999968	Ag_F
0.0000000000000000 0.0000000000000000 0.7865899999999968	Ag_F
0.5000000000000000 0.5000000000000000 0.7865899999999968	Ag_F
0.0000000000000000 0.5000000000000000 0.7865899999999968	Ag_F
0.0020079819274962 0.0010020794079712 0.5781317953393555	Pd_T
0.1643079340440842 0.3339063391640443 0.7136882487650676	Pt_T
0.1643061747441199 0.8303991624204760 0.7136879454389725	Pt_T
0.6654568316093952 0.3327282401057484 0.7145891962763529	Pt_T
0.6645870055731566 0.8322931029022326 0.7161080011738971	Pt_T
0.8377190644912083 0.1701061702114989 0.6468584701614658	Pt_T
0.8377129431542880 0.6676107845692117 0.6468582737886714	Pt_T
0.3329399564754697 0.6664697633697139 0.6461982426172559	Pt_T
0.3279357305917890 0.1639658452518403 0.6473912334406255	Pt_T
0.5069668126769222 0.0127583485498316 0.5815378266766970	Pt_T
0.5069656623923928 0.4942043690465313 0.5815373544479238	Pt_T
