2.9775 -5.15718 0
-5.955 0 0
0 0 -32.1555
1 0 0
0 1 0
0 0 1
0.8306752898272749 0.1653327223490287 0.6431047424067817	Ag_T
0.8306752898272749 0.6653327223490288 0.6431047424067817	Ag_T
-0.0418937263511794 -0.0209537404238002 0.5681842734239908	Ag_T
-0.0418937263511794 0.4790462595761998 0.5681842734239908	Ag_T
0.6666699999476435 0.3333299999738202 0.9378000000000029	Ag_F
0.1666699999476435 0.3333299999738202 0.9378000000000029	Ag_F
0.1666699999476435 0.8333299999738202 0.9378000000000029	Ag_F
0.6666699999476435 0.8333299999738202 0.9378000000000029	Ag_F
0.3333300000523565 0.6666700000261798 0.8622000000000014	Ag_F
0.8333300000523565 0.6666700000261798 0.8622000000000014	Ag_F
0.8333300000523565 0.1666700000261798 0.8622000000000014	Ag_F
0.3333300000523565 0.1666700000261798 0.8622000000000014	Ag_F
0.5000000000000000 0.0000000000000000 0.7865899999999968	Ag_F
0.0000000000000000 0.0000000000000000 0.7865899999999968	Ag_F
0.5000000000000000 0.5000000000000000 0.7865899999999968	Ag_F
0.0000000000000000 0.5000000000000000 0.7865899999999968	Ag_F
0.1686641690965686 0.3343268239038009 0.7138186339936783	Pt_T
0.1686641690965686 0.8343268239038011 0.7138186339936783	Pt_T
0.6658139744658135 0.3329054902931843 0.7151968761195939	Pt_T
0.6658139744658135 0.8329054902931841 0.7151968761195939	Pt_T
0.3265727483765128 0.6632795474559199 0.6456281338923734	Pt_T
0.3265727483765128 0.1632795474559200 0.6456281338923734	Pt_T
0.4501808336312655 -0.0249187162478167 0.5782259281284611	Pt_T
0.4501808336312655 0.4750812837521834 0.5782259281284611	Pt_T
