2.9775 -5.15718 0
-5.955 0 0
0 0 -32.1555
1 0 0
0 1 0
0 0 1
0.1668441131893431 0.8336924637977315 0.7137147731701954	Ag_T
0.6683475235077949 0.8366954116785563 0.7128800544127153	Ag_T
0.8312023912994139 0.6619482122591770 0.6404324514684875	Ag_T
0.3307346640639251 0.6619465353760314 0.6404323391615465	Ag_T
0.3348349306818975 0.1696687103285625 0.6416256016300937	Ag_T
0.5013689527050362 0.0008800757143234 0.5679378741407632	Ag_T
0.4998069585752916 0.4996193151034372 0.5652685055838247	Ag_T
-0.0004895347110953 0.0008774883044409 0.5679383243173418	Ag_T
-0.0011418678892154 0.4977240882310876 0.5666790188117884	Ag_T
0.6666699999476435 0.3333299999738202 0.9378000000000029	Ag_F
0.1666699999476435 0.3333299999738202 0.9378000000000029	Ag_F
0.1666699999476435 0.8333299999738202 0.9378000000000029	Ag_F
0.6666699999476435 0.8333299999738202 0.9378000000000029	Ag_F
0.3333300000523565 0.6666700000261798 0.8622000000000014	Ag_F
0.8333300000523565 0.6666700000261798 0.8622000000000014	Ag_F
0.8333300000523565 0.1666700000261798 0.8622000000000014	Ag_F
0.3333300000523565 0.1666700000261798 0.8622000000000014	Ag_F
0.5000000000000000 0.0000000000000000 0.7865899999999968	Ag_F
0.0000000000000000 0.0000000000000000 0.7865899999999968	Ag_F
0.5000000000000000 0.5000000000000000 0.7865899999999968	Ag_F
0.0000000000000000 0.5000000000000000 0.7865899999999968	Ag_F
0.1645466409440036 0.3338016717458173 0.7136113265976456	Pd_T
0.6692592083936398 0.3338048763516262 0.7136114008926406	Pd_T
0.8345116200236429 0.1690338852858318 0.6406400516363302	Pd_T
