2.9775 -5.15718 0
-5.955 0 0
0 0 -32.1555
1 0 0
0 1 0
0 0 1
0.8300667391289090 0.6606048874794945 0.6435324896835158	Ag_T
0.3305355339800161 0.6606042232112166 0.6435324414028072	Ag_T
0.3304392130868377 0.1608830935546378 0.6440701952125869	Ag_T
0.0077578590044688 0.5155206249853833 0.5681929826555936	Ag_T
0.6666699999476435 0.3333299999738202 0.9378000000000029	Ag_F
0.1666699999476435 0.3333299999738202 0.9378000000000029	Ag_F
0.1666699999476435 0.8333299999738202 0.9378000000000029	Ag_F
0.6666699999476435 0.8333299999738202 0.9378000000000029	Ag_F
0.3333300000523565 0.6666700000261798 0.8622000000000014	Ag_F
0.8333300000523565 0.6666700000261798 0.8622000000000014	Ag_F
0.8333300000523565 0.1666700000261798 0.8622000000000014	Ag_F
0.3333300000523565 0.1666700000261798 0.8622000000000014	Ag_F
0.5000000000000000 0.0000000000000000 0.7865899999999968	Ag_F
0.0000000000000000 0.0000000000000000 0.7865899999999968	Ag_F
0.5000000000000000 0.5000000000000000 0.7865899999999968	Ag_F
0.0000000000000000 0.5000000000000000 0.7865899999999968	Ag_F
0.1624842680110244 0.3294219248969836 0.7149562187461056	Pd_T
0.6669367573559118 0.3294228649768811 0.7149560535521601	Pd_T
0.8304315790405118 0.1608708094050216 0.6446995387552181	Pd_T
0.1644852499850761 0.8289693613454753 0.7153728688466336	Pt_T
0.6679514278366367 0.8359034737968130 0.7151469071036890	Pt_T
0.5210780403556873 0.0123453329249079 0.5742957144808020	Pt_T
0.4947455554452263 0.4894946584035240 0.5725989875943186	Pt_T
-0.0087380811839077 0.0123477773608706 0.5742958025717390	Pt_T
