2.9775 -5.15718 0
-5.955 0 0
0 0 -32.1555
1 0 0
0 1 0
0 0 1
0.6666665255521284 0.8333334743693354 0.7130692520135754	Ag_T
0.3333332650972475 0.1666667349812889 0.6446208007894344	Ag_T
0.5010788285626959 -0.0010788285626958 0.5716789806231261	Ag_T
0.5010803807462839 0.5021689531977938 0.5716782002785662	Ag_T
-0.0021689531977937 -0.0010803807462840 0.5716782002785662	Ag_T
-0.0000017420216052 0.5000017420216051 0.5716542129581288	Ag_T
0.6666699999476435 0.3333299999738202 0.9378000000000029	Ag_F
0.1666699999476435 0.3333299999738202 0.9378000000000029	Ag_F
0.1666699999476435 0.8333299999738202 0.9378000000000029	Ag_F
0.6666699999476435 0.8333299999738202 0.9378000000000029	Ag_F
0.3333300000523565 0.6666700000261798 0.8622000000000014	Ag_F
0.8333300000523565 0.6666700000261798 0.8622000000000014	Ag_F
0.8333300000523565 0.1666700000261798 0.8622000000000014	Ag_F
0.3333300000523565 0.1666700000261798 0.8622000000000014	Ag_F
0.5000000000000000 0.0000000000000000 0.7865899999999968	Ag_F
0.0000000000000000 0.0000000000000000 0.7865899999999968	Ag_F
0.5000000000000000 0.5000000000000000 0.7865899999999968	Ag_F
0.0000000000000000 0.5000000000000000 0.7865899999999968	Ag_F
0.1648294607338547 0.3351705391876091 0.7148960198964058	Pd_T
0.1648256362163640 0.8296631562777828 0.7148962933330891	Pd_T
0.6703368436436810 0.3351743637050997 0.7148962933330891	Pd_T
0.8356503783874966 0.1712961070408349 0.6430800343003477	Pd_T
0.8356477211774166 0.6643522789011197 0.6430791581097476	Pd_T
0.3287038930377013 0.6643496216910397 0.6430800343003477	Pd_T
