2.9775 -5.15718 0
-5.955 0 0
0 0 -32.1555
1 0 0
0 1 0
0 0 1
0.0000004649926183 0.4999995350073821 0.5705784119625700	Ag_T
0.6666699999476435 0.3333299999738202 0.9378000000000029	Ag_F
0.1666699999476435 0.3333299999738202 0.9378000000000029	Ag_F
0.1666699999476435 0.8333299999738202 0.9378000000000029	Ag_F
0.6666699999476435 0.8333299999738202 0.9378000000000029	Ag_F
0.3333300000523565 0.6666700000261798 0.8622000000000014	Ag_F
0.8333300000523565 0.6666700000261798 0.8622000000000014	Ag_F
0.8333300000523565 0.1666700000261798 0.8622000000000014	Ag_F
0.3333300000523565 0.1666700000261798 0.8622000000000014	Ag_F
0.5000000000000000 0.0000000000000000 0.7865899999999968	Ag_F
0.0000000000000000 0.0000000000000000 0.7865899999999968	Ag_F
0.5000000000000000 0.5000000000000000 0.7865899999999968	Ag_F
0.0000000000000000 0.5000000000000000 0.7865899999999968	Ag_F
0.1663255863474597 0.3336744135740040 0.7139289524605872	Pt_T
0.1663255546324350 0.8326509267355079 0.7139286220085080	Pt_T
0.6673490731859558 0.3336744452890288 0.7139286220085080	Pt_T
0.6666665319281722 0.8333334679932916 0.7162529471330206	Pt_T
0.8350091066426615 0.1700188371204852 0.6468193437558087	Pt_T
0.8350100416554995 0.6649899584230368 0.6468196481326203	Pt_T
0.3299811629580512 0.6649908934358748 0.6468193437558087	Pt_T
0.3333322286329873 0.1666677714455491 0.6471187111741213	Pt_T
0.4988602549434624 0.0011397450565375 0.5807181019722687	Pt_T
0.4988592139331564 0.4977229246655387 0.5807190994251673	Pt_T
0.0022770753344613 0.0011407860668435 0.5807190994251673	Pt_T
