2.9775 -5.15718 0
-5.955 0 0
0 0 -32.1555
1 0 0
0 1 0
0 0 1
0.8351351053418621 0.6649490920572378 0.6440567409376133	Ag_T
0.3341598005368990 0.1666881927739882 0.6442697888176058	Ag_T
-0.0000084039798300 -0.0071396171934050 0.5698709181284003	Ag_T
-0.0100103109195965 0.4853957274467064 0.5725027790529088	Ag_T
0.6666699999476435 0.3333299999738202 0.9378000000000029	Ag_F
0.1666699999476435 0.3333299999738202 0.9378000000000029	Ag_F
0.1666699999476435 0.8333299999738202 0.9378000000000029	Ag_F
0.6666699999476435 0.8333299999738202 0.9378000000000029	Ag_F
0.3333300000523565 0.6666700000261798 0.8622000000000014	Ag_F
0.8333300000523565 0.6666700000261798 0.8622000000000014	Ag_F
0.8333300000523565 0.1666700000261798 0.8622000000000014	Ag_F
0.3333300000523565 0.1666700000261798 0.8622000000000014	Ag_F
0.5000000000000000 0.0000000000000000 0.7865899999999968	Ag_F
0.0000000000000000 0.0000000000000000 0.7865899999999968	Ag_F
0.5000000000000000 0.5000000000000000 0.7865899999999968	Ag_F
0.0000000000000000 0.5000000000000000 0.7865899999999968	Ag_F
0.6674750927019317 0.3345612494751425 0.7157573232557446	Pd_T
0.8386534135820782 0.1660898624492569 0.6451271652500185	Pd_T
0.4899939225584251 0.4978347167652408 0.5751322942008622	Pd_T
0.1665989150116328 0.3385045890107543 0.7136588121927850	Pt_T
0.1690954975933463 0.8339906793207272 0.7150466497325472	Pt_T
0.6691456703785764 0.8388656950634593 0.7148637349352709	Pt_T
0.3374845150424174 0.6663439394832532 0.6466171609035580	Pt_T
0.4942135161467182 -0.0273564400784290 0.5785482712936508	Pt_T
