2.9775 -5.15718 0
-5.955 0 0
0 0 -32.1555
1 0 0
0 1 0
0 0 1
0.8459762876983563 0.6729892214275407 0.6445334997018313	Ag_T
-0.0083102180418808 -0.0029611329214605 0.5711740788885984	Ag_T
-0.0083092020992802 0.4946545787508422 0.5711741811063518	Ag_T
0.6666699999476435 0.3333299999738202 0.9378000000000029	Ag_F
0.1666699999476435 0.3333299999738202 0.9378000000000029	Ag_F
0.1666699999476435 0.8333299999738202 0.9378000000000029	Ag_F
0.6666699999476435 0.8333299999738202 0.9378000000000029	Ag_F
0.3333300000523565 0.6666700000261798 0.8622000000000014	Ag_F
0.8333300000523565 0.6666700000261798 0.8622000000000014	Ag_F
0.8333300000523565 0.1666700000261798 0.8622000000000014	Ag_F
0.3333300000523565 0.1666700000261798 0.8622000000000014	Ag_F
0.5000000000000000 0.0000000000000000 0.7865899999999968	Ag_F
0.0000000000000000 0.0000000000000000 0.7865899999999968	Ag_F
0.5000000000000000 0.5000000000000000 0.7865899999999968	Ag_F
0.0000000000000000 0.5000000000000000 0.7865899999999968	Ag_F
0.1725418243481623 0.8362684350016359 0.7149732014487232	Pd_T
0.1690951772609355 0.3345459463671403 0.7131726836310895	Pt_T
0.6664154449269459 0.3326669681181848 0.7153905788978191	Pt_T
0.6664178873650106 0.8337498256899341 0.7153905491185947	Pt_T
0.8426556941724421 0.1713293749464708 0.6473297117408368	Pt_T
0.3369963752583217 0.6648982513152971 0.6459359609111511	Pt_T
0.3369947007600670 0.1720960700414540 0.6459359159479712	Pt_T
0.4970241009945331 -0.0014870280745902 0.5811767428416015	Pt_T
0.4854893981234196 0.4927446039285835 0.5782727427413104	Pt_T
