2.9775 -5.15718 0
-5.955 0 0
0 0 -32.1555
1 0 0
0 1 0
0 0 1
0.8333332597549069 0.1666667403236294 0.6421854108680681	Ag_T
0.8333332597549069 0.6666667403236294 0.6421854108680681	Ag_T
0.3333332597549069 0.6666667403236294 0.6421854108680681	Ag_T
0.3333332597549069 0.1666667403236294 0.6421854108680681	Ag_T
0.4999992036661142 0.0000007963338860 0.5677549127260785	Ag_T
0.4999992036661142 0.5000007963338862 0.5677549127260785	Ag_T
-0.0000007963338860 0.0000007963338860 0.5677549127260785	Ag_T
-0.0000007963338860 0.5000007963338862 0.5677549127260785	Ag_T
0.6666699999476435 0.3333299999738202 0.9378000000000029	Ag_F
0.1666699999476435 0.3333299999738202 0.9378000000000029	Ag_F
0.1666699999476435 0.8333299999738202 0.9378000000000029	Ag_F
0.6666699999476435 0.8333299999738202 0.9378000000000029	Ag_F
0.3333300000523565 0.6666700000261798 0.8622000000000014	Ag_F
0.8333300000523565 0.6666700000261798 0.8622000000000014	Ag_F
0.8333300000523565 0.1666700000261798 0.8622000000000014	Ag_F
0.3333300000523565 0.1666700000261798 0.8622000000000014	Ag_F
0.5000000000000000 0.0000000000000000 0.7865899999999968	Ag_F
0.0000000000000000 0.0000000000000000 0.7865899999999968	Ag_F
0.5000000000000000 0.5000000000000000 0.7865899999999968	Ag_F
0.0000000000000000 0.5000000000000000 0.7865899999999968	Ag_F
0.1666647997524421 0.3333352001690216 0.7144251571984188	Pt_T
0.1666647997524421 0.8333352001690217 0.7144251571984188	Pt_T
0.6666647997524420 0.3333352001690216 0.7144251571984188	Pt_T
0.6666647997524420 0.8333352001690217 0.7144251571984188	Pt_T
