2.9775 -5.15718 0
-5.955 0 0
0 0 -32.1555
1 0 0
0 1 0
0 0 1
0.0034191200189571 0.0017097525739307 0.5747623790866205	Ag_T
0.0034191200189571 0.5017097525739306 0.5747623790866205	Ag_T
0.6666699999476435 0.3333299999738202 0.9378000000000029	Ag_F
0.1666699999476435 0.3333299999738202 0.9378000000000029	Ag_F
0.1666699999476435 0.8333299999738202 0.9378000000000029	Ag_F
0.6666699999476435 0.8333299999738202 0.9378000000000029	Ag_F
0.3333300000523565 0.6666700000261798 0.8622000000000014	Ag_F
0.8333300000523565 0.6666700000261798 0.8622000000000014	Ag_F
0.8333300000523565 0.1666700000261798 0.8622000000000014	Ag_F
0.3333300000523565 0.1666700000261798 0.8622000000000014	Ag_F
0.5000000000000000 0.0000000000000000 0.7865899999999968	Ag_F
0.0000000000000000 0.0000000000000000 0.7865899999999968	Ag_F
0.5000000000000000 0.5000000000000000 0.7865899999999968	Ag_F
0.0000000000000000 0.5000000000000000 0.7865899999999968	Ag_F
0.6650247078760432 0.3325117233193958 0.7160127280604550	Pd_T
0.6650247078760432 0.8325117233193958 0.7160127280604550	Pd_T
0.8327911432946448 0.1664001990475129 0.6465344349425604	Pd_T
0.8327911432946448 0.6664001990475130 0.6465344349425604	Pd_T
0.3334562758704547 0.6667314581928627 0.6470650475921017	Pd_T
0.3334562758704547 0.1667314581928629 0.6470650475921017	Pd_T
0.5036755443959828 0.0018372552660862 0.5789973730065243	Pd_T
0.5036755443959828 0.5018372552660865 0.5789973730065243	Pd_T
0.1647255159739045 0.3323628476744224 0.7139245243464049	Pt_T
0.1647255159739045 0.8323628476744225 0.7139245243464049	Pt_T
