2.9775 -5.15718 0
-5.955 0 0
0 0 -32.1555
1 0 0
0 1 0
0 0 1
0.6666699999476435 0.3333299999738202 0.9378000000000029	Ag_F
0.1666699999476435 0.3333299999738202 0.9378000000000029	Ag_F
0.1666699999476435 0.8333299999738202 0.9378000000000029	Ag_F
0.6666699999476435 0.8333299999738202 0.9378000000000029	Ag_F
0.3333300000523565 0.6666700000261798 0.8622000000000014	Ag_F
0.8333300000523565 0.6666700000261798 0.8622000000000014	Ag_F
0.8333300000523565 0.1666700000261798 0.8622000000000014	Ag_F
0.3333300000523565 0.1666700000261798 0.8622000000000014	Ag_F
0.5000000000000000 0.0000000000000000 0.7865899999999968	Ag_F
0.0000000000000000 0.0000000000000000 0.7865899999999968	Ag_F
0.5000000000000000 0.5000000000000000 0.7865899999999968	Ag_F
0.0000000000000000 0.5000000000000000 0.7865899999999968	Ag_F
0.0000069613658955 0.5000139227317912 0.5771460870892303	Pd_T
0.1673016684820049 0.3326779069755668 0.7141649229343021	Pt_T
0.1673042662482691 0.8345985325750717 0.7141647467277813	Pt_T
0.6653862384150289 0.3326779069755668 0.7141649229343021	Pt_T
0.6666654821039925 0.8333209642865179 0.7152474542079331	Pt_T
0.8354973885614695 0.1710047770444060 0.6476697707435687	Pt_T
0.8354973807398755 0.6645125088708703 0.6476704036158062	Pt_T
0.3290051282095280 0.6645125088708703 0.6476704036158062	Pt_T
0.3333318468714859 0.1666736936644385 0.6466222731223773	Pt_T
0.5033521922673488 -0.0033292875744183 0.5812898120198255	Pt_T
0.5033555243804856 0.5067110487609713 0.5812907278052600	Pt_T
-0.0066814798417672 -0.0033292875744183 0.5812898120198255	Pt_T
