2.9775 -5.15718 0
-5.955 0 0
0 0 -32.1555
1 0 0
0 1 0
0 0 1
0.8331834090683905 0.6677701757685707 0.6438253428195684	Ag_T
0.3345818353917224 0.6677719115538244 0.6438254570479587	Ag_T
0.3342195737559368 0.1684400741802115 0.6440494610955788	Ag_T
0.5023402415152168 0.0020627769043151 0.5710035512475987	Ag_T
0.5005751935073950 0.5011574273477215 0.5694201710244636	Ag_T
-0.0002814959215937 0.0020565512113033 0.5710037536270142	Ag_T
-0.0000661766688709 0.4998728294664312 0.5706874914318192	Ag_T
0.6666699999476435 0.3333299999738202 0.9378000000000029	Ag_F
0.1666699999476435 0.3333299999738202 0.9378000000000029	Ag_F
0.1666699999476435 0.8333299999738202 0.9378000000000029	Ag_F
0.6666699999476435 0.8333299999738202 0.9378000000000029	Ag_F
0.3333300000523565 0.6666700000261798 0.8622000000000014	Ag_F
0.8333300000523565 0.6666700000261798 0.8622000000000014	Ag_F
0.8333300000523565 0.1666700000261798 0.8622000000000014	Ag_F
0.3333300000523565 0.1666700000261798 0.8622000000000014	Ag_F
0.5000000000000000 0.0000000000000000 0.7865899999999968	Ag_F
0.0000000000000000 0.0000000000000000 0.7865899999999968	Ag_F
0.5000000000000000 0.5000000000000000 0.7865899999999968	Ag_F
0.0000000000000000 0.5000000000000000 0.7865899999999968	Ag_F
0.1665347505615517 0.8330752734949001 0.7153602724546354	Pd_T
0.6676417911318978 0.8352878616425520 0.7149435105939801	Pd_T
0.8348819310279393 0.1697642153007813 0.6433194837829862	Pd_T
0.1601959816096108 0.3301140104587579 0.7148610785426105	Pt_T
0.6699184188355428 0.3301153814686939 0.7148610546398674	Pt_T
