2.9775 -5.15718 0
-5.955 0 0
0 0 -32.1555
1 0 0
0 1 0
0 0 1
0.3333309100304752 0.1666718199824174 0.6457530855490007	Ag_T
0.6666699999476435 0.3333299999738202 0.9378000000000029	Ag_F
0.1666699999476435 0.3333299999738202 0.9378000000000029	Ag_F
0.1666699999476435 0.8333299999738202 0.9378000000000029	Ag_F
0.6666699999476435 0.8333299999738202 0.9378000000000029	Ag_F
0.3333300000523565 0.6666700000261798 0.8622000000000014	Ag_F
0.8333300000523565 0.6666700000261798 0.8622000000000014	Ag_F
0.8333300000523565 0.1666700000261798 0.8622000000000014	Ag_F
0.3333300000523565 0.1666700000261798 0.8622000000000014	Ag_F
0.5000000000000000 0.0000000000000000 0.7865899999999968	Ag_F
0.0000000000000000 0.0000000000000000 0.7865899999999968	Ag_F
0.5000000000000000 0.5000000000000000 0.7865899999999968	Ag_F
0.0000000000000000 0.5000000000000000 0.7865899999999968	Ag_F
0.0000012136041380 0.5000024272082759 0.5771719526854483	Pd_T
0.1651874909175949 0.3348006312279030 0.7145181917928354	Pt_T
0.1651910585404228 0.8303721171593788 0.7145192560238660	Pt_T
0.6696231402317752 0.3348006312279030 0.7145181917928354	Pt_T
0.6666662946763725 0.8333225894312786 0.7145484433562429	Pt_T
0.8348532411506804 0.1697164822228274 0.6470505619069610	Pt_T
0.8348553614239431 0.6651420183143720 0.6470499409687432	Pt_T
0.3302766569689618 0.6651420183143720 0.6470499409687432	Pt_T
0.5068717771475525 -0.0068548339178955 0.5790577912122676	Pt_T
0.5068702984500810 0.5137405969001618 0.5790541207085853	Pt_T
-0.0137266110654481 -0.0068548339178955 0.5790577912122676	Pt_T
