2.9775 -5.15718 0
-5.955 0 0
0 0 -32.1555
1 0 0
0 1 0
0 0 1
0.3333327021276105 0.1666672979509259 0.6455048725934153	Ag_T
0.0000037426229345 0.4999962573770655 0.5736361959745796	Ag_T
0.6666699999476435 0.3333299999738202 0.9378000000000029	Ag_F
0.1666699999476435 0.3333299999738202 0.9378000000000029	Ag_F
0.1666699999476435 0.8333299999738202 0.9378000000000029	Ag_F
0.6666699999476435 0.8333299999738202 0.9378000000000029	Ag_F
0.3333300000523565 0.6666700000261798 0.8622000000000014	Ag_F
0.8333300000523565 0.6666700000261798 0.8622000000000014	Ag_F
0.8333300000523565 0.1666700000261798 0.8622000000000014	Ag_F
0.3333300000523565 0.1666700000261798 0.8622000000000014	Ag_F
0.5000000000000000 0.0000000000000000 0.7865899999999968	Ag_F
0.0000000000000000 0.0000000000000000 0.7865899999999968	Ag_F
0.5000000000000000 0.5000000000000000 0.7865899999999968	Ag_F
0.0000000000000000 0.5000000000000000 0.7865899999999968	Ag_F
0.1653264942930840 0.3346735056283797 0.7151690888135268	Pd_T
0.1653260914273454 0.8306523154165104 0.7151686697199646	Pd_T
0.6693476845049533 0.3346739084941183 0.7151686697199646	Pd_T
0.6666689020165381 0.8333310979049257 0.7156083642106847	Pd_T
0.8326214361449439 0.1652425392955945 0.6460409402965310	Pd_T
0.8326251806540621 0.6673748194244742 0.6460408578491110	Pd_T
0.3347574607829418 0.6673785639335924 0.6460409402965310	Pd_T
0.5023285706461675 -0.0023285706461678 0.5764996722778388	Pd_T
0.5023363133487444 0.5046702843631831 0.5765003522346278	Pd_T
-0.0046702843631831 -0.0023363133487442 0.5765003522346278	Pd_T
