2.9775 -5.15718 0
-5.955 0 0
0 0 -32.1555
1 0 0
0 1 0
0 0 1
0.5057894594625932 0.5028920034226820 0.5746635437787360	Ag_T
0.0072109888838992 0.0035631773286408 0.5754351771261162	Ag_T
0.0072072724652549 0.5036418710009850 0.5754354269580008	Ag_T
0.6666699999476435 0.3333299999738202 0.9378000000000029	Ag_F
0.1666699999476435 0.3333299999738202 0.9378000000000029	Ag_F
0.1666699999476435 0.8333299999738202 0.9378000000000029	Ag_F
0.6666699999476435 0.8333299999738202 0.9378000000000029	Ag_F
0.3333300000523565 0.6666700000261798 0.8622000000000014	Ag_F
0.8333300000523565 0.6666700000261798 0.8622000000000014	Ag_F
0.8333300000523565 0.1666700000261798 0.8622000000000014	Ag_F
0.3333300000523565 0.1666700000261798 0.8622000000000014	Ag_F
0.5000000000000000 0.0000000000000000 0.7865899999999968	Ag_F
0.0000000000000000 0.0000000000000000 0.7865899999999968	Ag_F
0.5000000000000000 0.5000000000000000 0.7865899999999968	Ag_F
0.0000000000000000 0.5000000000000000 0.7865899999999968	Ag_F
0.1636755064162168 0.8318348880771551 0.7158281043272998	Pd_T
0.6633958436371699 0.3328429675369720 0.7156428677389518	Pd_T
0.6633971845338170 0.8305522228071376 0.7156430556814655	Pd_T
0.8343413785591519 0.6671697261068797 0.6459065786144031	Pd_T
0.3357386904164617 0.6687405528067818 0.6465829574305983	Pd_T
0.3357391316354507 0.1670015501589406 0.6465828693872584	Pd_T
0.5151543958631791 0.0075777468957721 0.5784457052335971	Pd_T
0.1629213397523856 0.3314603656696470 0.7136303069171919	Pt_T
0.8304513730787220 0.1652256287712426 0.6477623115284523	Pt_T
