2.9775 -5.15718 0
-5.955 0 0
0 0 -32.1555
1 0 0
0 1 0
0 0 1
0.1669206545747053 0.8334600563577595 0.7127766586113147	Ag_T
0.6694603788374878 0.3330707007178752 0.7119354825356310	Ag_T
0.6694565522853246 0.8363773597106401 0.7119339615839053	Ag_T
0.8314618657448605 0.6657250559046453 0.6379977112209640	Ag_T
0.3289349187135914 0.6614167756045807 0.6392809981768182	Ag_T
0.3289322230130748 0.1675026896968082 0.6392812318026458	Ag_T
0.4995803625139029 -0.0002104558342318 0.5661236647478499	Ag_T
0.4979645696816571 0.4989867740777787 0.5635167108733651	Ag_T
-0.0016991700673400 0.0007794174990276 0.5647243089085097	Ag_T
-0.0017055951236015 0.4975171084521564 0.5647234461435103	Ag_T
0.6666699999476435 0.3333299999738202 0.9378000000000029	Ag_F
0.1666699999476435 0.3333299999738202 0.9378000000000029	Ag_F
0.1666699999476435 0.8333299999738202 0.9378000000000029	Ag_F
0.6666699999476435 0.8333299999738202 0.9378000000000029	Ag_F
0.3333300000523565 0.6666700000261798 0.8622000000000014	Ag_F
0.8333300000523565 0.6666700000261798 0.8622000000000014	Ag_F
0.8333300000523565 0.1666700000261798 0.8622000000000014	Ag_F
0.3333300000523565 0.1666700000261798 0.8622000000000014	Ag_F
0.5000000000000000 0.0000000000000000 0.7865899999999968	Ag_F
0.0000000000000000 0.0000000000000000 0.7865899999999968	Ag_F
0.5000000000000000 0.5000000000000000 0.7865899999999968	Ag_F
0.0000000000000000 0.5000000000000000 0.7865899999999968	Ag_F
0.1666323063259702 0.3333112389374198 0.7127336390009988	Pd_T
0.8348174387738113 0.1674101807384051 0.6386459694900937	Pd_T
