2.9775 -5.15718 0
-5.955 0 0
0 0 -32.1555
1 0 0
0 1 0
0 0 1
0.6666699999476435 0.3333299999738202 0.9378000000000029	Ag_F
0.1666699999476435 0.3333299999738202 0.9378000000000029	Ag_F
0.1666699999476435 0.8333299999738202 0.9378000000000029	Ag_F
0.6666699999476435 0.8333299999738202 0.9378000000000029	Ag_F
0.3333300000523565 0.6666700000261798 0.8622000000000014	Ag_F
0.8333300000523565 0.6666700000261798 0.8622000000000014	Ag_F
0.8333300000523565 0.1666700000261798 0.8622000000000014	Ag_F
0.3333300000523565 0.1666700000261798 0.8622000000000014	Ag_F
0.5000000000000000 0.0000000000000000 0.7865899999999968	Ag_F
0.0000000000000000 0.0000000000000000 0.7865899999999968	Ag_F
0.5000000000000000 0.5000000000000000 0.7865899999999968	Ag_F
0.0000000000000000 0.5000000000000000 0.7865899999999968	Ag_F
0.3317443976833023 0.1682556023952340 0.6468120142139132	Pd_T
0.5045843399351188 0.5048544601559986 0.5791729396408987	Pd_T
-0.0048544601559980 -0.0045843399351189 0.5791729396408987	Pd_T
-0.0008945053738420 0.5008945053738422 0.5795832845187127	Pd_T
0.1668626116442498 0.3331373882772140 0.7135855870903288	Pt_T
0.1661448013769449 0.8337378780020760 0.7147698675614383	Pt_T
0.6662621219193877 0.3338551985445187 0.7147698675614383	Pt_T
0.6663885321783189 0.8336114677431448 0.7146185317239589	Pt_T
0.8365795329148688 0.1691103434842774 0.6474675770357885	Pt_T
0.8329300039788166 0.6670699960997197 0.6475797030288074	Pt_T
0.3308896565942590 0.6634204671636675 0.6474675770357885	Pt_T
0.5041210880786657 -0.0041210880786657 0.5831421118617132	Pt_T
