2.9775 -5.15718 0
-5.955 0 0
0 0 -32.1555
1 0 0
0 1 0
0 0 1
0.6666699999476435 0.3333299999738202 0.9378000000000029	Ag_F
0.1666699999476435 0.3333299999738202 0.9378000000000029	Ag_F
0.1666699999476435 0.8333299999738202 0.9378000000000029	Ag_F
0.6666699999476435 0.8333299999738202 0.9378000000000029	Ag_F
0.3333300000523565 0.6666700000261798 0.8622000000000014	Ag_F
0.8333300000523565 0.6666700000261798 0.8622000000000014	Ag_F
0.8333300000523565 0.1666700000261798 0.8622000000000014	Ag_F
0.3333300000523565 0.1666700000261798 0.8622000000000014	Ag_F
0.5000000000000000 0.0000000000000000 0.7865899999999968	Ag_F
0.0000000000000000 0.0000000000000000 0.7865899999999968	Ag_F
0.5000000000000000 0.5000000000000000 0.7865899999999968	Ag_F
0.0000000000000000 0.5000000000000000 0.7865899999999968	Ag_F
0.3333352167430314 0.1666647833355048 0.6464969937954905	Pd_T
-0.0000003705493441 0.5000003705493439 0.5774420246867017	Pd_T
0.1672392755268502 0.3327607243946135 0.7141311571981425	Pt_T
0.1672395165442425 0.8344773971618827 0.7141319401012736	Pt_T
0.6655226027595810 0.3327604833772212 0.7141319401012736	Pt_T
0.6666663435618576 0.8333336563596061 0.7150365044144231	Pt_T
0.8356033848380229 0.1712048498194566 0.6477065741580852	Pt_T
0.8356022622371728 0.6643977378413635 0.6477064646422418	Pt_T
0.3287951502590794 0.6643966152405134 0.6477065741580852	Pt_T
0.5049971340889294 -0.0049971340889293 0.5812772123450232	Pt_T
0.5049928814661293 0.5099940590782223 0.5812766072005114	Pt_T
-0.0099940590782226 -0.0049928814661296 0.5812766072005114	Pt_T
