2.9775 -5.15718 0
-5.955 0 0
0 0 -32.1555
1 0 0
0 1 0
0 0 1
0.6666699999476435 0.3333299999738202 0.9378000000000029	Ag_F
0.1666699999476435 0.3333299999738202 0.9378000000000029	Ag_F
0.1666699999476435 0.8333299999738202 0.9378000000000029	Ag_F
0.6666699999476435 0.8333299999738202 0.9378000000000029	Ag_F
0.3333300000523565 0.6666700000261798 0.8622000000000014	Ag_F
0.8333300000523565 0.6666700000261798 0.8622000000000014	Ag_F
0.8333300000523565 0.1666700000261798 0.8622000000000014	Ag_F
0.3333300000523565 0.1666700000261798 0.8622000000000014	Ag_F
0.5000000000000000 0.0000000000000000 0.7865899999999968	Ag_F
0.0000000000000000 0.0000000000000000 0.7865899999999968	Ag_F
0.5000000000000000 0.5000000000000000 0.7865899999999968	Ag_F
0.0000000000000000 0.5000000000000000 0.7865899999999968	Ag_F
0.6661050876118898 0.8338949123095739 0.7159867109259461	Pd_T
0.5029610918912988 0.4991044017708413 0.5794693287465468	Pd_T
0.0008955982291587 -0.0029610918912990 0.5794693287465468	Pd_T
-0.0003982763385488 0.5003982763385488 0.5782173135478051	Pd_T
0.1654263353976214 0.3345736645238422 0.7133729372677879	Pt_T
0.1660512576033187 0.8332323473659267 0.7145117474749541	Pt_T
0.6667676525555370 0.3339487423181451 0.7145117474749541	Pt_T
0.8364328760087685 0.1674888492095169 0.6470701784565692	Pt_T
0.8331252068005368 0.6668747932779995 0.6474507062164055	Pt_T
0.3325111508690194 0.6635671240697678 0.6470701784565692	Pt_T
0.3311511253537169 0.1688488747248194 0.6479249034872194	Pt_T
0.4994984182974693 0.0005015817025308 0.5834241688543594	Pt_T
