5.955 0 0
-2.9775 5.15718 0
0 0 32.1555
1 0 0
0 1 0
0 0 1
0.6666729563796757 0.8333314782291046 0.2889181769605170	
0.1666729563796757 0.8333314782291046 0.2889181769605170	
0.6666729563796757 0.3333314782291044 0.2889181769605170	
0.1666729563796757 0.3333314782291044 0.2889181769605170	
0.8333093168531764 0.1666596583873216 0.3639842577707600	
0.3333093168531764 0.1666596583873216 0.3639842577707600	
0.3333093168531764 0.6666596583873217 0.3639842577707600	
0.8333093168531764 0.6666596583873217 0.3639842577707600	
-0.0000040410918184 0.4999979794540909 0.4391650469349880	
0.4999959589081816 0.4999979794540909 0.4391650469349880	
-0.0000040410918184 -0.0000020205459092 0.4391650469349880	
0.4999959589081816 -0.0000020205459092 0.4391650469349880	
0.6666700000261798 0.3333300000523565 0.0621999999999971	
0.6666700000261798 0.8333300000523565 0.0621999999999971	
0.1666700000261798 0.8333300000523565 0.0621999999999971	
0.1666700000261798 0.3333300000523565 0.0621999999999971	
0.3333299999738202 0.6666699999476435 0.1377999999999986	
0.3333299999738202 0.1666699999476435 0.1377999999999986	
0.8333299999738202 0.1666699999476435 0.1377999999999986	
0.8333299999738202 0.6666699999476435 0.1377999999999986	
0.0000000000000000 0.5000000000000000 0.2134100000000032	
0.0000000000000000 0.0000000000000000 0.2134100000000032	
0.5000000000000000 0.5000000000000000 0.2134100000000032	
0.5000000000000000 0.0000000000000000 0.2134100000000032	
