2.9775 -5.15718 0
-5.955 0 0
0 0 -32.1555
1 0 0
0 1 0
0 0 1
-0.0008377839402955 -0.0009296553829587 0.5731342027003783	Ag_T
-0.0008395757905355 0.5000913103446889 0.5731343453504345	Ag_T
0.6666699999476435 0.3333299999738202 0.9378000000000029	Ag_F
0.1666699999476435 0.3333299999738202 0.9378000000000029	Ag_F
0.1666699999476435 0.8333299999738202 0.9378000000000029	Ag_F
0.6666699999476435 0.8333299999738202 0.9378000000000029	Ag_F
0.3333300000523565 0.6666700000261798 0.8622000000000014	Ag_F
0.8333300000523565 0.6666700000261798 0.8622000000000014	Ag_F
0.8333300000523565 0.1666700000261798 0.8622000000000014	Ag_F
0.3333300000523565 0.1666700000261798 0.8622000000000014	Ag_F
0.5000000000000000 0.0000000000000000 0.7865899999999968	Ag_F
0.0000000000000000 0.0000000000000000 0.7865899999999968	Ag_F
0.5000000000000000 0.5000000000000000 0.7865899999999968	Ag_F
0.0000000000000000 0.5000000000000000 0.7865899999999968	Ag_F
0.8364462108258656 0.6682248009086205 0.6455936539981444	Pd_T
0.4975062907709899 0.4987560257761330 0.5779685506684348	Pd_T
0.1662692577752939 0.3331344771480280 0.7128621972485818	Pt_T
0.1661766740767345 0.8330887957429086 0.7142983023785319	Pt_T
0.6668879832093266 0.3342798409046380 0.7154652045922498	Pt_T
0.6668879273029278 0.8326080413222490 0.7154652980287366	Pt_T
0.8383441927807493 0.1691728118017194 0.6467837752684503	Pt_T
0.3335098933115227 0.6634226798687849 0.6465672376397384	Pt_T
0.3335112325264646 0.1700881671900832 0.6465670141009109	Pt_T
0.5015231690169778 0.0007606936835126 0.5821329307760595	Pt_T
