2.9775 -5.15718 0
-5.955 0 0
0 0 -32.1555
1 0 0
0 1 0
0 0 1
0.1633029000169636 0.3316550030485217 0.7120420924795591	Ag_T
0.1633029000169636 0.8316550030485218 0.7120420924795591	Ag_T
0.6684442213983816 0.3342282270894972 0.7109958278367704	Ag_T
0.6684442213983816 0.8342282270894973 0.7109958278367704	Ag_T
0.3353142162245516 0.6676619371082909 0.6382790754819904	Ag_T
0.3353142162245516 0.1676619371082909 0.6382790754819904	Ag_T
0.5026752131485097 0.0013398449125498 0.5644127774114756	Ag_T
0.5026752131485097 0.5013398449125499 0.5644127774114756	Ag_T
0.0000353399057450 0.0000182423078220 0.5665618445613642	Ag_T
0.0000353399057450 0.5000182423078219 0.5665618445613642	Ag_T
0.6666699999476435 0.3333299999738202 0.9378000000000029	Ag_F
0.1666699999476435 0.3333299999738202 0.9378000000000029	Ag_F
0.1666699999476435 0.8333299999738202 0.9378000000000029	Ag_F
0.6666699999476435 0.8333299999738202 0.9378000000000029	Ag_F
0.3333300000523565 0.6666700000261798 0.8622000000000014	Ag_F
0.8333300000523565 0.6666700000261798 0.8622000000000014	Ag_F
0.8333300000523565 0.1666700000261798 0.8622000000000014	Ag_F
0.3333300000523565 0.1666700000261798 0.8622000000000014	Ag_F
0.5000000000000000 0.0000000000000000 0.7865899999999968	Ag_F
0.0000000000000000 0.0000000000000000 0.7865899999999968	Ag_F
0.5000000000000000 0.5000000000000000 0.7865899999999968	Ag_F
0.0000000000000000 0.5000000000000000 0.7865899999999968	Ag_F
0.8343200782132991 0.1671655232293285 0.6384022809802339	Pt_T
0.8343200782132991 0.6671655232293284 0.6384022809802339	Pt_T
