2.9775 -5.15718 0
-5.955 0 0
0 0 -32.1555
1 0 0
0 1 0
0 0 1
-0.0073656341016159 0.4963194294029286 0.5721169680246446	Ag_T
0.6666699999476435 0.3333299999738202 0.9378000000000029	Ag_F
0.1666699999476435 0.3333299999738202 0.9378000000000029	Ag_F
0.1666699999476435 0.8333299999738202 0.9378000000000029	Ag_F
0.6666699999476435 0.8333299999738202 0.9378000000000029	Ag_F
0.3333300000523565 0.6666700000261798 0.8622000000000014	Ag_F
0.8333300000523565 0.6666700000261798 0.8622000000000014	Ag_F
0.8333300000523565 0.1666700000261798 0.8622000000000014	Ag_F
0.3333300000523565 0.1666700000261798 0.8622000000000014	Ag_F
0.5000000000000000 0.0000000000000000 0.7865899999999968	Ag_F
0.0000000000000000 0.0000000000000000 0.7865899999999968	Ag_F
0.5000000000000000 0.5000000000000000 0.7865899999999968	Ag_F
0.0000000000000000 0.5000000000000000 0.7865899999999968	Ag_F
0.6700156849547101 0.8350082017933739 0.7165248485320131	Pd_T
0.8374798162529083 0.1696034470308584 0.6465261638092695	Pd_T
0.8374783945945726 0.6678758342509602 0.6465258291125728	Pd_T
0.0034204676372129 0.0017104308810955 0.5780905996169973	Pd_T
0.1687499374833293 0.3364627726975622 0.7137215069925322	Pt_T
0.1687479544395297 0.8322867859316048 0.7137215078691833	Pt_T
0.6690215244342348 0.3345092021766480 0.7147262995652411	Pt_T
0.3336029773200535 0.6668034180052187 0.6468527345619096	Pt_T
0.3304783196158407 0.1652387890842544 0.6483456692850691	Pt_T
0.4881523903268670 0.0010467563842972 0.5817865514745265	Pt_T
0.4881484856175176 0.4871053494030703 0.5817862576210291	Pt_T
