2.9775 -5.15718 0
-5.955 0 0
0 0 -32.1555
1 0 0
0 1 0
0 0 1
0.1666595175350237 0.3333404823864401 0.7119400812858064	Ag_T
0.1666595175350237 0.8333404823864401 0.7119400812858064	Ag_T
0.6666595175350236 0.3333404823864401 0.7119400812858064	Ag_T
0.6666595175350236 0.8333404823864401 0.7119400812858064	Ag_T
0.5000003835813216 -0.0000003835813216 0.5679690183083483	Ag_T
0.5000003835813216 0.4999996164186782 0.5679690183083483	Ag_T
0.0000003835813216 -0.0000003835813216 0.5679690183083483	Ag_T
0.0000003835813216 0.4999996164186782 0.5679690183083483	Ag_T
0.6666699999476435 0.3333299999738202 0.9378000000000029	Ag_F
0.1666699999476435 0.3333299999738202 0.9378000000000029	Ag_F
0.1666699999476435 0.8333299999738202 0.9378000000000029	Ag_F
0.6666699999476435 0.8333299999738202 0.9378000000000029	Ag_F
0.3333300000523565 0.6666700000261798 0.8622000000000014	Ag_F
0.8333300000523565 0.6666700000261798 0.8622000000000014	Ag_F
0.8333300000523565 0.1666700000261798 0.8622000000000014	Ag_F
0.3333300000523565 0.1666700000261798 0.8622000000000014	Ag_F
0.5000000000000000 0.0000000000000000 0.7865899999999968	Ag_F
0.0000000000000000 0.0000000000000000 0.7865899999999968	Ag_F
0.5000000000000000 0.5000000000000000 0.7865899999999968	Ag_F
0.0000000000000000 0.5000000000000000 0.7865899999999968	Ag_F
0.8333381448600286 0.1666618552185078 0.6397453369793137	Pt_T
0.8333381448600286 0.6666618552185077 0.6397453369793137	Pt_T
0.3333381448600287 0.6666618552185077 0.6397453369793137	Pt_T
0.3333381448600287 0.1666618552185078 0.6397453369793137	Pt_T
