2.9775 -5.15718 0
-5.955 0 0
0 0 -32.1555
1 0 0
0 1 0
0 0 1
0.3498075702116321 0.6749079422719455 0.6444481278399459	Ag_T
0.3498075702116321 0.1749079422719458 0.6444481278399459	Ag_T
0.0343972898536459 0.0171884977633753 0.5728428024098189	Ag_T
0.0343972898536459 0.5171884977633752 0.5728428024098189	Ag_T
0.6666699999476435 0.3333299999738202 0.9378000000000029	Ag_F
0.1666699999476435 0.3333299999738202 0.9378000000000029	Ag_F
0.1666699999476435 0.8333299999738202 0.9378000000000029	Ag_F
0.6666699999476435 0.8333299999738202 0.9378000000000029	Ag_F
0.3333300000523565 0.6666700000261798 0.8622000000000014	Ag_F
0.8333300000523565 0.6666700000261798 0.8622000000000014	Ag_F
0.8333300000523565 0.1666700000261798 0.8622000000000014	Ag_F
0.3333300000523565 0.1666700000261798 0.8622000000000014	Ag_F
0.5000000000000000 0.0000000000000000 0.7865899999999968	Ag_F
0.0000000000000000 0.0000000000000000 0.7865899999999968	Ag_F
0.5000000000000000 0.5000000000000000 0.7865899999999968	Ag_F
0.0000000000000000 0.5000000000000000 0.7865899999999968	Ag_F
0.6691143284746685 0.3345585865999455 0.7151327665659775	Pd_T
0.6691143284746685 0.8345585865999452 0.7151327665659775	Pd_T
0.5493909296172763 0.0246961490277487 0.5752402756694669	Pd_T
0.5493909296172763 0.5246961490277489 0.5752402756694669	Pd_T
0.1612390568453161 0.3306234045521523 0.7148813806753811	Pt_T
0.1612390568453161 0.8306234045521522 0.7148813806753811	Pt_T
0.8460279352751678 0.1730160810240540 0.6457130317864671	Pt_T
0.8460279352751678 0.6730160810240539 0.6457130317864671	Pt_T
