2.9775 -5.15718 0
-5.955 0 0
0 0 -32.1555
1 0 0
0 1 0
0 0 1
0.0098295677889178 0.5049142475576223 0.5737026926505853	Ag_T
0.6666699999476435 0.3333299999738202 0.9378000000000029	Ag_F
0.1666699999476435 0.3333299999738202 0.9378000000000029	Ag_F
0.1666699999476435 0.8333299999738202 0.9378000000000029	Ag_F
0.6666699999476435 0.8333299999738202 0.9378000000000029	Ag_F
0.3333300000523565 0.6666700000261798 0.8622000000000014	Ag_F
0.8333300000523565 0.6666700000261798 0.8622000000000014	Ag_F
0.8333300000523565 0.1666700000261798 0.8622000000000014	Ag_F
0.3333300000523565 0.1666700000261798 0.8622000000000014	Ag_F
0.5000000000000000 0.0000000000000000 0.7865899999999968	Ag_F
0.0000000000000000 0.0000000000000000 0.7865899999999968	Ag_F
0.5000000000000000 0.5000000000000000 0.7865899999999968	Ag_F
0.0000000000000000 0.5000000000000000 0.7865899999999968	Ag_F
0.3324754320894192 0.6662349452413354 0.6460565044619382	Pd_T
0.5098771643018100 0.0118494128839317 0.5796618473359086	Pd_T
0.5098785018336912 0.4980322688703994 0.5796615189477630	Pd_T
0.0076872261966298 0.0038416709897090 0.5805121102311812	Pd_T
0.1636782727113778 0.3324915853663409 0.7140878685176408	Pt_T
0.1636786120521272 0.8311831420227529 0.7140877742675661	Pt_T
0.6646695542038324 0.3323342711418016 0.7138850200270086	Pt_T
0.6626320476419295 0.8313134364229076 0.7159766711214826	Pt_T
0.8326001081286725 0.1663928329209168 0.6470076753357674	Pt_T
0.8325998517259346 0.6662043337429950 0.6470075231339817	Pt_T
0.3340996605432633 0.1670483436304512 0.6471945281410305	Pt_T
