2.9775 -5.15718 0
-5.955 0 0
0 0 -32.1555
1 0 0
0 1 0
0 0 1
0.6675087340045408 0.8355001642276877 0.7133956858391463	Ag_T
0.8368263114997841 0.6649891141782088 0.6419781460286550	Ag_T
0.3309953292032443 0.6654449249983356 0.6422431340272091	Ag_T
0.3344189460146814 0.1665599611503676 0.6433711335636665	Ag_T
0.5025255999274045 0.0012477657958257 0.5696453608621405	Ag_T
0.5005694939155356 0.4998058458867549 0.5685495860734613	Ag_T
0.0003620569047742 0.0005915797595790 0.5691538221949071	Ag_T
0.0001211699634008 0.4984495271647011 0.5679101054619465	Ag_T
0.6666699999476435 0.3333299999738202 0.9378000000000029	Ag_F
0.1666699999476435 0.3333299999738202 0.9378000000000029	Ag_F
0.1666699999476435 0.8333299999738202 0.9378000000000029	Ag_F
0.6666699999476435 0.8333299999738202 0.9378000000000029	Ag_F
0.3333300000523565 0.6666700000261798 0.8622000000000014	Ag_F
0.8333300000523565 0.6666700000261798 0.8622000000000014	Ag_F
0.8333300000523565 0.1666700000261798 0.8622000000000014	Ag_F
0.3333300000523565 0.1666700000261798 0.8622000000000014	Ag_F
0.5000000000000000 0.0000000000000000 0.7865899999999968	Ag_F
0.0000000000000000 0.0000000000000000 0.7865899999999968	Ag_F
0.5000000000000000 0.5000000000000000 0.7865899999999968	Ag_F
0.0000000000000000 0.5000000000000000 0.7865899999999968	Ag_F
0.6688601805801201 0.3329400698817343 0.7142636586876816	Pd_T
0.8391976673711854 0.1712417703410987 0.6412863166159178	Pd_T
0.1615336779236360 0.3323480506865806 0.7141992758083703	Pt_T
0.1662741372736486 0.8327330313472113 0.7149803898764975	Pt_T
