2.9775 -5.15718 0
-5.955 0 0
0 0 -32.1555
1 0 0
0 1 0
0 0 1
0.1666888453416552 0.8333813951484759 0.7139498227856070	Ag_T
0.6635419657773608 0.8270882033004695 0.7132160530725314	Ag_T
0.8314957498248573 0.6649910840886080 0.6403961410226283	Ag_T
0.3334882344771942 0.6649955401120310 0.6403958895573946	Ag_T
0.3360823828642312 0.1721706215670219 0.6418756462313588	Ag_T
0.5048621616819490 0.0058117974854567 0.5691482337676268	Ag_T
0.5019536007827353 0.5039140730137370 0.5644241138715933	Ag_T
0.0009485159552625 0.0058062086676014 0.5691484030650660	Ag_T
0.0006510914037264 0.5013080340565270 0.5673694591087745	Ag_T
0.6666699999476435 0.3333299999738202 0.9378000000000029	Ag_F
0.1666699999476435 0.3333299999738202 0.9378000000000029	Ag_F
0.1666699999476435 0.8333299999738202 0.9378000000000029	Ag_F
0.6666699999476435 0.8333299999738202 0.9378000000000029	Ag_F
0.3333300000523565 0.6666700000261798 0.8622000000000014	Ag_F
0.8333300000523565 0.6666700000261798 0.8622000000000014	Ag_F
0.8333300000523565 0.1666700000261798 0.8622000000000014	Ag_F
0.3333300000523565 0.1666700000261798 0.8622000000000014	Ag_F
0.5000000000000000 0.0000000000000000 0.7865899999999968	Ag_F
0.0000000000000000 0.0000000000000000 0.7865899999999968	Ag_F
0.5000000000000000 0.5000000000000000 0.7865899999999968	Ag_F
0.0000000000000000 0.5000000000000000 0.7865899999999968	Ag_F
0.1590299281155221 0.3294543923785016 0.7134576582857798	Pt_T
0.6704209225482368 0.3294539988198447 0.7134578614679935	Pt_T
0.8376397922839204 0.1752840741488250 0.6425489109153589	Pt_T
