2.9775 -5.15718 0
-5.955 0 0
0 0 -32.1555
1 0 0
0 1 0
0 0 1
0.8339866918864953 0.1669965373863800 0.6433136669729661	Ag_T
0.8333306395021862 0.6666693605763501 0.6428333269135187	Ag_T
0.3330034626921564 0.6660133081920410 0.6433136669729661	Ag_T
0.3330036342439198 0.1669963658346165 0.6433133136972027	Ag_T
0.4999993395456470 0.0000006604543530 0.5687757854597099	Ag_T
0.4998680880143648 0.4999353202538548 0.5681598581847092	Ag_T
0.0000646797461452 0.0001319119856352 0.5681598581847092	Ag_T
0.0000639994751467 0.4999360005248532 0.5681593318992680	Ag_T
0.6666699999476435 0.3333299999738202 0.9378000000000029	Ag_F
0.1666699999476435 0.3333299999738202 0.9378000000000029	Ag_F
0.1666699999476435 0.8333299999738202 0.9378000000000029	Ag_F
0.6666699999476435 0.8333299999738202 0.9378000000000029	Ag_F
0.3333300000523565 0.6666700000261798 0.8622000000000014	Ag_F
0.8333300000523565 0.6666700000261798 0.8622000000000014	Ag_F
0.8333300000523565 0.1666700000261798 0.8622000000000014	Ag_F
0.3333300000523565 0.1666700000261798 0.8622000000000014	Ag_F
0.5000000000000000 0.0000000000000000 0.7865899999999968	Ag_F
0.0000000000000000 0.0000000000000000 0.7865899999999968	Ag_F
0.5000000000000000 0.5000000000000000 0.7865899999999968	Ag_F
0.0000000000000000 0.5000000000000000 0.7865899999999968	Ag_F
0.1663343392737489 0.8331667803912701 0.7147856972457450	Pd_T
0.6668332195301936 0.3336656606477149 0.7147856972457450	Pd_T
0.6668288536465287 0.8331711462749350 0.7147863725161985	Pd_T
0.1666697025628288 0.3333302973586348 0.7150297460610910	Pt_T
