2.9775 -5.15718 0
-5.955 0 0
0 0 -32.1555
1 0 0
0 1 0
0 0 1
0.8267800786352332 0.1629497579870050 0.6436546453507203	Ag_T
0.8268186862279397 0.6638535370298764 0.6436559447570582	Ag_T
-0.0468970231703008 -0.0234473336719933 0.5685870904702602	Ag_T
-0.0456169635888594 0.4771859568820571 0.5683888031010816	Ag_T
0.6666699999476435 0.3333299999738202 0.9378000000000029	Ag_F
0.1666699999476435 0.3333299999738202 0.9378000000000029	Ag_F
0.1666699999476435 0.8333299999738202 0.9378000000000029	Ag_F
0.6666699999476435 0.8333299999738202 0.9378000000000029	Ag_F
0.3333300000523565 0.6666700000261798 0.8622000000000014	Ag_F
0.8333300000523565 0.6666700000261798 0.8622000000000014	Ag_F
0.8333300000523565 0.1666700000261798 0.8622000000000014	Ag_F
0.3333300000523565 0.1666700000261798 0.8622000000000014	Ag_F
0.5000000000000000 0.0000000000000000 0.7865899999999968	Ag_F
0.0000000000000000 0.0000000000000000 0.7865899999999968	Ag_F
0.5000000000000000 0.5000000000000000 0.7865899999999968	Ag_F
0.0000000000000000 0.5000000000000000 0.7865899999999968	Ag_F
0.6679742646728367 0.8339851555011217 0.7155919240310559	Pd_T
0.1701775980644632 0.3361932212506394 0.7140164568251415	Pt_T
0.1702031588997578 0.8340019541234550 0.7140092219517469	Pt_T
0.6649934438343132 0.3324938678492823 0.7155597533133601	Pt_T
0.3210911202659260 0.6605503831013468 0.6457508030447454	Pt_T
0.3239816476293899 0.1619758453705483 0.6464413197633130	Pt_T
0.4460514763395887 -0.0258442237591367 0.5785929152922106	Pt_T
0.4460636029277132 0.4718977709787404 0.5785859519293397	Pt_T
