2.9775 -5.15718 0
-5.955 0 0
0 0 -32.1555
1 0 0
0 1 0
0 0 1
-0.0000002326942407 0.5000002326942405 0.5705376542695852	Ag_T
0.6666699999476435 0.3333299999738202 0.9378000000000029	Ag_F
0.1666699999476435 0.3333299999738202 0.9378000000000029	Ag_F
0.1666699999476435 0.8333299999738202 0.9378000000000029	Ag_F
0.6666699999476435 0.8333299999738202 0.9378000000000029	Ag_F
0.3333300000523565 0.6666700000261798 0.8622000000000014	Ag_F
0.8333300000523565 0.6666700000261798 0.8622000000000014	Ag_F
0.8333300000523565 0.1666700000261798 0.8622000000000014	Ag_F
0.3333300000523565 0.1666700000261798 0.8622000000000014	Ag_F
0.5000000000000000 0.0000000000000000 0.7865899999999968	Ag_F
0.0000000000000000 0.0000000000000000 0.7865899999999968	Ag_F
0.5000000000000000 0.5000000000000000 0.7865899999999968	Ag_F
0.0000000000000000 0.5000000000000000 0.7865899999999968	Ag_F
0.6666660619191324 0.8333339380023314 0.7168096385848793	Pd_T
0.1663066472495782 0.3336933526718855 0.7139466985320204	Pt_T
0.1663059785517952 0.8326114448789333 0.7139470052602769	Pt_T
0.6673885550425304 0.3336940213696685 0.7139470052602769	Pt_T
0.8350653594687959 0.1701359592309182 0.6469073879602629	Pt_T
0.8350709259384599 0.6649290741400764 0.6469074933663714	Pt_T
0.3298640408476180 0.6649346406097404 0.6469073879602629	Pt_T
0.3333333692396482 0.1666666308388882 0.6478716955752435	Pt_T
0.4977613646209452 0.0022386353790549 0.5809732000287658	Pt_T
0.4977594406952834 0.4955170666802582 0.5809739370386919	Pt_T
0.0044829333197417 0.0022405593047168 0.5809739370386919	Pt_T
