2.9775 -5.15718 0
-5.955 0 0
0 0 -32.1555
1 0 0
0 1 0
0 0 1
0.6666699999476435 0.3333299999738202 0.9378000000000029	Ag_F
0.1666699999476435 0.3333299999738202 0.9378000000000029	Ag_F
0.1666699999476435 0.8333299999738202 0.9378000000000029	Ag_F
0.6666699999476435 0.8333299999738202 0.9378000000000029	Ag_F
0.3333300000523565 0.6666700000261798 0.8622000000000014	Ag_F
0.8333300000523565 0.6666700000261798 0.8622000000000014	Ag_F
0.8333300000523565 0.1666700000261798 0.8622000000000014	Ag_F
0.3333300000523565 0.1666700000261798 0.8622000000000014	Ag_F
0.5000000000000000 0.0000000000000000 0.7865899999999968	Ag_F
0.0000000000000000 0.0000000000000000 0.7865899999999968	Ag_F
0.5000000000000000 0.5000000000000000 0.7865899999999968	Ag_F
0.0000000000000000 0.5000000000000000 0.7865899999999968	Ag_F
0.6679702215742976 0.3339830869605470 0.7159968168594374	Pd_T
0.6679702215742976 0.8339830869605473 0.7159968168594374	Pd_T
0.8361278055864797 0.1680668788503462 0.6470692787558888	Pd_T
0.8361278055864797 0.6680668788503463 0.6470692787558888	Pd_T
0.0005995054408386 0.0003019235352917 0.5772823873004108	Pd_T
0.0005995054408386 0.5003019235352915 0.5772823873004108	Pd_T
0.1683738851441381 0.3341893702165352 0.7136423113061570	Pt_T
0.1683738851441381 0.8341893702165351 0.7136423113061570	Pt_T
0.3299408148496130 0.6649723924819205 0.6480343069135952	Pt_T
0.3299408148496130 0.1649723924819204 0.6480343069135952	Pt_T
0.4934824038599775 -0.0032569020609944 0.5826611739605458	Pt_T
0.4934824038599775 0.4967430979390055 0.5826611739605458	Pt_T
