2.9775 -5.15718 0
-5.955 0 0
0 0 -32.1555
1 0 0
0 1 0
0 0 1
0.8324017131710464 0.6662015328847714 0.6435681574784468	Ag_T
0.3337977258706465 0.6662022742078899 0.6435680830722555	Ag_T
0.3337984671937652 0.1675982869074898 0.6435681574784468	Ag_T
0.5019458992948596 0.0009761287996426 0.5707477846384034	Ag_T
0.4999985102526316 0.5000014897473682 0.5691503070861402	Ag_T
-0.0009721486000877 0.0009721486000877 0.5707480568241257	Ag_T
-0.0009761287996426 0.4980541007051405 0.5707477846384034	Ag_T
0.6666699999476435 0.3333299999738202 0.9378000000000029	Ag_F
0.1666699999476435 0.3333299999738202 0.9378000000000029	Ag_F
0.1666699999476435 0.8333299999738202 0.9378000000000029	Ag_F
0.6666699999476435 0.8333299999738202 0.9378000000000029	Ag_F
0.3333300000523565 0.6666700000261798 0.8622000000000014	Ag_F
0.8333300000523565 0.6666700000261798 0.8622000000000014	Ag_F
0.8333300000523565 0.1666700000261798 0.8622000000000014	Ag_F
0.3333300000523565 0.1666700000261798 0.8622000000000014	Ag_F
0.5000000000000000 0.0000000000000000 0.7865899999999968	Ag_F
0.0000000000000000 0.0000000000000000 0.7865899999999968	Ag_F
0.5000000000000000 0.5000000000000000 0.7865899999999968	Ag_F
0.0000000000000000 0.5000000000000000 0.7865899999999968	Ag_F
0.1666655739181759 0.8333344260032879 0.7151619544458434	Pd_T
0.8333324676947049 0.1666675323838310 0.6431889767600408	Pd_T
0.1616779774741272 0.3308400126128839 0.7147064316863058	Pt_T
0.6691599527127597 0.3308400472087036 0.7147063630075896	Pt_T
0.6691599873085795 0.8383220224473366 0.7147064316863058	Pt_T
