2.9775 -5.15718 0
-5.955 0 0
0 0 -32.1555
1 0 0
0 1 0
0 0 1
0.5012359544932896 0.5006176813550021 0.5743016411967424	Ag_T
-0.0006176813550023 -0.0012359544932897 0.5743016411967424	Ag_T
-0.0006181003539051 0.5006181003539050 0.5743017577216674	Ag_T
0.6666699999476435 0.3333299999738202 0.9378000000000029	Ag_F
0.1666699999476435 0.3333299999738202 0.9378000000000029	Ag_F
0.1666699999476435 0.8333299999738202 0.9378000000000029	Ag_F
0.6666699999476435 0.8333299999738202 0.9378000000000029	Ag_F
0.3333300000523565 0.6666700000261798 0.8622000000000014	Ag_F
0.8333300000523565 0.6666700000261798 0.8622000000000014	Ag_F
0.8333300000523565 0.1666700000261798 0.8622000000000014	Ag_F
0.3333300000523565 0.1666700000261798 0.8622000000000014	Ag_F
0.5000000000000000 0.0000000000000000 0.7865899999999968	Ag_F
0.0000000000000000 0.0000000000000000 0.7865899999999968	Ag_F
0.5000000000000000 0.5000000000000000 0.7865899999999968	Ag_F
0.0000000000000000 0.5000000000000000 0.7865899999999968	Ag_F
0.1666657355070738 0.3333342644143900 0.7149973154778940	Pd_T
0.4999983443139034 0.0000016556860966 0.5772126963996697	Pd_T
0.1673418960541648 0.8336703317882727 0.7150542234029695	Pt_T
0.6663296681331911 0.3326581038672989 0.7150542234029695	Pt_T
0.6663283437017223 0.8336716562197414 0.7150541648641708	Pt_T
0.8330253702116479 0.1665108079686757 0.6460231876529129	Pt_T
0.8333319686330392 0.6666680314454971 0.6468526003218136	Pt_T
0.3334891921098607 0.6669746298668884 0.6460231876529129	Pt_T
0.3334866131371713 0.1665133869413651 0.6460237050927448	Pt_T
