2.9775 -5.15718 0
-5.955 0 0
0 0 -32.1555
1 0 0
0 1 0
0 0 1
0.0013747850920333 0.5088237854600601 0.5718101186871297	Ag_T
0.6666699999476435 0.3333299999738202 0.9378000000000029	Ag_F
0.1666699999476435 0.3333299999738202 0.9378000000000029	Ag_F
0.1666699999476435 0.8333299999738202 0.9378000000000029	Ag_F
0.6666699999476435 0.8333299999738202 0.9378000000000029	Ag_F
0.3333300000523565 0.6666700000261798 0.8622000000000014	Ag_F
0.8333300000523565 0.6666700000261798 0.8622000000000014	Ag_F
0.8333300000523565 0.1666700000261798 0.8622000000000014	Ag_F
0.3333300000523565 0.1666700000261798 0.8622000000000014	Ag_F
0.5000000000000000 0.0000000000000000 0.7865899999999968	Ag_F
0.0000000000000000 0.0000000000000000 0.7865899999999968	Ag_F
0.5000000000000000 0.5000000000000000 0.7865899999999968	Ag_F
0.0000000000000000 0.5000000000000000 0.7865899999999968	Ag_F
0.8378359375636772 0.6674031440540527 0.6460460388732056	Pd_T
0.0024818058904182 0.0117668364695284 0.5778707532437845	Pd_T
0.1653147639266817 0.3322700059076098 0.7135856303222186	Pt_T
0.1657305157839214 0.8298919033763701 0.7137241717352869	Pt_T
0.6672151158360958 0.3318014987875123 0.7146295370845728	Pt_T
0.6667820650674630 0.8303411822769096 0.7160003082964980	Pt_T
0.8374340276255393 0.1682072488605464 0.6470563765192626	Pt_T
0.3332320625330858 0.6661220781177555 0.6465598808985421	Pt_T
0.3295049693033379 0.1658205206835331 0.6474782985032838	Pt_T
0.5030594727717166 0.0123375765384697 0.5818858027640984	Pt_T
0.4932705457240403 0.4935925728528198 0.5811788136316650	Pt_T
