2.9775 -5.15718 0
-5.955 0 0
0 0 -32.1555
1 0 0
0 1 0
0 0 1
0.8308141037671279 0.6609909113683247 0.6432088758197393	Ag_T
0.3318919272162322 0.6610827326311187 0.6435113032136748	Ag_T
0.3325083050177047 0.1623071492338472 0.6440112579382378	Ag_T
0.0092888695171146 0.5169771745522487 0.5681979703607430	Ag_T
0.6666699999476435 0.3333299999738202 0.9378000000000029	Ag_F
0.1666699999476435 0.3333299999738202 0.9378000000000029	Ag_F
0.1666699999476435 0.8333299999738202 0.9378000000000029	Ag_F
0.6666699999476435 0.8333299999738202 0.9378000000000029	Ag_F
0.3333300000523565 0.6666700000261798 0.8622000000000014	Ag_F
0.8333300000523565 0.6666700000261798 0.8622000000000014	Ag_F
0.8333300000523565 0.1666700000261798 0.8622000000000014	Ag_F
0.3333300000523565 0.1666700000261798 0.8622000000000014	Ag_F
0.5000000000000000 0.0000000000000000 0.7865899999999968	Ag_F
0.0000000000000000 0.0000000000000000 0.7865899999999968	Ag_F
0.5000000000000000 0.5000000000000000 0.7865899999999968	Ag_F
0.0000000000000000 0.5000000000000000 0.7865899999999968	Ag_F
0.1637219255155833 0.8291204306220489 0.7152633677862269	Pd_T
0.6654316545374515 0.3303517185558891 0.7149820006759116	Pd_T
0.8327579355968748 0.1616005505511032 0.6453933201518590	Pd_T
0.1590966084011997 0.3277698715802229 0.7147795291458015	Pt_T
0.6661581500702658 0.8339688006094172 0.7152116019249073	Pt_T
0.5242556774901568 0.0133829163916469 0.5746551219618103	Pt_T
0.4959497447378674 0.4903735006461367 0.5722432543930380	Pt_T
-0.0065827005114125 0.0146024810588106 0.5743974210142315	Pt_T
