2.9775 -5.15718 0
-5.955 0 0
0 0 -32.1555
1 0 0
0 1 0
0 0 1
0.6650276799636345 0.8318634788756566 0.7136286711768142	Ag_T
0.8372578079281182 0.6667410849802274 0.6421125938033655	Ag_T
0.3339009633226197 0.6683110754057073 0.6422321638588128	Ag_T
0.3364734033023856 0.1683555843806837 0.6432858437430544	Ag_T
0.5051106508822704 0.0038203184991945 0.5700793722116713	Ag_T
0.5027264657923290 0.5023863575473239 0.5678237190231604	Ag_T
0.0024483532054367 0.0028695606485216 0.5696841924558882	Ag_T
0.0020404430393973 0.5009166552530704 0.5684438159087871	Ag_T
0.6666699999476435 0.3333299999738202 0.9378000000000029	Ag_F
0.1666699999476435 0.3333299999738202 0.9378000000000029	Ag_F
0.1666699999476435 0.8333299999738202 0.9378000000000029	Ag_F
0.6666699999476435 0.8333299999738202 0.9378000000000029	Ag_F
0.3333300000523565 0.6666700000261798 0.8622000000000014	Ag_F
0.8333300000523565 0.6666700000261798 0.8622000000000014	Ag_F
0.8333300000523565 0.1666700000261798 0.8622000000000014	Ag_F
0.3333300000523565 0.1666700000261798 0.8622000000000014	Ag_F
0.5000000000000000 0.0000000000000000 0.7865899999999968	Ag_F
0.0000000000000000 0.0000000000000000 0.7865899999999968	Ag_F
0.5000000000000000 0.5000000000000000 0.7865899999999968	Ag_F
0.0000000000000000 0.5000000000000000 0.7865899999999968	Ag_F
0.6680818132686799 0.3303159936690359 0.7140914537231599	Pd_T
0.1574092117126437 0.3295720069953726 0.7138138491024620	Pt_T
0.1657585875556331 0.8325883081693818 0.7152898883687582	Pt_T
0.8413760567223196 0.1738250102436885 0.6418427356369891	Pt_T
