2.9775 -5.15718 0
-5.955 0 0
0 0 -32.1555
1 0 0
0 1 0
0 0 1
0.0044428148137901 0.0022171707888749 0.5728557775698805	Ag_T
0.0119262612209084 0.5059610971503877 0.5723164864642130	Ag_T
0.6666699999476435 0.3333299999738202 0.9378000000000029	Ag_F
0.1666699999476435 0.3333299999738202 0.9378000000000029	Ag_F
0.1666699999476435 0.8333299999738202 0.9378000000000029	Ag_F
0.6666699999476435 0.8333299999738202 0.9378000000000029	Ag_F
0.3333300000523565 0.6666700000261798 0.8622000000000014	Ag_F
0.8333300000523565 0.6666700000261798 0.8622000000000014	Ag_F
0.8333300000523565 0.1666700000261798 0.8622000000000014	Ag_F
0.3333300000523565 0.1666700000261798 0.8622000000000014	Ag_F
0.5000000000000000 0.0000000000000000 0.7865899999999968	Ag_F
0.0000000000000000 0.0000000000000000 0.7865899999999968	Ag_F
0.5000000000000000 0.5000000000000000 0.7865899999999968	Ag_F
0.0000000000000000 0.5000000000000000 0.7865899999999968	Ag_F
0.6631900986010076 0.8316029169958656 0.7164347886066617	Pd_T
0.1635113089140198 0.3323337224474673 0.7135081415063953	Pt_T
0.1635024928679355 0.8311667274546364 0.7135098319431109	Pt_T
0.6626892709464801 0.3313433943953266 0.7157147577705412	Pt_T
0.8384214182323900 0.1703031112305115 0.6470659778721437	Pt_T
0.8384161471465765 0.6681156603365883 0.6470666286298251	Pt_T
0.3346896926683514 0.6673406916097173 0.6462419017998829	Pt_T
0.3290307731558331 0.1645094901483052 0.6471220938390080	Pt_T
0.5139220541678595 0.0126125372846068 0.5811918998777471	Pt_T
0.5139224118158353 0.5013032526599974 0.5811922229389255	Pt_T
