2.9775 -5.15718 0
-5.955 0 0
0 0 -32.1555
1 0 0
0 1 0
0 0 1
0.1682923447259610 0.3341469066661806 0.7134443974321910	Ag_T
0.1687679348535739 0.8343851329455768 0.7133289256630833	Ag_T
-0.0072870764301542 -0.0034405303099071 0.5713820984089486	Ag_T
-0.0072886887341335 0.4961521114994262 0.5713817760773611	Ag_T
0.6666699999476435 0.3333299999738202 0.9378000000000029	Ag_F
0.1666699999476435 0.3333299999738202 0.9378000000000029	Ag_F
0.1666699999476435 0.8333299999738202 0.9378000000000029	Ag_F
0.6666699999476435 0.8333299999738202 0.9378000000000029	Ag_F
0.3333300000523565 0.6666700000261798 0.8622000000000014	Ag_F
0.8333300000523565 0.6666700000261798 0.8622000000000014	Ag_F
0.8333300000523565 0.1666700000261798 0.8622000000000014	Ag_F
0.3333300000523565 0.1666700000261798 0.8622000000000014	Ag_F
0.5000000000000000 0.0000000000000000 0.7865899999999968	Ag_F
0.0000000000000000 0.0000000000000000 0.7865899999999968	Ag_F
0.5000000000000000 0.5000000000000000 0.7865899999999968	Ag_F
0.0000000000000000 0.5000000000000000 0.7865899999999968	Ag_F
0.6672587064838383 0.3333063464371538 0.7145129789765980	Pd_T
0.6672594693395444 0.8339524763266667 0.7145128337134280	Pd_T
0.8340951133252784 0.6670462934887974 0.6438899418461806	Pd_T
0.4942711611898675 -0.0028647198809223 0.5746581996160138	Pd_T
0.4920667157516052 0.4960337104541352 0.5740663092091273	Pd_T
0.8271496455707744 0.1635749473979628 0.6444423110888285	Pt_T
0.3416548228828197 0.6685795161066458 0.6425341244820481	Pt_T
0.3416575428250656 0.1730760668752490 0.6425341082043894	Pt_T
