2.9775 -5.15718 0
-5.955 0 0
0 0 -32.1555
1 0 0
0 1 0
0 0 1
0.3388694260518104 0.1694321702777354 0.6436246580914470	Ag_T
0.0463130104065672 0.0231596138406847 0.5703552903425967	Ag_T
0.0302940036744539 0.5151492539732072 0.5730611144110592	Ag_T
0.6666699999476435 0.3333299999738202 0.9378000000000029	Ag_F
0.1666699999476435 0.3333299999738202 0.9378000000000029	Ag_F
0.1666699999476435 0.8333299999738202 0.9378000000000029	Ag_F
0.6666699999476435 0.8333299999738202 0.9378000000000029	Ag_F
0.3333300000523565 0.6666700000261798 0.8622000000000014	Ag_F
0.8333300000523565 0.6666700000261798 0.8622000000000014	Ag_F
0.8333300000523565 0.1666700000261798 0.8622000000000014	Ag_F
0.3333300000523565 0.1666700000261798 0.8622000000000014	Ag_F
0.5000000000000000 0.0000000000000000 0.7865899999999968	Ag_F
0.0000000000000000 0.0000000000000000 0.7865899999999968	Ag_F
0.5000000000000000 0.5000000000000000 0.7865899999999968	Ag_F
0.0000000000000000 0.5000000000000000 0.7865899999999968	Ag_F
0.3370162064683055 0.6685076781042467 0.6456253393639704	Pd_T
0.1636899066969180 0.3330182429034572 0.7140557952879785	Pt_T
0.1636907145163821 0.8306639535150117 0.7140571269725918	Pt_T
0.6646069661704326 0.3322980510043843 0.7151950653988787	Pt_T
0.6644828218004287 0.8322447575613311 0.7150867238080082	Pt_T
0.8371226582784979 0.1667944196677214 0.6467675150760243	Pt_T
0.8371208213658610 0.6703262061249661 0.6467686829096169	Pt_T
0.5517653819480779 0.0132724796824440 0.5776911264281510	Pt_T
0.5517655644951945 0.5384997772070742 0.5776915786568539	Pt_T
