2.9775 -5.15718 0
-5.955 0 0
0 0 -32.1555
1 0 0
0 1 0
0 0 1
0.8376245527477215 0.6688134081367297 0.6438150847414081	Ag_T
-0.0071254642973637 -0.0021352427241836 0.5717035857371268	Ag_T
-0.0071263972159518 0.4950129743464751 0.5717036601781912	Ag_T
0.6666699999476435 0.3333299999738202 0.9378000000000029	Ag_F
0.1666699999476435 0.3333299999738202 0.9378000000000029	Ag_F
0.1666699999476435 0.8333299999738202 0.9378000000000029	Ag_F
0.6666699999476435 0.8333299999738202 0.9378000000000029	Ag_F
0.3333300000523565 0.6666700000261798 0.8622000000000014	Ag_F
0.8333300000523565 0.6666700000261798 0.8622000000000014	Ag_F
0.8333300000523565 0.1666700000261798 0.8622000000000014	Ag_F
0.3333300000523565 0.1666700000261798 0.8622000000000014	Ag_F
0.5000000000000000 0.0000000000000000 0.7865899999999968	Ag_F
0.0000000000000000 0.0000000000000000 0.7865899999999968	Ag_F
0.5000000000000000 0.5000000000000000 0.7865899999999968	Ag_F
0.0000000000000000 0.5000000000000000 0.7865899999999968	Ag_F
0.4847965281550449 0.4923957311971008 0.5765961780997110	Pd_T
0.1690925727515903 0.3345461717302295 0.7129537047672880	Pt_T
0.1722043370127107 0.8361020286533426 0.7146323204979962	Pt_T
0.6685090978229051 0.3339221769410475 0.7152641286154519	Pt_T
0.6685088362653470 0.8345876942497072 0.7152641007944165	Pt_T
0.8398513511605900 0.1699261828427449 0.6463854450780778	Pt_T
0.3333983884855263 0.6620077440920421 0.6460876534255647	Pt_T
0.3333983132402680 0.1713898979656829 0.6460876999198955	Pt_T
0.4933975674940262 -0.0033022411202277 0.5814935251189746	Pt_T
