2.9775 -5.15718 0
-5.955 0 0
0 0 -32.1555
1 0 0
0 1 0
0 0 1
0.5021673324857991 0.0020918495441845 0.5751696089812910	Ag_T
0.5004142037350803 0.5008292062808251 0.5741854863650657	Ag_T
-0.0000749510189917 0.0020901553107506 0.5751696018591512	Ag_T
0.0001481309472234 0.5002966716541906 0.5751229408777767	Ag_T
0.6666699999476435 0.3333299999738202 0.9378000000000029	Ag_F
0.1666699999476435 0.3333299999738202 0.9378000000000029	Ag_F
0.1666699999476435 0.8333299999738202 0.9378000000000029	Ag_F
0.6666699999476435 0.8333299999738202 0.9378000000000029	Ag_F
0.3333300000523565 0.6666700000261798 0.8622000000000014	Ag_F
0.8333300000523565 0.6666700000261798 0.8622000000000014	Ag_F
0.8333300000523565 0.1666700000261798 0.8622000000000014	Ag_F
0.3333300000523565 0.1666700000261798 0.8622000000000014	Ag_F
0.5000000000000000 0.0000000000000000 0.7865899999999968	Ag_F
0.0000000000000000 0.0000000000000000 0.7865899999999968	Ag_F
0.5000000000000000 0.5000000000000000 0.7865899999999968	Ag_F
0.0000000000000000 0.5000000000000000 0.7865899999999968	Ag_F
0.1659106944186430 0.8318219351112190 0.7154704967079307	Pd_T
0.6655456086792617 0.8310911528393700 0.7153956418130724	Pd_T
0.8328908799830055 0.6674146352161469 0.6454015922295284	Pd_T
0.3345223214609542 0.6674157055305182 0.6454015390762025	Pd_T
0.3340108080024826 0.1680202334283157 0.6457357567673038	Pd_T
0.1671004836909180 0.3324606077312247 0.7146742341064100	Pt_T
0.6653603634139055 0.3324596393529796 0.7146745258956821	Pt_T
0.8341892885101054 0.1683810387987553 0.6473133306533415	Pt_T
