2.9775 -5.15718 0
-5.955 0 0
0 0 -32.1555
1 0 0
0 1 0
0 0 1
0.6666699999476435 0.3333299999738202 0.9378000000000029	Ag_F
0.1666699999476435 0.3333299999738202 0.9378000000000029	Ag_F
0.1666699999476435 0.8333299999738202 0.9378000000000029	Ag_F
0.6666699999476435 0.8333299999738202 0.9378000000000029	Ag_F
0.3333300000523565 0.6666700000261798 0.8622000000000014	Ag_F
0.8333300000523565 0.6666700000261798 0.8622000000000014	Ag_F
0.8333300000523565 0.1666700000261798 0.8622000000000014	Ag_F
0.3333300000523565 0.1666700000261798 0.8622000000000014	Ag_F
0.5000000000000000 0.0000000000000000 0.7865899999999968	Ag_F
0.0000000000000000 0.0000000000000000 0.7865899999999968	Ag_F
0.5000000000000000 0.5000000000000000 0.7865899999999968	Ag_F
0.0000000000000000 0.5000000000000000 0.7865899999999968	Ag_F
0.6658478976668567 0.3329255607513912 0.7156341270448643	Pd_T
0.6660860101214122 0.8330462160207218 0.7155863759565828	Pd_T
0.3343596944049388 0.1671825332436566 0.6476635375820843	Pd_T
0.5034005555206555 -0.0020799766643735 0.5810812252623639	Pd_T
0.5034035424051304 0.5054826486102952 0.5810815390795444	Pd_T
-0.0023145162408076 -0.0011598008510726 0.5797458169464387	Pd_T
0.0034154383943407 0.5017074557188218 0.5804176421207883	Pd_T
0.1642080814202432 0.3322286184151668 0.7140762762240381	Pt_T
0.1642081605376456 0.8319868618931396 0.7140761826144978	Pt_T
0.8328151271633909 0.1657766188933397 0.6474565497482399	Pt_T
0.8328186021832000 0.6670396377157516 0.6474567708638036	Pt_T
0.3351392469441418 0.6675713177170709 0.6482969044075301	Pt_T
