2.9775 -5.15718 0
-5.955 0 0
0 0 -32.1555
1 0 0
0 1 0
0 0 1
0.1666658674374389 0.8333341324840249 0.7140267325993497	Ag_T
0.8294491025163956 0.6647237335388321 0.6419250268432489	Ag_T
0.3352717578499706 0.6647282422285656 0.6419246530811333	Ag_T
0.3352762665397043 0.1705508975621405 0.6419250268432489	Ag_T
0.5024279576793471 0.0012174567872415 0.5695593326580162	Ag_T
0.4999988858306638 0.5000011141693360 0.5664467667235396	Ag_T
-0.0012120737373888 0.0012120737373888 0.5695595989597098	Ag_T
-0.0012174567872415 0.4975720423206524 0.5695593326580162	Ag_T
0.6666699999476435 0.3333299999738202 0.9378000000000029	Ag_F
0.1666699999476435 0.3333299999738202 0.9378000000000029	Ag_F
0.1666699999476435 0.8333299999738202 0.9378000000000029	Ag_F
0.6666699999476435 0.8333299999738202 0.9378000000000029	Ag_F
0.3333300000523565 0.6666700000261798 0.8622000000000014	Ag_F
0.8333300000523565 0.6666700000261798 0.8622000000000014	Ag_F
0.8333300000523565 0.1666700000261798 0.8622000000000014	Ag_F
0.3333300000523565 0.1666700000261798 0.8622000000000014	Ag_F
0.5000000000000000 0.0000000000000000 0.7865899999999968	Ag_F
0.0000000000000000 0.0000000000000000 0.7865899999999968	Ag_F
0.5000000000000000 0.5000000000000000 0.7865899999999968	Ag_F
0.0000000000000000 0.5000000000000000 0.7865899999999968	Ag_F
0.8333331856287340 0.1666668144498023 0.6431493030453419	Pd_T
0.1632728952471223 0.3316376223801556 0.7141725289503833	Pt_T
0.6683632203220952 0.3316367795993685 0.7141727572298241	Pt_T
0.6683623775413083 0.8367271046743417 0.7141725289503833	Pt_T
