2.9775 -5.15718 0
-5.955 0 0
0 0 -32.1555
1 0 0
0 1 0
0 0 1
0.3340649494481146 0.6670354495678950 0.6450357330716758	Ag_T
0.3340649494481146 0.1670354495678948 0.6450357330716758	Ag_T
0.6666699999476435 0.3333299999738202 0.9378000000000029	Ag_F
0.1666699999476435 0.3333299999738202 0.9378000000000029	Ag_F
0.1666699999476435 0.8333299999738202 0.9378000000000029	Ag_F
0.6666699999476435 0.8333299999738202 0.9378000000000029	Ag_F
0.3333300000523565 0.6666700000261798 0.8622000000000014	Ag_F
0.8333300000523565 0.6666700000261798 0.8622000000000014	Ag_F
0.8333300000523565 0.1666700000261798 0.8622000000000014	Ag_F
0.3333300000523565 0.1666700000261798 0.8622000000000014	Ag_F
0.5000000000000000 0.0000000000000000 0.7865899999999968	Ag_F
0.0000000000000000 0.0000000000000000 0.7865899999999968	Ag_F
0.5000000000000000 0.5000000000000000 0.7865899999999968	Ag_F
0.0000000000000000 0.5000000000000000 0.7865899999999968	Ag_F
0.1625324703127587 0.3312664456504079 0.7155573987935173	Pd_T
0.1625324703127587 0.8312664456504077 0.7155573987935173	Pd_T
0.6692222107527795 0.3346107746035973 0.7150461867351295	Pd_T
0.6692222107527795 0.8346107746035972 0.7150461867351295	Pd_T
0.8322261044449514 0.1661141794888446 0.6458459444703076	Pd_T
0.8322261044449514 0.6661141794888447 0.6458459444703076	Pd_T
0.5095805503391855 0.0047891686626541 0.5751502392294705	Pd_T
0.5095805503391855 0.5047891686626541 0.5751502392294705	Pd_T
-0.0053406919152634 -0.0026706470544590 0.5763920861401325	Pd_T
-0.0053406919152634 0.4973293529455411 0.5763920861401325	Pd_T
