2.9775 -5.15718 0
-5.955 0 0
0 0 -32.1555
1 0 0
0 1 0
0 0 1
0.6666699999476435 0.3333299999738202 0.9378000000000029	Ag_F
0.1666699999476435 0.3333299999738202 0.9378000000000029	Ag_F
0.1666699999476435 0.8333299999738202 0.9378000000000029	Ag_F
0.6666699999476435 0.8333299999738202 0.9378000000000029	Ag_F
0.3333300000523565 0.6666700000261798 0.8622000000000014	Ag_F
0.8333300000523565 0.6666700000261798 0.8622000000000014	Ag_F
0.8333300000523565 0.1666700000261798 0.8622000000000014	Ag_F
0.3333300000523565 0.1666700000261798 0.8622000000000014	Ag_F
0.5000000000000000 0.0000000000000000 0.7865899999999968	Ag_F
0.0000000000000000 0.0000000000000000 0.7865899999999968	Ag_F
0.5000000000000000 0.5000000000000000 0.7865899999999968	Ag_F
0.0000000000000000 0.5000000000000000 0.7865899999999968	Ag_F
-0.0010188773468430 -0.0005062933790547 0.5782159795932217	Pd_T
-0.0010188773468430 0.4994937066209452 0.5782159795932217	Pd_T
0.1654619983283181 0.3327301704832473 0.7139577680239438	Pt_T
0.1654619983283181 0.8327301704832470 0.7139577680239438	Pt_T
0.6651068122741893 0.3325540921510997 0.7150421597010159	Pt_T
0.6651068122741893 0.8325540921510997 0.7150421597010159	Pt_T
0.8371435244899066 0.1685686673172950 0.6475984361987173	Pt_T
0.8371435244899066 0.6685686673172949 0.6475984361987173	Pt_T
0.3290712123205713 0.6645345373787135 0.6472086829255840	Pt_T
0.3290712123205713 0.1645345373787132 0.6472086829255840	Pt_T
0.5057835403091413 0.0028807033243776 0.5823820370197316	Pt_T
0.5057835403091413 0.5028807033243776 0.5823820370197316	Pt_T
