2.9775 -5.15718 0
-5.955 0 0
0 0 -32.1555
1 0 0
0 1 0
0 0 1
-0.0033749361725554 -0.0021280314468920 0.5733492408648705	Ag_T
-0.0033748503655066 0.4987532080693071 0.5733492086790545	Ag_T
0.6666699999476435 0.3333299999738202 0.9378000000000029	Ag_F
0.1666699999476435 0.3333299999738202 0.9378000000000029	Ag_F
0.1666699999476435 0.8333299999738202 0.9378000000000029	Ag_F
0.6666699999476435 0.8333299999738202 0.9378000000000029	Ag_F
0.3333300000523565 0.6666700000261798 0.8622000000000014	Ag_F
0.8333300000523565 0.6666700000261798 0.8622000000000014	Ag_F
0.8333300000523565 0.1666700000261798 0.8622000000000014	Ag_F
0.3333300000523565 0.1666700000261798 0.8622000000000014	Ag_F
0.5000000000000000 0.0000000000000000 0.7865899999999968	Ag_F
0.0000000000000000 0.0000000000000000 0.7865899999999968	Ag_F
0.5000000000000000 0.5000000000000000 0.7865899999999968	Ag_F
0.0000000000000000 0.5000000000000000 0.7865899999999968	Ag_F
0.8393010665044087 0.1696512341372736 0.6456144940482036	Pd_T
0.5024472079638814 0.5012253835918111 0.5790174512573668	Pd_T
0.1683343885446092 0.3341669880375243 0.7132422311127621	Pt_T
0.1660922770036883 0.8330464558158556 0.7138400892161503	Pt_T
0.6680079649511701 0.3326250868382026 0.7155474497519695	Pt_T
0.6680078117065635 0.8353821377085094 0.7155474214577615	Pt_T
0.8340639598647528 0.6670320108223695 0.6469735448808902	Pt_T
0.3346221347050033 0.6665074470321027 0.6465684266118421	Pt_T
0.3346237186078949 0.1681172196615197 0.6465683170076620	Pt_T
0.4915966766157511 -0.0042016374681844 0.5809721794646142	Pt_T
