2.9775 -5.15718 0
-5.955 0 0
0 0 -32.1555
1 0 0
0 1 0
0 0 1
0.8334829668320335 0.1669682923437783 0.6425353857809236	Ag_T
0.8334820800594835 0.6665179200190527 0.6425353210682641	Ag_T
0.3330317077347579 0.6665170332465028 0.6425353857809236	Ag_T
0.3333322469797006 0.1666677530988357 0.6427607014946490	Ag_T
0.4999723455054446 0.0000276544945554 0.5681528258012792	Ag_T
0.4999748424255404 0.4999520211529380 0.5681531622103890	Ag_T
0.0000479788470620 0.0000251575744597 0.5681531622103890	Ag_T
-0.0000006432095932 0.5000006432095931 0.5675760279647829	Ag_T
0.6666699999476435 0.3333299999738202 0.9378000000000029	Ag_F
0.1666699999476435 0.3333299999738202 0.9378000000000029	Ag_F
0.1666699999476435 0.8333299999738202 0.9378000000000029	Ag_F
0.6666699999476435 0.8333299999738202 0.9378000000000029	Ag_F
0.3333300000523565 0.6666700000261798 0.8622000000000014	Ag_F
0.8333300000523565 0.6666700000261798 0.8622000000000014	Ag_F
0.8333300000523565 0.1666700000261798 0.8622000000000014	Ag_F
0.3333300000523565 0.1666700000261798 0.8622000000000014	Ag_F
0.5000000000000000 0.0000000000000000 0.7865899999999968	Ag_F
0.0000000000000000 0.0000000000000000 0.7865899999999968	Ag_F
0.5000000000000000 0.5000000000000000 0.7865899999999968	Ag_F
0.0000000000000000 0.5000000000000000 0.7865899999999968	Ag_F
0.6666662469940317 0.8333337529274321 0.7145819076184493	Pd_T
0.1665935748300840 0.3334064250913797 0.7146315360666761	Pt_T
0.1665935413276425 0.8331897238986760 0.7146314317151893	Pt_T
0.6668102760227878 0.3334064585938213 0.7146314317151893	Pt_T
