2.9775 -5.15718 0
-5.955 0 0
0 0 -32.1555
1 0 0
0 1 0
0 0 1
0.1658417944473397 0.8329229917119446 0.7132078949328083	Ag_T
0.6677980430140441 0.3323318926139493 0.7119439532193936	Ag_T
0.6678017891104261 0.8354690277783356 0.7119441594172368	Ag_T
0.8322617042635734 0.6661318505169689 0.6380881679864596	Ag_T
0.3309809146765934 0.6628120959142501 0.6392678152245380	Ag_T
0.3309860007386033 0.1681733851255489 0.6392683854156492	Ag_T
0.5025540013741949 0.0012808936509578 0.5666584955738820	Ag_T
0.4998730998913622 0.4999387567295974 0.5627095243710676	Ag_T
0.0001788532738187 0.0015644683858957 0.5651649001550096	Ag_T
0.0001722814634069 0.4986156906694564 0.5651646138715729	Ag_T
0.6666699999476435 0.3333299999738202 0.9378000000000029	Ag_F
0.1666699999476435 0.3333299999738202 0.9378000000000029	Ag_F
0.1666699999476435 0.8333299999738202 0.9378000000000029	Ag_F
0.6666699999476435 0.8333299999738202 0.9378000000000029	Ag_F
0.3333300000523565 0.6666700000261798 0.8622000000000014	Ag_F
0.8333300000523565 0.6666700000261798 0.8622000000000014	Ag_F
0.8333300000523565 0.1666700000261798 0.8622000000000014	Ag_F
0.3333300000523565 0.1666700000261798 0.8622000000000014	Ag_F
0.5000000000000000 0.0000000000000000 0.7865899999999968	Ag_F
0.0000000000000000 0.0000000000000000 0.7865899999999968	Ag_F
0.5000000000000000 0.5000000000000000 0.7865899999999968	Ag_F
0.0000000000000000 0.5000000000000000 0.7865899999999968	Ag_F
0.1619689161050180 0.3309875978442468 0.7122490960485003	Pd_T
0.8377071260138792 0.1688536501567680 0.6389971238177253	Pt_T
