2.9775 -5.15718 0
-5.955 0 0
0 0 -32.1555
1 0 0
0 1 0
0 0 1
0.8324874538318321 0.6662435261735761 0.6430867838700043	Ag_T
0.3337548564716964 0.6662451436068401 0.6430864306579684	Ag_T
0.3337564739049601 0.1675125462467040 0.6430867838700043	Ag_T
0.5023795589440166 0.0011916534273258 0.5708608070071595	Ag_T
0.4999998840864896 0.5000001159135103 0.5682632834391366	Ag_T
-0.0011876152320620 0.0011876152320620 0.5708610048997211	Ag_T
-0.0011916534273258 0.4976204410559832 0.5708608070071595	Ag_T
0.6666699999476435 0.3333299999738202 0.9378000000000029	Ag_F
0.1666699999476435 0.3333299999738202 0.9378000000000029	Ag_F
0.1666699999476435 0.8333299999738202 0.9378000000000029	Ag_F
0.6666699999476435 0.8333299999738202 0.9378000000000029	Ag_F
0.3333300000523565 0.6666700000261798 0.8622000000000014	Ag_F
0.8333300000523565 0.6666700000261798 0.8622000000000014	Ag_F
0.8333300000523565 0.1666700000261798 0.8622000000000014	Ag_F
0.3333300000523565 0.1666700000261798 0.8622000000000014	Ag_F
0.5000000000000000 0.0000000000000000 0.7865899999999968	Ag_F
0.0000000000000000 0.0000000000000000 0.7865899999999968	Ag_F
0.5000000000000000 0.5000000000000000 0.7865899999999968	Ag_F
0.0000000000000000 0.5000000000000000 0.7865899999999968	Ag_F
0.1618498731787313 0.3309247226400490 0.7143693287647015	Pt_T
0.1666664834315207 0.8333335164899429 0.7152536416087866	Pt_T
0.6690759595195881 0.3309240404018761 0.7143693781143237	Pt_T
0.6690752772814147 0.8381501267427326 0.7143693287647015	Pt_T
0.8333336517058565 0.1666663483726800 0.6433379332642334	Pt_T
