2.9775 -5.15718 0
-5.955 0 0
0 0 -32.1555
1 0 0
0 1 0
0 0 1
-0.0037347775904930 -0.0037606872947838 0.5737527516422067	Ag_T
-0.0020898697623544 0.4973648912864443 0.5733708351216451	Ag_T
0.6666699999476435 0.3333299999738202 0.9378000000000029	Ag_F
0.1666699999476435 0.3333299999738202 0.9378000000000029	Ag_F
0.1666699999476435 0.8333299999738202 0.9378000000000029	Ag_F
0.6666699999476435 0.8333299999738202 0.9378000000000029	Ag_F
0.3333300000523565 0.6666700000261798 0.8622000000000014	Ag_F
0.8333300000523565 0.6666700000261798 0.8622000000000014	Ag_F
0.8333300000523565 0.1666700000261798 0.8622000000000014	Ag_F
0.3333300000523565 0.1666700000261798 0.8622000000000014	Ag_F
0.5000000000000000 0.0000000000000000 0.7865899999999968	Ag_F
0.0000000000000000 0.0000000000000000 0.7865899999999968	Ag_F
0.5000000000000000 0.5000000000000000 0.7865899999999968	Ag_F
0.0000000000000000 0.5000000000000000 0.7865899999999968	Ag_F
0.6675581598109936 0.8358070708031672 0.7162540852555782	Pd_T
0.8384042049864471 0.1686877034121107 0.6460040188832434	Pd_T
0.5028841658848712 0.4980380133585796 0.5793201911118472	Pd_T
0.1684771688210126 0.3347511067425579 0.7133494855203288	Pt_T
0.1658104338734402 0.8333655217674005 0.7137321451944407	Pt_T
0.6673967878021791 0.3338288541788135 0.7155837329074567	Pt_T
0.8339800167918318 0.6654324907144359 0.6470950256452037	Pt_T
0.3349280302433730 0.6654219700859386 0.6466158402493805	Pt_T
0.3337656571703608 0.1670622553137734 0.6471982546979477	Pt_T
0.4923276323260259 -0.0037359478916972 0.5812211668895969	Pt_T
