2.9775 -5.15718 0
-5.955 0 0
0 0 -32.1555
1 0 0
0 1 0
0 0 1
0.8337842091254469 0.1668962326244966 0.6430220633518576	Ag_T
0.8337842091254469 0.6668962326244966 0.6430220633518576	Ag_T
0.3332661456607103 0.6666358390112683 0.6433349141621147	Ag_T
0.3332661456607103 0.1666358390112687 0.6433349141621147	Ag_T
0.6666699999476435 0.3333299999738202 0.9378000000000029	Ag_F
0.1666699999476435 0.3333299999738202 0.9378000000000029	Ag_F
0.1666699999476435 0.8333299999738202 0.9378000000000029	Ag_F
0.6666699999476435 0.8333299999738202 0.9378000000000029	Ag_F
0.3333300000523565 0.6666700000261798 0.8622000000000014	Ag_F
0.8333300000523565 0.6666700000261798 0.8622000000000014	Ag_F
0.8333300000523565 0.1666700000261798 0.8622000000000014	Ag_F
0.3333300000523565 0.1666700000261798 0.8622000000000014	Ag_F
0.5000000000000000 0.0000000000000000 0.7865899999999968	Ag_F
0.0000000000000000 0.0000000000000000 0.7865899999999968	Ag_F
0.5000000000000000 0.5000000000000000 0.7865899999999968	Ag_F
0.0000000000000000 0.5000000000000000 0.7865899999999968	Ag_F
0.6667937360386679 0.3333988768334933 0.7151563070976770	Pd_T
0.6667937360386679 0.8333988768334936 0.7151563070976770	Pd_T
0.1663548340229387 0.3331782186600462 0.7152370651019991	Pt_T
0.1663548340229387 0.8331782186600462 0.7152370651019991	Pt_T
0.4991443285592259 -0.0004234295132579 0.5718313852489608	Pt_T
0.4991443285592259 0.4995765704867423 0.5718313852489608	Pt_T
0.0010369184215063 0.0005230440760584 0.5715893850138035	Pt_T
0.0010369184215063 0.5005230440760582 0.5715893850138035	Pt_T
