2.9775 -5.15718 0
-5.955 0 0
0 0 -32.1555
1 0 0
0 1 0
0 0 1
0.8345681790323393 0.1674810134441199 0.6422658686776328	Ag_T
0.8345679575644643 0.6670904478553382 0.6422657941720032	Ag_T
0.3318859845445495 0.6659419907667006 0.6424572370982455	Ag_T
0.3323969519638325 0.1661984715506993 0.6430000084630336	Ag_T
0.6666699999476435 0.3333299999738202 0.9378000000000029	Ag_F
0.1666699999476435 0.3333299999738202 0.9378000000000029	Ag_F
0.1666699999476435 0.8333299999738202 0.9378000000000029	Ag_F
0.6666699999476435 0.8333299999738202 0.9378000000000029	Ag_F
0.3333300000523565 0.6666700000261798 0.8622000000000014	Ag_F
0.8333300000523565 0.6666700000261798 0.8622000000000014	Ag_F
0.8333300000523565 0.1666700000261798 0.8622000000000014	Ag_F
0.3333300000523565 0.1666700000261798 0.8622000000000014	Ag_F
0.5000000000000000 0.0000000000000000 0.7865899999999968	Ag_F
0.0000000000000000 0.0000000000000000 0.7865899999999968	Ag_F
0.5000000000000000 0.5000000000000000 0.7865899999999968	Ag_F
0.0000000000000000 0.5000000000000000 0.7865899999999968	Ag_F
0.6664995225710902 0.8332499058469930 0.7146998738990813	Pd_T
0.0013627482002394 0.0006849808765721 0.5706379299906998	Pd_T
0.0007051669643215 0.5003557501354076 0.5702444344947462	Pd_T
0.1654197841615198 0.3332967802578406 0.7148462387752841	Pt_T
0.1654206489259097 0.8321240169449236 0.7148462270843092	Pt_T
0.6678955246996672 0.3339484061806565 0.7149250887023496	Pt_T
0.4999597199605904 0.0014265350647501 0.5721388266768941	Pt_T
0.4999594605940422 0.4985345820710179 0.5721387763870469	Pt_T
