2.9775 -5.15718 0
-5.955 0 0
0 0 -32.1555
1 0 0
0 1 0
0 0 1
0.6666680080692741 0.8333319918521896 0.7138322239778706	Ag_T
0.8350165864082911 0.1700356014360331 0.6414453904918761	Ag_T
0.8350119519694058 0.6649880481091305 0.6414459073836835	Ag_T
0.3299643986425031 0.6649834136702452 0.6414453904918761	Ag_T
0.3333329785364877 0.1666670215420485 0.6427781514043446	Ag_T
0.4997257297754092 0.0002742702245907 0.5670389710336572	Ag_T
0.4997241075553097 0.4994524770759171 0.5670384458114482	Ag_T
0.0005475229240829 0.0002758924446903 0.5670384458114482	Ag_T
-0.0000054903915346 0.5000054903915345 0.5653675529107971	Ag_T
0.6666699999476435 0.3333299999738202 0.9378000000000029	Ag_F
0.1666699999476435 0.3333299999738202 0.9378000000000029	Ag_F
0.1666699999476435 0.8333299999738202 0.9378000000000029	Ag_F
0.6666699999476435 0.8333299999738202 0.9378000000000029	Ag_F
0.3333300000523565 0.6666700000261798 0.8622000000000014	Ag_F
0.8333300000523565 0.6666700000261798 0.8622000000000014	Ag_F
0.8333300000523565 0.1666700000261798 0.8622000000000014	Ag_F
0.3333300000523565 0.1666700000261798 0.8622000000000014	Ag_F
0.5000000000000000 0.0000000000000000 0.7865899999999968	Ag_F
0.0000000000000000 0.0000000000000000 0.7865899999999968	Ag_F
0.5000000000000000 0.5000000000000000 0.7865899999999968	Ag_F
0.0000000000000000 0.5000000000000000 0.7865899999999968	Ag_F
0.1660550778701127 0.3339449220513511 0.7141890907460279	Pd_T
0.1660532771636411 0.8321065443345917 0.7141886680542244	Pd_T
0.6678934555868720 0.3339467227578227 0.7141886680542244	Pd_T
