2.9775 -5.15718 0
-5.955 0 0
0 0 -32.1555
1 0 0
0 1 0
0 0 1
0.6666699999476435 0.3333299999738202 0.9378000000000029	Ag_F
0.1666699999476435 0.3333299999738202 0.9378000000000029	Ag_F
0.1666699999476435 0.8333299999738202 0.9378000000000029	Ag_F
0.6666699999476435 0.8333299999738202 0.9378000000000029	Ag_F
0.3333300000523565 0.6666700000261798 0.8622000000000014	Ag_F
0.8333300000523565 0.6666700000261798 0.8622000000000014	Ag_F
0.8333300000523565 0.1666700000261798 0.8622000000000014	Ag_F
0.3333300000523565 0.1666700000261798 0.8622000000000014	Ag_F
0.5000000000000000 0.0000000000000000 0.7865899999999968	Ag_F
0.0000000000000000 0.0000000000000000 0.7865899999999968	Ag_F
0.5000000000000000 0.5000000000000000 0.7865899999999968	Ag_F
0.0000000000000000 0.5000000000000000 0.7865899999999968	Ag_F
0.6649685261109913 0.3324807682685573 0.7160977171760281	Pd_T
0.3341541346294384 0.1670807879913370 0.6468420723326803	Pd_T
0.0031294195559547 0.0015489542569083 0.5775449354860711	Pd_T
0.0024693340956819 0.5012310771260663 0.5786960773177460	Pd_T
0.1633797710646232 0.3305906015288266 0.7138919743981507	Pt_T
0.1633858235938322 0.8327865382542075 0.7138920824898548	Pt_T
0.6636798004456230 0.8318409300146916 0.7145988098739311	Pt_T
0.8375415958707284 0.1690047635495088 0.6475979299345905	Pt_T
0.8375412600747426 0.6685348520758314 0.6475989748875356	Pt_T
0.3272595720141575 0.6636264489065995 0.6482035423094662	Pt_T
0.5103313355766592 -0.0028888331500602 0.5824260358370767	Pt_T
0.5103313634465807 0.5132216252886007 0.5824260120043645	Pt_T
