2.9775 -5.15718 0
-5.955 0 0
0 0 -32.1555
1 0 0
0 1 0
0 0 1
0.6666699999476435 0.3333299999738202 0.9378000000000029	Ag_F
0.1666699999476435 0.3333299999738202 0.9378000000000029	Ag_F
0.1666699999476435 0.8333299999738202 0.9378000000000029	Ag_F
0.6666699999476435 0.8333299999738202 0.9378000000000029	Ag_F
0.3333300000523565 0.6666700000261798 0.8622000000000014	Ag_F
0.8333300000523565 0.6666700000261798 0.8622000000000014	Ag_F
0.8333300000523565 0.1666700000261798 0.8622000000000014	Ag_F
0.3333300000523565 0.1666700000261798 0.8622000000000014	Ag_F
0.5000000000000000 0.0000000000000000 0.7865899999999968	Ag_F
0.0000000000000000 0.0000000000000000 0.7865899999999968	Ag_F
0.5000000000000000 0.5000000000000000 0.7865899999999968	Ag_F
0.0000000000000000 0.5000000000000000 0.7865899999999968	Ag_F
0.3304303493562052 0.1652177285268437 0.6467793667586625	Pd_T
-0.0014117248676400 -0.0007138019945151 0.5782706048681443	Pd_T
-0.0015194137722496 0.4992337151790652 0.5784507537653363	Pd_T
0.1648739568966343 0.3317155607112874 0.7139316793745619	Pt_T
0.1648737336425507 0.8331633248137708 0.7139316004750967	Pt_T
0.6645197910334912 0.3322614218018128 0.7150396199627288	Pt_T
0.6638547398322715 0.8319286158392631 0.7148875591072468	Pt_T
0.8364352639772832 0.1683860706915025 0.6477593952314262	Pt_T
0.8364354370878093 0.6680475625001576 0.6477593046285904	Pt_T
0.3274314219709010 0.6637168119104823 0.6473859235906356	Pt_T
0.5098134943666051 -0.0006231694840224 0.5822617473579784	Pt_T
0.5098142733082394 0.5104332644904326 0.5822616433605244	Pt_T
