2.9775 -5.15718 0
-5.955 0 0
0 0 -32.1555
1 0 0
0 1 0
0 0 1
0.0048644583202769 0.0024321937600540 0.5739612437381588	Ag_T
0.0048644583202769 0.5024321937600541 0.5739612437381588	Ag_T
0.6666699999476435 0.3333299999738202 0.9378000000000029	Ag_F
0.1666699999476435 0.3333299999738202 0.9378000000000029	Ag_F
0.1666699999476435 0.8333299999738202 0.9378000000000029	Ag_F
0.6666699999476435 0.8333299999738202 0.9378000000000029	Ag_F
0.3333300000523565 0.6666700000261798 0.8622000000000014	Ag_F
0.8333300000523565 0.6666700000261798 0.8622000000000014	Ag_F
0.8333300000523565 0.1666700000261798 0.8622000000000014	Ag_F
0.3333300000523565 0.1666700000261798 0.8622000000000014	Ag_F
0.5000000000000000 0.0000000000000000 0.7865899999999968	Ag_F
0.0000000000000000 0.0000000000000000 0.7865899999999968	Ag_F
0.5000000000000000 0.5000000000000000 0.7865899999999968	Ag_F
0.0000000000000000 0.5000000000000000 0.7865899999999968	Ag_F
0.5071242732637118 0.0035631192259964 0.5791143346241370	Pd_T
0.5071242732637118 0.5035631192259966 0.5791143346241370	Pd_T
0.1636525445747656 0.3318275717042672 0.7136526566823147	Pt_T
0.1636525445747656 0.8318275717042671 0.7136526566823147	Pt_T
0.6645966110960678 0.3322993031132517 0.7156193062747181	Pt_T
0.6645966110960678 0.8322993031132518 0.7156193062747181	Pt_T
0.8331043202147812 0.1665537577153549 0.6464203112945417	Pt_T
0.8331043202147812 0.6665537577153549 0.6464203112945417	Pt_T
0.3338459347942574 0.6669245713918350 0.6464202434510954	Pt_T
0.3338459347942574 0.1669245713918348 0.6464202434510954	Pt_T
