2.9775 -5.15718 0
-5.955 0 0
0 0 -32.1555
1 0 0
0 1 0
0 0 1
0.0079699092610059 0.5159386896667353 0.5713327477880762	Ag_T
0.6666699999476435 0.3333299999738202 0.9378000000000029	Ag_F
0.1666699999476435 0.3333299999738202 0.9378000000000029	Ag_F
0.1666699999476435 0.8333299999738202 0.9378000000000029	Ag_F
0.6666699999476435 0.8333299999738202 0.9378000000000029	Ag_F
0.3333300000523565 0.6666700000261798 0.8622000000000014	Ag_F
0.8333300000523565 0.6666700000261798 0.8622000000000014	Ag_F
0.8333300000523565 0.1666700000261798 0.8622000000000014	Ag_F
0.3333300000523565 0.1666700000261798 0.8622000000000014	Ag_F
0.5000000000000000 0.0000000000000000 0.7865899999999968	Ag_F
0.0000000000000000 0.0000000000000000 0.7865899999999968	Ag_F
0.5000000000000000 0.5000000000000000 0.7865899999999968	Ag_F
0.0000000000000000 0.5000000000000000 0.7865899999999968	Ag_F
0.6644195156583927 0.8288374653375926 0.7166727276889792	Pd_T
0.8350435296121984 0.6660294918853794 0.6465298831499594	Pd_T
0.3309870638986252 0.6660318449302445 0.6465303974356511	Pd_T
0.1640049462149288 0.3305195543739289 0.7140130949215056	Pt_T
0.1652650153179821 0.8305361695597707 0.7141828177994964	Pt_T
0.6665101456689746 0.3305160961546579 0.7140131532992379	Pt_T
0.8348824322999826 0.1697620199631985 0.6474579425126686	Pt_T
0.3334407841664124 0.1668825127643375 0.6482343833610961	Pt_T
0.5089487778615167 0.0177126614727591 0.5811242788870602	Pt_T
0.4960648498916789 0.4921323803852069 0.5807589413107904	Pt_T
0.0087593166191279 0.0177092550798448 0.5811240335756186	Pt_T
