2.9775 -5.15718 0
-5.955 0 0
0 0 -32.1555
1 0 0
0 1 0
0 0 1
0.8340620935609385 0.1670322885210305 0.6427391499069287	Ag_T
0.8340620935609385 0.6670322885210304 0.6427391499069287	Ag_T
0.3331759339394013 0.6665886903550748 0.6430863111394828	Ag_T
0.3331759339394013 0.1665886903550751 0.6430863111394828	Ag_T
0.4998122504471221 -0.0000908126670890 0.5683890282073287	Ag_T
0.4998122504471221 0.4999091873329109 0.5683890282073287	Ag_T
-0.0000454046783087 -0.0000216945911868 0.5678109136716890	Ag_T
-0.0000454046783087 0.4999783054088131 0.5678109136716890	Ag_T
0.6666699999476435 0.3333299999738202 0.9378000000000029	Ag_F
0.1666699999476435 0.3333299999738202 0.9378000000000029	Ag_F
0.1666699999476435 0.8333299999738202 0.9378000000000029	Ag_F
0.6666699999476435 0.8333299999738202 0.9378000000000029	Ag_F
0.3333300000523565 0.6666700000261798 0.8622000000000014	Ag_F
0.8333300000523565 0.6666700000261798 0.8622000000000014	Ag_F
0.8333300000523565 0.1666700000261798 0.8622000000000014	Ag_F
0.3333300000523565 0.1666700000261798 0.8622000000000014	Ag_F
0.5000000000000000 0.0000000000000000 0.7865899999999968	Ag_F
0.0000000000000000 0.0000000000000000 0.7865899999999968	Ag_F
0.5000000000000000 0.5000000000000000 0.7865899999999968	Ag_F
0.0000000000000000 0.5000000000000000 0.7865899999999968	Ag_F
0.6669505274229033 0.3334752379988219 0.7146591646501801	Pd_T
0.6669505274229033 0.8334752379988223 0.7146591646501801	Pd_T
0.1663375443211669 0.3331694162668211 0.7148443500836287	Pt_T
0.1663375443211669 0.8331694162668210 0.7148443500836287	Pt_T
