2.9775 -5.15718 0
-5.955 0 0
0 0 -32.1555
1 0 0
0 1 0
0 0 1
0.6644510878141373 0.8289054197447352 0.7136798317702053	Ag_T
0.8361405485091218 0.6687941439284342 0.6419519542650821	Ag_T
0.3326451293784117 0.6687908729753689 0.6419520783040220	Ag_T
0.3348994007632772 0.1698025887091221 0.6430943075033840	Ag_T
0.5040528750544225 0.0047479083084302 0.5700993322069664	Ag_T
0.5017514050209450 0.5035071994669874 0.5676350065371699	Ag_T
0.0006973666745264 0.0047477863896605 0.5700990353671623	Ag_T
0.0008499115352242 0.5017048886310664 0.5684720171045643	Ag_T
0.6666699999476435 0.3333299999738202 0.9378000000000029	Ag_F
0.1666699999476435 0.3333299999738202 0.9378000000000029	Ag_F
0.1666699999476435 0.8333299999738202 0.9378000000000029	Ag_F
0.6666699999476435 0.8333299999738202 0.9378000000000029	Ag_F
0.3333300000523565 0.6666700000261798 0.8622000000000014	Ag_F
0.8333300000523565 0.6666700000261798 0.8622000000000014	Ag_F
0.8333300000523565 0.1666700000261798 0.8622000000000014	Ag_F
0.3333300000523565 0.1666700000261798 0.8622000000000014	Ag_F
0.5000000000000000 0.0000000000000000 0.7865899999999968	Ag_F
0.0000000000000000 0.0000000000000000 0.7865899999999968	Ag_F
0.5000000000000000 0.5000000000000000 0.7865899999999968	Ag_F
0.0000000000000000 0.5000000000000000 0.7865899999999968	Ag_F
0.1586874426715978 0.3291072156468515 0.7138993225747816	Pt_T
0.1664353434886716 0.8328736371716750 0.7151200548801370	Pt_T
0.6704188586923709 0.3291089669160873 0.7138991229145446	Pt_T
0.8377670541033349 0.1755356401160749 0.6422505803505884	Pt_T
