2.9775 -5.15718 0
-5.955 0 0
0 0 -32.1555
1 0 0
0 1 0
0 0 1
0.3260630492271235 0.6620889747525684 0.6442414141099777	Ag_T
0.3260647618743259 0.1639777744975041 0.6442413319553614	Ag_T
0.5012703642798472 0.5006377792222826 0.5706013748734107	Ag_T
-0.0044292540852041 -0.0016342366472371 0.5729712863674373	Ag_T
-0.0044307981226198 0.4971987494581367 0.5729712672596753	Ag_T
0.6666699999476435 0.3333299999738202 0.9378000000000029	Ag_F
0.1666699999476435 0.3333299999738202 0.9378000000000029	Ag_F
0.1666699999476435 0.8333299999738202 0.9378000000000029	Ag_F
0.6666699999476435 0.8333299999738202 0.9378000000000029	Ag_F
0.3333300000523565 0.6666700000261798 0.8622000000000014	Ag_F
0.8333300000523565 0.6666700000261798 0.8622000000000014	Ag_F
0.8333300000523565 0.1666700000261798 0.8622000000000014	Ag_F
0.3333300000523565 0.1666700000261798 0.8622000000000014	Ag_F
0.5000000000000000 0.0000000000000000 0.7865899999999968	Ag_F
0.0000000000000000 0.0000000000000000 0.7865899999999968	Ag_F
0.5000000000000000 0.5000000000000000 0.7865899999999968	Ag_F
0.0000000000000000 0.5000000000000000 0.7865899999999968	Ag_F
0.1657774068787824 0.3328885337941700 0.7153049619911434	Pd_T
0.1667310388169227 0.8333660769017270 0.7157304385479033	Pd_T
0.8254263024039430 0.6627125226352949 0.6445705556152735	Pd_T
0.5086882954982439 0.0043473727959380 0.5748802652220006	Pd_T
0.6728576783668405 0.3371750610260191 0.7143721857195916	Pt_T
0.6728568176978323 0.8356793249136386 0.7143721854249713	Pt_T
0.8209318849548155 0.1604650993015309 0.6459693149656603	Pt_T
