2.9775 -5.15718 0
-5.955 0 0
0 0 -32.1555
1 0 0
0 1 0
0 0 1
0.6666699999476435 0.3333299999738202 0.9378000000000029	Ag_F
0.1666699999476435 0.3333299999738202 0.9378000000000029	Ag_F
0.1666699999476435 0.8333299999738202 0.9378000000000029	Ag_F
0.6666699999476435 0.8333299999738202 0.9378000000000029	Ag_F
0.3333300000523565 0.6666700000261798 0.8622000000000014	Ag_F
0.8333300000523565 0.6666700000261798 0.8622000000000014	Ag_F
0.8333300000523565 0.1666700000261798 0.8622000000000014	Ag_F
0.3333300000523565 0.1666700000261798 0.8622000000000014	Ag_F
0.5000000000000000 0.0000000000000000 0.7865899999999968	Ag_F
0.0000000000000000 0.0000000000000000 0.7865899999999968	Ag_F
0.5000000000000000 0.5000000000000000 0.7865899999999968	Ag_F
0.0000000000000000 0.5000000000000000 0.7865899999999968	Ag_F
0.6674333759052159 0.3337169611230507 0.7156623212983896	Pd_T
0.6674333759052159 0.8337169611230505 0.7156623212983896	Pd_T
0.4994437391749994 -0.0002768845637129 0.5810879801716049	Pd_T
0.4994437391749994 0.4997231154362872 0.5810879801716050	Pd_T
0.0011506843915962 0.0005814646671361 0.5797219169530206	Pd_T
0.0011506843915962 0.5005814646671363 0.5797219169530206	Pd_T
0.1657226583834928 0.3328612742012449 0.7139547601949109	Pt_T
0.1657226583834928 0.8328612742012449 0.7139547601949109	Pt_T
0.8318485749148461 0.1659269665065380 0.6472131984201402	Pt_T
0.8318485749148461 0.6659269665065379 0.6472131984201402	Pt_T
0.3339948086155429 0.6669973962020392 0.6479389943801024	Pt_T
0.3339948086155429 0.1669973962020392 0.6479389943801024	Pt_T
