2.9775 -5.15718 0
-5.955 0 0
0 0 -32.1555
1 0 0
0 1 0
0 0 1
-0.0097982636271065 -0.0048983408081038 0.5724307985612489	Ag_T
-0.0097982636271065 0.4951016591918962 0.5724307985612489	Ag_T
0.6666699999476435 0.3333299999738202 0.9378000000000029	Ag_F
0.1666699999476435 0.3333299999738202 0.9378000000000029	Ag_F
0.1666699999476435 0.8333299999738202 0.9378000000000029	Ag_F
0.6666699999476435 0.8333299999738202 0.9378000000000029	Ag_F
0.3333300000523565 0.6666700000261798 0.8622000000000014	Ag_F
0.8333300000523565 0.6666700000261798 0.8622000000000014	Ag_F
0.8333300000523565 0.1666700000261798 0.8622000000000014	Ag_F
0.3333300000523565 0.1666700000261798 0.8622000000000014	Ag_F
0.5000000000000000 0.0000000000000000 0.7865899999999968	Ag_F
0.0000000000000000 0.0000000000000000 0.7865899999999968	Ag_F
0.5000000000000000 0.5000000000000000 0.7865899999999968	Ag_F
0.0000000000000000 0.5000000000000000 0.7865899999999968	Ag_F
0.8402916970202798 0.1701426740035982 0.6460089606587401	Pd_T
0.8402916970202798 0.6701426740035983 0.6460089606587401	Pd_T
0.1690720303181367 0.3345380492431977 0.7134988057903989	Pt_T
0.1690720303181367 0.8345380492431973 0.7134988057903989	Pt_T
0.6700555432598899 0.3350294976966258 0.7155760900766737	Pt_T
0.6700555432598899 0.8350294976966256 0.7155760900766737	Pt_T
0.3355732067126795 0.6677857099189415 0.6468214910467729	Pt_T
0.3355732067126795 0.1677857099189418 0.6468214910467729	Pt_T
0.4888076384486706 -0.0055994098293946 0.5807682384553922	Pt_T
0.4888076384486706 0.4944005901706054 0.5807682384553922	Pt_T
