2.9775 -5.15718 0
-5.955 0 0
0 0 -32.1555
1 0 0
0 1 0
0 0 1
0.6666699999476435 0.3333299999738202 0.9378000000000029	Ag_F
0.1666699999476435 0.3333299999738202 0.9378000000000029	Ag_F
0.1666699999476435 0.8333299999738202 0.9378000000000029	Ag_F
0.6666699999476435 0.8333299999738202 0.9378000000000029	Ag_F
0.3333300000523565 0.6666700000261798 0.8622000000000014	Ag_F
0.8333300000523565 0.6666700000261798 0.8622000000000014	Ag_F
0.8333300000523565 0.1666700000261798 0.8622000000000014	Ag_F
0.3333300000523565 0.1666700000261798 0.8622000000000014	Ag_F
0.5000000000000000 0.0000000000000000 0.7865899999999968	Ag_F
0.0000000000000000 0.0000000000000000 0.7865899999999968	Ag_F
0.5000000000000000 0.5000000000000000 0.7865899999999968	Ag_F
0.0000000000000000 0.5000000000000000 0.7865899999999968	Ag_F
0.1680784313267817 0.3340390910788133 0.7156975115056424	Pd_T
0.1680784313267817 0.8340390910788137 0.7156975115056424	Pd_T
0.3318709392886819 0.6659377100371808 0.6472467996836953	Pd_T
0.3318709392886819 0.1659377100371809 0.6472467996836953	Pd_T
0.5028825920964941 0.0014453657363612 0.5795276466358196	Pd_T
0.5028825920964941 0.5014453657363611 0.5795276466358196	Pd_T
-0.0080738200526472 -0.0040382617167142 0.5814865530238784	Pd_T
-0.0080738200526472 0.4959617382832858 0.5814865530238784	Pd_T
0.6684650320019644 0.3342315197577932 0.7140154417413508	Pt_T
0.6684650320019644 0.8342315197577930 0.7140154417413508	Pt_T
0.8317587283559140 0.1658782855762111 0.6482640647700353	Pt_T
0.8317587283559140 0.6658782855762109 0.6482640647700353	Pt_T
