2.9775 -5.15718 0
-5.955 0 0
0 0 -32.1555
1 0 0
0 1 0
0 0 1
0.1630556463770325 0.3315282887370198 0.7120418785523406	Ag_T
0.6684647355655925 0.3315352643558714 0.7120415059028282	Ag_T
0.6684717111844440 0.8369443535444310 0.7120418785523406	Ag_T
0.8365570180004491 0.6682807718070946 0.6395408657714039	Ag_T
0.3317262516566595 0.6682737484218767 0.6395414282694822	Ag_T
0.3317192282714420 0.1634429820780872 0.6395408657714039	Ag_T
0.5003106672934737 0.0001550018297075 0.5654787215937256	Ag_T
0.5000001550285555 0.4999998449714443 0.5648257090340368	Ag_T
-0.0001596769011707 0.0001596769011707 0.5654779057587627	Ag_T
-0.0001550018297075 0.4996893327065266 0.5654787215937256	Ag_T
0.6666699999476435 0.3333299999738202 0.9378000000000029	Ag_F
0.1666699999476435 0.3333299999738202 0.9378000000000029	Ag_F
0.1666699999476435 0.8333299999738202 0.9378000000000029	Ag_F
0.6666699999476435 0.8333299999738202 0.9378000000000029	Ag_F
0.3333300000523565 0.6666700000261798 0.8622000000000014	Ag_F
0.8333300000523565 0.6666700000261798 0.8622000000000014	Ag_F
0.8333300000523565 0.1666700000261798 0.8622000000000014	Ag_F
0.3333300000523565 0.1666700000261798 0.8622000000000014	Ag_F
0.5000000000000000 0.0000000000000000 0.7865899999999968	Ag_F
0.0000000000000000 0.0000000000000000 0.7865899999999968	Ag_F
0.5000000000000000 0.5000000000000000 0.7865899999999968	Ag_F
0.0000000000000000 0.5000000000000000 0.7865899999999968	Ag_F
0.1666662411966127 0.8333337587248514 0.7139814702893658	Pd_T
0.8333315319059355 0.1666684681726008 0.6378569050294600	Pt_T
