2.9775 -5.15718 0
-5.955 0 0
0 0 -32.1555
1 0 0
0 1 0
0 0 1
0.1614729590357773 0.3307377458948543 0.7107286427331213	Ag_T
0.1637671871946469 0.8318848099634006 0.7125401364367659	Ag_T
0.6660015117060637 0.3307354758177294 0.7109023260203566	Ag_T
0.6660043959891847 0.8352760515345201 0.7109020533390774	Ag_T
0.8308466407390928 0.6654249380786738 0.6369215382078206	Ag_T
0.3272312707280686 0.6612091208391521 0.6371341853257855	Ag_T
0.3272332025460883 0.1660236279093819 0.6371338386585607	Ag_T
0.5060284777687722 0.5030159880415658 0.5608637134530049	Ag_T
0.0058017560358617 0.0026614189926198 0.5628489418766616	Ag_T
0.0058022364342761 0.5031464979202959 0.5628485661557703	Ag_T
0.6666699999476435 0.3333299999738202 0.9378000000000029	Ag_F
0.1666699999476435 0.3333299999738202 0.9378000000000029	Ag_F
0.1666699999476435 0.8333299999738202 0.9378000000000029	Ag_F
0.6666699999476435 0.8333299999738202 0.9378000000000029	Ag_F
0.3333300000523565 0.6666700000261798 0.8622000000000014	Ag_F
0.8333300000523565 0.6666700000261798 0.8622000000000014	Ag_F
0.8333300000523565 0.1666700000261798 0.8622000000000014	Ag_F
0.3333300000523565 0.1666700000261798 0.8622000000000014	Ag_F
0.5000000000000000 0.0000000000000000 0.7865899999999968	Ag_F
0.0000000000000000 0.0000000000000000 0.7865899999999968	Ag_F
0.5000000000000000 0.5000000000000000 0.7865899999999968	Ag_F
0.0000000000000000 0.5000000000000000 0.7865899999999968	Ag_F
0.8289768959487592 0.1644898096947435 0.6369544272126764	Pt_T
0.5126791500202449 0.0063390667892565 0.5689879239739448	Pt_T
