2.9775 -5.15718 0
-5.955 0 0
0 0 -32.1555
1 0 0
0 1 0
0 0 1
0.6667502993095148 0.3333759888102411 0.7132019496601264	Ag_T
0.6667502993095148 0.8333759888102410 0.7132019496601264	Ag_T
0.8360992982776664 0.1680517954436661 0.6395962155031092	Ag_T
0.8360992982776664 0.6680517954436658 0.6395962155031092	Ag_T
0.3298080745332299 0.6649032483650303 0.6408899283680592	Ag_T
0.3298080745332299 0.1649032483650303 0.6408899283680592	Ag_T
0.4985803343837779 -0.0007087516410001 0.5655452411478038	Ag_T
0.4985803343837779 0.4992912483589999 0.5655452411478038	Ag_T
0.0000579839415121 0.0000310512062623 0.5641590381441745	Ag_T
0.0000579839415121 0.5000310512062625 0.5641590381441745	Ag_T
0.6666699999476435 0.3333299999738202 0.9378000000000029	Ag_F
0.1666699999476435 0.3333299999738202 0.9378000000000029	Ag_F
0.1666699999476435 0.8333299999738202 0.9378000000000029	Ag_F
0.6666699999476435 0.8333299999738202 0.9378000000000029	Ag_F
0.3333300000523565 0.6666700000261798 0.8622000000000014	Ag_F
0.8333300000523565 0.6666700000261798 0.8622000000000014	Ag_F
0.8333300000523565 0.1666700000261798 0.8622000000000014	Ag_F
0.3333300000523565 0.1666700000261798 0.8622000000000014	Ag_F
0.5000000000000000 0.0000000000000000 0.7865899999999968	Ag_F
0.0000000000000000 0.0000000000000000 0.7865899999999968	Ag_F
0.5000000000000000 0.5000000000000000 0.7865899999999968	Ag_F
0.0000000000000000 0.5000000000000000 0.7865899999999968	Ag_F
0.1651065062391723 0.3325514499626548 0.7133886654396528	Pd_T
0.1651065062391723 0.8325514499626548 0.7133886654396528	Pd_T
