2.9775 -5.15718 0
-5.955 0 0
0 0 -32.1555
1 0 0
0 1 0
0 0 1
0.1636020925941029 0.3318018637740126 0.7109784087973533	Ag_T
0.1654115388932589 0.8327073758877834 0.7124866354053225	Ag_T
0.6676598888298638 0.3318982463188837 0.7110272435351048	Ag_T
0.6676626478660991 0.8357719181741576 0.7110269226688333	Ag_T
0.8315277946579611 0.6657654709524748 0.6368897643428664	Ag_T
0.3305258575082902 0.6646693704142964 0.6371371286755191	Ag_T
0.3305275521445195 0.1658603625402424 0.6371370011864086	Ag_T
0.5022794060344318 0.5011426782744047 0.5615248887605360	Ag_T
0.0008191941342023 0.0016792738570510 0.5636996995461793	Ag_T
0.0008142696445749 0.4991415233932412 0.5636996726465399	Ag_T
0.6666699999476435 0.3333299999738202 0.9378000000000029	Ag_F
0.1666699999476435 0.3333299999738202 0.9378000000000029	Ag_F
0.1666699999476435 0.8333299999738202 0.9378000000000029	Ag_F
0.6666699999476435 0.8333299999738202 0.9378000000000029	Ag_F
0.3333300000523565 0.6666700000261798 0.8622000000000014	Ag_F
0.8333300000523565 0.6666700000261798 0.8622000000000014	Ag_F
0.8333300000523565 0.1666700000261798 0.8622000000000014	Ag_F
0.3333300000523565 0.1666700000261798 0.8622000000000014	Ag_F
0.5000000000000000 0.0000000000000000 0.7865899999999968	Ag_F
0.0000000000000000 0.0000000000000000 0.7865899999999968	Ag_F
0.5000000000000000 0.5000000000000000 0.7865899999999968	Ag_F
0.0000000000000000 0.5000000000000000 0.7865899999999968	Ag_F
0.5084896245830858 0.0042450610481582 0.5680414964451024	Pd_T
0.8315518891636771 0.1657775625904021 0.6373388565118953	Pt_T
