2.9775 -5.15718 0
-5.955 0 0
0 0 -32.1555
1 0 0
0 1 0
0 0 1
-0.0023482273344115 0.5023482273344114 0.5727629007889979	Ag_T
0.6666699999476435 0.3333299999738202 0.9378000000000029	Ag_F
0.1666699999476435 0.3333299999738202 0.9378000000000029	Ag_F
0.1666699999476435 0.8333299999738202 0.9378000000000029	Ag_F
0.6666699999476435 0.8333299999738202 0.9378000000000029	Ag_F
0.3333300000523565 0.6666700000261798 0.8622000000000014	Ag_F
0.8333300000523565 0.6666700000261798 0.8622000000000014	Ag_F
0.8333300000523565 0.1666700000261798 0.8622000000000014	Ag_F
0.3333300000523565 0.1666700000261798 0.8622000000000014	Ag_F
0.5000000000000000 0.0000000000000000 0.7865899999999968	Ag_F
0.0000000000000000 0.0000000000000000 0.7865899999999968	Ag_F
0.5000000000000000 0.5000000000000000 0.7865899999999968	Ag_F
0.0000000000000000 0.5000000000000000 0.7865899999999968	Ag_F
0.8348604364626401 0.6651395636158962 0.6460516277373498	Pd_T
0.4940096969774598 0.4967569341094454 0.5785204072015324	Pd_T
0.0032430658905545 0.0059903030225402 0.5785204072015324	Pd_T
0.1664550248503277 0.3335449750711361 0.7132402095102698	Pt_T
0.1672007319102836 0.8318001383051389 0.7144197765843603	Pt_T
0.6681998616163248 0.3327992680111800 0.7144197765843603	Pt_T
0.6681492176123820 0.8318507823090817 0.7159125324268844	Pt_T
0.8374512341796034 0.1670881439207477 0.6468119635524729	Pt_T
0.3329118561577887 0.6625487658989329 0.6468119635524729	Pt_T
0.3308701884926860 0.1691298115858504 0.6472853480946251	Pt_T
0.4959047425425540 0.0040952574574459 0.5829856118349558	Pt_T
