2.9775 -5.15718 0
-5.955 0 0
0 0 -32.1555
1 0 0
0 1 0
0 0 1
0.6666663885017206 0.8333336114197432 0.7131421388547166	Ag_T
0.8349248498672484 0.1698482456574386 0.6405266645045693	Ag_T
0.8349185896288905 0.6650814104496457 0.6405262309448726	Ag_T
0.3301517544210978 0.6650751502112879 0.6405266645045693	Ag_T
0.3333337516130435 0.1666662484654927 0.6420851369530558	Ag_T
0.6666699999476435 0.3333299999738202 0.9378000000000029	Ag_F
0.1666699999476435 0.3333299999738202 0.9378000000000029	Ag_F
0.1666699999476435 0.8333299999738202 0.9378000000000029	Ag_F
0.6666699999476435 0.8333299999738202 0.9378000000000029	Ag_F
0.3333300000523565 0.6666700000261798 0.8622000000000014	Ag_F
0.8333300000523565 0.6666700000261798 0.8622000000000014	Ag_F
0.8333300000523565 0.1666700000261798 0.8622000000000014	Ag_F
0.3333300000523565 0.1666700000261798 0.8622000000000014	Ag_F
0.5000000000000000 0.0000000000000000 0.7865899999999968	Ag_F
0.0000000000000000 0.0000000000000000 0.7865899999999968	Ag_F
0.5000000000000000 0.5000000000000000 0.7865899999999968	Ag_F
0.0000000000000000 0.5000000000000000 0.7865899999999968	Ag_F
0.4992135652294790 0.0007864347705210 0.5704803265708931	Pd_T
0.4992088451543276 0.4984245694822093 0.5704802060971492	Pd_T
0.0015754305177909 0.0007911548456725 0.5704802060971492	Pd_T
-0.0000036833996230 0.5000036833996231 0.5694136998914677	Pd_T
0.1658011911677102 0.3341988087537534 0.7142036451277020	Pt_T
0.1657995334685277 0.8315987796861710 0.7142035253885390	Pt_T
0.6684012202352927 0.3342004664529359 0.7142035253885390	Pt_T
