5.955 0 0
-2.9775 5.15718 0
0 0 32.1555
1 0 0
0 1 0
0 0 1
0.6666700000261798 0.3333300000523565 0.0621999999999971	Ag_F
0.6666700000261798 0.8333300000523565 0.0621999999999971	Ag_F
0.1666700000261798 0.8333300000523565 0.0621999999999971	Ag_F
0.1666700000261798 0.3333300000523565 0.0621999999999971	Ag_F
0.3333299999738202 0.6666699999476435 0.1377999999999986	Ag_F
0.3333299999738202 0.1666699999476435 0.1377999999999986	Ag_F
0.8333299999738202 0.1666699999476435 0.1377999999999986	Ag_F
0.8333299999738202 0.6666699999476435 0.1377999999999986	Ag_F
0.0000000000000000 0.5000000000000000 0.2134100000000032	Ag_F
0.0000000000000000 0.0000000000000000 0.2134100000000032	Ag_F
0.5000000000000000 0.5000000000000000 0.2134100000000032	Ag_F
0.5000000000000000 0.0000000000000000 0.2134100000000032	Ag_F
0.6666774493620259 0.8333337247202793 0.2855646361937513	Pt_T
0.1666774493620260 0.8333337247202793 0.2855646361937513	Pt_T
0.6666774493620259 0.3333337247202795 0.2855646361937513	Pt_T
0.1666774493620260 0.3333337247202795 0.2855646361937513	Pt_T
0.8333313039436708 0.1666706519325690 0.3524365048080119	Pt_T
0.3333313039436712 0.1666706519325690 0.3524365048080119	Pt_T
0.3333313039436712 0.6666706519325689 0.3524365048080119	Pt_T
0.8333313039436708 0.6666706519325689 0.3524365048080119	Pt_T
-0.0000287176842959 0.4999856411578520 0.4195015586647727	Pt_T
0.4999712823157040 0.4999856411578520 0.4195015586647727	Pt_T
-0.0000287176842959 -0.0000143588421480 0.4195015586647727	Pt_T
0.4999712823157040 -0.0000143588421480 0.4195015586647727	Pt_T
