2.9775 -5.15718 0
-5.955 0 0
0 0 -32.1555
1 0 0
0 1 0
0 0 1
0.0102740946924193 0.0050333303405668 0.5731974489956007	Ag_T
0.0102891740471083 0.5052459077101848 0.5731964427022260	Ag_T
0.6666699999476435 0.3333299999738202 0.9378000000000029	Ag_F
0.1666699999476435 0.3333299999738202 0.9378000000000029	Ag_F
0.1666699999476435 0.8333299999738202 0.9378000000000029	Ag_F
0.6666699999476435 0.8333299999738202 0.9378000000000029	Ag_F
0.3333300000523565 0.6666700000261798 0.8622000000000014	Ag_F
0.8333300000523565 0.6666700000261798 0.8622000000000014	Ag_F
0.8333300000523565 0.1666700000261798 0.8622000000000014	Ag_F
0.3333300000523565 0.1666700000261798 0.8622000000000014	Ag_F
0.5000000000000000 0.0000000000000000 0.7865899999999968	Ag_F
0.0000000000000000 0.0000000000000000 0.7865899999999968	Ag_F
0.5000000000000000 0.5000000000000000 0.7865899999999968	Ag_F
0.0000000000000000 0.5000000000000000 0.7865899999999968	Ag_F
0.1622386158993197 0.3311194701155987 0.7143674352287830	Pd_T
0.1659231637656631 0.8329635889880765 0.7147790320279808	Pd_T
0.8347385831748834 0.6673573694377439 0.6465801247806761	Pd_T
0.3297959670641675 0.6625467512393993 0.6461039867149246	Pd_T
0.3297786012195178 0.1672396293837979 0.6461047855237324	Pd_T
0.6639934390641414 0.3336907382568619 0.7154036121721173	Pt_T
0.6639950593014367 0.8303024084357248 0.7154027623419742	Pt_T
0.8302546149911759 0.1651252588400121 0.6481500960505305	Pt_T
0.5216416253543826 0.0108285345038798 0.5808301269773912	Pt_T
0.5125254611906884 0.5062574798500243 0.5795007054790533	Pt_T
