2.9775 -5.15718 0
-5.955 0 0
0 0 -32.1555
1 0 0
0 1 0
0 0 1
0.4997357855180041 0.4998668733675446 0.5742527379998407	Ag_T
0.0001331266324552 0.0002642144819959 0.5742527379998407	Ag_T
0.0001330090106108 0.4998669909893893 0.5742526969143724	Ag_T
0.6666699999476435 0.3333299999738202 0.9378000000000029	Ag_F
0.1666699999476435 0.3333299999738202 0.9378000000000029	Ag_F
0.1666699999476435 0.8333299999738202 0.9378000000000029	Ag_F
0.6666699999476435 0.8333299999738202 0.9378000000000029	Ag_F
0.3333300000523565 0.6666700000261798 0.8622000000000014	Ag_F
0.8333300000523565 0.6666700000261798 0.8622000000000014	Ag_F
0.8333300000523565 0.1666700000261798 0.8622000000000014	Ag_F
0.3333300000523565 0.1666700000261798 0.8622000000000014	Ag_F
0.5000000000000000 0.0000000000000000 0.7865899999999968	Ag_F
0.0000000000000000 0.0000000000000000 0.7865899999999968	Ag_F
0.5000000000000000 0.5000000000000000 0.7865899999999968	Ag_F
0.0000000000000000 0.5000000000000000 0.7865899999999968	Ag_F
0.8333341083106740 0.6666658917678623 0.6450092261396694	Pd_T
0.5000010352646410 -0.0000010352646410 0.5784578377406160	Pd_T
0.1666656694871378 0.3333343304343260 0.7134496930899918	Pt_T
0.1650108508130366 0.8325062002060561 0.7150599887237657	Pt_T
0.6674937997154076 0.3349891491084271 0.7150599887237657	Pt_T
0.6674952193484908 0.8325047805729729 0.7150600364208207	Pt_T
0.8321859160739534 0.1660929554444471 0.6464198196955026	Pt_T
0.3339070446340892 0.6678140840045829 0.6464198196955026	Pt_T
0.3339057040915389 0.1660942959869973 0.6464198882298090	Pt_T
