2.9775 -5.15718 0
-5.955 0 0
0 0 -32.1555
1 0 0
0 1 0
0 0 1
0.6679750795910051 0.3318500642184447 0.7128809666347325	Ag_T
0.6679772987558005 0.8361288276692862 0.7128810949150365	Ag_T
0.8369872062134109 0.6684957901630352 0.6407747658022317	Ag_T
0.3298472793737473 0.6656791601135832 0.6417928702798876	Ag_T
0.3298459715918378 0.1641648216551961 0.6417929886534364	Ag_T
0.5006766128497611 0.0003386976741395 0.5683229486044831	Ag_T
0.4996882825723832 0.4998443532178319 0.5668587855449729	Ag_T
0.0000121209445294 0.0002939477130312 0.5670811446636334	Ag_T
0.0000115659019522 0.4997188455453691 0.5670814644491174	Ag_T
0.6666699999476435 0.3333299999738202 0.9378000000000029	Ag_F
0.1666699999476435 0.3333299999738202 0.9378000000000029	Ag_F
0.1666699999476435 0.8333299999738202 0.9378000000000029	Ag_F
0.6666699999476435 0.8333299999738202 0.9378000000000029	Ag_F
0.3333300000523565 0.6666700000261798 0.8622000000000014	Ag_F
0.8333300000523565 0.6666700000261798 0.8622000000000014	Ag_F
0.8333300000523565 0.1666700000261798 0.8622000000000014	Ag_F
0.3333300000523565 0.1666700000261798 0.8622000000000014	Ag_F
0.5000000000000000 0.0000000000000000 0.7865899999999968	Ag_F
0.0000000000000000 0.0000000000000000 0.7865899999999968	Ag_F
0.5000000000000000 0.5000000000000000 0.7865899999999968	Ag_F
0.0000000000000000 0.5000000000000000 0.7865899999999968	Ag_F
0.1603354699324393 0.3301654027038998 0.7133093987923647	Pd_T
0.1658637055607483 0.8329310514529885 0.7150201288521257	Pt_T
0.8381896242182281 0.1690963552408385 0.6393958361253400	Pt_T
