2.9775 -5.15718 0
-5.955 0 0
0 0 -32.1555
1 0 0
0 1 0
0 0 1
0.0109274359350352 0.5157276579343529 0.5734300513326179	Ag_T
0.6666699999476435 0.3333299999738202 0.9378000000000029	Ag_F
0.1666699999476435 0.3333299999738202 0.9378000000000029	Ag_F
0.1666699999476435 0.8333299999738202 0.9378000000000029	Ag_F
0.6666699999476435 0.8333299999738202 0.9378000000000029	Ag_F
0.3333300000523565 0.6666700000261798 0.8622000000000014	Ag_F
0.8333300000523565 0.6666700000261798 0.8622000000000014	Ag_F
0.8333300000523565 0.1666700000261798 0.8622000000000014	Ag_F
0.3333300000523565 0.1666700000261798 0.8622000000000014	Ag_F
0.5000000000000000 0.0000000000000000 0.7865899999999968	Ag_F
0.0000000000000000 0.0000000000000000 0.7865899999999968	Ag_F
0.5000000000000000 0.5000000000000000 0.7865899999999968	Ag_F
0.0000000000000000 0.5000000000000000 0.7865899999999968	Ag_F
0.1650843528904504 0.3328053739723841 0.7144920436484398	Pd_T
0.1658579461878044 0.8316165035686065 0.7155783459499397	Pd_T
0.6654406249602384 0.8308571790440555 0.7161805509061927	Pd_T
0.8335659623267169 0.6653203727475036 0.6470346840584026	Pd_T
0.3332708811684840 0.6663729748927421 0.6462537073585087	Pd_T
0.3282833751107838 0.1690941714816157 0.6477091460318847	Pd_T
0.5058584905273621 0.5016969584849552 0.5781413550522350	Pd_T
0.0013625001020009 0.0122298829101536 0.5796866071756921	Pd_T
0.6661245924097062 0.3307864789789910 0.7140311528168736	Pt_T
0.8367627894896080 0.1708010455708899 0.6478477319374428	Pt_T
0.5125615783566807 0.0202423844785971 0.5824685978746869	Pt_T
