2.9775 -5.15718 0
-5.955 0 0
0 0 -32.1555
1 0 0
0 1 0
0 0 1
0.6666699999476435 0.3333299999738202 0.9378000000000029	Ag_F
0.1666699999476435 0.3333299999738202 0.9378000000000029	Ag_F
0.1666699999476435 0.8333299999738202 0.9378000000000029	Ag_F
0.6666699999476435 0.8333299999738202 0.9378000000000029	Ag_F
0.3333300000523565 0.6666700000261798 0.8622000000000014	Ag_F
0.8333300000523565 0.6666700000261798 0.8622000000000014	Ag_F
0.8333300000523565 0.1666700000261798 0.8622000000000014	Ag_F
0.3333300000523565 0.1666700000261798 0.8622000000000014	Ag_F
0.5000000000000000 0.0000000000000000 0.7865899999999968	Ag_F
0.0000000000000000 0.0000000000000000 0.7865899999999968	Ag_F
0.5000000000000000 0.5000000000000000 0.7865899999999968	Ag_F
0.0000000000000000 0.5000000000000000 0.7865899999999968	Ag_F
0.3334253148704889 0.6667122597313869 0.6472641982235078	Pd_T
0.3334253148704889 0.1667122597313873 0.6472641982235078	Pd_T
0.1661776102413020 0.3330879407485824 0.7145477260608265	Pt_T
0.1661776102413020 0.8330879407485822 0.7145477260608265	Pt_T
0.6656700659340714 0.3328347470477236 0.7144746135882897	Pt_T
0.6656700659340714 0.8328347470477236 0.7144746135882897	Pt_T
0.8333383674723823 0.1666686503153633 0.6479630552577906	Pt_T
0.8333383674723823 0.6666686503153634 0.6479630552577906	Pt_T
0.5085728400199638 0.0042869061157436 0.5802222706192510	Pt_T
0.5085728400199638 0.5042869061157436 0.5802222706192510	Pt_T
-0.0040434799670165 -0.0020217416796705 0.5805662937399032	Pt_T
-0.0040434799670165 0.4979782583203295 0.5805662937399032	Pt_T
